02/09/2022 23:17:55 - INFO - dataset -   Loading data from data/snips/AddToPlaylist/AddToPlaylist.txt, total nums is 2042
02/09/2022 23:17:55 - INFO - dataset -   Loading data from data/snips/BookRestaurant/BookRestaurant.txt, total nums is 2073
02/09/2022 23:17:55 - INFO - dataset -   Loading data from data/snips/GetWeather/GetWeather.txt, total nums is 2100
02/09/2022 23:17:55 - INFO - dataset -   Loading data from data/snips/PlayMusic/PlayMusic.txt, total nums is 2100
02/09/2022 23:17:55 - INFO - dataset -   Loading data from data/snips/RateBook/RateBook.txt, total nums is 2056
02/09/2022 23:17:55 - INFO - dataset -   Loading data from data/snips/SearchCreativeWork/SearchCreativeWork.txt, total nums is 2054
02/09/2022 23:17:55 - INFO - dataset -   Loading data from data/snips/SearchScreeningEvent/SearchScreeningEvent.txt, total nums is 2059
02/09/2022 23:17:55 - INFO - dataset -   Loading data from data/atis/atis.txt, total nums is 5871
02/09/2022 23:17:55 - INFO - dataset -   Using queries from description.
02/09/2022 23:17:55 - INFO - dataset -   Using queries from description.
02/09/2022 23:17:55 - INFO - dataset -   Using queries from description.
02/09/2022 23:17:55 - INFO - dataset -   Using queries from description.
02/09/2022 23:17:56 - INFO - dataset -   Using queries from description.
02/09/2022 23:17:56 - INFO - dataset -   Using queries from description.
02/09/2022 23:17:56 - INFO - dataset -   Using queries from description.
02/09/2022 23:17:56 - INFO - dataset -   Using queries from description.
02/09/2022 23:17:56 - INFO - dataset -   Using queries from description.
02/09/2022 23:17:56 - INFO - dataset -   The target domain is AddToPlaylist
02/09/2022 23:17:56 - INFO - dataset -   train_data: 12442 -> 99735
02/09/2022 23:17:56 - INFO - dataset -   valid_data: 500 -> 2500
02/09/2022 23:17:56 - INFO - dataset -   test_data: 1542 -> 7710
02/10/2022 00:25:55 - INFO - trainer -   Epoch 1, train_loss 0.057102    Evalution acc 0.8020, recall 0.5282, f1 0.6369
02/10/2022 00:27:55 - INFO - trainer -   Saved model checkpoint to model_dir/AddToPlaylist/0/model.pth
02/10/2022 01:34:46 - INFO - trainer -   Epoch 2, train_loss 0.013969    Evalution acc 0.8317, recall 0.5070, f1 0.6299
02/10/2022 02:41:39 - INFO - trainer -   Epoch 3, train_loss 0.009431    Evalution acc 0.8313, recall 0.5377, f1 0.6530
02/10/2022 02:43:40 - INFO - trainer -   Saved model checkpoint to model_dir/AddToPlaylist/0/model.pth
02/10/2022 03:50:35 - INFO - trainer -   Epoch 4, train_loss 0.007561    Evalution acc 0.8169, recall 0.5656, f1 0.6684
02/10/2022 03:52:35 - INFO - trainer -   Saved model checkpoint to model_dir/AddToPlaylist/0/model.pth
02/10/2022 04:59:35 - INFO - trainer -   Epoch 5, train_loss 0.006507    Evalution acc 0.6605, recall 0.4161, f1 0.5106
02/10/2022 06:06:40 - INFO - trainer -   Epoch 6, train_loss 0.006926    Evalution acc 0.8157, recall 0.3729, f1 0.5118
02/10/2022 07:13:43 - INFO - trainer -   Epoch 7, train_loss 0.006747    Evalution acc 0.8042, recall 0.4212, f1 0.5529
02/10/2022 08:20:47 - INFO - trainer -   Epoch 8, train_loss 0.006345    Evalution acc 0.7910, recall 0.3883, f1 0.5209
02/10/2022 09:27:51 - INFO - trainer -   Epoch 9, train_loss 0.005727    Evalution acc 0.8268, recall 0.4198, f1 0.5569
02/10/2022 10:34:54 - INFO - trainer -   Epoch 10, train_loss 0.004982    Evalution acc 0.7081, recall 0.3128, f1 0.4339
02/10/2022 11:42:06 - INFO - trainer -   Epoch 11, train_loss 0.007722    Evalution acc 0.6869, recall 0.3985, f1 0.5044
02/10/2022 12:49:20 - INFO - trainer -   Epoch 12, train_loss 0.005044    Evalution acc 0.6565, recall 0.3458, f1 0.4530
02/10/2022 13:56:31 - INFO - trainer -   Epoch 13, train_loss 0.004309    Evalution acc 0.7247, recall 0.4088, f1 0.5227
02/10/2022 15:03:42 - INFO - trainer -   Epoch 14, train_loss 0.005076    Evalution acc 0.7403, recall 0.3509, f1 0.4761
02/10/2022 15:03:42 - INFO - trainer -   Reach early stop count 10, training stop
02/10/2022 15:04:53 - INFO - dataset -   Loading data from data/snips/AddToPlaylist/AddToPlaylist.txt, total nums is 2042
02/10/2022 15:04:53 - INFO - dataset -   Loading data from data/snips/BookRestaurant/BookRestaurant.txt, total nums is 2073
02/10/2022 15:04:53 - INFO - dataset -   Loading data from data/snips/GetWeather/GetWeather.txt, total nums is 2100
02/10/2022 15:04:53 - INFO - dataset -   Loading data from data/snips/PlayMusic/PlayMusic.txt, total nums is 2100
02/10/2022 15:04:53 - INFO - dataset -   Loading data from data/snips/RateBook/RateBook.txt, total nums is 2056
02/10/2022 15:04:53 - INFO - dataset -   Loading data from data/snips/SearchCreativeWork/SearchCreativeWork.txt, total nums is 2054
02/10/2022 15:04:53 - INFO - dataset -   Loading data from data/snips/SearchScreeningEvent/SearchScreeningEvent.txt, total nums is 2059
02/10/2022 15:04:53 - INFO - dataset -   Loading data from data/atis/atis.txt, total nums is 5871
02/10/2022 15:04:53 - INFO - dataset -   Using queries from description.
02/10/2022 15:04:53 - INFO - dataset -   Using queries from description.
02/10/2022 15:04:53 - INFO - dataset -   Using queries from description.
02/10/2022 15:04:54 - INFO - dataset -   Using queries from description.
02/10/2022 15:04:54 - INFO - dataset -   Using queries from description.
02/10/2022 15:04:54 - INFO - dataset -   Using queries from description.
02/10/2022 15:04:54 - INFO - dataset -   Using queries from description.
02/10/2022 15:04:54 - INFO - dataset -   Using queries from description.
02/10/2022 15:04:54 - INFO - dataset -   Using queries from description.
02/10/2022 15:04:54 - INFO - dataset -   The target domain is AddToPlaylist
02/10/2022 15:04:54 - INFO - dataset -   train_data: 12442 -> 99735
02/10/2022 15:04:54 - INFO - dataset -   valid_data: 500 -> 2500
02/10/2022 15:04:54 - INFO - dataset -   test_data: 1542 -> 7710
02/10/2022 15:04:55 - INFO - trainer -   Model loaded from model_dir/AddToPlaylist/0/model.pth
02/10/2022 15:04:55 - INFO - __main__ -   Starting test...
02/10/2022 15:06:32 - INFO - trainer -   ***********************************************************
02/10/2022 15:06:32 - INFO - trainer -   Test result: acc 0.8075, recall 0.5540, f1 0.6571
02/10/2022 15:06:32 - INFO - trainer -   ***********************************************************
02/10/2022 16:53:42 - INFO - __main__ -   Learning rate is 1e-05
02/10/2022 16:53:42 - INFO - __main__ -   Warmup rate is 0.0
02/10/2022 16:57:38 - INFO - __main__ -   Learning rate is 1e-05
02/10/2022 16:57:38 - INFO - __main__ -   Warmup rate is 0.0
02/10/2022 17:04:11 - INFO - __main__ -   Learning rate is 1e-05
02/10/2022 17:04:11 - INFO - __main__ -   Warmup rate is 0.0
02/10/2022 17:05:22 - INFO - dataset -   Loading data from data/snips/AddToPlaylist/AddToPlaylist.txt, total nums is 2042
02/10/2022 17:05:22 - INFO - dataset -   Loading data from data/snips/BookRestaurant/BookRestaurant.txt, total nums is 2073
02/10/2022 17:05:22 - INFO - dataset -   Loading data from data/snips/GetWeather/GetWeather.txt, total nums is 2100
02/10/2022 17:05:22 - INFO - dataset -   Loading data from data/snips/PlayMusic/PlayMusic.txt, total nums is 2100
02/10/2022 17:05:22 - INFO - dataset -   Loading data from data/snips/RateBook/RateBook.txt, total nums is 2056
02/10/2022 17:05:22 - INFO - dataset -   Loading data from data/snips/SearchCreativeWork/SearchCreativeWork.txt, total nums is 2054
02/10/2022 17:05:22 - INFO - dataset -   Loading data from data/snips/SearchScreeningEvent/SearchScreeningEvent.txt, total nums is 2059
02/10/2022 17:05:22 - INFO - dataset -   Loading data from data/atis/atis.txt, total nums is 5871
02/10/2022 17:05:22 - INFO - dataset -   Using queries from description.
02/10/2022 17:05:22 - INFO - dataset -   Using queries from description.
02/10/2022 17:05:23 - INFO - dataset -   Using queries from description.
02/10/2022 17:05:23 - INFO - dataset -   Using queries from description.
02/10/2022 17:05:23 - INFO - dataset -   Using queries from description.
02/10/2022 17:05:23 - INFO - dataset -   Using queries from description.
02/10/2022 17:05:23 - INFO - dataset -   Using queries from description.
02/10/2022 17:05:23 - INFO - dataset -   Using queries from description.
02/10/2022 17:05:23 - INFO - dataset -   Using queries from description.
02/10/2022 17:05:23 - INFO - dataset -   The target domain is AddToPlaylist
02/10/2022 17:05:23 - INFO - dataset -   train_data: 12442 -> 99735
02/10/2022 17:05:23 - INFO - dataset -   valid_data: 500 -> 2500
02/10/2022 17:05:23 - INFO - dataset -   test_data: 1542 -> 7710
02/10/2022 17:17:04 - INFO - __main__ -   ************Job Start************
02/10/2022 17:17:04 - INFO - __main__ -   Learning rate is 1e-05
02/10/2022 17:17:04 - INFO - __main__ -   Warmup rate is 0.0
02/10/2022 17:18:16 - INFO - dataset -   Loading data from data/snips/AddToPlaylist/AddToPlaylist.txt, total nums is 2042
02/10/2022 17:18:16 - INFO - dataset -   Loading data from data/snips/BookRestaurant/BookRestaurant.txt, total nums is 2073
02/10/2022 17:18:16 - INFO - dataset -   Loading data from data/snips/GetWeather/GetWeather.txt, total nums is 2100
02/10/2022 17:18:16 - INFO - dataset -   Loading data from data/snips/PlayMusic/PlayMusic.txt, total nums is 2100
02/10/2022 17:18:16 - INFO - dataset -   Loading data from data/snips/RateBook/RateBook.txt, total nums is 2056
02/10/2022 17:18:16 - INFO - dataset -   Loading data from data/snips/SearchCreativeWork/SearchCreativeWork.txt, total nums is 2054
02/10/2022 17:18:16 - INFO - dataset -   Loading data from data/snips/SearchScreeningEvent/SearchScreeningEvent.txt, total nums is 2059
02/10/2022 17:18:16 - INFO - dataset -   Loading data from data/atis/atis.txt, total nums is 5871
02/10/2022 17:18:16 - INFO - dataset -   Using queries from description.
02/10/2022 17:18:16 - INFO - dataset -   Using queries from description.
02/10/2022 17:18:16 - INFO - dataset -   Using queries from description.
02/10/2022 17:18:16 - INFO - dataset -   Using queries from description.
02/10/2022 17:18:17 - INFO - dataset -   Using queries from description.
02/10/2022 17:18:17 - INFO - dataset -   Using queries from description.
02/10/2022 17:18:17 - INFO - dataset -   Using queries from description.
02/10/2022 17:18:17 - INFO - dataset -   Using queries from description.
02/10/2022 17:18:17 - INFO - dataset -   Using queries from description.
02/10/2022 17:18:17 - INFO - dataset -   The target domain is AddToPlaylist
02/10/2022 17:18:17 - INFO - dataset -   train_data: 12442 -> 99735
02/10/2022 17:18:17 - INFO - dataset -   valid_data: 500 -> 2500
02/10/2022 17:18:17 - INFO - dataset -   test_data: 1542 -> 7710
02/10/2022 18:22:13 - INFO - trainer -   Epoch 1, train_loss 0.053115    Evalution acc 0.8190, recall 0.4476, f1 0.5789
02/10/2022 18:24:13 - INFO - trainer -   Saved model checkpoint to model_dir/AddToPlaylist/0/model.pth
02/10/2022 19:27:01 - INFO - trainer -   Epoch 2, train_loss 0.019884    Evalution acc 0.8347, recall 0.5070, f1 0.6308
02/10/2022 19:29:02 - INFO - trainer -   Saved model checkpoint to model_dir/AddToPlaylist/0/model.pth
02/10/2022 20:32:11 - INFO - trainer -   Epoch 3, train_loss 0.014887    Evalution acc 0.8123, recall 0.5326, f1 0.6434
02/10/2022 20:34:12 - INFO - trainer -   Saved model checkpoint to model_dir/AddToPlaylist/0/model.pth
02/10/2022 21:37:17 - INFO - trainer -   Epoch 4, train_loss 0.012553    Evalution acc 0.7733, recall 0.4974, f1 0.6054
02/10/2022 22:40:47 - INFO - trainer -   Epoch 5, train_loss 0.010389    Evalution acc 0.8750, recall 0.5231, f1 0.6547
02/10/2022 22:42:46 - INFO - trainer -   Saved model checkpoint to model_dir/AddToPlaylist/0/model.pth
02/10/2022 23:45:57 - INFO - trainer -   Epoch 6, train_loss 0.009472    Evalution acc 0.8357, recall 0.5253, f1 0.6451
02/11/2022 00:49:06 - INFO - trainer -   Epoch 7, train_loss 0.008299    Evalution acc 0.8278, recall 0.5106, f1 0.6316
02/11/2022 17:42:32 - INFO - __main__ -   ************Job Start************
02/11/2022 17:42:32 - INFO - __main__ -   Learning rate is 1e-05
02/11/2022 17:42:32 - INFO - __main__ -   Warmup rate is 0.0
02/11/2022 17:44:58 - INFO - dataset -   Loading data from data/snips/AddToPlaylist/AddToPlaylist.txt, total nums is 2042
02/11/2022 17:44:58 - INFO - dataset -   Loading data from data/snips/BookRestaurant/BookRestaurant.txt, total nums is 2073
02/11/2022 17:44:58 - INFO - dataset -   Loading data from data/snips/GetWeather/GetWeather.txt, total nums is 2100
02/11/2022 17:44:58 - INFO - dataset -   Loading data from data/snips/PlayMusic/PlayMusic.txt, total nums is 2100
02/11/2022 17:44:58 - INFO - dataset -   Loading data from data/snips/RateBook/RateBook.txt, total nums is 2056
02/11/2022 17:44:58 - INFO - dataset -   Loading data from data/snips/SearchCreativeWork/SearchCreativeWork.txt, total nums is 2054
02/11/2022 17:44:58 - INFO - dataset -   Loading data from data/snips/SearchScreeningEvent/SearchScreeningEvent.txt, total nums is 2059
02/11/2022 17:44:58 - INFO - dataset -   Loading data from data/atis/atis.txt, total nums is 5871
02/11/2022 17:44:58 - INFO - dataset -   Using queries from description.
02/11/2022 17:44:58 - INFO - dataset -   Using queries from description.
02/11/2022 17:44:58 - INFO - dataset -   Using queries from description.
02/11/2022 17:44:59 - INFO - dataset -   Using queries from description.
02/11/2022 17:44:59 - INFO - dataset -   Using queries from description.
02/11/2022 17:44:59 - INFO - dataset -   Using queries from description.
02/11/2022 17:44:59 - INFO - dataset -   Using queries from description.
02/11/2022 17:44:59 - INFO - dataset -   Using queries from description.
02/11/2022 17:44:59 - INFO - dataset -   Using queries from description.
02/11/2022 17:44:59 - INFO - dataset -   The target domain is AddToPlaylist
02/11/2022 17:44:59 - INFO - dataset -   train_data: 12442 -> 99735
02/11/2022 17:44:59 - INFO - dataset -   valid_data: 500 -> 2500
02/11/2022 17:44:59 - INFO - dataset -   test_data: 1542 -> 7710
02/11/2022 17:47:48 - INFO - __main__ -   ************Job Start************
02/11/2022 17:47:48 - INFO - __main__ -   Learning rate is 1e-05
02/11/2022 17:47:48 - INFO - __main__ -   Warmup rate is 0.0
02/11/2022 17:49:57 - INFO - dataset -   Loading data from data/snips/AddToPlaylist/AddToPlaylist.txt, total nums is 2042
02/11/2022 17:49:57 - INFO - dataset -   Loading data from data/snips/BookRestaurant/BookRestaurant.txt, total nums is 2073
02/11/2022 17:49:57 - INFO - dataset -   Loading data from data/snips/GetWeather/GetWeather.txt, total nums is 2100
02/11/2022 17:49:57 - INFO - dataset -   Loading data from data/snips/PlayMusic/PlayMusic.txt, total nums is 2100
02/11/2022 17:49:57 - INFO - dataset -   Loading data from data/snips/RateBook/RateBook.txt, total nums is 2056
02/11/2022 17:49:57 - INFO - dataset -   Loading data from data/snips/SearchCreativeWork/SearchCreativeWork.txt, total nums is 2054
02/11/2022 17:49:58 - INFO - dataset -   Loading data from data/snips/SearchScreeningEvent/SearchScreeningEvent.txt, total nums is 2059
02/11/2022 17:49:58 - INFO - dataset -   Loading data from data/atis/atis.txt, total nums is 5871
02/11/2022 17:49:58 - INFO - dataset -   Using queries from description.
02/11/2022 17:49:58 - INFO - dataset -   Using queries from description.
02/11/2022 17:49:58 - INFO - dataset -   Using queries from description.
02/11/2022 17:49:58 - INFO - dataset -   Using queries from description.
02/11/2022 17:49:58 - INFO - dataset -   Using queries from description.
02/11/2022 17:49:58 - INFO - dataset -   Using queries from description.
02/11/2022 17:49:58 - INFO - dataset -   Using queries from description.
02/11/2022 17:49:58 - INFO - dataset -   Using queries from description.
02/11/2022 17:49:58 - INFO - dataset -   Using queries from description.
02/11/2022 17:49:58 - INFO - dataset -   The target domain is AddToPlaylist
02/11/2022 17:49:58 - INFO - dataset -   train_data: 12442 -> 99735
02/11/2022 17:49:58 - INFO - dataset -   valid_data: 500 -> 2500
02/11/2022 17:49:58 - INFO - dataset -   test_data: 1542 -> 7710
02/11/2022 17:52:55 - INFO - __main__ -   ************Job Start************
02/11/2022 17:52:55 - INFO - __main__ -   Learning rate is 1e-05
02/11/2022 17:52:55 - INFO - __main__ -   Warmup rate is 0.0
02/11/2022 17:53:06 - INFO - dataset -   Loading data from data/snips/AddToPlaylist/AddToPlaylist.txt, total nums is 2042
02/11/2022 17:53:06 - INFO - dataset -   Loading data from data/snips/BookRestaurant/BookRestaurant.txt, total nums is 2073
02/11/2022 17:53:06 - INFO - dataset -   Loading data from data/snips/GetWeather/GetWeather.txt, total nums is 2100
02/11/2022 17:53:06 - INFO - dataset -   Loading data from data/snips/PlayMusic/PlayMusic.txt, total nums is 2100
02/11/2022 17:53:07 - INFO - dataset -   Loading data from data/snips/RateBook/RateBook.txt, total nums is 2056
02/11/2022 17:53:07 - INFO - dataset -   Loading data from data/snips/SearchCreativeWork/SearchCreativeWork.txt, total nums is 2054
02/11/2022 17:53:07 - INFO - dataset -   Loading data from data/snips/SearchScreeningEvent/SearchScreeningEvent.txt, total nums is 2059
02/11/2022 17:53:07 - INFO - dataset -   Loading data from data/atis/atis.txt, total nums is 5871
02/11/2022 17:53:07 - INFO - dataset -   Using queries from description.
02/11/2022 17:53:07 - INFO - dataset -   Using queries from description.
02/11/2022 17:53:07 - INFO - dataset -   Using queries from description.
02/11/2022 17:53:07 - INFO - dataset -   Using queries from description.
02/11/2022 17:53:07 - INFO - dataset -   Using queries from description.
02/11/2022 17:53:07 - INFO - dataset -   Using queries from description.
02/11/2022 17:53:08 - INFO - dataset -   Using queries from description.
02/11/2022 17:53:08 - INFO - dataset -   Using queries from description.
02/11/2022 17:53:08 - INFO - dataset -   Using queries from description.
02/11/2022 17:53:08 - INFO - dataset -   The target domain is AddToPlaylist
02/11/2022 17:53:08 - INFO - dataset -   train_data: 12442 -> 99735
02/11/2022 17:53:08 - INFO - dataset -   valid_data: 500 -> 2500
02/11/2022 17:53:08 - INFO - dataset -   test_data: 1542 -> 7710
02/11/2022 18:13:41 - INFO - trainer -   Epoch 1, train_loss 0.041574    Evalution acc 0.8740, recall 0.4930, f1 0.6304
02/11/2022 18:14:54 - INFO - trainer -   Saved model checkpoint to model_dir/AddToPlaylist/0/model.pth
02/11/2022 18:24:35 - INFO - __main__ -   ************Job Start************
02/11/2022 18:24:35 - INFO - __main__ -   Learning rate is 1e-05
02/11/2022 18:24:35 - INFO - __main__ -   Warmup rate is 0.0
02/11/2022 18:24:47 - INFO - dataset -   Loading data from data/snips/AddToPlaylist/AddToPlaylist.txt, total nums is 2042
02/11/2022 18:24:47 - INFO - dataset -   Loading data from data/snips/BookRestaurant/BookRestaurant.txt, total nums is 2073
02/11/2022 18:24:47 - INFO - dataset -   Loading data from data/snips/GetWeather/GetWeather.txt, total nums is 2100
02/11/2022 18:24:47 - INFO - dataset -   Loading data from data/snips/PlayMusic/PlayMusic.txt, total nums is 2100
02/11/2022 18:24:47 - INFO - dataset -   Loading data from data/snips/RateBook/RateBook.txt, total nums is 2056
02/11/2022 18:24:47 - INFO - dataset -   Loading data from data/snips/SearchCreativeWork/SearchCreativeWork.txt, total nums is 2054
02/11/2022 18:24:47 - INFO - dataset -   Loading data from data/snips/SearchScreeningEvent/SearchScreeningEvent.txt, total nums is 2059
02/11/2022 18:24:47 - INFO - dataset -   Loading data from data/atis/atis.txt, total nums is 5871
02/11/2022 18:24:47 - INFO - dataset -   Using queries from description.
02/11/2022 18:24:48 - INFO - dataset -   Using queries from description.
02/11/2022 18:24:48 - INFO - dataset -   Using queries from description.
02/11/2022 18:24:48 - INFO - dataset -   Using queries from description.
02/11/2022 18:24:48 - INFO - dataset -   Using queries from description.
02/11/2022 18:24:48 - INFO - dataset -   Using queries from description.
02/11/2022 18:24:48 - INFO - dataset -   Using queries from description.
02/11/2022 18:24:48 - INFO - dataset -   Using queries from description.
02/11/2022 18:24:48 - INFO - dataset -   Using queries from description.
02/11/2022 18:24:48 - INFO - dataset -   The target domain is AddToPlaylist
02/11/2022 18:24:48 - INFO - dataset -   train_data: 12442 -> 99735
02/11/2022 18:24:48 - INFO - dataset -   valid_data: 500 -> 2500
02/11/2022 18:24:48 - INFO - dataset -   test_data: 1542 -> 7710
02/11/2022 18:35:45 - INFO - trainer -   Epoch 2, train_loss 0.014241    Evalution acc 0.9374, recall 0.5048, f1 0.6562
02/11/2022 18:36:34 - INFO - trainer -   Saved model checkpoint to model_dir/AddToPlaylist/0/model.pth
02/11/2022 18:57:41 - INFO - trainer -   Epoch 3, train_loss 0.009990    Evalution acc 0.8624, recall 0.5282, f1 0.6552
02/11/2022 19:18:34 - INFO - trainer -   Epoch 4, train_loss 0.007730    Evalution acc 0.9002, recall 0.5421, f1 0.6767
02/11/2022 19:20:12 - INFO - trainer -   Saved model checkpoint to model_dir/AddToPlaylist/0/model.pth
02/11/2022 19:41:42 - INFO - trainer -   Epoch 5, train_loss 0.006402    Evalution acc 0.8299, recall 0.5538, f1 0.6643
02/11/2022 20:02:12 - INFO - trainer -   Epoch 6, train_loss 0.005222    Evalution acc 0.8833, recall 0.5377, f1 0.6685
02/11/2022 20:22:57 - INFO - trainer -   Epoch 7, train_loss 0.004447    Evalution acc 0.8257, recall 0.5275, f1 0.6437
02/11/2022 20:43:39 - INFO - trainer -   Epoch 8, train_loss 0.003495    Evalution acc 0.8094, recall 0.4945, f1 0.6139
02/11/2022 21:04:14 - INFO - trainer -   Epoch 9, train_loss 0.003328    Evalution acc 0.8461, recall 0.5194, f1 0.6437
02/11/2022 21:24:57 - INFO - trainer -   Epoch 10, train_loss 0.002469    Evalution acc 0.8411, recall 0.5429, f1 0.6598
02/11/2022 21:45:28 - INFO - trainer -   Epoch 11, train_loss 0.002344    Evalution acc 0.8201, recall 0.5077, f1 0.6271
02/11/2022 22:06:11 - INFO - trainer -   Epoch 12, train_loss 0.001822    Evalution acc 0.8484, recall 0.5084, f1 0.6358
02/11/2022 22:26:45 - INFO - trainer -   Epoch 13, train_loss 0.001769    Evalution acc 0.8017, recall 0.4740, f1 0.5958
02/11/2022 22:47:17 - INFO - trainer -   Epoch 14, train_loss 0.001468    Evalution acc 0.8018, recall 0.5099, f1 0.6234
02/11/2022 22:47:17 - INFO - trainer -   Reach early stop count 10, training stop
02/11/2022 22:47:31 - INFO - dataset -   Loading data from data/snips/AddToPlaylist/AddToPlaylist.txt, total nums is 2042
02/11/2022 22:47:31 - INFO - dataset -   Loading data from data/snips/BookRestaurant/BookRestaurant.txt, total nums is 2073
02/11/2022 22:47:32 - INFO - dataset -   Loading data from data/snips/GetWeather/GetWeather.txt, total nums is 2100
02/11/2022 22:47:32 - INFO - dataset -   Loading data from data/snips/PlayMusic/PlayMusic.txt, total nums is 2100
02/11/2022 22:47:32 - INFO - dataset -   Loading data from data/snips/RateBook/RateBook.txt, total nums is 2056
02/11/2022 22:47:33 - INFO - dataset -   Loading data from data/snips/SearchCreativeWork/SearchCreativeWork.txt, total nums is 2054
02/11/2022 22:47:33 - INFO - dataset -   Loading data from data/snips/SearchScreeningEvent/SearchScreeningEvent.txt, total nums is 2059
02/11/2022 22:47:33 - INFO - dataset -   Loading data from data/atis/atis.txt, total nums is 5871
02/11/2022 22:47:33 - INFO - dataset -   Using queries from description.
02/11/2022 22:47:34 - INFO - dataset -   Using queries from description.
02/11/2022 22:47:34 - INFO - dataset -   Using queries from description.
02/11/2022 22:47:34 - INFO - dataset -   Using queries from description.
02/11/2022 22:47:34 - INFO - dataset -   Using queries from description.
02/11/2022 22:47:34 - INFO - dataset -   Using queries from description.
02/11/2022 22:47:34 - INFO - dataset -   Using queries from description.
02/11/2022 22:47:34 - INFO - dataset -   Using queries from description.
02/11/2022 22:47:34 - INFO - dataset -   Using queries from description.
02/11/2022 22:47:34 - INFO - dataset -   The target domain is AddToPlaylist
02/11/2022 22:47:34 - INFO - dataset -   train_data: 12442 -> 99735
02/11/2022 22:47:34 - INFO - dataset -   valid_data: 500 -> 2500
02/11/2022 22:47:34 - INFO - dataset -   test_data: 1542 -> 7710
02/11/2022 22:47:35 - INFO - trainer -   Model loaded from model_dir/AddToPlaylist/0/model.pth
02/11/2022 22:47:35 - INFO - __main__ -   Starting test...
02/11/2022 22:48:09 - INFO - trainer -   ***********************************************************
02/11/2022 22:48:09 - INFO - trainer -   Test result: acc 0.8975, recall 0.5437, f1 0.6772
02/11/2022 22:48:09 - INFO - trainer -   ***********************************************************
02/12/2022 12:48:44 - INFO - __main__ -   **********************Job Start**********************
02/12/2022 12:48:44 - INFO - __main__ -   Learning rate = 1e-05
02/12/2022 12:48:44 - INFO - __main__ -   Warmup rate = 0.0
02/12/2022 12:48:44 - INFO - __main__ -   Batch_size = 32
02/12/2022 12:48:44 - INFO - __main__ -   Gradient_accumulation_steps = 1
02/12/2022 12:48:44 - INFO - __main__ -   Train epoch = 32
02/12/2022 12:48:55 - INFO - __main__ -   **********************Job Start**********************
02/12/2022 12:48:55 - INFO - __main__ -   Learning rate = 1e-05
02/12/2022 12:48:55 - INFO - __main__ -   Warmup rate = 0.0
02/12/2022 12:48:55 - INFO - __main__ -   Batch_size = 32
02/12/2022 12:48:55 - INFO - __main__ -   Gradient_accumulation_steps = 1
02/12/2022 12:48:55 - INFO - __main__ -   Train epoch = 32
02/12/2022 12:48:56 - INFO - dataset -   Loading data from data/snips/AddToPlaylist/AddToPlaylist.txt, total nums is 2042
02/12/2022 12:48:56 - INFO - dataset -   Loading data from data/snips/BookRestaurant/BookRestaurant.txt, total nums is 2073
02/12/2022 12:48:56 - INFO - dataset -   Loading data from data/snips/GetWeather/GetWeather.txt, total nums is 2100
02/12/2022 12:48:56 - INFO - dataset -   Loading data from data/snips/PlayMusic/PlayMusic.txt, total nums is 2100
02/12/2022 12:48:56 - INFO - dataset -   Loading data from data/snips/RateBook/RateBook.txt, total nums is 2056
02/12/2022 12:48:56 - INFO - dataset -   Loading data from data/snips/SearchCreativeWork/SearchCreativeWork.txt, total nums is 2054
02/12/2022 12:48:56 - INFO - dataset -   Loading data from data/snips/SearchScreeningEvent/SearchScreeningEvent.txt, total nums is 2059
02/12/2022 12:48:56 - INFO - dataset -   Loading data from data/atis/atis.txt, total nums is 5871
02/12/2022 12:48:56 - INFO - dataset -   Using queries from description.
02/12/2022 12:48:56 - INFO - dataset -   Using queries from description.
02/12/2022 12:48:56 - INFO - dataset -   Using queries from description.
02/12/2022 12:48:56 - INFO - dataset -   Using queries from description.
02/12/2022 12:48:57 - INFO - dataset -   Using queries from description.
02/12/2022 12:48:57 - INFO - dataset -   Using queries from description.
02/12/2022 12:48:57 - INFO - dataset -   Using queries from description.
02/12/2022 12:48:57 - INFO - dataset -   Using queries from description.
02/12/2022 12:48:57 - INFO - dataset -   Using queries from description.
02/12/2022 12:48:57 - INFO - dataset -   The target domain is AddToPlaylist
02/12/2022 12:48:57 - INFO - dataset -   train_data: 12442 -> 99735
02/12/2022 12:48:57 - INFO - dataset -   valid_data: 500 -> 2500
02/12/2022 12:48:57 - INFO - dataset -   test_data: 1542 -> 7710
02/12/2022 12:49:06 - INFO - dataset -   Loading data from data/snips/AddToPlaylist/AddToPlaylist.txt, total nums is 2042
02/12/2022 12:49:06 - INFO - dataset -   Loading data from data/snips/BookRestaurant/BookRestaurant.txt, total nums is 2073
02/12/2022 12:49:06 - INFO - dataset -   Loading data from data/snips/GetWeather/GetWeather.txt, total nums is 2100
02/12/2022 12:49:06 - INFO - dataset -   Loading data from data/snips/PlayMusic/PlayMusic.txt, total nums is 2100
02/12/2022 12:49:06 - INFO - dataset -   Loading data from data/snips/RateBook/RateBook.txt, total nums is 2056
02/12/2022 12:49:06 - INFO - dataset -   Loading data from data/snips/SearchCreativeWork/SearchCreativeWork.txt, total nums is 2054
02/12/2022 12:49:06 - INFO - dataset -   Loading data from data/snips/SearchScreeningEvent/SearchScreeningEvent.txt, total nums is 2059
02/12/2022 12:49:06 - INFO - dataset -   Loading data from data/atis/atis.txt, total nums is 5871
02/12/2022 12:49:06 - INFO - dataset -   Using queries from description.
02/12/2022 12:49:06 - INFO - dataset -   Using queries from description.
02/12/2022 12:49:06 - INFO - dataset -   Using queries from description.
02/12/2022 12:49:06 - INFO - dataset -   Using queries from description.
02/12/2022 12:49:07 - INFO - dataset -   Using queries from description.
02/12/2022 12:49:07 - INFO - dataset -   Using queries from description.
02/12/2022 12:49:07 - INFO - dataset -   Using queries from description.
02/12/2022 12:49:07 - INFO - dataset -   Using queries from description.
02/12/2022 12:49:07 - INFO - dataset -   Using queries from description.
02/12/2022 12:49:07 - INFO - dataset -   The target domain is AddToPlaylist
02/12/2022 12:49:07 - INFO - dataset -   train_data: 12442 -> 99735
02/12/2022 12:49:07 - INFO - dataset -   valid_data: 500 -> 2500
02/12/2022 12:49:07 - INFO - dataset -   test_data: 1542 -> 7710
02/12/2022 12:55:35 - INFO - __main__ -   **********************Job Start**********************
02/12/2022 12:55:35 - INFO - __main__ -   Learning rate = 1e-05
02/12/2022 12:55:35 - INFO - __main__ -   Warmup rate = 0.0
02/12/2022 12:55:35 - INFO - __main__ -   Batch_size = 32
02/12/2022 12:55:35 - INFO - __main__ -   Gradient_accumulation_steps = 1
02/12/2022 12:55:35 - INFO - __main__ -   Train epoch = 32
02/12/2022 12:55:46 - INFO - dataset -   Loading data from data/snips/AddToPlaylist/AddToPlaylist.txt, total nums is 2042
02/12/2022 12:55:47 - INFO - dataset -   Loading data from data/snips/BookRestaurant/BookRestaurant.txt, total nums is 2073
02/12/2022 12:55:47 - INFO - dataset -   Loading data from data/snips/GetWeather/GetWeather.txt, total nums is 2100
02/12/2022 12:55:47 - INFO - dataset -   Loading data from data/snips/PlayMusic/PlayMusic.txt, total nums is 2100
02/12/2022 12:55:47 - INFO - dataset -   Loading data from data/snips/RateBook/RateBook.txt, total nums is 2056
02/12/2022 12:55:47 - INFO - dataset -   Loading data from data/snips/SearchCreativeWork/SearchCreativeWork.txt, total nums is 2054
02/12/2022 12:55:47 - INFO - dataset -   Loading data from data/snips/SearchScreeningEvent/SearchScreeningEvent.txt, total nums is 2059
02/12/2022 12:55:47 - INFO - dataset -   Loading data from data/atis/atis.txt, total nums is 5871
02/12/2022 12:55:47 - INFO - dataset -   Using queries from description.
02/12/2022 12:55:47 - INFO - dataset -   Using queries from description.
02/12/2022 12:55:47 - INFO - dataset -   Using queries from description.
02/12/2022 12:55:47 - INFO - dataset -   Using queries from description.
02/12/2022 12:55:47 - INFO - dataset -   Using queries from description.
02/12/2022 12:55:47 - INFO - dataset -   Using queries from description.
02/12/2022 12:55:47 - INFO - dataset -   Using queries from description.
02/12/2022 12:55:47 - INFO - dataset -   Using queries from description.
02/12/2022 12:55:47 - INFO - dataset -   Using queries from description.
02/12/2022 12:55:47 - INFO - dataset -   The target domain is AddToPlaylist
02/12/2022 12:55:47 - INFO - dataset -   train_data: 12442 -> 99735
02/12/2022 12:55:47 - INFO - dataset -   valid_data: 500 -> 2500
02/12/2022 12:55:47 - INFO - dataset -   test_data: 1542 -> 7710
02/12/2022 12:57:09 - INFO - __main__ -   **********************Job Start**********************
02/12/2022 12:57:09 - INFO - __main__ -   Learning rate = 1e-05
02/12/2022 12:57:09 - INFO - __main__ -   Warmup rate = 0.0
02/12/2022 12:57:09 - INFO - __main__ -   Batch_size = 32
02/12/2022 12:57:09 - INFO - __main__ -   Gradient_accumulation_steps = 1
02/12/2022 12:57:09 - INFO - __main__ -   Train epoch = 32
02/12/2022 12:57:20 - INFO - dataset -   Loading data from data/snips/AddToPlaylist/AddToPlaylist.txt, total nums is 2042
02/12/2022 12:57:20 - INFO - dataset -   Loading data from data/snips/BookRestaurant/BookRestaurant.txt, total nums is 2073
02/12/2022 12:57:20 - INFO - dataset -   Loading data from data/snips/GetWeather/GetWeather.txt, total nums is 2100
02/12/2022 12:57:20 - INFO - dataset -   Loading data from data/snips/PlayMusic/PlayMusic.txt, total nums is 2100
02/12/2022 12:57:20 - INFO - dataset -   Loading data from data/snips/RateBook/RateBook.txt, total nums is 2056
02/12/2022 12:57:20 - INFO - dataset -   Loading data from data/snips/SearchCreativeWork/SearchCreativeWork.txt, total nums is 2054
02/12/2022 12:57:20 - INFO - dataset -   Loading data from data/snips/SearchScreeningEvent/SearchScreeningEvent.txt, total nums is 2059
02/12/2022 12:57:20 - INFO - dataset -   Loading data from data/atis/atis.txt, total nums is 5871
02/12/2022 12:57:20 - INFO - dataset -   Using queries from description.
02/12/2022 12:57:20 - INFO - dataset -   Using queries from description.
02/12/2022 12:57:20 - INFO - dataset -   Using queries from description.
02/12/2022 12:57:21 - INFO - dataset -   Using queries from description.
02/12/2022 12:57:21 - INFO - dataset -   Using queries from description.
02/12/2022 12:57:21 - INFO - dataset -   Using queries from description.
02/12/2022 12:57:21 - INFO - dataset -   Using queries from description.
02/12/2022 12:57:21 - INFO - dataset -   Using queries from description.
02/12/2022 12:57:21 - INFO - dataset -   Using queries from description.
02/12/2022 12:57:21 - INFO - dataset -   The target domain is AddToPlaylist
02/12/2022 12:57:21 - INFO - dataset -   train_data: 12442 -> 99735
02/12/2022 12:57:21 - INFO - dataset -   valid_data: 500 -> 2500
02/12/2022 12:57:21 - INFO - dataset -   test_data: 1542 -> 7710
02/12/2022 12:59:30 - INFO - __main__ -   **********************Job Start**********************
02/12/2022 12:59:30 - INFO - __main__ -   Learning rate = 1e-05
02/12/2022 12:59:30 - INFO - __main__ -   Warmup rate = 0.0
02/12/2022 12:59:30 - INFO - __main__ -   Batch_size = 32
02/12/2022 12:59:30 - INFO - __main__ -   Gradient_accumulation_steps = 1
02/12/2022 12:59:30 - INFO - __main__ -   Train epoch = 32
02/12/2022 12:59:41 - INFO - dataset -   Loading data from data/snips/AddToPlaylist/AddToPlaylist.txt, total nums is 2042
02/12/2022 12:59:41 - INFO - dataset -   Loading data from data/snips/BookRestaurant/BookRestaurant.txt, total nums is 2073
02/12/2022 12:59:41 - INFO - dataset -   Loading data from data/snips/GetWeather/GetWeather.txt, total nums is 2100
02/12/2022 12:59:41 - INFO - dataset -   Loading data from data/snips/PlayMusic/PlayMusic.txt, total nums is 2100
02/12/2022 12:59:41 - INFO - dataset -   Loading data from data/snips/RateBook/RateBook.txt, total nums is 2056
02/12/2022 12:59:41 - INFO - dataset -   Loading data from data/snips/SearchCreativeWork/SearchCreativeWork.txt, total nums is 2054
02/12/2022 12:59:41 - INFO - dataset -   Loading data from data/snips/SearchScreeningEvent/SearchScreeningEvent.txt, total nums is 2059
02/12/2022 12:59:41 - INFO - dataset -   Loading data from data/atis/atis.txt, total nums is 5871
02/12/2022 12:59:41 - INFO - dataset -   Using queries from description.
02/12/2022 12:59:42 - INFO - dataset -   Using queries from description.
02/12/2022 12:59:42 - INFO - dataset -   Using queries from description.
02/12/2022 12:59:42 - INFO - dataset -   Using queries from description.
02/12/2022 12:59:42 - INFO - dataset -   Using queries from description.
02/12/2022 12:59:42 - INFO - dataset -   Using queries from description.
02/12/2022 12:59:42 - INFO - dataset -   Using queries from description.
02/12/2022 12:59:42 - INFO - dataset -   Using queries from description.
02/12/2022 12:59:42 - INFO - dataset -   Using queries from description.
02/12/2022 12:59:42 - INFO - dataset -   The target domain is AddToPlaylist
02/12/2022 12:59:42 - INFO - dataset -   train_data: 12442 -> 99735
02/12/2022 12:59:42 - INFO - dataset -   valid_data: 500 -> 2500
02/12/2022 12:59:42 - INFO - dataset -   test_data: 1542 -> 7710
02/12/2022 13:01:09 - INFO - __main__ -   **********************Job Start**********************
02/12/2022 13:01:09 - INFO - __main__ -   Learning rate = 1e-05
02/12/2022 13:01:09 - INFO - __main__ -   Warmup rate = 0.0
02/12/2022 13:01:09 - INFO - __main__ -   Batch_size = 32
02/12/2022 13:01:09 - INFO - __main__ -   Gradient_accumulation_steps = 1
02/12/2022 13:01:09 - INFO - __main__ -   Train epoch = 32
02/12/2022 13:01:21 - INFO - dataset -   Loading data from data/snips/AddToPlaylist/AddToPlaylist.txt, total nums is 2042
02/12/2022 13:01:21 - INFO - dataset -   Loading data from data/snips/BookRestaurant/BookRestaurant.txt, total nums is 2073
02/12/2022 13:01:21 - INFO - dataset -   Loading data from data/snips/GetWeather/GetWeather.txt, total nums is 2100
02/12/2022 13:01:21 - INFO - dataset -   Loading data from data/snips/PlayMusic/PlayMusic.txt, total nums is 2100
02/12/2022 13:01:21 - INFO - dataset -   Loading data from data/snips/RateBook/RateBook.txt, total nums is 2056
02/12/2022 13:01:21 - INFO - dataset -   Loading data from data/snips/SearchCreativeWork/SearchCreativeWork.txt, total nums is 2054
02/12/2022 13:01:21 - INFO - dataset -   Loading data from data/snips/SearchScreeningEvent/SearchScreeningEvent.txt, total nums is 2059
02/12/2022 13:01:21 - INFO - dataset -   Loading data from data/atis/atis.txt, total nums is 5871
02/12/2022 13:01:21 - INFO - dataset -   Using queries from description.
02/12/2022 13:01:21 - INFO - dataset -   Using queries from description.
02/12/2022 13:01:21 - INFO - dataset -   Using queries from description.
02/12/2022 13:01:21 - INFO - dataset -   Using queries from description.
02/12/2022 13:01:21 - INFO - dataset -   Using queries from description.
02/12/2022 13:01:21 - INFO - dataset -   Using queries from description.
02/12/2022 13:01:21 - INFO - dataset -   Using queries from description.
02/12/2022 13:01:21 - INFO - dataset -   Using queries from description.
02/12/2022 13:01:21 - INFO - dataset -   Using queries from description.
02/12/2022 13:01:21 - INFO - dataset -   The target domain is AddToPlaylist
02/12/2022 13:01:21 - INFO - dataset -   train_data: 12442 -> 99735
02/12/2022 13:01:21 - INFO - dataset -   valid_data: 500 -> 2500
02/12/2022 13:01:21 - INFO - dataset -   test_data: 1542 -> 7710
02/12/2022 13:21:53 - INFO - trainer -   Epoch 1, train_loss 0.028803    Evalution acc 0.8541, recall 0.5062, f1 0.6357
02/12/2022 13:22:40 - INFO - trainer -   Saved model checkpoint to model_dir/AddToPlaylist/0/model.pth
02/12/2022 13:43:10 - INFO - trainer -   Epoch 2, train_loss 0.009262    Evalution acc 0.8604, recall 0.5238, f1 0.6512
02/12/2022 13:43:41 - INFO - trainer -   Saved model checkpoint to model_dir/AddToPlaylist/0/model.pth
02/12/2022 14:04:12 - INFO - trainer -   Epoch 3, train_loss 0.005473    Evalution acc 0.8249, recall 0.5245, f1 0.6413
02/12/2022 14:24:40 - INFO - trainer -   Epoch 4, train_loss 0.003717    Evalution acc 0.8539, recall 0.5311, f1 0.6549
02/12/2022 14:25:17 - INFO - trainer -   Saved model checkpoint to model_dir/AddToPlaylist/0/model.pth
02/12/2022 14:45:50 - INFO - trainer -   Epoch 5, train_loss 0.002502    Evalution acc 0.8217, recall 0.5165, f1 0.6343
02/12/2022 15:06:17 - INFO - trainer -   Epoch 6, train_loss 0.001949    Evalution acc 0.7683, recall 0.4762, f1 0.5880
02/12/2022 15:26:47 - INFO - trainer -   Epoch 7, train_loss 0.001515    Evalution acc 0.7906, recall 0.4923, f1 0.6068
02/12/2022 15:47:13 - INFO - trainer -   Epoch 8, train_loss 0.001495    Evalution acc 0.7568, recall 0.4696, f1 0.5796
02/12/2022 16:07:47 - INFO - trainer -   Epoch 9, train_loss 0.001083    Evalution acc 0.8370, recall 0.5231, f1 0.6438
02/12/2022 16:28:14 - INFO - trainer -   Epoch 10, train_loss 0.000792    Evalution acc 0.7940, recall 0.4630, f1 0.5849
02/12/2022 16:48:44 - INFO - trainer -   Epoch 11, train_loss 0.000834    Evalution acc 0.8180, recall 0.5004, f1 0.6209
02/12/2022 17:09:17 - INFO - trainer -   Epoch 12, train_loss 0.000660    Evalution acc 0.8373, recall 0.5092, f1 0.6333
02/12/2022 17:31:10 - INFO - trainer -   Epoch 13, train_loss 0.000627    Evalution acc 0.8318, recall 0.5436, f1 0.6575
02/12/2022 17:31:45 - INFO - trainer -   Saved model checkpoint to model_dir/AddToPlaylist/0/model.pth
02/12/2022 17:52:15 - INFO - trainer -   Epoch 14, train_loss 0.000528    Evalution acc 0.8009, recall 0.5099, f1 0.6231
02/12/2022 18:12:47 - INFO - trainer -   Epoch 15, train_loss 0.000449    Evalution acc 0.8349, recall 0.5333, f1 0.6509
02/12/2022 18:33:09 - INFO - trainer -   Epoch 16, train_loss 0.000427    Evalution acc 0.8247, recall 0.5275, f1 0.6434
02/12/2022 18:53:37 - INFO - trainer -   Epoch 17, train_loss 0.000383    Evalution acc 0.8191, recall 0.5077, f1 0.6269
02/12/2022 19:13:58 - INFO - trainer -   Epoch 18, train_loss 0.000254    Evalution acc 0.8471, recall 0.5275, f1 0.6501
02/12/2022 19:34:21 - INFO - trainer -   Epoch 19, train_loss 0.000255    Evalution acc 0.8503, recall 0.5326, f1 0.6550
02/12/2022 19:54:43 - INFO - trainer -   Epoch 20, train_loss 0.000200    Evalution acc 0.8488, recall 0.5348, f1 0.6562
02/12/2022 20:15:06 - INFO - trainer -   Epoch 21, train_loss 0.000116    Evalution acc 0.8420, recall 0.5231, f1 0.6453
02/12/2022 20:35:20 - INFO - trainer -   Epoch 22, train_loss 0.000220    Evalution acc 0.8407, recall 0.5451, f1 0.6613
02/12/2022 20:35:46 - INFO - trainer -   Saved model checkpoint to model_dir/AddToPlaylist/0/model.pth
02/12/2022 20:56:06 - INFO - trainer -   Epoch 23, train_loss 0.000131    Evalution acc 0.8320, recall 0.5480, f1 0.6608
02/12/2022 21:19:05 - INFO - trainer -   Epoch 24, train_loss 0.000178    Evalution acc 0.8446, recall 0.5656, f1 0.6775
02/12/2022 21:20:12 - INFO - trainer -   Saved model checkpoint to model_dir/AddToPlaylist/0/model.pth
02/12/2022 21:41:07 - INFO - trainer -   Epoch 25, train_loss 0.000157    Evalution acc 0.8523, recall 0.5663, f1 0.6805
02/12/2022 21:41:48 - INFO - trainer -   Saved model checkpoint to model_dir/AddToPlaylist/0/model.pth
02/12/2022 22:02:25 - INFO - trainer -   Epoch 26, train_loss 0.000113    Evalution acc 0.8485, recall 0.5619, f1 0.6761
02/12/2022 22:22:49 - INFO - trainer -   Epoch 27, train_loss 0.000106    Evalution acc 0.8394, recall 0.5590, f1 0.6711
02/12/2022 22:43:14 - INFO - trainer -   Epoch 28, train_loss 0.000074    Evalution acc 0.8464, recall 0.5612, f1 0.6749
02/12/2022 23:03:38 - INFO - trainer -   Epoch 29, train_loss 0.000023    Evalution acc 0.8443, recall 0.5641, f1 0.6763
02/12/2022 23:24:27 - INFO - trainer -   Epoch 30, train_loss 0.000050    Evalution acc 0.8423, recall 0.5597, f1 0.6725
02/12/2022 23:45:00 - INFO - trainer -   Epoch 31, train_loss 0.000099    Evalution acc 0.8401, recall 0.5582, f1 0.6708
02/13/2022 00:05:26 - INFO - trainer -   Epoch 32, train_loss 0.000074    Evalution acc 0.8361, recall 0.5568, f1 0.6684
02/13/2022 00:05:39 - INFO - dataset -   Loading data from data/snips/AddToPlaylist/AddToPlaylist.txt, total nums is 2042
02/13/2022 00:05:39 - INFO - dataset -   Loading data from data/snips/BookRestaurant/BookRestaurant.txt, total nums is 2073
02/13/2022 00:05:39 - INFO - dataset -   Loading data from data/snips/GetWeather/GetWeather.txt, total nums is 2100
02/13/2022 00:05:39 - INFO - dataset -   Loading data from data/snips/PlayMusic/PlayMusic.txt, total nums is 2100
02/13/2022 00:05:39 - INFO - dataset -   Loading data from data/snips/RateBook/RateBook.txt, total nums is 2056
02/13/2022 00:05:39 - INFO - dataset -   Loading data from data/snips/SearchCreativeWork/SearchCreativeWork.txt, total nums is 2054
02/13/2022 00:05:39 - INFO - dataset -   Loading data from data/snips/SearchScreeningEvent/SearchScreeningEvent.txt, total nums is 2059
02/13/2022 00:05:39 - INFO - dataset -   Loading data from data/atis/atis.txt, total nums is 5871
02/13/2022 00:05:39 - INFO - dataset -   Using queries from description.
02/13/2022 00:05:39 - INFO - dataset -   Using queries from description.
02/13/2022 00:05:39 - INFO - dataset -   Using queries from description.
02/13/2022 00:05:39 - INFO - dataset -   Using queries from description.
02/13/2022 00:05:39 - INFO - dataset -   Using queries from description.
02/13/2022 00:05:39 - INFO - dataset -   Using queries from description.
02/13/2022 00:05:40 - INFO - dataset -   Using queries from description.
02/13/2022 00:05:40 - INFO - dataset -   Using queries from description.
02/13/2022 00:05:40 - INFO - dataset -   Using queries from description.
02/13/2022 00:05:40 - INFO - dataset -   The target domain is AddToPlaylist
02/13/2022 00:05:40 - INFO - dataset -   train_data: 12442 -> 99735
02/13/2022 00:05:40 - INFO - dataset -   valid_data: 500 -> 2500
02/13/2022 00:05:40 - INFO - dataset -   test_data: 1542 -> 7710
02/13/2022 00:05:40 - INFO - trainer -   Model loaded from model_dir/AddToPlaylist/0/model.pth
02/13/2022 00:05:40 - INFO - __main__ -   Starting test...
02/13/2022 00:06:10 - INFO - trainer -   ***********************************************************
02/13/2022 00:06:10 - INFO - trainer -   Test result: acc 0.8516, recall 0.5621, f1 0.6772
02/13/2022 00:06:10 - INFO - trainer -   ***********************************************************
02/13/2022 00:35:44 - INFO - __main__ -   **********************Job Start**********************
02/13/2022 00:35:44 - INFO - __main__ -   Learning rate = 1e-05
02/13/2022 00:35:44 - INFO - __main__ -   Warmup rate = 0.0
02/13/2022 00:35:44 - INFO - __main__ -   Batch_size = 48
02/13/2022 00:35:44 - INFO - __main__ -   Gradient_accumulation_steps = 1
02/13/2022 00:35:44 - INFO - __main__ -   Train epoch = 32
02/13/2022 00:35:57 - INFO - dataset -   Loading data from data/snips/AddToPlaylist/AddToPlaylist.txt, total nums is 2042
02/13/2022 00:35:57 - INFO - dataset -   Loading data from data/snips/BookRestaurant/BookRestaurant.txt, total nums is 2073
02/13/2022 00:35:57 - INFO - dataset -   Loading data from data/snips/GetWeather/GetWeather.txt, total nums is 2100
02/13/2022 00:35:57 - INFO - dataset -   Loading data from data/snips/PlayMusic/PlayMusic.txt, total nums is 2100
02/13/2022 00:35:57 - INFO - dataset -   Loading data from data/snips/RateBook/RateBook.txt, total nums is 2056
02/13/2022 00:35:57 - INFO - dataset -   Loading data from data/snips/SearchCreativeWork/SearchCreativeWork.txt, total nums is 2054
02/13/2022 00:35:57 - INFO - dataset -   Loading data from data/snips/SearchScreeningEvent/SearchScreeningEvent.txt, total nums is 2059
02/13/2022 00:35:57 - INFO - dataset -   Loading data from data/atis/atis.txt, total nums is 5871
02/13/2022 00:35:57 - INFO - dataset -   Using queries from description.
02/13/2022 00:35:57 - INFO - dataset -   Using queries from description.
02/13/2022 00:35:57 - INFO - dataset -   Using queries from description.
02/13/2022 00:35:58 - INFO - dataset -   Using queries from description.
02/13/2022 00:35:58 - INFO - dataset -   Using queries from description.
02/13/2022 00:35:58 - INFO - dataset -   Using queries from description.
02/13/2022 00:35:58 - INFO - dataset -   Using queries from description.
02/13/2022 00:35:58 - INFO - dataset -   Using queries from description.
02/13/2022 00:35:58 - INFO - dataset -   Using queries from description.
02/13/2022 00:35:58 - INFO - dataset -   The target domain is AddToPlaylist
02/13/2022 00:35:58 - INFO - dataset -   train_data: 12442 -> 99735
02/13/2022 00:35:58 - INFO - dataset -   valid_data: 500 -> 2500
02/13/2022 00:35:58 - INFO - dataset -   test_data: 1542 -> 7710
02/13/2022 00:55:13 - INFO - trainer -   Epoch 1, train_loss 0.031044    Evalution acc 0.8396, recall 0.5099, f1 0.6345
02/13/2022 00:55:52 - INFO - trainer -   Saved model checkpoint to model_dir/AddToPlaylist/0/model.pth
02/13/2022 01:14:57 - INFO - trainer -   Epoch 2, train_loss 0.009417    Evalution acc 0.8759, recall 0.5275, f1 0.6584
02/13/2022 01:15:31 - INFO - trainer -   Saved model checkpoint to model_dir/AddToPlaylist/0/model.pth
02/13/2022 01:34:37 - INFO - trainer -   Epoch 3, train_loss 0.005739    Evalution acc 0.9181, recall 0.5582, f1 0.6943
02/13/2022 01:35:14 - INFO - trainer -   Saved model checkpoint to model_dir/AddToPlaylist/0/model.pth
02/13/2022 01:54:21 - INFO - trainer -   Epoch 4, train_loss 0.003825    Evalution acc 0.8201, recall 0.5143, f1 0.6321
02/13/2022 02:13:27 - INFO - trainer -   Epoch 5, train_loss 0.002791    Evalution acc 0.8294, recall 0.5165, f1 0.6366
02/13/2022 02:32:33 - INFO - trainer -   Epoch 6, train_loss 0.002032    Evalution acc 0.8449, recall 0.5509, f1 0.6670
02/13/2022 02:51:38 - INFO - trainer -   Epoch 7, train_loss 0.001463    Evalution acc 0.8117, recall 0.5275, f1 0.6394
02/13/2022 03:10:43 - INFO - trainer -   Epoch 8, train_loss 0.001261    Evalution acc 0.8252, recall 0.4982, f1 0.6213
02/13/2022 03:29:49 - INFO - trainer -   Epoch 9, train_loss 0.000997    Evalution acc 0.8170, recall 0.5136, f1 0.6307
02/13/2022 03:48:54 - INFO - trainer -   Epoch 10, train_loss 0.000927    Evalution acc 0.7753, recall 0.4601, f1 0.5775
02/13/2022 04:07:58 - INFO - trainer -   Epoch 11, train_loss 0.000769    Evalution acc 0.8690, recall 0.4667, f1 0.6072
02/13/2022 04:27:04 - INFO - trainer -   Epoch 12, train_loss 0.000569    Evalution acc 0.8321, recall 0.4828, f1 0.6110
02/13/2022 04:46:09 - INFO - trainer -   Epoch 13, train_loss 0.000498    Evalution acc 0.7995, recall 0.4762, f1 0.5969
02/13/2022 04:46:09 - INFO - trainer -   Reach early stop count 10, training stop
02/13/2022 04:47:33 - INFO - dataset -   Loading data from data/snips/AddToPlaylist/AddToPlaylist.txt, total nums is 2042
02/13/2022 04:47:33 - INFO - dataset -   Loading data from data/snips/BookRestaurant/BookRestaurant.txt, total nums is 2073
02/13/2022 04:47:33 - INFO - dataset -   Loading data from data/snips/GetWeather/GetWeather.txt, total nums is 2100
02/13/2022 04:47:33 - INFO - dataset -   Loading data from data/snips/PlayMusic/PlayMusic.txt, total nums is 2100
02/13/2022 04:47:33 - INFO - dataset -   Loading data from data/snips/RateBook/RateBook.txt, total nums is 2056
02/13/2022 04:47:33 - INFO - dataset -   Loading data from data/snips/SearchCreativeWork/SearchCreativeWork.txt, total nums is 2054
02/13/2022 04:47:33 - INFO - dataset -   Loading data from data/snips/SearchScreeningEvent/SearchScreeningEvent.txt, total nums is 2059
02/13/2022 04:47:33 - INFO - dataset -   Loading data from data/atis/atis.txt, total nums is 5871
02/13/2022 04:47:33 - INFO - dataset -   Using queries from description.
02/13/2022 04:47:33 - INFO - dataset -   Using queries from description.
02/13/2022 04:47:34 - INFO - dataset -   Using queries from description.
02/13/2022 04:47:34 - INFO - dataset -   Using queries from description.
02/13/2022 04:47:34 - INFO - dataset -   Using queries from description.
02/13/2022 04:47:34 - INFO - dataset -   Using queries from description.
02/13/2022 04:47:34 - INFO - dataset -   Using queries from description.
02/13/2022 04:47:34 - INFO - dataset -   Using queries from description.
02/13/2022 04:47:34 - INFO - dataset -   Using queries from description.
02/13/2022 04:47:34 - INFO - dataset -   The target domain is AddToPlaylist
02/13/2022 04:47:34 - INFO - dataset -   train_data: 12442 -> 99735
02/13/2022 04:47:34 - INFO - dataset -   valid_data: 500 -> 2500
02/13/2022 04:47:34 - INFO - dataset -   test_data: 1542 -> 7710
02/13/2022 04:47:35 - INFO - trainer -   Model loaded from model_dir/AddToPlaylist/0/model.pth
02/13/2022 04:47:35 - INFO - __main__ -   Starting test...
02/13/2022 04:48:07 - INFO - trainer -   ***********************************************************
02/13/2022 04:48:07 - INFO - trainer -   Test result: acc 0.9000, recall 0.5549, f1 0.6866
02/13/2022 04:48:07 - INFO - trainer -   ***********************************************************
