02/10/2022 15:07:51 - INFO - dataset -   Loading data from data/snips/AddToPlaylist/AddToPlaylist.txt, total nums is 2042
02/10/2022 15:07:51 - INFO - dataset -   Loading data from data/snips/BookRestaurant/BookRestaurant.txt, total nums is 2073
02/10/2022 15:07:51 - INFO - dataset -   Loading data from data/snips/GetWeather/GetWeather.txt, total nums is 2100
02/10/2022 15:07:51 - INFO - dataset -   Loading data from data/snips/PlayMusic/PlayMusic.txt, total nums is 2100
02/10/2022 15:07:51 - INFO - dataset -   Loading data from data/snips/RateBook/RateBook.txt, total nums is 2056
02/10/2022 15:07:51 - INFO - dataset -   Loading data from data/snips/SearchCreativeWork/SearchCreativeWork.txt, total nums is 2054
02/10/2022 15:07:51 - INFO - dataset -   Loading data from data/snips/SearchScreeningEvent/SearchScreeningEvent.txt, total nums is 2059
02/10/2022 15:07:51 - INFO - dataset -   Loading data from data/atis/atis.txt, total nums is 5871
02/10/2022 15:07:51 - INFO - dataset -   Using queries from description.
02/10/2022 15:07:52 - INFO - dataset -   Using queries from description.
02/10/2022 15:07:52 - INFO - dataset -   Using queries from description.
02/10/2022 15:07:52 - INFO - dataset -   Using queries from description.
02/10/2022 15:07:52 - INFO - dataset -   Using queries from description.
02/10/2022 15:07:52 - INFO - dataset -   Using queries from description.
02/10/2022 15:07:52 - INFO - dataset -   Using queries from description.
02/10/2022 15:07:52 - INFO - dataset -   Using queries from description.
02/10/2022 15:07:52 - INFO - dataset -   Using queries from description.
02/10/2022 15:07:52 - INFO - dataset -   The target domain is AddToPlaylist
02/10/2022 15:07:52 - INFO - dataset -   train_data: 12462 -> 99835
02/10/2022 15:07:52 - INFO - dataset -   valid_data: 480 -> 2400
02/10/2022 15:07:52 - INFO - dataset -   test_data: 1542 -> 7710
02/10/2022 16:54:06 - INFO - __main__ -   Learning rate is 1e-05
02/10/2022 16:54:06 - INFO - __main__ -   Warmup rate is 0.0
02/10/2022 16:58:01 - INFO - __main__ -   Learning rate is 1e-05
02/10/2022 16:58:01 - INFO - __main__ -   Warmup rate is 0.0
02/11/2022 17:42:32 - INFO - __main__ -   ************Job Start************
02/11/2022 17:42:32 - INFO - __main__ -   Learning rate is 1e-05
02/11/2022 17:42:32 - INFO - __main__ -   Warmup rate is 0.0
02/11/2022 17:44:58 - INFO - dataset -   Loading data from data/snips/AddToPlaylist/AddToPlaylist.txt, total nums is 2042
02/11/2022 17:44:58 - INFO - dataset -   Loading data from data/snips/BookRestaurant/BookRestaurant.txt, total nums is 2073
02/11/2022 17:44:58 - INFO - dataset -   Loading data from data/snips/GetWeather/GetWeather.txt, total nums is 2100
02/11/2022 17:44:58 - INFO - dataset -   Loading data from data/snips/PlayMusic/PlayMusic.txt, total nums is 2100
02/11/2022 17:44:58 - INFO - dataset -   Loading data from data/snips/RateBook/RateBook.txt, total nums is 2056
02/11/2022 17:44:58 - INFO - dataset -   Loading data from data/snips/SearchCreativeWork/SearchCreativeWork.txt, total nums is 2054
02/11/2022 17:44:58 - INFO - dataset -   Loading data from data/snips/SearchScreeningEvent/SearchScreeningEvent.txt, total nums is 2059
02/11/2022 17:44:58 - INFO - dataset -   Loading data from data/atis/atis.txt, total nums is 5871
02/11/2022 17:44:58 - INFO - dataset -   Using queries from description.
02/11/2022 17:44:58 - INFO - dataset -   Using queries from description.
02/11/2022 17:44:58 - INFO - dataset -   Using queries from description.
02/11/2022 17:44:59 - INFO - dataset -   Using queries from description.
02/11/2022 17:44:59 - INFO - dataset -   Using queries from description.
02/11/2022 17:44:59 - INFO - dataset -   Using queries from description.
02/11/2022 17:44:59 - INFO - dataset -   Using queries from description.
02/11/2022 17:44:59 - INFO - dataset -   Using queries from description.
02/11/2022 17:44:59 - INFO - dataset -   Using queries from description.
02/11/2022 17:44:59 - INFO - dataset -   The target domain is AddToPlaylist
02/11/2022 17:44:59 - INFO - dataset -   train_data: 12462 -> 99835
02/11/2022 17:44:59 - INFO - dataset -   valid_data: 480 -> 2400
02/11/2022 17:44:59 - INFO - dataset -   test_data: 1542 -> 7710
02/11/2022 17:50:45 - INFO - __main__ -   ************Job Start************
02/11/2022 17:50:45 - INFO - __main__ -   Learning rate is 1e-05
02/11/2022 17:50:45 - INFO - __main__ -   Warmup rate is 0.0
02/11/2022 17:50:57 - INFO - dataset -   Loading data from data/snips/AddToPlaylist/AddToPlaylist.txt, total nums is 2042
02/11/2022 17:50:57 - INFO - dataset -   Loading data from data/snips/BookRestaurant/BookRestaurant.txt, total nums is 2073
02/11/2022 17:50:57 - INFO - dataset -   Loading data from data/snips/GetWeather/GetWeather.txt, total nums is 2100
02/11/2022 17:50:57 - INFO - dataset -   Loading data from data/snips/PlayMusic/PlayMusic.txt, total nums is 2100
02/11/2022 17:50:57 - INFO - dataset -   Loading data from data/snips/RateBook/RateBook.txt, total nums is 2056
02/11/2022 17:50:57 - INFO - dataset -   Loading data from data/snips/SearchCreativeWork/SearchCreativeWork.txt, total nums is 2054
02/11/2022 17:50:57 - INFO - dataset -   Loading data from data/snips/SearchScreeningEvent/SearchScreeningEvent.txt, total nums is 2059
02/11/2022 17:50:57 - INFO - dataset -   Loading data from data/atis/atis.txt, total nums is 5871
02/11/2022 17:50:57 - INFO - dataset -   Using queries from description.
02/11/2022 17:50:57 - INFO - dataset -   Using queries from description.
02/11/2022 17:50:57 - INFO - dataset -   Using queries from description.
02/11/2022 17:50:57 - INFO - dataset -   Using queries from description.
02/11/2022 17:50:57 - INFO - dataset -   Using queries from description.
02/11/2022 17:50:58 - INFO - dataset -   Using queries from description.
02/11/2022 17:50:58 - INFO - dataset -   Using queries from description.
02/11/2022 17:50:58 - INFO - dataset -   Using queries from description.
02/11/2022 17:50:58 - INFO - dataset -   Using queries from description.
02/11/2022 17:50:58 - INFO - dataset -   The target domain is AddToPlaylist
02/11/2022 17:50:58 - INFO - dataset -   train_data: 12462 -> 99835
02/11/2022 17:50:58 - INFO - dataset -   valid_data: 480 -> 2400
02/11/2022 17:50:58 - INFO - dataset -   test_data: 1542 -> 7710
02/11/2022 17:52:41 - INFO - __main__ -   ************Job Start************
02/11/2022 17:52:41 - INFO - __main__ -   Learning rate is 1e-05
02/11/2022 17:52:41 - INFO - __main__ -   Warmup rate is 0.0
02/11/2022 17:52:53 - INFO - dataset -   Loading data from data/snips/AddToPlaylist/AddToPlaylist.txt, total nums is 2042
02/11/2022 17:52:53 - INFO - dataset -   Loading data from data/snips/BookRestaurant/BookRestaurant.txt, total nums is 2073
02/11/2022 17:52:53 - INFO - dataset -   Loading data from data/snips/GetWeather/GetWeather.txt, total nums is 2100
02/11/2022 17:52:53 - INFO - dataset -   Loading data from data/snips/PlayMusic/PlayMusic.txt, total nums is 2100
02/11/2022 17:52:53 - INFO - dataset -   Loading data from data/snips/RateBook/RateBook.txt, total nums is 2056
02/11/2022 17:52:53 - INFO - dataset -   Loading data from data/snips/SearchCreativeWork/SearchCreativeWork.txt, total nums is 2054
02/11/2022 17:52:53 - INFO - dataset -   Loading data from data/snips/SearchScreeningEvent/SearchScreeningEvent.txt, total nums is 2059
02/11/2022 17:52:53 - INFO - dataset -   Loading data from data/atis/atis.txt, total nums is 5871
02/11/2022 17:52:53 - INFO - dataset -   Using queries from description.
02/11/2022 17:52:53 - INFO - dataset -   Using queries from description.
02/11/2022 17:52:53 - INFO - dataset -   Using queries from description.
02/11/2022 17:52:53 - INFO - dataset -   Using queries from description.
02/11/2022 17:52:53 - INFO - dataset -   Using queries from description.
02/11/2022 17:52:54 - INFO - dataset -   Using queries from description.
02/11/2022 17:52:54 - INFO - dataset -   Using queries from description.
02/11/2022 17:52:54 - INFO - dataset -   Using queries from description.
02/11/2022 17:52:54 - INFO - dataset -   Using queries from description.
02/11/2022 17:52:54 - INFO - dataset -   The target domain is AddToPlaylist
02/11/2022 17:52:54 - INFO - dataset -   train_data: 12462 -> 99835
02/11/2022 17:52:54 - INFO - dataset -   valid_data: 480 -> 2400
02/11/2022 17:52:54 - INFO - dataset -   test_data: 1542 -> 7710
02/11/2022 18:13:19 - INFO - trainer -   Epoch 1, train_loss 0.042286    Evalution acc 0.9082, recall 0.5347, f1 0.6731
02/11/2022 18:14:15 - INFO - trainer -   Saved model checkpoint to model_dir/AddToPlaylist/20/model.pth
02/11/2022 18:34:39 - INFO - trainer -   Epoch 2, train_loss 0.014209    Evalution acc 0.9634, recall 0.5811, f1 0.7249
02/11/2022 18:35:26 - INFO - trainer -   Saved model checkpoint to model_dir/AddToPlaylist/20/model.pth
02/11/2022 18:56:12 - INFO - trainer -   Epoch 3, train_loss 0.010157    Evalution acc 0.9349, recall 0.6672, f1 0.7787
02/11/2022 18:57:28 - INFO - trainer -   Saved model checkpoint to model_dir/AddToPlaylist/20/model.pth
02/11/2022 19:18:01 - INFO - trainer -   Epoch 4, train_loss 0.007738    Evalution acc 0.9528, recall 0.7228, f1 0.8220
02/11/2022 19:19:21 - INFO - trainer -   Saved model checkpoint to model_dir/AddToPlaylist/20/model.pth
02/11/2022 19:41:02 - INFO - trainer -   Epoch 5, train_loss 0.006277    Evalution acc 0.9132, recall 0.8256, f1 0.8672
02/11/2022 19:41:42 - INFO - trainer -   Saved model checkpoint to model_dir/AddToPlaylist/20/model.pth
02/11/2022 20:02:09 - INFO - trainer -   Epoch 6, train_loss 0.005126    Evalution acc 0.9120, recall 0.8050, f1 0.8552
02/11/2022 20:22:43 - INFO - trainer -   Epoch 7, train_loss 0.004364    Evalution acc 0.9483, recall 0.7540, f1 0.8401
02/11/2022 20:43:18 - INFO - trainer -   Epoch 8, train_loss 0.003652    Evalution acc 0.9471, recall 0.7776, f1 0.8540
02/11/2022 21:03:55 - INFO - trainer -   Epoch 9, train_loss 0.003116    Evalution acc 0.9518, recall 0.7814, f1 0.8582
02/11/2022 21:24:24 - INFO - trainer -   Epoch 10, train_loss 0.002761    Evalution acc 0.9385, recall 0.7898, f1 0.8577
02/11/2022 21:44:53 - INFO - trainer -   Epoch 11, train_loss 0.002493    Evalution acc 0.9267, recall 0.8088, f1 0.8638
02/11/2022 22:05:28 - INFO - trainer -   Epoch 12, train_loss 0.002047    Evalution acc 0.9258, recall 0.8172, f1 0.8681
02/11/2022 22:05:55 - INFO - trainer -   Saved model checkpoint to model_dir/AddToPlaylist/20/model.pth
02/11/2022 22:26:24 - INFO - trainer -   Epoch 13, train_loss 0.001724    Evalution acc 0.9330, recall 0.8165, f1 0.8708
02/11/2022 22:26:50 - INFO - trainer -   Saved model checkpoint to model_dir/AddToPlaylist/20/model.pth
02/11/2022 22:47:15 - INFO - trainer -   Epoch 14, train_loss 0.001541    Evalution acc 0.9442, recall 0.8248, f1 0.8805
02/11/2022 22:47:56 - INFO - trainer -   Saved model checkpoint to model_dir/AddToPlaylist/20/model.pth
02/11/2022 23:08:19 - INFO - trainer -   Epoch 15, train_loss 0.001563    Evalution acc 0.9402, recall 0.7669, f1 0.8448
02/11/2022 23:28:50 - INFO - trainer -   Epoch 16, train_loss 0.001373    Evalution acc 0.9507, recall 0.8225, f1 0.8820
02/11/2022 23:29:25 - INFO - trainer -   Saved model checkpoint to model_dir/AddToPlaylist/20/model.pth
02/11/2022 23:49:45 - INFO - trainer -   Epoch 17, train_loss 0.001084    Evalution acc 0.9441, recall 0.7593, f1 0.8417
02/12/2022 00:10:05 - INFO - trainer -   Epoch 18, train_loss 0.001071    Evalution acc 0.9342, recall 0.8332, f1 0.8808
02/12/2022 00:30:25 - INFO - trainer -   Epoch 19, train_loss 0.001004    Evalution acc 0.9298, recall 0.8370, f1 0.8810
02/12/2022 00:50:52 - INFO - trainer -   Epoch 20, train_loss 0.000977    Evalution acc 0.9430, recall 0.8439, f1 0.8907
02/12/2022 00:51:26 - INFO - trainer -   Saved model checkpoint to model_dir/AddToPlaylist/20/model.pth
02/12/2022 01:11:37 - INFO - trainer -   Epoch 21, train_loss 0.000993    Evalution acc 0.9424, recall 0.8347, f1 0.8853
02/12/2022 01:31:49 - INFO - trainer -   Epoch 22, train_loss 0.000966    Evalution acc 0.9408, recall 0.8599, f1 0.8985
02/12/2022 01:32:27 - INFO - trainer -   Saved model checkpoint to model_dir/AddToPlaylist/20/model.pth
02/12/2022 01:52:43 - INFO - trainer -   Epoch 23, train_loss 0.000942    Evalution acc 0.9469, recall 0.8286, f1 0.8838
02/12/2022 02:13:02 - INFO - trainer -   Epoch 24, train_loss 0.000763    Evalution acc 0.9291, recall 0.8286, f1 0.8760
02/12/2022 02:33:27 - INFO - trainer -   Epoch 25, train_loss 0.000721    Evalution acc 0.9438, recall 0.8309, f1 0.8838
02/12/2022 02:53:50 - INFO - trainer -   Epoch 26, train_loss 0.000664    Evalution acc 0.9309, recall 0.8416, f1 0.8840
02/12/2022 03:14:13 - INFO - trainer -   Epoch 27, train_loss 0.000565    Evalution acc 0.9257, recall 0.8355, f1 0.8783
02/12/2022 03:34:40 - INFO - trainer -   Epoch 28, train_loss 0.000515    Evalution acc 0.9403, recall 0.8035, f1 0.8665
02/12/2022 03:55:18 - INFO - trainer -   Epoch 29, train_loss 0.000508    Evalution acc 0.9272, recall 0.7959, f1 0.8566
02/12/2022 04:15:44 - INFO - trainer -   Epoch 30, train_loss 0.000514    Evalution acc 0.9340, recall 0.7867, f1 0.8541
02/12/2022 04:36:10 - INFO - trainer -   Epoch 31, train_loss 0.000500    Evalution acc 0.9335, recall 0.8233, f1 0.8749
02/12/2022 04:56:33 - INFO - trainer -   Epoch 32, train_loss 0.000409    Evalution acc 0.9329, recall 0.8363, f1 0.8819
02/12/2022 04:56:33 - INFO - trainer -   Reach early stop count 10, training stop
02/12/2022 04:56:45 - INFO - dataset -   Loading data from data/snips/AddToPlaylist/AddToPlaylist.txt, total nums is 2042
02/12/2022 04:56:45 - INFO - dataset -   Loading data from data/snips/BookRestaurant/BookRestaurant.txt, total nums is 2073
02/12/2022 04:56:45 - INFO - dataset -   Loading data from data/snips/GetWeather/GetWeather.txt, total nums is 2100
02/12/2022 04:56:45 - INFO - dataset -   Loading data from data/snips/PlayMusic/PlayMusic.txt, total nums is 2100
02/12/2022 04:56:45 - INFO - dataset -   Loading data from data/snips/RateBook/RateBook.txt, total nums is 2056
02/12/2022 04:56:45 - INFO - dataset -   Loading data from data/snips/SearchCreativeWork/SearchCreativeWork.txt, total nums is 2054
02/12/2022 04:56:45 - INFO - dataset -   Loading data from data/snips/SearchScreeningEvent/SearchScreeningEvent.txt, total nums is 2059
02/12/2022 04:56:45 - INFO - dataset -   Loading data from data/atis/atis.txt, total nums is 5871
02/12/2022 04:56:45 - INFO - dataset -   Using queries from description.
02/12/2022 04:56:45 - INFO - dataset -   Using queries from description.
02/12/2022 04:56:45 - INFO - dataset -   Using queries from description.
02/12/2022 04:56:46 - INFO - dataset -   Using queries from description.
02/12/2022 04:56:46 - INFO - dataset -   Using queries from description.
02/12/2022 04:56:46 - INFO - dataset -   Using queries from description.
02/12/2022 04:56:46 - INFO - dataset -   Using queries from description.
02/12/2022 04:56:46 - INFO - dataset -   Using queries from description.
02/12/2022 04:56:46 - INFO - dataset -   Using queries from description.
02/12/2022 04:56:46 - INFO - dataset -   The target domain is AddToPlaylist
02/12/2022 04:56:46 - INFO - dataset -   train_data: 12462 -> 99835
02/12/2022 04:56:46 - INFO - dataset -   valid_data: 480 -> 2400
02/12/2022 04:56:46 - INFO - dataset -   test_data: 1542 -> 7710
02/12/2022 04:56:46 - INFO - trainer -   Model loaded from model_dir/AddToPlaylist/20/model.pth
02/12/2022 04:56:46 - INFO - __main__ -   Starting test...
02/12/2022 04:57:20 - INFO - trainer -   ***********************************************************
02/12/2022 04:57:20 - INFO - trainer -   Test result: acc 0.9354, recall 0.8399, f1 0.8851
02/12/2022 04:57:20 - INFO - trainer -   ***********************************************************
02/12/2022 12:59:39 - INFO - __main__ -   **********************Job Start**********************
02/12/2022 12:59:39 - INFO - __main__ -   Learning rate = 1e-05
02/12/2022 12:59:39 - INFO - __main__ -   Warmup rate = 0.0
02/12/2022 12:59:39 - INFO - __main__ -   Batch_size = 32
02/12/2022 12:59:39 - INFO - __main__ -   Gradient_accumulation_steps = 1
02/12/2022 12:59:39 - INFO - __main__ -   Train epoch = 32
02/12/2022 12:59:50 - INFO - dataset -   Loading data from data/snips/AddToPlaylist/AddToPlaylist.txt, total nums is 2042
02/12/2022 12:59:50 - INFO - dataset -   Loading data from data/snips/BookRestaurant/BookRestaurant.txt, total nums is 2073
02/12/2022 12:59:50 - INFO - dataset -   Loading data from data/snips/GetWeather/GetWeather.txt, total nums is 2100
02/12/2022 12:59:50 - INFO - dataset -   Loading data from data/snips/PlayMusic/PlayMusic.txt, total nums is 2100
02/12/2022 12:59:50 - INFO - dataset -   Loading data from data/snips/RateBook/RateBook.txt, total nums is 2056
02/12/2022 12:59:50 - INFO - dataset -   Loading data from data/snips/SearchCreativeWork/SearchCreativeWork.txt, total nums is 2054
02/12/2022 12:59:50 - INFO - dataset -   Loading data from data/snips/SearchScreeningEvent/SearchScreeningEvent.txt, total nums is 2059
02/12/2022 12:59:50 - INFO - dataset -   Loading data from data/atis/atis.txt, total nums is 5871
02/12/2022 12:59:50 - INFO - dataset -   Using queries from description.
02/12/2022 12:59:50 - INFO - dataset -   Using queries from description.
02/12/2022 12:59:50 - INFO - dataset -   Using queries from description.
02/12/2022 12:59:50 - INFO - dataset -   Using queries from description.
02/12/2022 12:59:50 - INFO - dataset -   Using queries from description.
02/12/2022 12:59:51 - INFO - dataset -   Using queries from description.
02/12/2022 12:59:51 - INFO - dataset -   Using queries from description.
02/12/2022 12:59:51 - INFO - dataset -   Using queries from description.
02/12/2022 12:59:51 - INFO - dataset -   Using queries from description.
02/12/2022 12:59:51 - INFO - dataset -   The target domain is AddToPlaylist
02/12/2022 12:59:51 - INFO - dataset -   train_data: 12462 -> 99835
02/12/2022 12:59:51 - INFO - dataset -   valid_data: 480 -> 2400
02/12/2022 12:59:51 - INFO - dataset -   test_data: 1542 -> 7710
02/12/2022 13:00:39 - INFO - __main__ -   **********************Job Start**********************
02/12/2022 13:00:39 - INFO - __main__ -   Learning rate = 1e-05
02/12/2022 13:00:39 - INFO - __main__ -   Warmup rate = 0.0
02/12/2022 13:00:39 - INFO - __main__ -   Batch_size = 32
02/12/2022 13:00:39 - INFO - __main__ -   Gradient_accumulation_steps = 1
02/12/2022 13:00:39 - INFO - __main__ -   Train epoch = 32
02/12/2022 13:00:50 - INFO - dataset -   Loading data from data/snips/AddToPlaylist/AddToPlaylist.txt, total nums is 2042
02/12/2022 13:00:50 - INFO - dataset -   Loading data from data/snips/BookRestaurant/BookRestaurant.txt, total nums is 2073
02/12/2022 13:00:50 - INFO - dataset -   Loading data from data/snips/GetWeather/GetWeather.txt, total nums is 2100
02/12/2022 13:00:50 - INFO - dataset -   Loading data from data/snips/PlayMusic/PlayMusic.txt, total nums is 2100
02/12/2022 13:00:50 - INFO - dataset -   Loading data from data/snips/RateBook/RateBook.txt, total nums is 2056
02/12/2022 13:00:50 - INFO - dataset -   Loading data from data/snips/SearchCreativeWork/SearchCreativeWork.txt, total nums is 2054
02/12/2022 13:00:50 - INFO - dataset -   Loading data from data/snips/SearchScreeningEvent/SearchScreeningEvent.txt, total nums is 2059
02/12/2022 13:00:50 - INFO - dataset -   Loading data from data/atis/atis.txt, total nums is 5871
02/12/2022 13:00:50 - INFO - dataset -   Using queries from description.
02/12/2022 13:00:51 - INFO - dataset -   Using queries from description.
02/12/2022 13:00:51 - INFO - dataset -   Using queries from description.
02/12/2022 13:00:51 - INFO - dataset -   Using queries from description.
02/12/2022 13:00:51 - INFO - dataset -   Using queries from description.
02/12/2022 13:00:51 - INFO - dataset -   Using queries from description.
02/12/2022 13:00:51 - INFO - dataset -   Using queries from description.
02/12/2022 13:00:51 - INFO - dataset -   Using queries from description.
02/12/2022 13:00:51 - INFO - dataset -   Using queries from description.
02/12/2022 13:00:51 - INFO - dataset -   The target domain is AddToPlaylist
02/12/2022 13:00:51 - INFO - dataset -   train_data: 12462 -> 99835
02/12/2022 13:00:51 - INFO - dataset -   valid_data: 480 -> 2400
02/12/2022 13:00:51 - INFO - dataset -   test_data: 1542 -> 7710
02/12/2022 13:22:00 - INFO - trainer -   Epoch 1, train_loss 0.028830    Evalution acc 0.9155, recall 0.7510, f1 0.8251
02/12/2022 13:22:40 - INFO - trainer -   Saved model checkpoint to model_dir/AddToPlaylist/20/model.pth
02/12/2022 13:44:03 - INFO - trainer -   Epoch 2, train_loss 0.009328    Evalution acc 0.9361, recall 0.8370, f1 0.8838
02/12/2022 13:44:38 - INFO - trainer -   Saved model checkpoint to model_dir/AddToPlaylist/20/model.pth
02/12/2022 14:05:51 - INFO - trainer -   Epoch 3, train_loss 0.005638    Evalution acc 0.9716, recall 0.6771, f1 0.7980
02/12/2022 14:27:52 - INFO - trainer -   Epoch 4, train_loss 0.003849    Evalution acc 0.9482, recall 0.7951, f1 0.8650
02/12/2022 14:49:21 - INFO - trainer -   Epoch 5, train_loss 0.002730    Evalution acc 0.9402, recall 0.8149, f1 0.8731
02/12/2022 15:10:34 - INFO - trainer -   Epoch 6, train_loss 0.002034    Evalution acc 0.9382, recall 0.8210, f1 0.8757
02/12/2022 15:32:11 - INFO - trainer -   Epoch 7, train_loss 0.001610    Evalution acc 0.9559, recall 0.8096, f1 0.8767
02/12/2022 15:56:53 - INFO - trainer -   Epoch 8, train_loss 0.001080    Evalution acc 0.9476, recall 0.8126, f1 0.8749
02/12/2022 16:18:24 - INFO - trainer -   Epoch 9, train_loss 0.001071    Evalution acc 0.9450, recall 0.8378, f1 0.8882
02/12/2022 16:18:56 - INFO - trainer -   Saved model checkpoint to model_dir/AddToPlaylist/20/model.pth
02/12/2022 16:40:39 - INFO - trainer -   Epoch 10, train_loss 0.000886    Evalution acc 0.9486, recall 0.8012, f1 0.8687
02/12/2022 17:02:10 - INFO - trainer -   Epoch 11, train_loss 0.000805    Evalution acc 0.9279, recall 0.8423, f1 0.8830
02/12/2022 17:26:01 - INFO - trainer -   Epoch 12, train_loss 0.000568    Evalution acc 0.9392, recall 0.8005, f1 0.8643
02/12/2022 17:47:53 - INFO - trainer -   Epoch 13, train_loss 0.000661    Evalution acc 0.9370, recall 0.8149, f1 0.8717
02/12/2022 18:10:38 - INFO - trainer -   Epoch 14, train_loss 0.000468    Evalution acc 0.9360, recall 0.8241, f1 0.8765
02/12/2022 18:32:13 - INFO - trainer -   Epoch 15, train_loss 0.000557    Evalution acc 0.9428, recall 0.8279, f1 0.8816
02/12/2022 18:53:36 - INFO - trainer -   Epoch 16, train_loss 0.000406    Evalution acc 0.9409, recall 0.8363, f1 0.8855
02/12/2022 19:15:25 - INFO - trainer -   Epoch 17, train_loss 0.000362    Evalution acc 0.9447, recall 0.8073, f1 0.8706
02/12/2022 19:37:24 - INFO - trainer -   Epoch 18, train_loss 0.000320    Evalution acc 0.9403, recall 0.8043, f1 0.8670
02/12/2022 19:59:28 - INFO - trainer -   Epoch 19, train_loss 0.000246    Evalution acc 0.9452, recall 0.8271, f1 0.8822
02/12/2022 19:59:28 - INFO - trainer -   Reach early stop count 10, training stop
02/12/2022 20:00:04 - INFO - dataset -   Loading data from data/snips/AddToPlaylist/AddToPlaylist.txt, total nums is 2042
02/12/2022 20:00:04 - INFO - dataset -   Loading data from data/snips/BookRestaurant/BookRestaurant.txt, total nums is 2073
02/12/2022 20:00:04 - INFO - dataset -   Loading data from data/snips/GetWeather/GetWeather.txt, total nums is 2100
02/12/2022 20:00:04 - INFO - dataset -   Loading data from data/snips/PlayMusic/PlayMusic.txt, total nums is 2100
02/12/2022 20:00:04 - INFO - dataset -   Loading data from data/snips/RateBook/RateBook.txt, total nums is 2056
02/12/2022 20:00:04 - INFO - dataset -   Loading data from data/snips/SearchCreativeWork/SearchCreativeWork.txt, total nums is 2054
02/12/2022 20:00:04 - INFO - dataset -   Loading data from data/snips/SearchScreeningEvent/SearchScreeningEvent.txt, total nums is 2059
02/12/2022 20:00:04 - INFO - dataset -   Loading data from data/atis/atis.txt, total nums is 5871
02/12/2022 20:00:04 - INFO - dataset -   Using queries from description.
02/12/2022 20:00:04 - INFO - dataset -   Using queries from description.
02/12/2022 20:00:04 - INFO - dataset -   Using queries from description.
02/12/2022 20:00:04 - INFO - dataset -   Using queries from description.
02/12/2022 20:00:04 - INFO - dataset -   Using queries from description.
02/12/2022 20:00:04 - INFO - dataset -   Using queries from description.
02/12/2022 20:00:04 - INFO - dataset -   Using queries from description.
02/12/2022 20:00:04 - INFO - dataset -   Using queries from description.
02/12/2022 20:00:04 - INFO - dataset -   Using queries from description.
02/12/2022 20:00:04 - INFO - dataset -   The target domain is AddToPlaylist
02/12/2022 20:00:04 - INFO - dataset -   train_data: 12462 -> 99835
02/12/2022 20:00:04 - INFO - dataset -   valid_data: 480 -> 2400
02/12/2022 20:00:04 - INFO - dataset -   test_data: 1542 -> 7710
02/12/2022 20:00:05 - INFO - trainer -   Model loaded from model_dir/AddToPlaylist/20/model.pth
02/12/2022 20:00:05 - INFO - __main__ -   Starting test...
02/12/2022 20:00:36 - INFO - trainer -   ***********************************************************
02/12/2022 20:00:36 - INFO - trainer -   Test result: acc 0.9355, recall 0.8206, f1 0.8743
02/12/2022 20:00:36 - INFO - trainer -   ***********************************************************
02/13/2022 13:10:45 - INFO - __main__ -   **********************Job Start**********************
02/13/2022 13:10:45 - INFO - __main__ -   Learning rate = 1e-05
02/13/2022 13:10:45 - INFO - __main__ -   Warmup rate = 0.0
02/13/2022 13:10:45 - INFO - __main__ -   Batch_size = 48
02/13/2022 13:10:45 - INFO - __main__ -   Gradient_accumulation_steps = 1
02/13/2022 13:10:45 - INFO - __main__ -   Train epoch = 32
02/13/2022 13:11:18 - INFO - dataset -   Loading data from data/snips/AddToPlaylist/AddToPlaylist.txt, total nums is 2042
02/13/2022 13:11:18 - INFO - dataset -   Loading data from data/snips/BookRestaurant/BookRestaurant.txt, total nums is 2073
02/13/2022 13:11:18 - INFO - dataset -   Loading data from data/snips/GetWeather/GetWeather.txt, total nums is 2100
02/13/2022 13:11:18 - INFO - dataset -   Loading data from data/snips/PlayMusic/PlayMusic.txt, total nums is 2100
02/13/2022 13:11:18 - INFO - dataset -   Loading data from data/snips/RateBook/RateBook.txt, total nums is 2056
02/13/2022 13:11:18 - INFO - dataset -   Loading data from data/snips/SearchCreativeWork/SearchCreativeWork.txt, total nums is 2054
02/13/2022 13:11:18 - INFO - dataset -   Loading data from data/snips/SearchScreeningEvent/SearchScreeningEvent.txt, total nums is 2059
02/13/2022 13:11:18 - INFO - dataset -   Loading data from data/atis/atis.txt, total nums is 5871
02/13/2022 13:11:18 - INFO - dataset -   Using queries from description.
02/13/2022 13:11:18 - INFO - dataset -   Using queries from description.
02/13/2022 13:11:18 - INFO - dataset -   Using queries from description.
02/13/2022 13:11:19 - INFO - dataset -   Using queries from description.
02/13/2022 13:11:19 - INFO - dataset -   Using queries from description.
02/13/2022 13:11:19 - INFO - dataset -   Using queries from description.
02/13/2022 13:11:19 - INFO - dataset -   Using queries from description.
02/13/2022 13:11:19 - INFO - dataset -   Using queries from description.
02/13/2022 13:11:19 - INFO - dataset -   Using queries from description.
02/13/2022 13:11:19 - INFO - dataset -   The target domain is AddToPlaylist
02/13/2022 13:11:19 - INFO - dataset -   train_data: 12462 -> 99835
02/13/2022 13:11:19 - INFO - dataset -   valid_data: 480 -> 2400
02/13/2022 13:11:19 - INFO - dataset -   test_data: 1542 -> 7710
02/13/2022 13:33:05 - INFO - trainer -   Epoch 1, train_loss 0.030620    Evalution acc 0.9289, recall 0.7266, f1 0.8154
02/13/2022 13:33:41 - INFO - trainer -   Saved model checkpoint to model_dir/AddToPlaylist/20/model.pth
02/13/2022 13:55:00 - INFO - trainer -   Epoch 2, train_loss 0.009378    Evalution acc 0.9223, recall 0.8050, f1 0.8597
02/13/2022 13:55:27 - INFO - trainer -   Saved model checkpoint to model_dir/AddToPlaylist/20/model.pth
02/13/2022 14:16:49 - INFO - trainer -   Epoch 3, train_loss 0.005899    Evalution acc 0.9522, recall 0.7898, f1 0.8634
02/13/2022 14:17:14 - INFO - trainer -   Saved model checkpoint to model_dir/AddToPlaylist/20/model.pth
02/13/2022 14:39:16 - INFO - trainer -   Epoch 4, train_loss 0.004008    Evalution acc 0.9310, recall 0.8218, f1 0.8730
02/13/2022 14:39:45 - INFO - trainer -   Saved model checkpoint to model_dir/AddToPlaylist/20/model.pth
02/13/2022 15:01:39 - INFO - trainer -   Epoch 5, train_loss 0.002538    Evalution acc 0.9466, recall 0.8241, f1 0.8811
02/13/2022 15:02:17 - INFO - trainer -   Saved model checkpoint to model_dir/AddToPlaylist/20/model.pth
02/13/2022 15:24:19 - INFO - trainer -   Epoch 6, train_loss 0.001991    Evalution acc 0.9121, recall 0.8058, f1 0.8556
02/13/2022 15:46:36 - INFO - trainer -   Epoch 7, train_loss 0.001626    Evalution acc 0.9294, recall 0.8020, f1 0.8610
02/13/2022 16:08:52 - INFO - trainer -   Epoch 8, train_loss 0.001219    Evalution acc 0.9264, recall 0.8058, f1 0.8619
02/13/2022 16:31:46 - INFO - trainer -   Epoch 9, train_loss 0.000897    Evalution acc 0.9464, recall 0.8203, f1 0.8788
02/13/2022 16:54:27 - INFO - trainer -   Epoch 10, train_loss 0.000895    Evalution acc 0.9419, recall 0.8149, f1 0.8738
02/13/2022 17:16:55 - INFO - trainer -   Epoch 11, train_loss 0.000646    Evalution acc 0.9324, recall 0.8294, f1 0.8779
02/13/2022 17:39:08 - INFO - trainer -   Epoch 12, train_loss 0.000595    Evalution acc 0.9422, recall 0.8195, f1 0.8766
02/13/2022 18:01:29 - INFO - trainer -   Epoch 13, train_loss 0.000557    Evalution acc 0.9265, recall 0.8256, f1 0.8731
02/13/2022 18:23:35 - INFO - trainer -   Epoch 14, train_loss 0.000524    Evalution acc 0.9433, recall 0.8355, f1 0.8861
02/13/2022 18:24:07 - INFO - trainer -   Saved model checkpoint to model_dir/AddToPlaylist/20/model.pth
02/13/2022 18:46:18 - INFO - trainer -   Epoch 15, train_loss 0.000360    Evalution acc 0.9354, recall 0.8385, f1 0.8843
02/13/2022 19:08:23 - INFO - trainer -   Epoch 16, train_loss 0.000348    Evalution acc 0.9247, recall 0.8599, f1 0.8911
02/13/2022 19:08:57 - INFO - trainer -   Saved model checkpoint to model_dir/AddToPlaylist/20/model.pth
02/13/2022 19:30:50 - INFO - trainer -   Epoch 17, train_loss 0.000226    Evalution acc 0.9264, recall 0.8629, f1 0.8935
02/13/2022 19:31:25 - INFO - trainer -   Saved model checkpoint to model_dir/AddToPlaylist/20/model.pth
02/13/2022 19:53:17 - INFO - trainer -   Epoch 18, train_loss 0.000306    Evalution acc 0.9343, recall 0.8340, f1 0.8813
02/13/2022 20:15:16 - INFO - trainer -   Epoch 19, train_loss 0.000306    Evalution acc 0.9381, recall 0.8431, f1 0.8881
02/13/2022 20:37:14 - INFO - trainer -   Epoch 20, train_loss 0.000279    Evalution acc 0.9394, recall 0.8385, f1 0.8861
02/13/2022 21:00:00 - INFO - trainer -   Epoch 21, train_loss 0.000197    Evalution acc 0.9364, recall 0.8294, f1 0.8796
02/13/2022 21:22:05 - INFO - trainer -   Epoch 22, train_loss 0.000148    Evalution acc 0.9390, recall 0.8096, f1 0.8695
02/13/2022 21:41:44 - INFO - trainer -   Epoch 23, train_loss 0.000110    Evalution acc 0.9390, recall 0.8096, f1 0.8695
02/13/2022 22:01:18 - INFO - trainer -   Epoch 24, train_loss 0.000197    Evalution acc 0.9360, recall 0.8248, f1 0.8769
02/13/2022 22:20:38 - INFO - trainer -   Epoch 25, train_loss 0.000197    Evalution acc 0.9412, recall 0.8165, f1 0.8744
02/13/2022 22:39:51 - INFO - trainer -   Epoch 26, train_loss 0.000118    Evalution acc 0.9374, recall 0.8218, f1 0.8758
02/13/2022 22:58:54 - INFO - trainer -   Epoch 27, train_loss 0.000121    Evalution acc 0.9319, recall 0.8126, f1 0.8682
02/13/2022 22:58:54 - INFO - trainer -   Reach early stop count 10, training stop
02/13/2022 22:59:39 - INFO - dataset -   Loading data from data/snips/AddToPlaylist/AddToPlaylist.txt, total nums is 2042
02/13/2022 22:59:39 - INFO - dataset -   Loading data from data/snips/BookRestaurant/BookRestaurant.txt, total nums is 2073
02/13/2022 22:59:39 - INFO - dataset -   Loading data from data/snips/GetWeather/GetWeather.txt, total nums is 2100
02/13/2022 22:59:39 - INFO - dataset -   Loading data from data/snips/PlayMusic/PlayMusic.txt, total nums is 2100
02/13/2022 22:59:39 - INFO - dataset -   Loading data from data/snips/RateBook/RateBook.txt, total nums is 2056
02/13/2022 22:59:39 - INFO - dataset -   Loading data from data/snips/SearchCreativeWork/SearchCreativeWork.txt, total nums is 2054
02/13/2022 22:59:39 - INFO - dataset -   Loading data from data/snips/SearchScreeningEvent/SearchScreeningEvent.txt, total nums is 2059
02/13/2022 22:59:39 - INFO - dataset -   Loading data from data/atis/atis.txt, total nums is 5871
02/13/2022 22:59:39 - INFO - dataset -   Using queries from description.
02/13/2022 22:59:40 - INFO - dataset -   Using queries from description.
02/13/2022 22:59:40 - INFO - dataset -   Using queries from description.
02/13/2022 22:59:40 - INFO - dataset -   Using queries from description.
02/13/2022 22:59:40 - INFO - dataset -   Using queries from description.
02/13/2022 22:59:40 - INFO - dataset -   Using queries from description.
02/13/2022 22:59:40 - INFO - dataset -   Using queries from description.
02/13/2022 22:59:40 - INFO - dataset -   Using queries from description.
02/13/2022 22:59:40 - INFO - dataset -   Using queries from description.
02/13/2022 22:59:40 - INFO - dataset -   The target domain is AddToPlaylist
02/13/2022 22:59:40 - INFO - dataset -   train_data: 12462 -> 99835
02/13/2022 22:59:40 - INFO - dataset -   valid_data: 480 -> 2400
02/13/2022 22:59:40 - INFO - dataset -   test_data: 1542 -> 7710
02/13/2022 22:59:41 - INFO - trainer -   Model loaded from model_dir/AddToPlaylist/20/model.pth
02/13/2022 22:59:41 - INFO - __main__ -   Starting test...
02/13/2022 23:00:13 - INFO - trainer -   ***********************************************************
02/13/2022 23:00:13 - INFO - trainer -   Test result: acc 0.9236, recall 0.8576, f1 0.8894
02/13/2022 23:00:13 - INFO - trainer -   ***********************************************************
