02/10/2022 16:54:30 - INFO - __main__ -   Learning rate is 1e-05
02/10/2022 16:54:30 - INFO - __main__ -   Warmup rate is 0.0
02/10/2022 16:58:25 - INFO - __main__ -   Learning rate is 1e-05
02/10/2022 16:58:25 - INFO - __main__ -   Warmup rate is 0.0
02/13/2022 22:23:24 - INFO - __main__ -   **********************Job Start**********************
02/13/2022 22:23:24 - INFO - __main__ -   Learning rate = 1e-05
02/13/2022 22:23:24 - INFO - __main__ -   Warmup rate = 0.0
02/13/2022 22:23:24 - INFO - __main__ -   Batch_size = 48
02/13/2022 22:23:24 - INFO - __main__ -   Gradient_accumulation_steps = 1
02/13/2022 22:23:24 - INFO - __main__ -   Train epoch = 32
02/13/2022 22:24:06 - INFO - dataset -   Loading data from data/snips/AddToPlaylist/AddToPlaylist.txt, total nums is 2042
02/13/2022 22:24:06 - INFO - dataset -   Loading data from data/snips/BookRestaurant/BookRestaurant.txt, total nums is 2073
02/13/2022 22:24:06 - INFO - dataset -   Loading data from data/snips/GetWeather/GetWeather.txt, total nums is 2100
02/13/2022 22:24:06 - INFO - dataset -   Loading data from data/snips/PlayMusic/PlayMusic.txt, total nums is 2100
02/13/2022 22:24:06 - INFO - dataset -   Loading data from data/snips/RateBook/RateBook.txt, total nums is 2056
02/13/2022 22:24:06 - INFO - dataset -   Loading data from data/snips/SearchCreativeWork/SearchCreativeWork.txt, total nums is 2054
02/13/2022 22:24:06 - INFO - dataset -   Loading data from data/snips/SearchScreeningEvent/SearchScreeningEvent.txt, total nums is 2059
02/13/2022 22:24:06 - INFO - dataset -   Loading data from data/atis/atis.txt, total nums is 5871
02/13/2022 22:24:06 - INFO - dataset -   Using queries from description.
02/13/2022 22:24:06 - INFO - dataset -   Using queries from description.
02/13/2022 22:24:06 - INFO - dataset -   Using queries from description.
02/13/2022 22:24:06 - INFO - dataset -   Using queries from description.
02/13/2022 22:24:07 - INFO - dataset -   Using queries from description.
02/13/2022 22:24:07 - INFO - dataset -   Using queries from description.
02/13/2022 22:24:07 - INFO - dataset -   Using queries from description.
02/13/2022 22:24:07 - INFO - dataset -   Using queries from description.
02/13/2022 22:24:07 - INFO - dataset -   Using queries from description.
02/13/2022 22:24:07 - INFO - dataset -   The target domain is SearchScreeningEvent
02/13/2022 22:24:07 - INFO - dataset -   train_data: 12425 -> 95532
02/13/2022 22:24:07 - INFO - dataset -   valid_data: 500 -> 3500
02/13/2022 22:24:07 - INFO - dataset -   test_data: 1559 -> 10913
02/13/2022 22:43:13 - INFO - trainer -   Epoch 1, train_loss 0.035306    Evalution acc 0.4465, recall 0.2781, f1 0.3428
02/13/2022 22:43:47 - INFO - trainer -   Saved model checkpoint to model_dir/SearchScreeningEvent/0/model.pth
02/13/2022 23:02:18 - INFO - trainer -   Epoch 2, train_loss 0.011099    Evalution acc 0.4279, recall 0.2511, f1 0.3165
02/13/2022 23:20:43 - INFO - trainer -   Epoch 3, train_loss 0.006480    Evalution acc 0.4789, recall 0.2250, f1 0.3062
02/13/2022 23:39:09 - INFO - trainer -   Epoch 4, train_loss 0.004394    Evalution acc 0.4583, recall 0.2520, f1 0.3252
02/13/2022 23:57:36 - INFO - trainer -   Epoch 5, train_loss 0.003026    Evalution acc 0.4449, recall 0.2835, f1 0.3463
02/13/2022 23:58:01 - INFO - trainer -   Saved model checkpoint to model_dir/SearchScreeningEvent/0/model.pth
02/14/2022 00:16:31 - INFO - trainer -   Epoch 6, train_loss 0.002100    Evalution acc 0.4695, recall 0.2358, f1 0.3140
02/14/2022 00:35:02 - INFO - trainer -   Epoch 7, train_loss 0.001742    Evalution acc 0.4305, recall 0.2313, f1 0.3009
02/14/2022 00:53:35 - INFO - trainer -   Epoch 8, train_loss 0.001333    Evalution acc 0.4223, recall 0.2349, f1 0.3019
02/14/2022 01:12:04 - INFO - trainer -   Epoch 9, train_loss 0.001205    Evalution acc 0.4668, recall 0.2403, f1 0.3173
02/14/2022 01:30:35 - INFO - trainer -   Epoch 10, train_loss 0.000891    Evalution acc 0.4548, recall 0.2628, f1 0.3331
02/14/2022 01:49:08 - INFO - trainer -   Epoch 11, train_loss 0.000750    Evalution acc 0.4273, recall 0.2511, f1 0.3163
02/14/2022 02:07:36 - INFO - trainer -   Epoch 12, train_loss 0.000757    Evalution acc 0.4494, recall 0.2556, f1 0.3259
02/14/2022 02:26:06 - INFO - trainer -   Epoch 13, train_loss 0.000558    Evalution acc 0.3898, recall 0.2259, f1 0.2860
02/14/2022 02:44:36 - INFO - trainer -   Epoch 14, train_loss 0.000502    Evalution acc 0.4330, recall 0.2412, f1 0.3098
02/14/2022 03:03:12 - INFO - trainer -   Epoch 15, train_loss 0.000415    Evalution acc 0.4406, recall 0.2637, f1 0.3300
02/14/2022 03:03:12 - INFO - trainer -   Reach early stop count 10, training stop
02/14/2022 03:03:26 - INFO - dataset -   Loading data from data/snips/AddToPlaylist/AddToPlaylist.txt, total nums is 2042
02/14/2022 03:03:26 - INFO - dataset -   Loading data from data/snips/BookRestaurant/BookRestaurant.txt, total nums is 2073
02/14/2022 03:03:26 - INFO - dataset -   Loading data from data/snips/GetWeather/GetWeather.txt, total nums is 2100
02/14/2022 03:03:26 - INFO - dataset -   Loading data from data/snips/PlayMusic/PlayMusic.txt, total nums is 2100
02/14/2022 03:03:26 - INFO - dataset -   Loading data from data/snips/RateBook/RateBook.txt, total nums is 2056
02/14/2022 03:03:26 - INFO - dataset -   Loading data from data/snips/SearchCreativeWork/SearchCreativeWork.txt, total nums is 2054
02/14/2022 03:03:26 - INFO - dataset -   Loading data from data/snips/SearchScreeningEvent/SearchScreeningEvent.txt, total nums is 2059
02/14/2022 03:03:26 - INFO - dataset -   Loading data from data/atis/atis.txt, total nums is 5871
02/14/2022 03:03:26 - INFO - dataset -   Using queries from description.
02/14/2022 03:03:26 - INFO - dataset -   Using queries from description.
02/14/2022 03:03:26 - INFO - dataset -   Using queries from description.
02/14/2022 03:03:26 - INFO - dataset -   Using queries from description.
02/14/2022 03:03:26 - INFO - dataset -   Using queries from description.
02/14/2022 03:03:27 - INFO - dataset -   Using queries from description.
02/14/2022 03:03:27 - INFO - dataset -   Using queries from description.
02/14/2022 03:03:27 - INFO - dataset -   Using queries from description.
02/14/2022 03:03:27 - INFO - dataset -   Using queries from description.
02/14/2022 03:03:27 - INFO - dataset -   The target domain is SearchScreeningEvent
02/14/2022 03:03:27 - INFO - dataset -   train_data: 12425 -> 95532
02/14/2022 03:03:27 - INFO - dataset -   valid_data: 500 -> 3500
02/14/2022 03:03:27 - INFO - dataset -   test_data: 1559 -> 10913
02/14/2022 03:03:27 - INFO - trainer -   Model loaded from model_dir/SearchScreeningEvent/0/model.pth
02/14/2022 03:03:27 - INFO - __main__ -   Starting test...
02/14/2022 03:04:14 - INFO - trainer -   ***********************************************************
02/14/2022 03:04:14 - INFO - trainer -   Test result: acc 0.4974, recall 0.3039, f1 0.3773
02/14/2022 03:04:14 - INFO - trainer -   ***********************************************************
