02/06/2022 23:07:46 - INFO - dataset -   Loading data from data/snips/AddToPlaylist/AddToPlaylist.txt, total nums is 2042
02/06/2022 23:07:46 - INFO - dataset -   Loading data from data/snips/BookRestaurant/BookRestaurant.txt, total nums is 2073
02/06/2022 23:07:46 - INFO - dataset -   Loading data from data/snips/GetWeather/GetWeather.txt, total nums is 2100
02/06/2022 23:07:46 - INFO - dataset -   Loading data from data/snips/PlayMusic/PlayMusic.txt, total nums is 2100
02/06/2022 23:07:46 - INFO - dataset -   Loading data from data/snips/RateBook/RateBook.txt, total nums is 2056
02/06/2022 23:07:46 - INFO - dataset -   Loading data from data/snips/SearchCreativeWork/SearchCreativeWork.txt, total nums is 2054
02/06/2022 23:07:46 - INFO - dataset -   Loading data from data/snips/SearchScreeningEvent/SearchScreeningEvent.txt, total nums is 2059
02/06/2022 23:07:46 - INFO - dataset -   Loading data from data/atis/atis.txt, total nums is 5871
02/06/2022 23:07:46 - INFO - dataset -   Using queries from description.
02/06/2022 23:07:46 - INFO - dataset -   Using queries from description.
02/06/2022 23:07:46 - INFO - dataset -   Using queries from description.
02/06/2022 23:07:47 - INFO - dataset -   Using queries from description.
02/06/2022 23:07:47 - INFO - dataset -   Using queries from description.
02/06/2022 23:07:47 - INFO - dataset -   Using queries from description.
02/06/2022 23:07:47 - INFO - dataset -   Using queries from description.
02/06/2022 23:07:47 - INFO - dataset -   Using queries from description.
02/06/2022 23:07:47 - INFO - dataset -   Using queries from description.
02/06/2022 23:07:47 - INFO - dataset -   The target domain is AddToPlaylist
02/06/2022 23:07:47 - INFO - dataset -   train_data: 12442 -> 99735
02/06/2022 23:07:47 - INFO - dataset -   valid_data: 500 -> 2500
02/06/2022 23:07:47 - INFO - dataset -   test_data: 1542 -> 7710
02/07/2022 00:17:59 - INFO - trainer -   Epoch 1, train_loss 0.048106    Evalution acc 0.7650, recall 0.1083, f1 0.1897
02/07/2022 00:20:01 - INFO - trainer -   Saved model checkpoint to model_dir/AddToPlaylist/0/model.pth
02/07/2022 01:29:30 - INFO - trainer -   Epoch 2, train_loss 0.014453    Evalution acc 0.6178, recall 0.0976, f1 0.1685
02/07/2022 02:38:03 - INFO - trainer -   Epoch 3, train_loss 0.010754    Evalution acc 0.6623, recall 0.1106, f1 0.1896
02/07/2022 03:46:37 - INFO - trainer -   Epoch 4, train_loss 0.007799    Evalution acc 0.6139, recall 0.0948, f1 0.1642
02/07/2022 04:55:06 - INFO - trainer -   Epoch 5, train_loss 0.005947    Evalution acc 0.5749, recall 0.1086, f1 0.1826
02/07/2022 06:03:33 - INFO - trainer -   Epoch 6, train_loss 0.004998    Evalution acc 0.5905, recall 0.0708, f1 0.1264
02/07/2022 07:12:08 - INFO - trainer -   Epoch 7, train_loss 0.003938    Evalution acc 0.5977, recall 0.0910, f1 0.1579
02/07/2022 08:20:34 - INFO - trainer -   Epoch 8, train_loss 0.003636    Evalution acc 0.5511, recall 0.0853, f1 0.1477
02/07/2022 09:29:19 - INFO - trainer -   Epoch 9, train_loss 0.002956    Evalution acc 0.5749, recall 0.0844, f1 0.1472
02/07/2022 10:38:19 - INFO - trainer -   Epoch 10, train_loss 0.002348    Evalution acc 0.5711, recall 0.0977, f1 0.1669
02/07/2022 11:46:50 - INFO - trainer -   Epoch 11, train_loss 0.001994    Evalution acc 0.5555, recall 0.0932, f1 0.1596
02/07/2022 11:46:50 - INFO - trainer -   Reach early stop count 10, training stop
02/07/2022 11:51:51 - INFO - dataset -   Loading data from data/snips/AddToPlaylist/AddToPlaylist.txt, total nums is 2042
02/07/2022 11:51:51 - INFO - dataset -   Loading data from data/snips/BookRestaurant/BookRestaurant.txt, total nums is 2073
02/07/2022 11:51:51 - INFO - dataset -   Loading data from data/snips/GetWeather/GetWeather.txt, total nums is 2100
02/07/2022 11:51:51 - INFO - dataset -   Loading data from data/snips/PlayMusic/PlayMusic.txt, total nums is 2100
02/07/2022 11:51:51 - INFO - dataset -   Loading data from data/snips/RateBook/RateBook.txt, total nums is 2056
02/07/2022 11:51:51 - INFO - dataset -   Loading data from data/snips/SearchCreativeWork/SearchCreativeWork.txt, total nums is 2054
02/07/2022 11:51:51 - INFO - dataset -   Loading data from data/snips/SearchScreeningEvent/SearchScreeningEvent.txt, total nums is 2059
02/07/2022 11:51:51 - INFO - dataset -   Loading data from data/atis/atis.txt, total nums is 5871
02/07/2022 11:51:51 - INFO - dataset -   Using queries from description.
02/07/2022 11:51:51 - INFO - dataset -   Using queries from description.
02/07/2022 11:51:51 - INFO - dataset -   Using queries from description.
02/07/2022 11:51:52 - INFO - dataset -   Using queries from description.
02/07/2022 11:51:52 - INFO - dataset -   Using queries from description.
02/07/2022 11:51:52 - INFO - dataset -   Using queries from description.
02/07/2022 11:51:52 - INFO - dataset -   Using queries from description.
02/07/2022 11:51:52 - INFO - dataset -   Using queries from description.
02/07/2022 11:51:52 - INFO - dataset -   Using queries from description.
02/07/2022 11:51:52 - INFO - dataset -   The target domain is AddToPlaylist
02/07/2022 11:51:52 - INFO - dataset -   train_data: 12442 -> 99735
02/07/2022 11:51:52 - INFO - dataset -   valid_data: 500 -> 2500
02/07/2022 11:51:52 - INFO - dataset -   test_data: 1542 -> 7710
02/07/2022 11:51:52 - INFO - trainer -   Model loaded from model_dir/AddToPlaylist/0/model.pth
02/07/2022 11:51:53 - INFO - __main__ -   Starting test...
02/07/2022 11:53:31 - INFO - trainer -   Test result: acc 0.7423, recall 0.1060, f1 0.1855
02/07/2022 12:27:37 - INFO - dataset -   Loading data from data/snips/AddToPlaylist/AddToPlaylist.txt, total nums is 2042
02/07/2022 12:27:37 - INFO - dataset -   Loading data from data/snips/BookRestaurant/BookRestaurant.txt, total nums is 2073
02/07/2022 12:27:37 - INFO - dataset -   Loading data from data/snips/GetWeather/GetWeather.txt, total nums is 2100
02/07/2022 12:27:37 - INFO - dataset -   Loading data from data/snips/PlayMusic/PlayMusic.txt, total nums is 2100
02/07/2022 12:27:37 - INFO - dataset -   Loading data from data/snips/RateBook/RateBook.txt, total nums is 2056
02/07/2022 12:27:37 - INFO - dataset -   Loading data from data/snips/SearchCreativeWork/SearchCreativeWork.txt, total nums is 2054
02/07/2022 12:27:37 - INFO - dataset -   Loading data from data/snips/SearchScreeningEvent/SearchScreeningEvent.txt, total nums is 2059
02/07/2022 12:27:37 - INFO - dataset -   Loading data from data/atis/atis.txt, total nums is 5871
02/07/2022 12:27:37 - INFO - dataset -   Using queries from description.
02/07/2022 12:27:37 - INFO - dataset -   Using queries from description.
02/07/2022 12:27:37 - INFO - dataset -   Using queries from description.
02/07/2022 12:27:37 - INFO - dataset -   Using queries from description.
02/07/2022 12:27:37 - INFO - dataset -   Using queries from description.
02/07/2022 12:27:37 - INFO - dataset -   Using queries from description.
02/07/2022 12:27:37 - INFO - dataset -   Using queries from description.
02/07/2022 12:27:37 - INFO - dataset -   Using queries from description.
02/07/2022 12:27:37 - INFO - dataset -   Using queries from description.
02/07/2022 12:27:38 - INFO - dataset -   The target domain is BookRestaurant
02/07/2022 12:27:38 - INFO - dataset -   train_data: 12411 -> 80923
02/07/2022 12:27:38 - INFO - dataset -   valid_data: 500 -> 7000
02/07/2022 12:27:38 - INFO - dataset -   test_data: 1573 -> 22022
02/07/2022 13:13:47 - INFO - dataset -   Loading data from data/snips/AddToPlaylist/AddToPlaylist.txt, total nums is 2042
02/07/2022 13:13:47 - INFO - dataset -   Loading data from data/snips/BookRestaurant/BookRestaurant.txt, total nums is 2073
02/07/2022 13:13:47 - INFO - dataset -   Loading data from data/snips/GetWeather/GetWeather.txt, total nums is 2100
02/07/2022 13:13:47 - INFO - dataset -   Loading data from data/snips/PlayMusic/PlayMusic.txt, total nums is 2100
02/07/2022 13:13:47 - INFO - dataset -   Loading data from data/snips/RateBook/RateBook.txt, total nums is 2056
02/07/2022 13:13:47 - INFO - dataset -   Loading data from data/snips/SearchCreativeWork/SearchCreativeWork.txt, total nums is 2054
02/07/2022 13:13:47 - INFO - dataset -   Loading data from data/snips/SearchScreeningEvent/SearchScreeningEvent.txt, total nums is 2059
02/07/2022 13:13:47 - INFO - dataset -   Loading data from data/atis/atis.txt, total nums is 5871
02/07/2022 13:13:47 - INFO - dataset -   Using queries from description.
02/07/2022 13:13:47 - INFO - dataset -   Using queries from description.
02/07/2022 13:13:47 - INFO - dataset -   Using queries from description.
02/07/2022 13:13:47 - INFO - dataset -   Using queries from description.
02/07/2022 13:13:48 - INFO - dataset -   Using queries from description.
02/07/2022 13:13:48 - INFO - dataset -   Using queries from description.
02/07/2022 13:13:48 - INFO - dataset -   Using queries from description.
02/07/2022 13:13:48 - INFO - dataset -   Using queries from description.
02/07/2022 13:13:48 - INFO - dataset -   Using queries from description.
02/07/2022 13:13:48 - INFO - dataset -   The target domain is BookRestaurant
02/07/2022 13:13:48 - INFO - dataset -   train_data: 12411 -> 80923
02/07/2022 13:13:48 - INFO - dataset -   valid_data: 500 -> 7000
02/07/2022 13:13:48 - INFO - dataset -   test_data: 1573 -> 22022
02/07/2022 14:12:16 - INFO - trainer -   Epoch 1, train_loss 0.044264    Evalution acc 0.5929, recall 0.0460, f1 0.0854
02/07/2022 14:14:16 - INFO - trainer -   Saved model checkpoint to model_dir/BookRestaurant/0/model.pth
02/07/2022 15:12:06 - INFO - trainer -   Epoch 2, train_loss 0.009811    Evalution acc 0.6974, recall 0.0390, f1 0.0739
02/07/2022 15:13:18 - INFO - dataset -   Loading data from data/snips/AddToPlaylist/AddToPlaylist.txt, total nums is 2042
02/07/2022 15:13:18 - INFO - dataset -   Loading data from data/snips/BookRestaurant/BookRestaurant.txt, total nums is 2073
02/07/2022 15:13:18 - INFO - dataset -   Loading data from data/snips/GetWeather/GetWeather.txt, total nums is 2100
02/07/2022 15:13:18 - INFO - dataset -   Loading data from data/snips/PlayMusic/PlayMusic.txt, total nums is 2100
02/07/2022 15:13:18 - INFO - dataset -   Loading data from data/snips/RateBook/RateBook.txt, total nums is 2056
02/07/2022 15:13:18 - INFO - dataset -   Loading data from data/snips/SearchCreativeWork/SearchCreativeWork.txt, total nums is 2054
02/07/2022 15:13:18 - INFO - dataset -   Loading data from data/snips/SearchScreeningEvent/SearchScreeningEvent.txt, total nums is 2059
02/07/2022 15:13:18 - INFO - dataset -   Loading data from data/atis/atis.txt, total nums is 5871
02/07/2022 15:13:18 - INFO - dataset -   Using queries from description.
02/07/2022 15:13:18 - INFO - dataset -   Using queries from description.
02/07/2022 15:13:18 - INFO - dataset -   Using queries from description.
02/07/2022 15:13:18 - INFO - dataset -   Using queries from description.
02/07/2022 15:13:18 - INFO - dataset -   Using queries from description.
02/07/2022 15:13:19 - INFO - dataset -   Using queries from description.
02/07/2022 15:13:19 - INFO - dataset -   Using queries from description.
02/07/2022 15:13:19 - INFO - dataset -   Using queries from description.
02/07/2022 15:13:19 - INFO - dataset -   Using queries from description.
02/07/2022 15:13:19 - INFO - dataset -   The target domain is BookRestaurant
02/07/2022 15:13:19 - INFO - dataset -   train_data: 12411 -> 80923
02/07/2022 15:13:19 - INFO - dataset -   valid_data: 500 -> 7000
02/07/2022 15:13:19 - INFO - dataset -   test_data: 1573 -> 22022
02/07/2022 15:13:20 - INFO - trainer -   Model loaded from model_dir/BookRestaurant/0/model.pth
02/07/2022 15:13:20 - INFO - __main__ -   Starting test...
02/07/2022 15:18:19 - INFO - trainer -   Test result: acc 0.6016, recall 0.0461, f1 0.0856
02/07/2022 15:53:19 - INFO - dataset -   Loading data from data/snips/AddToPlaylist/AddToPlaylist.txt, total nums is 2042
02/07/2022 15:53:19 - INFO - dataset -   Loading data from data/snips/BookRestaurant/BookRestaurant.txt, total nums is 2073
02/07/2022 15:53:19 - INFO - dataset -   Loading data from data/snips/GetWeather/GetWeather.txt, total nums is 2100
02/07/2022 15:53:19 - INFO - dataset -   Loading data from data/snips/PlayMusic/PlayMusic.txt, total nums is 2100
02/07/2022 15:53:19 - INFO - dataset -   Loading data from data/snips/RateBook/RateBook.txt, total nums is 2056
02/07/2022 15:53:19 - INFO - dataset -   Loading data from data/snips/SearchCreativeWork/SearchCreativeWork.txt, total nums is 2054
02/07/2022 15:53:19 - INFO - dataset -   Loading data from data/snips/SearchScreeningEvent/SearchScreeningEvent.txt, total nums is 2059
02/07/2022 15:53:19 - INFO - dataset -   Loading data from data/atis/atis.txt, total nums is 5871
02/07/2022 15:53:19 - INFO - dataset -   Using queries from description.
02/07/2022 15:53:19 - INFO - dataset -   Using queries from description.
02/07/2022 15:53:19 - INFO - dataset -   Using queries from description.
02/07/2022 15:53:19 - INFO - dataset -   Using queries from description.
02/07/2022 15:53:19 - INFO - dataset -   Using queries from description.
02/07/2022 15:53:19 - INFO - dataset -   Using queries from description.
02/07/2022 15:53:19 - INFO - dataset -   Using queries from description.
02/07/2022 15:53:19 - INFO - dataset -   Using queries from description.
02/07/2022 15:53:19 - INFO - dataset -   Using queries from description.
02/07/2022 15:53:20 - INFO - dataset -   The target domain is BookRestaurant
02/07/2022 15:53:20 - INFO - dataset -   train_data: 12411 -> 80923
02/07/2022 15:53:20 - INFO - dataset -   valid_data: 500 -> 7000
02/07/2022 15:53:20 - INFO - dataset -   test_data: 1573 -> 22022
02/07/2022 15:54:52 - INFO - trainer -   Epoch 1, train_loss 1.630785    Evalution acc 0.1972, recall 0.0217, f1 0.0391
02/07/2022 15:56:52 - INFO - trainer -   Saved model checkpoint to model_dir/BookRestaurant/0/model.pth
02/07/2022 15:58:22 - INFO - trainer -   Epoch 2, train_loss 0.582927    Evalution acc 0.2015, recall 0.0210, f1 0.0380
02/07/2022 15:59:34 - INFO - dataset -   Loading data from data/snips/AddToPlaylist/AddToPlaylist.txt, total nums is 2042
02/07/2022 15:59:34 - INFO - dataset -   Loading data from data/snips/BookRestaurant/BookRestaurant.txt, total nums is 2073
02/07/2022 15:59:34 - INFO - dataset -   Loading data from data/snips/GetWeather/GetWeather.txt, total nums is 2100
02/07/2022 15:59:34 - INFO - dataset -   Loading data from data/snips/PlayMusic/PlayMusic.txt, total nums is 2100
02/07/2022 15:59:34 - INFO - dataset -   Loading data from data/snips/RateBook/RateBook.txt, total nums is 2056
02/07/2022 15:59:34 - INFO - dataset -   Loading data from data/snips/SearchCreativeWork/SearchCreativeWork.txt, total nums is 2054
02/07/2022 15:59:34 - INFO - dataset -   Loading data from data/snips/SearchScreeningEvent/SearchScreeningEvent.txt, total nums is 2059
02/07/2022 15:59:34 - INFO - dataset -   Loading data from data/atis/atis.txt, total nums is 5871
02/07/2022 15:59:34 - INFO - dataset -   Using queries from description.
02/07/2022 15:59:34 - INFO - dataset -   Using queries from description.
02/07/2022 15:59:34 - INFO - dataset -   Using queries from description.
02/07/2022 15:59:34 - INFO - dataset -   Using queries from description.
02/07/2022 15:59:35 - INFO - dataset -   Using queries from description.
02/07/2022 15:59:35 - INFO - dataset -   Using queries from description.
02/07/2022 15:59:35 - INFO - dataset -   Using queries from description.
02/07/2022 15:59:35 - INFO - dataset -   Using queries from description.
02/07/2022 15:59:35 - INFO - dataset -   Using queries from description.
02/07/2022 15:59:35 - INFO - dataset -   The target domain is BookRestaurant
02/07/2022 15:59:35 - INFO - dataset -   train_data: 12411 -> 80923
02/07/2022 15:59:35 - INFO - dataset -   valid_data: 500 -> 7000
02/07/2022 15:59:35 - INFO - dataset -   test_data: 1573 -> 22022
02/07/2022 15:59:36 - INFO - trainer -   Model loaded from model_dir/BookRestaurant/0/model.pth
02/07/2022 15:59:36 - INFO - __main__ -   Starting test...
02/07/2022 16:04:23 - INFO - trainer -   Test result: acc 0.1961, recall 0.0215, f1 0.0388
02/07/2022 16:06:21 - INFO - dataset -   Loading data from data/snips/AddToPlaylist/AddToPlaylist.txt, total nums is 2042
02/07/2022 16:06:21 - INFO - dataset -   Loading data from data/snips/BookRestaurant/BookRestaurant.txt, total nums is 2073
02/07/2022 16:06:21 - INFO - dataset -   Loading data from data/snips/GetWeather/GetWeather.txt, total nums is 2100
02/07/2022 16:06:21 - INFO - dataset -   Loading data from data/snips/PlayMusic/PlayMusic.txt, total nums is 2100
02/07/2022 16:06:21 - INFO - dataset -   Loading data from data/snips/RateBook/RateBook.txt, total nums is 2056
02/07/2022 16:06:21 - INFO - dataset -   Loading data from data/snips/SearchCreativeWork/SearchCreativeWork.txt, total nums is 2054
02/07/2022 16:06:21 - INFO - dataset -   Loading data from data/snips/SearchScreeningEvent/SearchScreeningEvent.txt, total nums is 2059
02/07/2022 16:06:21 - INFO - dataset -   Loading data from data/atis/atis.txt, total nums is 5871
02/07/2022 16:06:21 - INFO - dataset -   Using queries from description.
02/07/2022 16:06:21 - INFO - dataset -   Using queries from description.
02/07/2022 16:06:21 - INFO - dataset -   Using queries from description.
02/07/2022 16:06:21 - INFO - dataset -   Using queries from description.
02/07/2022 16:06:21 - INFO - dataset -   Using queries from description.
02/07/2022 16:06:21 - INFO - dataset -   Using queries from description.
02/07/2022 16:06:21 - INFO - dataset -   Using queries from description.
02/07/2022 16:06:21 - INFO - dataset -   Using queries from description.
02/07/2022 16:06:22 - INFO - dataset -   Using queries from description.
02/07/2022 16:06:22 - INFO - dataset -   The target domain is BookRestaurant
02/07/2022 16:06:22 - INFO - dataset -   train_data: 12411 -> 80923
02/07/2022 16:06:22 - INFO - dataset -   valid_data: 500 -> 7000
02/07/2022 16:06:22 - INFO - dataset -   test_data: 1573 -> 22022
02/07/2022 16:07:56 - INFO - trainer -   Epoch 1, train_loss 1.630785    Evalution acc 0.1941, recall 0.0224, f1 0.0401
02/07/2022 16:09:56 - INFO - trainer -   Saved model checkpoint to model_dir/BookRestaurant/0/model.pth
02/07/2022 16:11:08 - INFO - dataset -   Loading data from data/snips/AddToPlaylist/AddToPlaylist.txt, total nums is 2042
02/07/2022 16:11:08 - INFO - dataset -   Loading data from data/snips/BookRestaurant/BookRestaurant.txt, total nums is 2073
02/07/2022 16:11:08 - INFO - dataset -   Loading data from data/snips/GetWeather/GetWeather.txt, total nums is 2100
02/07/2022 16:11:08 - INFO - dataset -   Loading data from data/snips/PlayMusic/PlayMusic.txt, total nums is 2100
02/07/2022 16:11:08 - INFO - dataset -   Loading data from data/snips/RateBook/RateBook.txt, total nums is 2056
02/07/2022 16:11:08 - INFO - dataset -   Loading data from data/snips/SearchCreativeWork/SearchCreativeWork.txt, total nums is 2054
02/07/2022 16:11:08 - INFO - dataset -   Loading data from data/snips/SearchScreeningEvent/SearchScreeningEvent.txt, total nums is 2059
02/07/2022 16:11:08 - INFO - dataset -   Loading data from data/atis/atis.txt, total nums is 5871
02/07/2022 16:11:08 - INFO - dataset -   Using queries from description.
02/07/2022 16:11:08 - INFO - dataset -   Using queries from description.
02/07/2022 16:11:08 - INFO - dataset -   Using queries from description.
02/07/2022 16:11:09 - INFO - dataset -   Using queries from description.
02/07/2022 16:11:09 - INFO - dataset -   Using queries from description.
02/07/2022 16:11:09 - INFO - dataset -   Using queries from description.
02/07/2022 16:11:09 - INFO - dataset -   Using queries from description.
02/07/2022 16:11:09 - INFO - dataset -   Using queries from description.
02/07/2022 16:11:09 - INFO - dataset -   Using queries from description.
02/07/2022 16:11:09 - INFO - dataset -   The target domain is BookRestaurant
02/07/2022 16:11:09 - INFO - dataset -   train_data: 12411 -> 80923
02/07/2022 16:11:09 - INFO - dataset -   valid_data: 500 -> 7000
02/07/2022 16:11:09 - INFO - dataset -   test_data: 1573 -> 22022
02/07/2022 16:11:10 - INFO - trainer -   Model loaded from model_dir/BookRestaurant/0/model.pth
02/07/2022 16:11:10 - INFO - __main__ -   Starting test...
02/07/2022 16:15:53 - INFO - trainer -   Test result: acc 0.1933, recall 0.0223, f1 0.0400
02/07/2022 22:27:08 - INFO - dataset -   Loading data from data/snips/AddToPlaylist/AddToPlaylist.txt, total nums is 2042
02/07/2022 22:27:08 - INFO - dataset -   Loading data from data/snips/BookRestaurant/BookRestaurant.txt, total nums is 2073
02/07/2022 22:27:08 - INFO - dataset -   Loading data from data/snips/GetWeather/GetWeather.txt, total nums is 2100
02/07/2022 22:27:08 - INFO - dataset -   Loading data from data/snips/PlayMusic/PlayMusic.txt, total nums is 2100
02/07/2022 22:27:08 - INFO - dataset -   Loading data from data/snips/RateBook/RateBook.txt, total nums is 2056
02/07/2022 22:27:08 - INFO - dataset -   Loading data from data/snips/SearchCreativeWork/SearchCreativeWork.txt, total nums is 2054
02/07/2022 22:27:08 - INFO - dataset -   Loading data from data/snips/SearchScreeningEvent/SearchScreeningEvent.txt, total nums is 2059
02/07/2022 22:27:08 - INFO - dataset -   Loading data from data/atis/atis.txt, total nums is 5871
02/07/2022 22:27:08 - INFO - dataset -   Using queries from description.
02/07/2022 22:27:08 - INFO - dataset -   Using queries from description.
02/07/2022 22:27:08 - INFO - dataset -   Using queries from description.
02/07/2022 22:27:08 - INFO - dataset -   Using queries from description.
02/07/2022 22:27:09 - INFO - dataset -   Using queries from description.
02/07/2022 22:27:09 - INFO - dataset -   Using queries from description.
02/07/2022 22:27:09 - INFO - dataset -   Using queries from description.
02/07/2022 22:27:09 - INFO - dataset -   Using queries from description.
02/07/2022 22:27:09 - INFO - dataset -   Using queries from description.
02/07/2022 22:27:09 - INFO - dataset -   The target domain is BookRestaurant
02/07/2022 22:27:09 - INFO - dataset -   train_data: 12411 -> 80923
02/07/2022 22:27:09 - INFO - dataset -   valid_data: 500 -> 7000
02/07/2022 22:27:09 - INFO - dataset -   test_data: 1573 -> 22022
02/07/2022 22:30:20 - INFO - dataset -   Loading data from data/snips/AddToPlaylist/AddToPlaylist.txt, total nums is 2042
02/07/2022 22:30:20 - INFO - dataset -   Loading data from data/snips/BookRestaurant/BookRestaurant.txt, total nums is 2073
02/07/2022 22:30:20 - INFO - dataset -   Loading data from data/snips/GetWeather/GetWeather.txt, total nums is 2100
02/07/2022 22:30:20 - INFO - dataset -   Loading data from data/snips/PlayMusic/PlayMusic.txt, total nums is 2100
02/07/2022 22:30:20 - INFO - dataset -   Loading data from data/snips/RateBook/RateBook.txt, total nums is 2056
02/07/2022 22:30:20 - INFO - dataset -   Loading data from data/snips/SearchCreativeWork/SearchCreativeWork.txt, total nums is 2054
02/07/2022 22:30:20 - INFO - dataset -   Loading data from data/snips/SearchScreeningEvent/SearchScreeningEvent.txt, total nums is 2059
02/07/2022 22:30:20 - INFO - dataset -   Loading data from data/atis/atis.txt, total nums is 5871
02/07/2022 22:30:20 - INFO - dataset -   Using queries from description.
02/07/2022 22:30:20 - INFO - dataset -   Using queries from description.
02/07/2022 22:30:20 - INFO - dataset -   Using queries from description.
02/07/2022 22:30:20 - INFO - dataset -   Using queries from description.
02/07/2022 22:30:20 - INFO - dataset -   Using queries from description.
02/07/2022 22:30:20 - INFO - dataset -   Using queries from description.
02/07/2022 22:30:21 - INFO - dataset -   Using queries from description.
02/07/2022 22:30:21 - INFO - dataset -   Using queries from description.
02/07/2022 22:30:21 - INFO - dataset -   Using queries from description.
02/07/2022 22:30:21 - INFO - dataset -   The target domain is BookRestaurant
02/07/2022 22:30:21 - INFO - dataset -   train_data: 12411 -> 80923
02/07/2022 22:30:21 - INFO - dataset -   valid_data: 500 -> 7000
02/07/2022 22:30:21 - INFO - dataset -   test_data: 1573 -> 22022
02/07/2022 22:31:56 - INFO - trainer -   conll2002_metrics f1 result 4.0134
02/07/2022 22:31:56 - INFO - trainer -   Epoch 1, train_loss 1.630785    Evalution acc 0.1941, recall 0.0224, f1 0.0401
02/07/2022 22:33:56 - INFO - trainer -   Saved model checkpoint to model_dir/BookRestaurant/0/model.pth
02/07/2022 22:35:08 - INFO - dataset -   Loading data from data/snips/AddToPlaylist/AddToPlaylist.txt, total nums is 2042
02/07/2022 22:35:08 - INFO - dataset -   Loading data from data/snips/BookRestaurant/BookRestaurant.txt, total nums is 2073
02/07/2022 22:35:08 - INFO - dataset -   Loading data from data/snips/GetWeather/GetWeather.txt, total nums is 2100
02/07/2022 22:35:08 - INFO - dataset -   Loading data from data/snips/PlayMusic/PlayMusic.txt, total nums is 2100
02/07/2022 22:35:08 - INFO - dataset -   Loading data from data/snips/RateBook/RateBook.txt, total nums is 2056
02/07/2022 22:35:08 - INFO - dataset -   Loading data from data/snips/SearchCreativeWork/SearchCreativeWork.txt, total nums is 2054
02/07/2022 22:35:08 - INFO - dataset -   Loading data from data/snips/SearchScreeningEvent/SearchScreeningEvent.txt, total nums is 2059
02/07/2022 22:35:08 - INFO - dataset -   Loading data from data/atis/atis.txt, total nums is 5871
02/07/2022 22:35:08 - INFO - dataset -   Using queries from description.
02/07/2022 22:35:08 - INFO - dataset -   Using queries from description.
02/07/2022 22:35:08 - INFO - dataset -   Using queries from description.
02/07/2022 22:35:08 - INFO - dataset -   Using queries from description.
02/07/2022 22:35:08 - INFO - dataset -   Using queries from description.
02/07/2022 22:35:08 - INFO - dataset -   Using queries from description.
02/07/2022 22:35:09 - INFO - dataset -   Using queries from description.
02/07/2022 22:35:09 - INFO - dataset -   Using queries from description.
02/07/2022 22:35:09 - INFO - dataset -   Using queries from description.
02/07/2022 22:35:09 - INFO - dataset -   The target domain is BookRestaurant
02/07/2022 22:35:09 - INFO - dataset -   train_data: 12411 -> 80923
02/07/2022 22:35:09 - INFO - dataset -   valid_data: 500 -> 7000
02/07/2022 22:35:09 - INFO - dataset -   test_data: 1573 -> 22022
02/07/2022 22:35:10 - INFO - trainer -   Model loaded from model_dir/BookRestaurant/0/model.pth
02/07/2022 22:35:10 - INFO - __main__ -   Starting test...
02/07/2022 22:39:58 - INFO - trainer -   conll2002_metrics f1 result 3.9992
02/07/2022 22:39:58 - INFO - trainer -   Test result: acc 0.1933, recall 0.0223, f1 0.0400
02/07/2022 23:37:36 - INFO - dataset -   Loading data from data/snips/AddToPlaylist/AddToPlaylist.txt, total nums is 2042
02/07/2022 23:37:36 - INFO - dataset -   Loading data from data/snips/BookRestaurant/BookRestaurant.txt, total nums is 2073
02/07/2022 23:37:36 - INFO - dataset -   Loading data from data/snips/GetWeather/GetWeather.txt, total nums is 2100
02/07/2022 23:37:36 - INFO - dataset -   Loading data from data/snips/PlayMusic/PlayMusic.txt, total nums is 2100
02/07/2022 23:37:36 - INFO - dataset -   Loading data from data/snips/RateBook/RateBook.txt, total nums is 2056
02/07/2022 23:37:36 - INFO - dataset -   Loading data from data/snips/SearchCreativeWork/SearchCreativeWork.txt, total nums is 2054
02/07/2022 23:37:36 - INFO - dataset -   Loading data from data/snips/SearchScreeningEvent/SearchScreeningEvent.txt, total nums is 2059
02/07/2022 23:37:36 - INFO - dataset -   Loading data from data/atis/atis.txt, total nums is 5871
02/07/2022 23:37:36 - INFO - dataset -   Using queries from description.
02/07/2022 23:37:36 - INFO - dataset -   Using queries from description.
02/07/2022 23:37:36 - INFO - dataset -   Using queries from description.
02/07/2022 23:37:36 - INFO - dataset -   Using queries from description.
02/07/2022 23:37:36 - INFO - dataset -   Using queries from description.
02/07/2022 23:37:36 - INFO - dataset -   Using queries from description.
02/07/2022 23:37:37 - INFO - dataset -   Using queries from description.
02/07/2022 23:37:37 - INFO - dataset -   Using queries from description.
02/07/2022 23:37:37 - INFO - dataset -   Using queries from description.
02/07/2022 23:37:37 - INFO - dataset -   The target domain is BookRestaurant
02/07/2022 23:37:37 - INFO - dataset -   train_data: 12411 -> 80923
02/07/2022 23:37:37 - INFO - dataset -   valid_data: 500 -> 7000
02/07/2022 23:37:37 - INFO - dataset -   test_data: 1573 -> 22022
02/07/2022 23:39:19 - INFO - trainer -   conll2002_metrics f1 result 4.0134
02/07/2022 23:39:19 - INFO - trainer -   Epoch 1, train_loss 1.630785    Evalution acc 0.1941, recall 0.0224, f1 0.0401
02/07/2022 23:39:34 - INFO - trainer -   Saved model checkpoint to model_dir/BookRestaurant/0/model.pth
02/07/2022 23:39:54 - INFO - dataset -   Loading data from data/snips/AddToPlaylist/AddToPlaylist.txt, total nums is 2042
02/07/2022 23:39:54 - INFO - dataset -   Loading data from data/snips/BookRestaurant/BookRestaurant.txt, total nums is 2073
02/07/2022 23:39:54 - INFO - dataset -   Loading data from data/snips/GetWeather/GetWeather.txt, total nums is 2100
02/07/2022 23:39:54 - INFO - dataset -   Loading data from data/snips/PlayMusic/PlayMusic.txt, total nums is 2100
02/07/2022 23:39:54 - INFO - dataset -   Loading data from data/snips/RateBook/RateBook.txt, total nums is 2056
02/07/2022 23:39:54 - INFO - dataset -   Loading data from data/snips/SearchCreativeWork/SearchCreativeWork.txt, total nums is 2054
02/07/2022 23:39:54 - INFO - dataset -   Loading data from data/snips/SearchScreeningEvent/SearchScreeningEvent.txt, total nums is 2059
02/07/2022 23:39:54 - INFO - dataset -   Loading data from data/atis/atis.txt, total nums is 5871
02/07/2022 23:39:54 - INFO - dataset -   Using queries from description.
02/07/2022 23:39:55 - INFO - dataset -   Using queries from description.
02/07/2022 23:39:55 - INFO - dataset -   Using queries from description.
02/07/2022 23:39:55 - INFO - dataset -   Using queries from description.
02/07/2022 23:39:55 - INFO - dataset -   Using queries from description.
02/07/2022 23:39:55 - INFO - dataset -   Using queries from description.
02/07/2022 23:39:56 - INFO - dataset -   Using queries from description.
02/07/2022 23:39:56 - INFO - dataset -   Using queries from description.
02/07/2022 23:39:56 - INFO - dataset -   Using queries from description.
02/07/2022 23:39:56 - INFO - dataset -   The target domain is BookRestaurant
02/07/2022 23:39:56 - INFO - dataset -   train_data: 12411 -> 80923
02/07/2022 23:39:56 - INFO - dataset -   valid_data: 500 -> 7000
02/07/2022 23:39:56 - INFO - dataset -   test_data: 1573 -> 22022
02/07/2022 23:39:56 - INFO - trainer -   Model loaded from model_dir/BookRestaurant/0/model.pth
02/07/2022 23:39:56 - INFO - __main__ -   Starting test...
02/07/2022 23:45:12 - INFO - trainer -   conll2002_metrics f1 result 3.9992
02/07/2022 23:45:12 - INFO - trainer -   Test result: acc 0.1933, recall 0.0223, f1 0.0400
02/07/2022 23:49:07 - INFO - dataset -   Loading data from data/snips/AddToPlaylist/AddToPlaylist.txt, total nums is 2042
02/07/2022 23:49:07 - INFO - dataset -   Loading data from data/snips/BookRestaurant/BookRestaurant.txt, total nums is 2073
02/07/2022 23:49:07 - INFO - dataset -   Loading data from data/snips/GetWeather/GetWeather.txt, total nums is 2100
02/07/2022 23:49:07 - INFO - dataset -   Loading data from data/snips/PlayMusic/PlayMusic.txt, total nums is 2100
02/07/2022 23:49:07 - INFO - dataset -   Loading data from data/snips/RateBook/RateBook.txt, total nums is 2056
02/07/2022 23:49:07 - INFO - dataset -   Loading data from data/snips/SearchCreativeWork/SearchCreativeWork.txt, total nums is 2054
02/07/2022 23:49:07 - INFO - dataset -   Loading data from data/snips/SearchScreeningEvent/SearchScreeningEvent.txt, total nums is 2059
02/07/2022 23:49:07 - INFO - dataset -   Loading data from data/atis/atis.txt, total nums is 5871
02/07/2022 23:49:07 - INFO - dataset -   Using queries from description.
02/07/2022 23:49:07 - INFO - dataset -   Using queries from description.
02/07/2022 23:49:08 - INFO - dataset -   Using queries from description.
02/07/2022 23:49:08 - INFO - dataset -   Using queries from description.
02/07/2022 23:49:08 - INFO - dataset -   Using queries from description.
02/07/2022 23:49:08 - INFO - dataset -   Using queries from description.
02/07/2022 23:49:08 - INFO - dataset -   Using queries from description.
02/07/2022 23:49:08 - INFO - dataset -   Using queries from description.
02/07/2022 23:49:08 - INFO - dataset -   Using queries from description.
02/07/2022 23:49:09 - INFO - dataset -   The target domain is BookRestaurant
02/07/2022 23:49:09 - INFO - dataset -   train_data: 12411 -> 80923
02/07/2022 23:49:09 - INFO - dataset -   valid_data: 500 -> 7000
02/07/2022 23:49:09 - INFO - dataset -   test_data: 1573 -> 22022
02/07/2022 23:50:51 - INFO - trainer -   conll2002_metrics f1 result 0.0000
02/07/2022 23:50:51 - INFO - trainer -   Epoch 1, train_loss 1.643823    Evalution acc 0.0000, recall 0.0000, f1 0.0000
02/07/2022 23:51:06 - INFO - trainer -   Saved model checkpoint to model_dir/BookRestaurant/0/model.pth
02/07/2022 23:51:23 - INFO - dataset -   Loading data from data/snips/AddToPlaylist/AddToPlaylist.txt, total nums is 2042
02/07/2022 23:51:23 - INFO - dataset -   Loading data from data/snips/BookRestaurant/BookRestaurant.txt, total nums is 2073
02/07/2022 23:51:23 - INFO - dataset -   Loading data from data/snips/GetWeather/GetWeather.txt, total nums is 2100
02/07/2022 23:51:23 - INFO - dataset -   Loading data from data/snips/PlayMusic/PlayMusic.txt, total nums is 2100
02/07/2022 23:51:23 - INFO - dataset -   Loading data from data/snips/RateBook/RateBook.txt, total nums is 2056
02/07/2022 23:51:23 - INFO - dataset -   Loading data from data/snips/SearchCreativeWork/SearchCreativeWork.txt, total nums is 2054
02/07/2022 23:51:23 - INFO - dataset -   Loading data from data/snips/SearchScreeningEvent/SearchScreeningEvent.txt, total nums is 2059
02/07/2022 23:51:23 - INFO - dataset -   Loading data from data/atis/atis.txt, total nums is 5871
02/07/2022 23:51:23 - INFO - dataset -   Using queries from description.
02/07/2022 23:51:23 - INFO - dataset -   Using queries from description.
02/07/2022 23:51:23 - INFO - dataset -   Using queries from description.
02/07/2022 23:51:24 - INFO - dataset -   Using queries from description.
02/07/2022 23:51:24 - INFO - dataset -   Using queries from description.
02/07/2022 23:51:24 - INFO - dataset -   Using queries from description.
02/07/2022 23:51:24 - INFO - dataset -   Using queries from description.
02/07/2022 23:51:24 - INFO - dataset -   Using queries from description.
02/07/2022 23:51:24 - INFO - dataset -   Using queries from description.
02/07/2022 23:51:25 - INFO - dataset -   The target domain is BookRestaurant
02/07/2022 23:51:25 - INFO - dataset -   train_data: 12411 -> 80923
02/07/2022 23:51:25 - INFO - dataset -   valid_data: 500 -> 7000
02/07/2022 23:51:25 - INFO - dataset -   test_data: 1573 -> 22022
02/07/2022 23:51:25 - INFO - trainer -   Model loaded from model_dir/BookRestaurant/0/model.pth
02/07/2022 23:51:25 - INFO - __main__ -   Starting test...
02/07/2022 23:56:40 - INFO - trainer -   conll2002_metrics f1 result 0.0000
02/07/2022 23:56:40 - INFO - trainer -   Test result: acc 0.0000, recall 0.0000, f1 0.0000
02/07/2022 23:59:16 - INFO - dataset -   Loading data from data/snips/AddToPlaylist/AddToPlaylist.txt, total nums is 2042
02/07/2022 23:59:16 - INFO - dataset -   Loading data from data/snips/BookRestaurant/BookRestaurant.txt, total nums is 2073
02/07/2022 23:59:16 - INFO - dataset -   Loading data from data/snips/GetWeather/GetWeather.txt, total nums is 2100
02/07/2022 23:59:16 - INFO - dataset -   Loading data from data/snips/PlayMusic/PlayMusic.txt, total nums is 2100
02/07/2022 23:59:16 - INFO - dataset -   Loading data from data/snips/RateBook/RateBook.txt, total nums is 2056
02/07/2022 23:59:16 - INFO - dataset -   Loading data from data/snips/SearchCreativeWork/SearchCreativeWork.txt, total nums is 2054
02/07/2022 23:59:16 - INFO - dataset -   Loading data from data/snips/SearchScreeningEvent/SearchScreeningEvent.txt, total nums is 2059
02/07/2022 23:59:16 - INFO - dataset -   Loading data from data/atis/atis.txt, total nums is 5871
02/07/2022 23:59:16 - INFO - dataset -   Using queries from description.
02/07/2022 23:59:16 - INFO - dataset -   Using queries from description.
02/07/2022 23:59:16 - INFO - dataset -   Using queries from description.
02/07/2022 23:59:17 - INFO - dataset -   Using queries from description.
02/07/2022 23:59:17 - INFO - dataset -   Using queries from description.
02/07/2022 23:59:17 - INFO - dataset -   Using queries from description.
02/07/2022 23:59:17 - INFO - dataset -   Using queries from description.
02/07/2022 23:59:17 - INFO - dataset -   Using queries from description.
02/07/2022 23:59:17 - INFO - dataset -   Using queries from description.
02/07/2022 23:59:17 - INFO - dataset -   The target domain is BookRestaurant
02/07/2022 23:59:17 - INFO - dataset -   train_data: 12411 -> 80923
02/07/2022 23:59:17 - INFO - dataset -   valid_data: 500 -> 7000
02/07/2022 23:59:17 - INFO - dataset -   test_data: 1573 -> 22022
02/08/2022 00:01:01 - INFO - trainer -   conll2002_metrics f1 result 4.0134
02/08/2022 00:01:01 - INFO - trainer -   Epoch 1, train_loss 1.630785    Evalution acc 0.1941, recall 0.0224, f1 0.0401
02/08/2022 00:01:15 - INFO - trainer -   Saved model checkpoint to model_dir/BookRestaurant/0/model.pth
02/08/2022 00:01:35 - INFO - dataset -   Loading data from data/snips/AddToPlaylist/AddToPlaylist.txt, total nums is 2042
02/08/2022 00:01:35 - INFO - dataset -   Loading data from data/snips/BookRestaurant/BookRestaurant.txt, total nums is 2073
02/08/2022 00:01:35 - INFO - dataset -   Loading data from data/snips/GetWeather/GetWeather.txt, total nums is 2100
02/08/2022 00:01:35 - INFO - dataset -   Loading data from data/snips/PlayMusic/PlayMusic.txt, total nums is 2100
02/08/2022 00:01:35 - INFO - dataset -   Loading data from data/snips/RateBook/RateBook.txt, total nums is 2056
02/08/2022 00:01:35 - INFO - dataset -   Loading data from data/snips/SearchCreativeWork/SearchCreativeWork.txt, total nums is 2054
02/08/2022 00:01:35 - INFO - dataset -   Loading data from data/snips/SearchScreeningEvent/SearchScreeningEvent.txt, total nums is 2059
02/08/2022 00:01:35 - INFO - dataset -   Loading data from data/atis/atis.txt, total nums is 5871
02/08/2022 00:01:35 - INFO - dataset -   Using queries from description.
02/08/2022 00:01:35 - INFO - dataset -   Using queries from description.
02/08/2022 00:01:35 - INFO - dataset -   Using queries from description.
02/08/2022 00:01:36 - INFO - dataset -   Using queries from description.
02/08/2022 00:01:36 - INFO - dataset -   Using queries from description.
02/08/2022 00:01:36 - INFO - dataset -   Using queries from description.
02/08/2022 00:01:36 - INFO - dataset -   Using queries from description.
02/08/2022 00:01:36 - INFO - dataset -   Using queries from description.
02/08/2022 00:01:36 - INFO - dataset -   Using queries from description.
02/08/2022 00:01:36 - INFO - dataset -   The target domain is BookRestaurant
02/08/2022 00:01:36 - INFO - dataset -   train_data: 12411 -> 80923
02/08/2022 00:01:36 - INFO - dataset -   valid_data: 500 -> 7000
02/08/2022 00:01:36 - INFO - dataset -   test_data: 1573 -> 22022
02/08/2022 00:01:37 - INFO - trainer -   Model loaded from model_dir/BookRestaurant/0/model.pth
02/08/2022 00:01:37 - INFO - __main__ -   Starting test...
02/08/2022 00:06:51 - INFO - trainer -   conll2002_metrics f1 result 3.9992
02/08/2022 00:06:51 - INFO - trainer -   Test result: acc 0.1933, recall 0.0223, f1 0.0400
02/09/2022 22:30:38 - INFO - dataset -   Loading data from data/snips/AddToPlaylist/AddToPlaylist.txt, total nums is 2042
02/09/2022 22:30:38 - INFO - dataset -   Loading data from data/snips/BookRestaurant/BookRestaurant.txt, total nums is 2073
02/09/2022 22:30:38 - INFO - dataset -   Loading data from data/snips/GetWeather/GetWeather.txt, total nums is 2100
02/09/2022 22:30:38 - INFO - dataset -   Loading data from data/snips/PlayMusic/PlayMusic.txt, total nums is 2100
02/09/2022 22:30:38 - INFO - dataset -   Loading data from data/snips/RateBook/RateBook.txt, total nums is 2056
02/09/2022 22:30:38 - INFO - dataset -   Loading data from data/snips/SearchCreativeWork/SearchCreativeWork.txt, total nums is 2054
02/09/2022 22:30:38 - INFO - dataset -   Loading data from data/snips/SearchScreeningEvent/SearchScreeningEvent.txt, total nums is 2059
02/09/2022 22:30:39 - INFO - dataset -   Loading data from data/atis/atis.txt, total nums is 5871
02/09/2022 22:30:39 - INFO - dataset -   Using queries from description.
02/09/2022 22:30:39 - INFO - dataset -   Using queries from description.
02/09/2022 22:30:39 - INFO - dataset -   Using queries from description.
02/09/2022 22:30:39 - INFO - dataset -   Using queries from description.
02/09/2022 22:30:39 - INFO - dataset -   Using queries from description.
02/09/2022 22:30:39 - INFO - dataset -   Using queries from description.
02/09/2022 22:30:40 - INFO - dataset -   Using queries from description.
02/09/2022 22:30:40 - INFO - dataset -   Using queries from description.
02/09/2022 22:30:40 - INFO - dataset -   Using queries from description.
02/09/2022 22:30:40 - INFO - dataset -   The target domain is BookRestaurant
02/09/2022 22:30:40 - INFO - dataset -   train_data: 12411 -> 80923
02/09/2022 22:30:40 - INFO - dataset -   valid_data: 500 -> 7000
02/09/2022 22:30:40 - INFO - dataset -   test_data: 1573 -> 22022
02/09/2022 22:32:20 - INFO - trainer -   Epoch 1, train_loss 1.630785    Evalution acc 0.1941, recall 0.0224, f1 0.0401
02/09/2022 22:32:36 - INFO - trainer -   Saved model checkpoint to model_dir/BookRestaurant/0/model.pth
02/09/2022 22:32:56 - INFO - dataset -   Loading data from data/snips/AddToPlaylist/AddToPlaylist.txt, total nums is 2042
02/09/2022 22:32:56 - INFO - dataset -   Loading data from data/snips/BookRestaurant/BookRestaurant.txt, total nums is 2073
02/09/2022 22:32:56 - INFO - dataset -   Loading data from data/snips/GetWeather/GetWeather.txt, total nums is 2100
02/09/2022 22:32:56 - INFO - dataset -   Loading data from data/snips/PlayMusic/PlayMusic.txt, total nums is 2100
02/09/2022 22:32:56 - INFO - dataset -   Loading data from data/snips/RateBook/RateBook.txt, total nums is 2056
02/09/2022 22:32:56 - INFO - dataset -   Loading data from data/snips/SearchCreativeWork/SearchCreativeWork.txt, total nums is 2054
02/09/2022 22:32:56 - INFO - dataset -   Loading data from data/snips/SearchScreeningEvent/SearchScreeningEvent.txt, total nums is 2059
02/09/2022 22:32:56 - INFO - dataset -   Loading data from data/atis/atis.txt, total nums is 5871
02/09/2022 22:32:56 - INFO - dataset -   Using queries from description.
02/09/2022 22:32:56 - INFO - dataset -   Using queries from description.
02/09/2022 22:32:56 - INFO - dataset -   Using queries from description.
02/09/2022 22:32:56 - INFO - dataset -   Using queries from description.
02/09/2022 22:32:56 - INFO - dataset -   Using queries from description.
02/09/2022 22:32:56 - INFO - dataset -   Using queries from description.
02/09/2022 22:32:57 - INFO - dataset -   Using queries from description.
02/09/2022 22:32:57 - INFO - dataset -   Using queries from description.
02/09/2022 22:32:57 - INFO - dataset -   Using queries from description.
02/09/2022 22:32:57 - INFO - dataset -   The target domain is BookRestaurant
02/09/2022 22:32:57 - INFO - dataset -   train_data: 12411 -> 80923
02/09/2022 22:32:57 - INFO - dataset -   valid_data: 500 -> 7000
02/09/2022 22:32:57 - INFO - dataset -   test_data: 1573 -> 22022
02/09/2022 22:32:57 - INFO - trainer -   Model loaded from model_dir/BookRestaurant/0/model.pth
02/09/2022 22:32:57 - INFO - __main__ -   Starting test...
