04/30/2022 22:53:33 - INFO - __main__ -   ********************** Job Start **********************
04/30/2022 22:53:33 - INFO - __main__ -   Learning rate = 1e-05
04/30/2022 22:53:33 - INFO - __main__ -   Warmup rate = 0.0
04/30/2022 22:53:33 - INFO - __main__ -   Batch_size = 8
04/30/2022 22:53:33 - INFO - __main__ -   Gradient_accumulation_steps = 1
04/30/2022 22:53:33 - INFO - __main__ -   Train epoch = 64
04/30/2022 22:53:33 - INFO - __main__ -   Pretrained_model name = bert-large-uncased
04/30/2022 22:53:33 - INFO - __main__ -   Context_max_len = 64
04/30/2022 22:53:33 - INFO - __main__ -   Label_max_len = 32
04/30/2022 22:53:55 - INFO - dataset -   Loading data from ../data/snips/AddToPlaylist/AddToPlaylist.txt, total nums is 2042
04/30/2022 22:53:55 - INFO - dataset -   Loading data from ../data/snips/BookRestaurant/BookRestaurant.txt, total nums is 2073
04/30/2022 22:53:55 - INFO - dataset -   Loading data from ../data/snips/GetWeather/GetWeather.txt, total nums is 2100
04/30/2022 22:53:55 - INFO - dataset -   Loading data from ../data/snips/PlayMusic/PlayMusic.txt, total nums is 2100
04/30/2022 22:53:55 - INFO - dataset -   Loading data from ../data/snips/RateBook/RateBook.txt, total nums is 2056
04/30/2022 22:53:55 - INFO - dataset -   Loading data from ../data/snips/SearchCreativeWork/SearchCreativeWork.txt, total nums is 2054
04/30/2022 22:53:55 - INFO - dataset -   Loading data from ../data/snips/SearchScreeningEvent/SearchScreeningEvent.txt, total nums is 2059
04/30/2022 22:53:55 - INFO - dataset -   Loading data from ../data/atis/atis.txt, total nums is 5871
04/30/2022 22:53:55 - INFO - dataset -   Using queries from description.
04/30/2022 22:53:55 - INFO - dataset -   Using queries from description.
04/30/2022 22:53:55 - INFO - dataset -   Using queries from description.
04/30/2022 22:53:55 - INFO - dataset -   Using queries from description.
04/30/2022 22:53:55 - INFO - dataset -   Using queries from description.
04/30/2022 22:53:55 - INFO - dataset -   Using queries from description.
04/30/2022 22:53:55 - INFO - dataset -   Using queries from description.
04/30/2022 22:53:55 - INFO - dataset -   Using queries from description.
04/30/2022 22:53:55 - INFO - dataset -   The target domain is SearchScreeningEvent
04/30/2022 22:53:55 - INFO - dataset -   ********** Train data information : **********
04/30/2022 22:53:55 - INFO - dataset -   domain name: AddToPlaylist,    data_size=2042
04/30/2022 22:53:55 - INFO - dataset -   domain name: BookRestaurant,    data_size=2073
04/30/2022 22:53:55 - INFO - dataset -   domain name: GetWeather,    data_size=2100
04/30/2022 22:53:55 - INFO - dataset -   domain name: PlayMusic,    data_size=2100
04/30/2022 22:53:55 - INFO - dataset -   domain name: RateBook,    data_size=2056
04/30/2022 22:53:55 - INFO - dataset -   domain name: SearchCreativeWork,    data_size=2054
04/30/2022 22:53:55 - INFO - dataset -   ********** Valid data information : **********
04/30/2022 22:53:55 - INFO - dataset -   domain name: SearchScreeningEvent,    data_size=500
04/30/2022 22:53:55 - INFO - dataset -   ********** Test data information : **********
04/30/2022 22:53:55 - INFO - dataset -   domain name: SearchScreeningEvent,    data_size=1559
04/30/2022 22:55:30 - INFO - trainer -   Epoch 1, Domain AddToPlaylist, train_loss 12.879648,    Evalution acc 0.0169, recall 0.0027, f1 0.0047
04/30/2022 22:56:10 - INFO - trainer -   Saved model checkpoint to ../model_dir/Label_Knowledge_Enhanced_SF/SearchScreeningEvent/0/model.pth
04/30/2022 22:57:58 - INFO - trainer -   Epoch 1, Domain BookRestaurant, train_loss 4.893149,    Evalution acc 0.1706, recall 0.0909, f1 0.1186
04/30/2022 22:58:31 - INFO - trainer -   Saved model checkpoint to ../model_dir/Label_Knowledge_Enhanced_SF/SearchScreeningEvent/0/model.pth
04/30/2022 23:00:07 - INFO - trainer -   Epoch 1, Domain GetWeather, train_loss 3.859718,    Evalution acc 0.2858, recall 0.2799, f1 0.2829
04/30/2022 23:00:42 - INFO - trainer -   Saved model checkpoint to ../model_dir/Label_Knowledge_Enhanced_SF/SearchScreeningEvent/0/model.pth
04/30/2022 23:02:18 - INFO - trainer -   Epoch 1, Domain PlayMusic, train_loss 3.304212,    Evalution acc 0.2809, recall 0.2862, f1 0.2835
04/30/2022 23:02:48 - INFO - trainer -   Saved model checkpoint to ../model_dir/Label_Knowledge_Enhanced_SF/SearchScreeningEvent/0/model.pth
04/30/2022 23:04:12 - INFO - trainer -   Epoch 1, Domain RateBook, train_loss 2.182930,    Evalution acc 0.3112, recall 0.3375, f1 0.3238
04/30/2022 23:04:44 - INFO - trainer -   Saved model checkpoint to ../model_dir/Label_Knowledge_Enhanced_SF/SearchScreeningEvent/0/model.pth
04/30/2022 23:05:56 - INFO - trainer -   Epoch 1, Domain SearchCreativeWork, train_loss 3.171740,    Evalution acc 0.1495, recall 0.1323, f1 0.1404
04/30/2022 23:07:08 - INFO - trainer -   Epoch 2, Domain AddToPlaylist, train_loss 3.003790,    Evalution acc 0.2504, recall 0.2844, f1 0.2663
04/30/2022 23:08:29 - INFO - trainer -   Epoch 2, Domain BookRestaurant, train_loss 1.353224,    Evalution acc 0.2820, recall 0.3330, f1 0.3054
04/30/2022 23:09:57 - INFO - trainer -   Epoch 2, Domain GetWeather, train_loss 0.631165,    Evalution acc 0.3585, recall 0.3762, f1 0.3671
04/30/2022 23:10:31 - INFO - trainer -   Saved model checkpoint to ../model_dir/Label_Knowledge_Enhanced_SF/SearchScreeningEvent/0/model.pth
04/30/2022 23:12:07 - INFO - trainer -   Epoch 2, Domain PlayMusic, train_loss 1.164168,    Evalution acc 0.3273, recall 0.3906, f1 0.3562
04/30/2022 23:13:38 - INFO - trainer -   Epoch 2, Domain RateBook, train_loss 0.340498,    Evalution acc 0.3527, recall 0.4581, f1 0.3986
04/30/2022 23:14:09 - INFO - trainer -   Saved model checkpoint to ../model_dir/Label_Knowledge_Enhanced_SF/SearchScreeningEvent/0/model.pth
04/30/2022 23:15:32 - INFO - trainer -   Epoch 2, Domain SearchCreativeWork, train_loss 1.401484,    Evalution acc 0.2962, recall 0.3492, f1 0.3205
04/30/2022 23:16:58 - INFO - trainer -   Epoch 3, Domain AddToPlaylist, train_loss 1.228197,    Evalution acc 0.3896, recall 0.4653, f1 0.4241
04/30/2022 23:17:33 - INFO - trainer -   Saved model checkpoint to ../model_dir/Label_Knowledge_Enhanced_SF/SearchScreeningEvent/0/model.pth
04/30/2022 23:19:23 - INFO - trainer -   Epoch 3, Domain BookRestaurant, train_loss 0.470333,    Evalution acc 0.4050, recall 0.4374, f1 0.4206
04/30/2022 23:20:59 - INFO - trainer -   Epoch 3, Domain GetWeather, train_loss 0.264999,    Evalution acc 0.4162, recall 0.4266, f1 0.4213
04/30/2022 23:22:32 - INFO - trainer -   Epoch 3, Domain PlayMusic, train_loss 0.756159,    Evalution acc 0.3421, recall 0.3987, f1 0.3682
04/30/2022 23:23:52 - INFO - trainer -   Epoch 3, Domain RateBook, train_loss 0.204794,    Evalution acc 0.4015, recall 0.4680, f1 0.4323
04/30/2022 23:24:49 - INFO - trainer -   Saved model checkpoint to ../model_dir/Label_Knowledge_Enhanced_SF/SearchScreeningEvent/0/model.pth
04/30/2022 23:26:10 - INFO - trainer -   Epoch 3, Domain SearchCreativeWork, train_loss 0.971426,    Evalution acc 0.3232, recall 0.3618, f1 0.3414
04/30/2022 23:27:35 - INFO - trainer -   Epoch 4, Domain AddToPlaylist, train_loss 0.744204,    Evalution acc 0.3540, recall 0.4068, f1 0.3786
04/30/2022 23:29:09 - INFO - trainer -   Epoch 4, Domain BookRestaurant, train_loss 0.284150,    Evalution acc 0.3810, recall 0.3978, f1 0.3893
04/30/2022 23:30:24 - INFO - trainer -   Epoch 4, Domain GetWeather, train_loss 0.174225,    Evalution acc 0.3902, recall 0.4176, f1 0.4035
04/30/2022 23:31:38 - INFO - trainer -   Epoch 4, Domain PlayMusic, train_loss 0.552334,    Evalution acc 0.3344, recall 0.3915, f1 0.3607
04/30/2022 23:32:50 - INFO - trainer -   Epoch 4, Domain RateBook, train_loss 0.144498,    Evalution acc 0.3363, recall 0.3699, f1 0.3523
04/30/2022 23:33:58 - INFO - trainer -   Epoch 4, Domain SearchCreativeWork, train_loss 0.535832,    Evalution acc 0.2718, recall 0.3456, f1 0.3043
04/30/2022 23:35:07 - INFO - trainer -   Epoch 5, Domain AddToPlaylist, train_loss 0.504099,    Evalution acc 0.3284, recall 0.3987, f1 0.3602
04/30/2022 23:36:44 - INFO - trainer -   Epoch 5, Domain BookRestaurant, train_loss 0.182848,    Evalution acc 0.3099, recall 0.3771, f1 0.3402
04/30/2022 23:38:20 - INFO - trainer -   Epoch 5, Domain GetWeather, train_loss 0.108858,    Evalution acc 0.3499, recall 0.3933, f1 0.3703
04/30/2022 23:39:57 - INFO - trainer -   Epoch 5, Domain PlayMusic, train_loss 0.399634,    Evalution acc 0.3106, recall 0.3978, f1 0.3489
04/30/2022 23:41:27 - INFO - trainer -   Epoch 5, Domain RateBook, train_loss 0.098710,    Evalution acc 0.3274, recall 0.3987, f1 0.3596
04/30/2022 23:42:49 - INFO - trainer -   Epoch 5, Domain SearchCreativeWork, train_loss 0.249592,    Evalution acc 0.3040, recall 0.3456, f1 0.3235
04/30/2022 23:44:16 - INFO - trainer -   Epoch 6, Domain AddToPlaylist, train_loss 0.301170,    Evalution acc 0.3231, recall 0.3960, f1 0.3558
04/30/2022 23:46:05 - INFO - trainer -   Epoch 6, Domain BookRestaurant, train_loss 0.120251,    Evalution acc 0.3315, recall 0.3843, f1 0.3560
04/30/2022 23:47:43 - INFO - trainer -   Epoch 6, Domain GetWeather, train_loss 0.072950,    Evalution acc 0.2992, recall 0.3501, f1 0.3227
04/30/2022 23:49:19 - INFO - trainer -   Epoch 6, Domain PlayMusic, train_loss 0.272230,    Evalution acc 0.2839, recall 0.3411, f1 0.3099
04/30/2022 23:50:48 - INFO - trainer -   Epoch 6, Domain RateBook, train_loss 0.064346,    Evalution acc 0.2998, recall 0.3699, f1 0.3312
04/30/2022 23:52:11 - INFO - trainer -   Epoch 6, Domain SearchCreativeWork, train_loss 0.209906,    Evalution acc 0.2080, recall 0.2727, f1 0.2360
04/30/2022 23:53:38 - INFO - trainer -   Epoch 7, Domain AddToPlaylist, train_loss 0.194838,    Evalution acc 0.2548, recall 0.3375, f1 0.2904
04/30/2022 23:55:09 - INFO - trainer -   Epoch 7, Domain BookRestaurant, train_loss 0.096638,    Evalution acc 0.2580, recall 0.3321, f1 0.2904
04/30/2022 23:56:27 - INFO - trainer -   Epoch 7, Domain GetWeather, train_loss 0.056323,    Evalution acc 0.2855, recall 0.3258, f1 0.3043
04/30/2022 23:57:44 - INFO - trainer -   Epoch 7, Domain PlayMusic, train_loss 0.186811,    Evalution acc 0.2729, recall 0.3303, f1 0.2989
04/30/2022 23:58:56 - INFO - trainer -   Epoch 7, Domain RateBook, train_loss 0.060473,    Evalution acc 0.2928, recall 0.3339, f1 0.3120
05/01/2022 00:00:07 - INFO - trainer -   Epoch 7, Domain SearchCreativeWork, train_loss 0.211652,    Evalution acc 0.2416, recall 0.2781, f1 0.2586
05/01/2022 00:01:25 - INFO - trainer -   Epoch 8, Domain AddToPlaylist, train_loss 0.125238,    Evalution acc 0.2815, recall 0.3213, f1 0.3001
05/01/2022 00:03:15 - INFO - trainer -   Epoch 8, Domain BookRestaurant, train_loss 0.063287,    Evalution acc 0.2896, recall 0.3339, f1 0.3102
05/01/2022 00:04:52 - INFO - trainer -   Epoch 8, Domain GetWeather, train_loss 0.051234,    Evalution acc 0.3087, recall 0.3420, f1 0.3245
05/01/2022 00:06:27 - INFO - trainer -   Epoch 8, Domain PlayMusic, train_loss 0.128005,    Evalution acc 0.2984, recall 0.3411, f1 0.3184
05/01/2022 00:07:57 - INFO - trainer -   Epoch 8, Domain RateBook, train_loss 0.048860,    Evalution acc 0.2844, recall 0.3348, f1 0.3076
05/01/2022 00:09:21 - INFO - trainer -   Epoch 8, Domain SearchCreativeWork, train_loss 0.094627,    Evalution acc 0.2620, recall 0.2853, f1 0.2732
05/01/2022 00:10:46 - INFO - trainer -   Epoch 9, Domain AddToPlaylist, train_loss 0.086379,    Evalution acc 0.2728, recall 0.3069, f1 0.2889
05/01/2022 00:12:36 - INFO - trainer -   Epoch 9, Domain BookRestaurant, train_loss 0.051804,    Evalution acc 0.2710, recall 0.3078, f1 0.2882
05/01/2022 00:14:11 - INFO - trainer -   Epoch 9, Domain GetWeather, train_loss 0.027085,    Evalution acc 0.2524, recall 0.3087, f1 0.2777
05/01/2022 00:15:47 - INFO - trainer -   Epoch 9, Domain PlayMusic, train_loss 0.098340,    Evalution acc 0.2681, recall 0.3258, f1 0.2942
05/01/2022 00:17:20 - INFO - trainer -   Epoch 9, Domain RateBook, train_loss 0.030148,    Evalution acc 0.2769, recall 0.3195, f1 0.2967
05/01/2022 00:18:42 - INFO - trainer -   Epoch 9, Domain SearchCreativeWork, train_loss 0.136992,    Evalution acc 0.2732, recall 0.3231, f1 0.2961
05/01/2022 00:20:05 - INFO - trainer -   Epoch 10, Domain AddToPlaylist, train_loss 0.093364,    Evalution acc 0.2967, recall 0.3447, f1 0.3189
05/01/2022 00:21:27 - INFO - trainer -   Epoch 10, Domain BookRestaurant, train_loss 0.042435,    Evalution acc 0.3077, recall 0.2988, f1 0.3032
05/01/2022 00:22:44 - INFO - trainer -   Epoch 10, Domain GetWeather, train_loss 0.027387,    Evalution acc 0.2912, recall 0.2817, f1 0.2864
05/01/2022 00:24:01 - INFO - trainer -   Epoch 10, Domain PlayMusic, train_loss 0.072704,    Evalution acc 0.2989, recall 0.2997, f1 0.2993
05/01/2022 00:25:11 - INFO - trainer -   Epoch 10, Domain RateBook, train_loss 0.032294,    Evalution acc 0.3030, recall 0.3204, f1 0.3115
05/01/2022 00:26:20 - INFO - trainer -   Epoch 10, Domain SearchCreativeWork, train_loss 0.100213,    Evalution acc 0.2792, recall 0.2709, f1 0.2750
05/01/2022 00:27:29 - INFO - trainer -   Epoch 11, Domain AddToPlaylist, train_loss 0.050944,    Evalution acc 0.2820, recall 0.2916, f1 0.2867
05/01/2022 00:29:18 - INFO - trainer -   Epoch 11, Domain BookRestaurant, train_loss 0.031061,    Evalution acc 0.2936, recall 0.2925, f1 0.2931
05/01/2022 00:30:55 - INFO - trainer -   Epoch 11, Domain GetWeather, train_loss 0.023991,    Evalution acc 0.3037, recall 0.3105, f1 0.3071
05/01/2022 00:32:31 - INFO - trainer -   Epoch 11, Domain PlayMusic, train_loss 0.051999,    Evalution acc 0.2957, recall 0.2754, f1 0.2852
05/01/2022 00:34:01 - INFO - trainer -   Epoch 11, Domain RateBook, train_loss 0.032779,    Evalution acc 0.2827, recall 0.2862, f1 0.2844
05/01/2022 00:35:25 - INFO - trainer -   Epoch 11, Domain SearchCreativeWork, train_loss 0.115769,    Evalution acc 0.2427, recall 0.2601, f1 0.2511
05/01/2022 00:36:50 - INFO - trainer -   Epoch 12, Domain AddToPlaylist, train_loss 0.078830,    Evalution acc 0.2580, recall 0.2538, f1 0.2559
05/01/2022 00:38:41 - INFO - trainer -   Epoch 12, Domain BookRestaurant, train_loss 0.028238,    Evalution acc 0.2860, recall 0.2934, f1 0.2896
05/01/2022 00:40:18 - INFO - trainer -   Epoch 12, Domain GetWeather, train_loss 0.022247,    Evalution acc 0.2865, recall 0.2934, f1 0.2899
05/01/2022 00:41:53 - INFO - trainer -   Epoch 12, Domain PlayMusic, train_loss 0.066109,    Evalution acc 0.2768, recall 0.2808, f1 0.2788
05/01/2022 00:43:24 - INFO - trainer -   Epoch 12, Domain RateBook, train_loss 0.026513,    Evalution acc 0.2796, recall 0.2934, f1 0.2863
05/01/2022 00:44:46 - INFO - trainer -   Epoch 12, Domain SearchCreativeWork, train_loss 0.113900,    Evalution acc 0.2615, recall 0.2979, f1 0.2785
05/01/2022 00:46:12 - INFO - trainer -   Epoch 13, Domain AddToPlaylist, train_loss 0.051987,    Evalution acc 0.2635, recall 0.2934, f1 0.2777
05/01/2022 00:47:31 - INFO - trainer -   Epoch 13, Domain BookRestaurant, train_loss 0.027226,    Evalution acc 0.2760, recall 0.2727, f1 0.2743
05/01/2022 00:48:48 - INFO - trainer -   Epoch 13, Domain GetWeather, train_loss 0.010015,    Evalution acc 0.2750, recall 0.2745, f1 0.2748
05/01/2022 00:50:01 - INFO - trainer -   Epoch 13, Domain PlayMusic, train_loss 0.043644,    Evalution acc 0.2583, recall 0.2529, f1 0.2556
05/01/2022 00:51:12 - INFO - trainer -   Epoch 13, Domain RateBook, train_loss 0.024486,    Evalution acc 0.2956, recall 0.2817, f1 0.2885
05/01/2022 00:52:21 - INFO - trainer -   Epoch 13, Domain SearchCreativeWork, train_loss 0.046007,    Evalution acc 0.2896, recall 0.2700, f1 0.2795
05/01/2022 00:53:40 - INFO - trainer -   Epoch 14, Domain AddToPlaylist, train_loss 0.032305,    Evalution acc 0.3001, recall 0.2871, f1 0.2935
05/01/2022 00:55:29 - INFO - trainer -   Epoch 14, Domain BookRestaurant, train_loss 0.022651,    Evalution acc 0.3203, recall 0.2871, f1 0.3028
05/01/2022 00:57:04 - INFO - trainer -   Epoch 14, Domain GetWeather, train_loss 0.007901,    Evalution acc 0.3140, recall 0.2871, f1 0.3000
05/01/2022 00:57:04 - INFO - trainer -   Reach early stop count 64, training stop
05/01/2022 00:57:05 - INFO - __main__ -   Starting test...
05/01/2022 00:57:36 - INFO - trainer -   ***********************************************************
05/01/2022 00:57:36 - INFO - trainer -   Target domain = SearchScreeningEvent
05/01/2022 00:57:36 - INFO - trainer -   Test result: acc 0.4021, recall 0.4633, f1 0.4305
05/01/2022 00:57:36 - INFO - trainer -   ***********************************************************
05/09/2022 08:09:26 - INFO - __main__ -   ********************** Job Start **********************
05/09/2022 08:09:26 - INFO - __main__ -   Learning rate = 1e-05
05/09/2022 08:09:26 - INFO - __main__ -   Warmup rate = 0.0
05/09/2022 08:09:26 - INFO - __main__ -   Batch_size = 4
05/09/2022 08:09:26 - INFO - __main__ -   Gradient_accumulation_steps = 1
05/09/2022 08:09:26 - INFO - __main__ -   Train epoch = 64
05/09/2022 08:09:26 - INFO - __main__ -   Pretrained_model name = bert-large-uncased
05/09/2022 08:09:26 - INFO - __main__ -   Context_max_len = 32
05/09/2022 08:09:26 - INFO - __main__ -   Label_max_len = 32
05/09/2022 08:09:26 - INFO - __main__ -   dropout_rate = 0.2
05/09/2022 08:09:26 - INFO - __main__ -   bert的第12层输出和最后一层输出做self-attention,然后concatenate起来
05/09/2022 08:10:03 - INFO - dataset -   Loading data from ../data/snips/AddToPlaylist/AddToPlaylist.txt, total nums is 2042
05/09/2022 08:10:04 - INFO - dataset -   Loading data from ../data/snips/BookRestaurant/BookRestaurant.txt, total nums is 2073
05/09/2022 08:10:04 - INFO - dataset -   Loading data from ../data/snips/GetWeather/GetWeather.txt, total nums is 2100
05/09/2022 08:10:04 - INFO - dataset -   Loading data from ../data/snips/PlayMusic/PlayMusic.txt, total nums is 2100
05/09/2022 08:10:05 - INFO - dataset -   Loading data from ../data/snips/RateBook/RateBook.txt, total nums is 2056
05/09/2022 08:10:05 - INFO - dataset -   Loading data from ../data/snips/SearchCreativeWork/SearchCreativeWork.txt, total nums is 2054
05/09/2022 08:10:05 - INFO - dataset -   Loading data from ../data/snips/SearchScreeningEvent/SearchScreeningEvent.txt, total nums is 2059
05/09/2022 08:10:05 - INFO - dataset -   Loading data from ../data/atis/atis.txt, total nums is 5871
05/09/2022 08:10:05 - INFO - dataset -   Using queries from description.
05/09/2022 08:10:05 - INFO - dataset -   Using queries from description.
05/09/2022 08:10:05 - INFO - dataset -   Using queries from description.
05/09/2022 08:10:05 - INFO - dataset -   Using queries from description.
05/09/2022 08:10:05 - INFO - dataset -   Using queries from description.
05/09/2022 08:10:05 - INFO - dataset -   Using queries from description.
05/09/2022 08:10:06 - INFO - dataset -   Using queries from description.
05/09/2022 08:10:06 - INFO - dataset -   Using queries from description.
05/09/2022 08:10:06 - INFO - dataset -   The target domain is SearchScreeningEvent
05/09/2022 08:10:06 - INFO - dataset -   ********** Train data information : **********
05/09/2022 08:10:06 - INFO - dataset -   domain name: AddToPlaylist,    data_size=2042
05/09/2022 08:10:06 - INFO - dataset -   domain name: BookRestaurant,    data_size=2073
05/09/2022 08:10:06 - INFO - dataset -   domain name: GetWeather,    data_size=2100
05/09/2022 08:10:06 - INFO - dataset -   domain name: PlayMusic,    data_size=2100
05/09/2022 08:10:06 - INFO - dataset -   domain name: RateBook,    data_size=2056
05/09/2022 08:10:06 - INFO - dataset -   domain name: SearchCreativeWork,    data_size=2054
05/09/2022 08:10:06 - INFO - dataset -   ********** Valid data information : **********
05/09/2022 08:10:06 - INFO - dataset -   domain name: SearchScreeningEvent,    data_size=500
05/09/2022 08:10:06 - INFO - dataset -   ********** Test data information : **********
05/09/2022 08:10:06 - INFO - dataset -   domain name: SearchScreeningEvent,    data_size=1559
05/09/2022 08:12:39 - INFO - trainer -   Epoch 1, Domain AddToPlaylist, train_loss 20.542267,    Evalution acc 0.0335, recall 0.0153, f1 0.0210
05/09/2022 08:13:19 - INFO - trainer -   Saved model checkpoint to ../model_dir/Label_Knowledge_Enhanced_SF/SearchScreeningEvent/0/model.pth
05/09/2022 08:16:07 - INFO - trainer -   Epoch 1, Domain BookRestaurant, train_loss 6.078457,    Evalution acc 0.2304, recall 0.2439, f1 0.2370
05/09/2022 08:16:50 - INFO - trainer -   Saved model checkpoint to ../model_dir/Label_Knowledge_Enhanced_SF/SearchScreeningEvent/0/model.pth
05/09/2022 08:19:20 - INFO - trainer -   Epoch 1, Domain GetWeather, train_loss 2.309960,    Evalution acc 0.3055, recall 0.3123, f1 0.3089
05/09/2022 08:20:01 - INFO - trainer -   Saved model checkpoint to ../model_dir/Label_Knowledge_Enhanced_SF/SearchScreeningEvent/0/model.pth
05/09/2022 08:22:33 - INFO - trainer -   Epoch 1, Domain PlayMusic, train_loss 4.888227,    Evalution acc 0.4134, recall 0.3843, f1 0.3983
05/09/2022 08:23:15 - INFO - trainer -   Saved model checkpoint to ../model_dir/Label_Knowledge_Enhanced_SF/SearchScreeningEvent/0/model.pth
05/09/2022 08:25:40 - INFO - trainer -   Epoch 1, Domain RateBook, train_loss 3.069612,    Evalution acc 0.3646, recall 0.2907, f1 0.3235
05/09/2022 08:27:59 - INFO - trainer -   Epoch 1, Domain SearchCreativeWork, train_loss 5.758588,    Evalution acc 0.1813, recall 0.1224, f1 0.1462
05/09/2022 08:30:18 - INFO - trainer -   Epoch 2, Domain AddToPlaylist, train_loss 3.476762,    Evalution acc 0.3674, recall 0.2880, f1 0.3229
05/09/2022 08:33:08 - INFO - trainer -   Epoch 2, Domain BookRestaurant, train_loss 1.432144,    Evalution acc 0.4427, recall 0.4419, f1 0.4423
05/09/2022 08:33:53 - INFO - trainer -   Saved model checkpoint to ../model_dir/Label_Knowledge_Enhanced_SF/SearchScreeningEvent/0/model.pth
05/09/2022 08:36:27 - INFO - trainer -   Epoch 2, Domain GetWeather, train_loss 0.642218,    Evalution acc 0.4394, recall 0.4437, f1 0.4416
05/09/2022 08:38:58 - INFO - trainer -   Epoch 2, Domain PlayMusic, train_loss 1.961753,    Evalution acc 0.3845, recall 0.3789, f1 0.3817
05/09/2022 08:41:23 - INFO - trainer -   Epoch 2, Domain RateBook, train_loss 0.592402,    Evalution acc 0.4269, recall 0.3258, f1 0.3696
05/09/2022 08:43:40 - INFO - trainer -   Epoch 2, Domain SearchCreativeWork, train_loss 2.527167,    Evalution acc 0.3206, recall 0.2871, f1 0.3029
05/09/2022 08:46:01 - INFO - trainer -   Epoch 3, Domain AddToPlaylist, train_loss 1.936940,    Evalution acc 0.3927, recall 0.3672, f1 0.3795
05/09/2022 08:48:54 - INFO - trainer -   Epoch 3, Domain BookRestaurant, train_loss 0.651644,    Evalution acc 0.3901, recall 0.4059, f1 0.3979
05/09/2022 08:51:23 - INFO - trainer -   Epoch 3, Domain GetWeather, train_loss 0.396141,    Evalution acc 0.3665, recall 0.3915, f1 0.3786
05/09/2022 08:53:57 - INFO - trainer -   Epoch 3, Domain PlayMusic, train_loss 1.318910,    Evalution acc 0.3434, recall 0.3591, f1 0.3511
05/09/2022 08:56:23 - INFO - trainer -   Epoch 3, Domain RateBook, train_loss 0.353847,    Evalution acc 0.3101, recall 0.2961, f1 0.3029
05/09/2022 08:58:43 - INFO - trainer -   Epoch 3, Domain SearchCreativeWork, train_loss 1.513289,    Evalution acc 0.2565, recall 0.2412, f1 0.2486
05/09/2022 09:01:05 - INFO - trainer -   Epoch 4, Domain AddToPlaylist, train_loss 1.226270,    Evalution acc 0.3060, recall 0.3051, f1 0.3055
05/09/2022 09:04:00 - INFO - trainer -   Epoch 4, Domain BookRestaurant, train_loss 0.374545,    Evalution acc 0.3725, recall 0.3879, f1 0.3801
05/09/2022 09:06:32 - INFO - trainer -   Epoch 4, Domain GetWeather, train_loss 0.259293,    Evalution acc 0.3535, recall 0.3636, f1 0.3585
05/09/2022 09:09:04 - INFO - trainer -   Epoch 4, Domain PlayMusic, train_loss 1.112340,    Evalution acc 0.3741, recall 0.3276, f1 0.3493
05/09/2022 09:11:29 - INFO - trainer -   Epoch 4, Domain RateBook, train_loss 0.253339,    Evalution acc 0.3566, recall 0.3132, f1 0.3335
05/09/2022 09:13:50 - INFO - trainer -   Epoch 4, Domain SearchCreativeWork, train_loss 1.024996,    Evalution acc 0.3119, recall 0.2664, f1 0.2874
05/09/2022 09:16:13 - INFO - trainer -   Epoch 5, Domain AddToPlaylist, train_loss 0.697653,    Evalution acc 0.3273, recall 0.2934, f1 0.3094
05/09/2022 09:19:04 - INFO - trainer -   Epoch 5, Domain BookRestaurant, train_loss 0.228457,    Evalution acc 0.3351, recall 0.3384, f1 0.3368
05/09/2022 09:21:31 - INFO - trainer -   Epoch 5, Domain GetWeather, train_loss 0.178052,    Evalution acc 0.3549, recall 0.3456, f1 0.3502
05/09/2022 09:23:49 - INFO - trainer -   Epoch 5, Domain PlayMusic, train_loss 0.847889,    Evalution acc 0.4100, recall 0.3834, f1 0.3963
05/09/2022 09:23:51 - INFO - trainer -   Reach early stop count 20, training stop
05/09/2022 09:25:08 - INFO - __main__ -   Starting test...
05/09/2022 09:25:37 - INFO - trainer -   ***********************************************************
05/09/2022 09:25:37 - INFO - trainer -   Target domain = SearchScreeningEvent
05/09/2022 09:25:37 - INFO - trainer -   Test result: acc 0.4550, recall 0.4506, f1 0.4528
05/09/2022 09:25:37 - INFO - trainer -   ***********************************************************
05/09/2022 15:07:24 - INFO - __main__ -   ********************** Job Start **********************
05/09/2022 15:07:24 - INFO - __main__ -   Learning rate = 1e-05
05/09/2022 15:07:24 - INFO - __main__ -   Warmup rate = 0.0
05/09/2022 15:07:24 - INFO - __main__ -   Batch_size = 4
05/09/2022 15:07:24 - INFO - __main__ -   Gradient_accumulation_steps = 1
05/09/2022 15:07:24 - INFO - __main__ -   Train epoch = 64
05/09/2022 15:07:24 - INFO - __main__ -   Pretrained_model name = bert-large-uncased
05/09/2022 15:07:24 - INFO - __main__ -   Context_max_len = 64
05/09/2022 15:07:24 - INFO - __main__ -   Label_max_len = 32
05/09/2022 15:07:24 - INFO - __main__ -   dropout_rate = 0.2
05/09/2022 15:07:24 - INFO - __main__ -   bert-large-uncased后接2层self-attention,dropout0.2
05/09/2022 15:08:04 - INFO - dataset -   Loading data from ../data/snips/AddToPlaylist/AddToPlaylist.txt, total nums is 2042
05/09/2022 15:08:05 - INFO - dataset -   Loading data from ../data/snips/BookRestaurant/BookRestaurant.txt, total nums is 2073
05/09/2022 15:08:05 - INFO - dataset -   Loading data from ../data/snips/GetWeather/GetWeather.txt, total nums is 2100
05/09/2022 15:08:05 - INFO - dataset -   Loading data from ../data/snips/PlayMusic/PlayMusic.txt, total nums is 2100
05/09/2022 15:08:05 - INFO - dataset -   Loading data from ../data/snips/RateBook/RateBook.txt, total nums is 2056
05/09/2022 15:08:06 - INFO - dataset -   Loading data from ../data/snips/SearchCreativeWork/SearchCreativeWork.txt, total nums is 2054
05/09/2022 15:08:06 - INFO - dataset -   Loading data from ../data/snips/SearchScreeningEvent/SearchScreeningEvent.txt, total nums is 2059
05/09/2022 15:08:06 - INFO - dataset -   Loading data from ../data/atis/atis.txt, total nums is 5871
05/09/2022 15:08:06 - INFO - dataset -   Using queries from description.
05/09/2022 15:08:06 - INFO - dataset -   Using queries from description.
05/09/2022 15:08:06 - INFO - dataset -   Using queries from description.
05/09/2022 15:08:06 - INFO - dataset -   Using queries from description.
05/09/2022 15:08:06 - INFO - dataset -   Using queries from description.
05/09/2022 15:08:06 - INFO - dataset -   Using queries from description.
05/09/2022 15:08:06 - INFO - dataset -   Using queries from description.
05/09/2022 15:08:06 - INFO - dataset -   Using queries from description.
05/09/2022 15:08:06 - INFO - dataset -   The target domain is SearchScreeningEvent
05/09/2022 15:08:06 - INFO - dataset -   ********** Train data information : **********
05/09/2022 15:08:06 - INFO - dataset -   domain name: AddToPlaylist,    data_size=2042
05/09/2022 15:08:06 - INFO - dataset -   domain name: BookRestaurant,    data_size=2073
05/09/2022 15:08:06 - INFO - dataset -   domain name: GetWeather,    data_size=2100
05/09/2022 15:08:06 - INFO - dataset -   domain name: PlayMusic,    data_size=2100
05/09/2022 15:08:06 - INFO - dataset -   domain name: RateBook,    data_size=2056
05/09/2022 15:08:06 - INFO - dataset -   domain name: SearchCreativeWork,    data_size=2054
05/09/2022 15:08:06 - INFO - dataset -   ********** Valid data information : **********
05/09/2022 15:08:06 - INFO - dataset -   domain name: SearchScreeningEvent,    data_size=500
05/09/2022 15:08:06 - INFO - dataset -   ********** Test data information : **********
05/09/2022 15:08:06 - INFO - dataset -   domain name: SearchScreeningEvent,    data_size=1559
05/09/2022 15:10:42 - INFO - __main__ -   ********************** Job Start **********************
05/09/2022 15:10:42 - INFO - __main__ -   Learning rate = 1e-05
05/09/2022 15:10:42 - INFO - __main__ -   Warmup rate = 0.0
05/09/2022 15:10:42 - INFO - __main__ -   Batch_size = 4
05/09/2022 15:10:42 - INFO - __main__ -   Gradient_accumulation_steps = 1
05/09/2022 15:10:42 - INFO - __main__ -   Train epoch = 64
05/09/2022 15:10:42 - INFO - __main__ -   Pretrained_model name = bert-large-uncased
05/09/2022 15:10:42 - INFO - __main__ -   Context_max_len = 64
05/09/2022 15:10:42 - INFO - __main__ -   Label_max_len = 32
05/09/2022 15:10:42 - INFO - __main__ -   dropout_rate = 0.2
05/09/2022 15:10:42 - INFO - __main__ -   bert-large-uncased后接2层self-attention,dropout0.2
05/09/2022 15:11:05 - INFO - dataset -   Loading data from ../data/snips/AddToPlaylist/AddToPlaylist.txt, total nums is 2042
05/09/2022 15:11:05 - INFO - dataset -   Loading data from ../data/snips/BookRestaurant/BookRestaurant.txt, total nums is 2073
05/09/2022 15:11:05 - INFO - dataset -   Loading data from ../data/snips/GetWeather/GetWeather.txt, total nums is 2100
05/09/2022 15:11:05 - INFO - dataset -   Loading data from ../data/snips/PlayMusic/PlayMusic.txt, total nums is 2100
05/09/2022 15:11:05 - INFO - dataset -   Loading data from ../data/snips/RateBook/RateBook.txt, total nums is 2056
05/09/2022 15:11:05 - INFO - dataset -   Loading data from ../data/snips/SearchCreativeWork/SearchCreativeWork.txt, total nums is 2054
05/09/2022 15:11:06 - INFO - dataset -   Loading data from ../data/snips/SearchScreeningEvent/SearchScreeningEvent.txt, total nums is 2059
05/09/2022 15:11:06 - INFO - dataset -   Loading data from ../data/atis/atis.txt, total nums is 5871
05/09/2022 15:11:06 - INFO - dataset -   Using queries from description.
05/09/2022 15:11:06 - INFO - dataset -   Using queries from description.
05/09/2022 15:11:06 - INFO - dataset -   Using queries from description.
05/09/2022 15:11:06 - INFO - dataset -   Using queries from description.
05/09/2022 15:11:06 - INFO - dataset -   Using queries from description.
05/09/2022 15:11:06 - INFO - dataset -   Using queries from description.
05/09/2022 15:11:06 - INFO - dataset -   Using queries from description.
05/09/2022 15:11:06 - INFO - dataset -   Using queries from description.
05/09/2022 15:11:06 - INFO - dataset -   The target domain is SearchScreeningEvent
05/09/2022 15:11:06 - INFO - dataset -   ********** Train data information : **********
05/09/2022 15:11:06 - INFO - dataset -   domain name: AddToPlaylist,    data_size=2042
05/09/2022 15:11:06 - INFO - dataset -   domain name: BookRestaurant,    data_size=2073
05/09/2022 15:11:06 - INFO - dataset -   domain name: GetWeather,    data_size=2100
05/09/2022 15:11:06 - INFO - dataset -   domain name: PlayMusic,    data_size=2100
05/09/2022 15:11:06 - INFO - dataset -   domain name: RateBook,    data_size=2056
05/09/2022 15:11:06 - INFO - dataset -   domain name: SearchCreativeWork,    data_size=2054
05/09/2022 15:11:06 - INFO - dataset -   ********** Valid data information : **********
05/09/2022 15:11:06 - INFO - dataset -   domain name: SearchScreeningEvent,    data_size=500
05/09/2022 15:11:06 - INFO - dataset -   ********** Test data information : **********
05/09/2022 15:11:06 - INFO - dataset -   domain name: SearchScreeningEvent,    data_size=1559
05/09/2022 15:13:32 - INFO - trainer -   Epoch 1, Domain AddToPlaylist, train_loss 17.917774,    Evalution acc 0.1341, recall 0.0549, f1 0.0779
05/09/2022 15:14:15 - INFO - trainer -   Saved model checkpoint to ../model_dir/Label_Knowledge_Enhanced_SF/SearchScreeningEvent/0/model.pth
05/09/2022 15:17:20 - INFO - trainer -   Epoch 1, Domain BookRestaurant, train_loss 5.445900,    Evalution acc 0.2219, recall 0.2169, f1 0.2194
05/09/2022 15:17:58 - INFO - trainer -   Saved model checkpoint to ../model_dir/Label_Knowledge_Enhanced_SF/SearchScreeningEvent/0/model.pth
05/09/2022 15:20:39 - INFO - trainer -   Epoch 1, Domain GetWeather, train_loss 2.104900,    Evalution acc 0.3289, recall 0.2700, f1 0.2966
05/09/2022 15:21:17 - INFO - trainer -   Saved model checkpoint to ../model_dir/Label_Knowledge_Enhanced_SF/SearchScreeningEvent/0/model.pth
05/09/2022 15:23:50 - INFO - trainer -   Epoch 1, Domain PlayMusic, train_loss 3.820174,    Evalution acc 0.3506, recall 0.2070, f1 0.2603
05/09/2022 15:26:09 - INFO - trainer -   Epoch 1, Domain RateBook, train_loss 2.518740,    Evalution acc 0.3084, recall 0.2043, f1 0.2458
05/09/2022 15:28:08 - INFO - trainer -   Epoch 1, Domain SearchCreativeWork, train_loss 5.451537,    Evalution acc 0.0963, recall 0.0351, f1 0.0515
05/09/2022 15:30:15 - INFO - trainer -   Epoch 2, Domain AddToPlaylist, train_loss 3.227551,    Evalution acc 0.2777, recall 0.1782, f1 0.2171
05/09/2022 15:33:05 - INFO - trainer -   Epoch 2, Domain BookRestaurant, train_loss 1.250084,    Evalution acc 0.3265, recall 0.2880, f1 0.3061
05/09/2022 15:33:44 - INFO - trainer -   Saved model checkpoint to ../model_dir/Label_Knowledge_Enhanced_SF/SearchScreeningEvent/0/model.pth
05/09/2022 15:36:09 - INFO - trainer -   Epoch 2, Domain GetWeather, train_loss 0.590303,    Evalution acc 0.3268, recall 0.2691, f1 0.2952
05/09/2022 15:38:45 - INFO - trainer -   Epoch 2, Domain PlayMusic, train_loss 1.808920,    Evalution acc 0.4387, recall 0.3834, f1 0.4092
05/09/2022 15:39:26 - INFO - trainer -   Saved model checkpoint to ../model_dir/Label_Knowledge_Enhanced_SF/SearchScreeningEvent/0/model.pth
05/09/2022 15:41:41 - INFO - trainer -   Epoch 2, Domain RateBook, train_loss 0.691877,    Evalution acc 0.3814, recall 0.3069, f1 0.3401
05/09/2022 15:43:43 - INFO - trainer -   Epoch 2, Domain SearchCreativeWork, train_loss 2.315583,    Evalution acc 0.3228, recall 0.2952, f1 0.3084
05/09/2022 15:45:55 - INFO - trainer -   Epoch 3, Domain AddToPlaylist, train_loss 1.678731,    Evalution acc 0.4350, recall 0.3762, f1 0.4035
05/09/2022 15:49:00 - INFO - trainer -   Epoch 3, Domain BookRestaurant, train_loss 0.580481,    Evalution acc 0.4379, recall 0.3996, f1 0.4179
05/09/2022 15:49:42 - INFO - trainer -   Saved model checkpoint to ../model_dir/Label_Knowledge_Enhanced_SF/SearchScreeningEvent/0/model.pth
05/09/2022 15:52:18 - INFO - trainer -   Epoch 3, Domain GetWeather, train_loss 0.358530,    Evalution acc 0.4291, recall 0.3402, f1 0.3795
05/09/2022 15:54:42 - INFO - trainer -   Epoch 3, Domain PlayMusic, train_loss 1.294518,    Evalution acc 0.3978, recall 0.3312, f1 0.3615
05/09/2022 15:56:50 - INFO - trainer -   Epoch 3, Domain RateBook, train_loss 0.409854,    Evalution acc 0.3283, recall 0.3519, f1 0.3397
05/09/2022 15:58:45 - INFO - trainer -   Epoch 3, Domain SearchCreativeWork, train_loss 1.443969,    Evalution acc 0.4069, recall 0.2538, f1 0.3126
05/09/2022 16:00:37 - INFO - trainer -   Epoch 4, Domain AddToPlaylist, train_loss 1.132334,    Evalution acc 0.4359, recall 0.3060, f1 0.3596
05/09/2022 16:02:48 - INFO - trainer -   Epoch 4, Domain BookRestaurant, train_loss 0.335211,    Evalution acc 0.4475, recall 0.3834, f1 0.4130
05/09/2022 16:04:51 - INFO - trainer -   Epoch 4, Domain GetWeather, train_loss 0.285266,    Evalution acc 0.4289, recall 0.3582, f1 0.3904
05/09/2022 16:06:52 - INFO - trainer -   Epoch 4, Domain PlayMusic, train_loss 0.991515,    Evalution acc 0.4087, recall 0.3222, f1 0.3603
05/09/2022 16:08:57 - INFO - trainer -   Epoch 4, Domain RateBook, train_loss 0.269043,    Evalution acc 0.4075, recall 0.2655, f1 0.3215
05/09/2022 16:10:54 - INFO - trainer -   Epoch 4, Domain SearchCreativeWork, train_loss 0.946590,    Evalution acc 0.3985, recall 0.3321, f1 0.3623
05/09/2022 16:13:04 - INFO - trainer -   Epoch 5, Domain AddToPlaylist, train_loss 0.682794,    Evalution acc 0.3415, recall 0.2385, f1 0.2809
05/09/2022 16:15:52 - INFO - trainer -   Epoch 5, Domain BookRestaurant, train_loss 0.218691,    Evalution acc 0.4439, recall 0.3771, f1 0.4078
05/09/2022 16:15:52 - INFO - trainer -   Reach early stop count 12, training stop
05/09/2022 16:16:17 - INFO - __main__ -   Starting test...
05/09/2022 16:16:43 - INFO - trainer -   ***********************************************************
05/09/2022 16:16:43 - INFO - trainer -   Target domain = SearchScreeningEvent
05/09/2022 16:16:43 - INFO - trainer -   Test result: acc 0.4632, recall 0.4274, f1 0.4446
05/09/2022 16:16:43 - INFO - trainer -   ***********************************************************
