04/21/2022 03:05:22 - INFO - __main__ -   **********************Job Start**********************
04/21/2022 03:05:22 - INFO - __main__ -   Learning rate = 1e-05
04/21/2022 03:05:22 - INFO - __main__ -   Warmup rate = 0.0
04/21/2022 03:05:22 - INFO - __main__ -   Batch_size = 16
04/21/2022 03:05:22 - INFO - __main__ -   Gradient_accumulation_steps = 1
04/21/2022 03:05:22 - INFO - __main__ -   Train epoch = 64
04/21/2022 03:05:22 - INFO - __main__ -   Pretrained_model name = bert-large-uncased
04/21/2022 03:05:36 - INFO - dataset -   Loading data from ../data/snips/AddToPlaylist/AddToPlaylist.txt, total nums is 2042
04/21/2022 03:05:36 - INFO - dataset -   Loading data from ../data/snips/BookRestaurant/BookRestaurant.txt, total nums is 2073
04/21/2022 03:05:36 - INFO - dataset -   Loading data from ../data/snips/GetWeather/GetWeather.txt, total nums is 2100
04/21/2022 03:05:36 - INFO - dataset -   Loading data from ../data/snips/PlayMusic/PlayMusic.txt, total nums is 2100
04/21/2022 03:05:36 - INFO - dataset -   Loading data from ../data/snips/RateBook/RateBook.txt, total nums is 2056
04/21/2022 03:05:36 - INFO - dataset -   Loading data from ../data/snips/SearchCreativeWork/SearchCreativeWork.txt, total nums is 2054
04/21/2022 03:05:36 - INFO - dataset -   Loading data from ../data/snips/SearchScreeningEvent/SearchScreeningEvent.txt, total nums is 2059
04/21/2022 03:05:36 - INFO - dataset -   Loading data from ../data/atis/atis.txt, total nums is 5871
04/21/2022 03:05:36 - INFO - dataset -   Using queries from description.
04/21/2022 03:05:37 - INFO - dataset -   Using queries from description.
04/21/2022 03:05:37 - INFO - dataset -   Using queries from description.
04/21/2022 03:05:37 - INFO - dataset -   Using queries from description.
04/21/2022 03:05:37 - INFO - dataset -   Using queries from description.
04/21/2022 03:05:37 - INFO - dataset -   Using queries from description.
04/21/2022 03:05:37 - INFO - dataset -   Using queries from description.
04/21/2022 03:05:37 - INFO - dataset -   Using queries from description.
04/21/2022 03:05:37 - INFO - dataset -   Using queries from description.
04/21/2022 03:05:37 - INFO - dataset -   The target domain is AddToPlaylist
04/21/2022 03:05:37 - INFO - dataset -   train_data: 12442 -> 99735
04/21/2022 03:05:37 - INFO - dataset -   valid_data: 500 -> 2500
04/21/2022 03:05:37 - INFO - dataset -   test_data: 1542 -> 7710
04/21/2022 03:30:29 - INFO - trainer -   Epoch 1, train_loss 0.132730    Evalution acc 0.6343, recall 0.2300, f1 0.3376
04/21/2022 03:30:57 - INFO - trainer -   Saved model checkpoint to model_dir/AddToPlaylist/0/model.pth
04/21/2022 03:56:14 - INFO - trainer -   Epoch 2, train_loss 0.027413    Evalution acc 0.5896, recall 0.4894, f1 0.5348
04/21/2022 03:56:45 - INFO - trainer -   Saved model checkpoint to model_dir/AddToPlaylist/0/model.pth
04/21/2022 04:21:37 - INFO - trainer -   Epoch 3, train_loss 0.015877    Evalution acc 0.6046, recall 0.5187, f1 0.5584
04/21/2022 04:22:16 - INFO - trainer -   Saved model checkpoint to model_dir/AddToPlaylist/0/model.pth
04/21/2022 04:47:20 - INFO - trainer -   Epoch 4, train_loss 0.011499    Evalution acc 0.6034, recall 0.4982, f1 0.5457
04/21/2022 05:12:53 - INFO - trainer -   Epoch 5, train_loss 0.009161    Evalution acc 0.6523, recall 0.3890, f1 0.4874
04/21/2022 05:18:07 - INFO - __main__ -   **********************Job Start**********************
04/21/2022 05:18:07 - INFO - __main__ -   Learning rate = 1e-05
04/21/2022 05:18:07 - INFO - __main__ -   Warmup rate = 0.0
04/21/2022 05:18:07 - INFO - __main__ -   Batch_size = 32
04/21/2022 05:18:07 - INFO - __main__ -   Gradient_accumulation_steps = 1
04/21/2022 05:18:07 - INFO - __main__ -   Train epoch = 64
04/21/2022 05:18:07 - INFO - __main__ -   Pretrained_model name = bert-large-uncased
04/21/2022 05:18:31 - INFO - dataset -   Loading data from ../data/snips/AddToPlaylist/AddToPlaylist.txt, total nums is 2042
04/21/2022 05:18:31 - INFO - dataset -   Loading data from ../data/snips/BookRestaurant/BookRestaurant.txt, total nums is 2073
04/21/2022 05:18:32 - INFO - dataset -   Loading data from ../data/snips/GetWeather/GetWeather.txt, total nums is 2100
04/21/2022 05:18:32 - INFO - dataset -   Loading data from ../data/snips/PlayMusic/PlayMusic.txt, total nums is 2100
04/21/2022 05:18:32 - INFO - dataset -   Loading data from ../data/snips/RateBook/RateBook.txt, total nums is 2056
04/21/2022 05:18:32 - INFO - dataset -   Loading data from ../data/snips/SearchCreativeWork/SearchCreativeWork.txt, total nums is 2054
04/21/2022 05:18:32 - INFO - dataset -   Loading data from ../data/snips/SearchScreeningEvent/SearchScreeningEvent.txt, total nums is 2059
04/21/2022 05:18:32 - INFO - dataset -   Loading data from ../data/atis/atis.txt, total nums is 5871
04/21/2022 05:18:32 - INFO - dataset -   Using queries from description.
04/21/2022 05:18:33 - INFO - dataset -   Using queries from description.
04/21/2022 05:18:33 - INFO - dataset -   Using queries from description.
04/21/2022 05:18:33 - INFO - dataset -   Using queries from description.
04/21/2022 05:18:33 - INFO - dataset -   Using queries from description.
04/21/2022 05:18:33 - INFO - dataset -   Using queries from description.
04/21/2022 05:18:33 - INFO - dataset -   Using queries from description.
04/21/2022 05:18:33 - INFO - dataset -   Using queries from description.
04/21/2022 05:18:33 - INFO - dataset -   Using queries from description.
04/21/2022 05:18:33 - INFO - dataset -   The target domain is AddToPlaylist
04/21/2022 05:18:33 - INFO - dataset -   train_data: 12442 -> 99735
04/21/2022 05:18:33 - INFO - dataset -   valid_data: 500 -> 2500
04/21/2022 05:18:33 - INFO - dataset -   test_data: 1542 -> 7710
04/21/2022 05:19:11 - INFO - __main__ -   **********************Job Start**********************
04/21/2022 05:19:11 - INFO - __main__ -   Learning rate = 1e-05
04/21/2022 05:19:11 - INFO - __main__ -   Warmup rate = 0.0
04/21/2022 05:19:11 - INFO - __main__ -   Batch_size = 32
04/21/2022 05:19:11 - INFO - __main__ -   Gradient_accumulation_steps = 1
04/21/2022 05:19:11 - INFO - __main__ -   Train epoch = 64
04/21/2022 05:19:11 - INFO - __main__ -   Pretrained_model name = bert-large-uncased
04/21/2022 05:19:35 - INFO - dataset -   Loading data from ../data/snips/AddToPlaylist/AddToPlaylist.txt, total nums is 2042
04/21/2022 05:19:35 - INFO - dataset -   Loading data from ../data/snips/BookRestaurant/BookRestaurant.txt, total nums is 2073
04/21/2022 05:19:35 - INFO - dataset -   Loading data from ../data/snips/GetWeather/GetWeather.txt, total nums is 2100
04/21/2022 05:19:35 - INFO - dataset -   Loading data from ../data/snips/PlayMusic/PlayMusic.txt, total nums is 2100
04/21/2022 05:19:35 - INFO - dataset -   Loading data from ../data/snips/RateBook/RateBook.txt, total nums is 2056
04/21/2022 05:19:35 - INFO - dataset -   Loading data from ../data/snips/SearchCreativeWork/SearchCreativeWork.txt, total nums is 2054
04/21/2022 05:19:35 - INFO - dataset -   Loading data from ../data/snips/SearchScreeningEvent/SearchScreeningEvent.txt, total nums is 2059
04/21/2022 05:19:35 - INFO - dataset -   Loading data from ../data/atis/atis.txt, total nums is 5871
04/21/2022 05:19:35 - INFO - dataset -   Using queries from description.
04/21/2022 05:19:36 - INFO - dataset -   Using queries from description.
04/21/2022 05:19:36 - INFO - dataset -   Using queries from description.
04/21/2022 05:19:36 - INFO - dataset -   Using queries from description.
04/21/2022 05:19:36 - INFO - dataset -   Using queries from description.
04/21/2022 05:19:36 - INFO - dataset -   Using queries from description.
04/21/2022 05:19:36 - INFO - dataset -   Using queries from description.
04/21/2022 05:19:36 - INFO - dataset -   Using queries from description.
04/21/2022 05:19:36 - INFO - dataset -   Using queries from description.
04/21/2022 05:19:36 - INFO - dataset -   The target domain is AddToPlaylist
04/21/2022 05:19:36 - INFO - dataset -   train_data: 12442 -> 99735
04/21/2022 05:19:36 - INFO - dataset -   valid_data: 500 -> 2500
04/21/2022 05:19:36 - INFO - dataset -   test_data: 1542 -> 7710
04/21/2022 05:20:45 - INFO - __main__ -   **********************Job Start**********************
04/21/2022 05:20:45 - INFO - __main__ -   Learning rate = 1e-05
04/21/2022 05:20:45 - INFO - __main__ -   Warmup rate = 0.0
04/21/2022 05:20:45 - INFO - __main__ -   Batch_size = 32
04/21/2022 05:20:45 - INFO - __main__ -   Gradient_accumulation_steps = 1
04/21/2022 05:20:45 - INFO - __main__ -   Train epoch = 64
04/21/2022 05:20:45 - INFO - __main__ -   Pretrained_model name = bert-large-uncased
04/21/2022 05:21:12 - INFO - dataset -   Loading data from ../data/snips/AddToPlaylist/AddToPlaylist.txt, total nums is 2042
04/21/2022 05:21:12 - INFO - dataset -   Loading data from ../data/snips/BookRestaurant/BookRestaurant.txt, total nums is 2073
04/21/2022 05:21:13 - INFO - dataset -   Loading data from ../data/snips/GetWeather/GetWeather.txt, total nums is 2100
04/21/2022 05:21:13 - INFO - dataset -   Loading data from ../data/snips/PlayMusic/PlayMusic.txt, total nums is 2100
04/21/2022 05:21:13 - INFO - dataset -   Loading data from ../data/snips/RateBook/RateBook.txt, total nums is 2056
04/21/2022 05:21:14 - INFO - dataset -   Loading data from ../data/snips/SearchCreativeWork/SearchCreativeWork.txt, total nums is 2054
04/21/2022 05:21:14 - INFO - dataset -   Loading data from ../data/snips/SearchScreeningEvent/SearchScreeningEvent.txt, total nums is 2059
04/21/2022 05:21:14 - INFO - dataset -   Loading data from ../data/atis/atis.txt, total nums is 5871
04/21/2022 05:21:14 - INFO - dataset -   Using queries from description.
04/21/2022 05:21:14 - INFO - dataset -   Using queries from description.
04/21/2022 05:21:14 - INFO - dataset -   Using queries from description.
04/21/2022 05:21:15 - INFO - dataset -   Using queries from description.
04/21/2022 05:21:15 - INFO - dataset -   Using queries from description.
04/21/2022 05:21:15 - INFO - dataset -   Using queries from description.
04/21/2022 05:21:15 - INFO - dataset -   Using queries from description.
04/21/2022 05:21:15 - INFO - dataset -   Using queries from description.
04/21/2022 05:21:15 - INFO - dataset -   Using queries from description.
04/21/2022 05:21:15 - INFO - dataset -   The target domain is AddToPlaylist
04/21/2022 05:21:15 - INFO - dataset -   train_data: 12442 -> 99735
04/21/2022 05:21:15 - INFO - dataset -   valid_data: 500 -> 2500
04/21/2022 05:21:15 - INFO - dataset -   test_data: 1542 -> 7710
04/21/2022 05:29:17 - INFO - __main__ -   **********************Job Start**********************
04/21/2022 05:29:17 - INFO - __main__ -   Learning rate = 1e-05
04/21/2022 05:29:17 - INFO - __main__ -   Warmup rate = 0.0
04/21/2022 05:29:17 - INFO - __main__ -   Batch_size = 32
04/21/2022 05:29:17 - INFO - __main__ -   Gradient_accumulation_steps = 1
04/21/2022 05:29:17 - INFO - __main__ -   Train epoch = 64
04/21/2022 05:29:17 - INFO - __main__ -   Pretrained_model name = bert-large-uncased
04/21/2022 05:29:43 - INFO - dataset -   Loading data from ../data/snips/AddToPlaylist/AddToPlaylist.txt, total nums is 2042
04/21/2022 05:29:43 - INFO - dataset -   Loading data from ../data/snips/BookRestaurant/BookRestaurant.txt, total nums is 2073
04/21/2022 05:29:43 - INFO - dataset -   Loading data from ../data/snips/GetWeather/GetWeather.txt, total nums is 2100
04/21/2022 05:29:43 - INFO - dataset -   Loading data from ../data/snips/PlayMusic/PlayMusic.txt, total nums is 2100
04/21/2022 05:29:43 - INFO - dataset -   Loading data from ../data/snips/RateBook/RateBook.txt, total nums is 2056
04/21/2022 05:29:43 - INFO - dataset -   Loading data from ../data/snips/SearchCreativeWork/SearchCreativeWork.txt, total nums is 2054
04/21/2022 05:29:43 - INFO - dataset -   Loading data from ../data/snips/SearchScreeningEvent/SearchScreeningEvent.txt, total nums is 2059
04/21/2022 05:29:43 - INFO - dataset -   Loading data from ../data/atis/atis.txt, total nums is 5871
04/21/2022 05:29:43 - INFO - dataset -   Using queries from description.
04/21/2022 05:29:43 - INFO - dataset -   Using queries from description.
04/21/2022 05:29:43 - INFO - dataset -   Using queries from description.
04/21/2022 05:29:43 - INFO - dataset -   Using queries from description.
04/21/2022 05:29:43 - INFO - dataset -   Using queries from description.
04/21/2022 05:29:43 - INFO - dataset -   Using queries from description.
04/21/2022 05:29:44 - INFO - dataset -   Using queries from description.
04/21/2022 05:29:44 - INFO - dataset -   Using queries from description.
04/21/2022 05:29:44 - INFO - dataset -   Using queries from description.
04/21/2022 05:29:44 - INFO - dataset -   The target domain is AddToPlaylist
04/21/2022 05:29:44 - INFO - dataset -   train_data: 12442 -> 99735
04/21/2022 05:29:44 - INFO - dataset -   valid_data: 500 -> 2500
04/21/2022 05:29:44 - INFO - dataset -   test_data: 1542 -> 7710
04/21/2022 05:44:27 - INFO - trainer -   Epoch 1, train_loss 0.146176    Evalution acc 0.4436, recall 0.1700, f1 0.2458
04/21/2022 05:45:21 - INFO - trainer -   Saved model checkpoint to model_dir/AddToPlaylist/0/model.pth
04/21/2022 06:08:21 - INFO - trainer -   Epoch 2, train_loss 0.060492    Evalution acc 0.5000, recall 0.1502, f1 0.2310
04/21/2022 06:30:36 - INFO - trainer -   Epoch 3, train_loss 0.036093    Evalution acc 0.5244, recall 0.1729, f1 0.2601
04/21/2022 06:31:36 - INFO - trainer -   Saved model checkpoint to model_dir/AddToPlaylist/0/model.pth
04/21/2022 06:55:00 - INFO - trainer -   Epoch 4, train_loss 0.024820    Evalution acc 0.6098, recall 0.2542, f1 0.3588
04/21/2022 06:55:54 - INFO - trainer -   Saved model checkpoint to model_dir/AddToPlaylist/0/model.pth
04/21/2022 07:18:52 - INFO - trainer -   Epoch 5, train_loss 0.020003    Evalution acc 0.6717, recall 0.2293, f1 0.3419
04/21/2022 07:40:57 - INFO - trainer -   Epoch 6, train_loss 0.016451    Evalution acc 0.5981, recall 0.3172, f1 0.4146
04/21/2022 07:41:45 - INFO - trainer -   Saved model checkpoint to model_dir/AddToPlaylist/0/model.pth
04/21/2022 08:04:54 - INFO - trainer -   Epoch 7, train_loss 0.019518    Evalution acc 0.7345, recall 0.3121, f1 0.4380
04/21/2022 08:05:55 - INFO - trainer -   Saved model checkpoint to model_dir/AddToPlaylist/0/model.pth
04/21/2022 08:28:46 - INFO - trainer -   Epoch 8, train_loss 0.019667    Evalution acc 0.6791, recall 0.4139, f1 0.5143
04/21/2022 08:29:50 - INFO - trainer -   Saved model checkpoint to model_dir/AddToPlaylist/0/model.pth
04/21/2022 08:52:22 - INFO - trainer -   Epoch 9, train_loss 0.011400    Evalution acc 0.6716, recall 0.4029, f1 0.5037
04/21/2022 09:15:11 - INFO - trainer -   Epoch 10, train_loss 0.010276    Evalution acc 0.5847, recall 0.3590, f1 0.4448
04/21/2022 09:37:32 - INFO - trainer -   Epoch 11, train_loss 0.015736    Evalution acc 0.6393, recall 0.3363, f1 0.4407
04/21/2022 10:00:15 - INFO - trainer -   Epoch 12, train_loss 0.009149    Evalution acc 0.6285, recall 0.3656, f1 0.4623
04/21/2022 10:23:31 - INFO - trainer -   Epoch 13, train_loss 0.009319    Evalution acc 0.5610, recall 0.4989, f1 0.5281
04/21/2022 10:24:27 - INFO - trainer -   Saved model checkpoint to model_dir/AddToPlaylist/0/model.pth
04/21/2022 10:47:41 - INFO - trainer -   Epoch 14, train_loss 0.010883    Evalution acc 0.6419, recall 0.5055, f1 0.5656
04/21/2022 10:48:44 - INFO - trainer -   Saved model checkpoint to model_dir/AddToPlaylist/0/model.pth
04/21/2022 11:11:50 - INFO - trainer -   Epoch 15, train_loss 0.008671    Evalution acc 0.4813, recall 0.4139, f1 0.4451
04/21/2022 11:35:04 - INFO - trainer -   Epoch 16, train_loss 0.007489    Evalution acc 0.5463, recall 0.4278, f1 0.4799
04/21/2022 11:57:48 - INFO - trainer -   Epoch 17, train_loss 0.007318    Evalution acc 0.5511, recall 0.4308, f1 0.4836
04/21/2022 12:20:26 - INFO - trainer -   Epoch 18, train_loss 0.006357    Evalution acc 0.6020, recall 0.4454, f1 0.5120
04/21/2022 12:42:36 - INFO - trainer -   Epoch 19, train_loss 0.006371    Evalution acc 0.6177, recall 0.4806, f1 0.5406
04/21/2022 13:05:06 - INFO - trainer -   Epoch 20, train_loss 0.005954    Evalution acc 0.5716, recall 0.4447, f1 0.5002
04/21/2022 13:28:12 - INFO - trainer -   Epoch 21, train_loss 0.005764    Evalution acc 0.6507, recall 0.4872, f1 0.5572
04/21/2022 13:51:05 - INFO - trainer -   Epoch 22, train_loss 0.005607    Evalution acc 0.5513, recall 0.4051, f1 0.4671
04/21/2022 14:13:47 - INFO - trainer -   Epoch 23, train_loss 0.005376    Evalution acc 0.5746, recall 0.4513, f1 0.5055
04/21/2022 14:36:48 - INFO - trainer -   Epoch 24, train_loss 0.006365    Evalution acc 0.5457, recall 0.3802, f1 0.4482
04/21/2022 14:59:18 - INFO - trainer -   Epoch 25, train_loss 0.005215    Evalution acc 0.5866, recall 0.3722, f1 0.4554
04/21/2022 15:22:46 - INFO - trainer -   Epoch 26, train_loss 0.005225    Evalution acc 0.6067, recall 0.4352, f1 0.5068
04/21/2022 15:45:52 - INFO - trainer -   Epoch 27, train_loss 0.004425    Evalution acc 0.6338, recall 0.4374, f1 0.5176
04/21/2022 16:08:14 - INFO - trainer -   Epoch 28, train_loss 0.004516    Evalution acc 0.6304, recall 0.4462, f1 0.5225
04/21/2022 16:30:19 - INFO - trainer -   Epoch 29, train_loss 0.004526    Evalution acc 0.6474, recall 0.3619, f1 0.4643
04/21/2022 16:30:19 - INFO - trainer -   Reach early stop count 15, training stop
04/21/2022 16:30:21 - INFO - __main__ -   Starting test...
04/21/2022 16:31:05 - INFO - trainer -   ***********************************************************
04/21/2022 16:31:05 - INFO - trainer -   Test result: acc 0.6419, recall 0.5067, f1 0.5664
04/21/2022 16:31:05 - INFO - trainer -   ***********************************************************
04/21/2022 19:54:51 - INFO - __main__ -   **********************Job Start**********************
04/21/2022 19:54:51 - INFO - __main__ -   Learning rate = 1e-05
04/21/2022 19:54:51 - INFO - __main__ -   Warmup rate = 0.0
04/21/2022 19:54:51 - INFO - __main__ -   Batch_size = 32
04/21/2022 19:54:51 - INFO - __main__ -   Gradient_accumulation_steps = 1
04/21/2022 19:54:51 - INFO - __main__ -   Train epoch = 64
04/21/2022 19:54:51 - INFO - __main__ -   Pretrained_model name = bert-large-uncased
04/21/2022 19:55:04 - INFO - dataset -   Loading data from ../data/snips/AddToPlaylist/AddToPlaylist.txt, total nums is 2042
04/21/2022 19:55:04 - INFO - dataset -   Loading data from ../data/snips/BookRestaurant/BookRestaurant.txt, total nums is 2073
04/21/2022 19:55:04 - INFO - dataset -   Loading data from ../data/snips/GetWeather/GetWeather.txt, total nums is 2100
04/21/2022 19:55:04 - INFO - dataset -   Loading data from ../data/snips/PlayMusic/PlayMusic.txt, total nums is 2100
04/21/2022 19:55:04 - INFO - dataset -   Loading data from ../data/snips/RateBook/RateBook.txt, total nums is 2056
04/21/2022 19:55:04 - INFO - dataset -   Loading data from ../data/snips/SearchCreativeWork/SearchCreativeWork.txt, total nums is 2054
04/21/2022 19:55:04 - INFO - dataset -   Loading data from ../data/snips/SearchScreeningEvent/SearchScreeningEvent.txt, total nums is 2059
04/21/2022 19:55:04 - INFO - dataset -   Loading data from ../data/atis/atis.txt, total nums is 5871
04/21/2022 19:55:04 - INFO - dataset -   Using queries from description.
04/21/2022 19:55:05 - INFO - dataset -   Using queries from description.
04/21/2022 19:55:05 - INFO - dataset -   Using queries from description.
04/21/2022 19:55:05 - INFO - dataset -   Using queries from description.
04/21/2022 19:55:05 - INFO - dataset -   Using queries from description.
04/21/2022 19:55:05 - INFO - dataset -   Using queries from description.
04/21/2022 19:55:05 - INFO - dataset -   Using queries from description.
04/21/2022 19:55:05 - INFO - dataset -   Using queries from description.
04/21/2022 19:55:05 - INFO - dataset -   Using queries from description.
04/21/2022 19:55:05 - INFO - dataset -   The target domain is AddToPlaylist
04/21/2022 19:55:05 - INFO - dataset -   train_data: 12442 -> 99735
04/21/2022 19:55:05 - INFO - dataset -   valid_data: 500 -> 2500
04/21/2022 19:55:05 - INFO - dataset -   test_data: 1542 -> 7710
04/21/2022 20:15:41 - INFO - trainer -   Epoch 1, train_loss 0.126573    Evalution acc 0.4370, recall 0.2110, f1 0.2846
04/21/2022 20:16:14 - INFO - trainer -   Saved model checkpoint to model_dir/AddToPlaylist/0/model.pth
04/21/2022 20:36:14 - INFO - trainer -   Epoch 2, train_loss 0.049635    Evalution acc 0.5161, recall 0.2352, f1 0.3231
04/21/2022 20:36:42 - INFO - trainer -   Saved model checkpoint to model_dir/AddToPlaylist/0/model.pth
04/21/2022 20:57:23 - INFO - trainer -   Epoch 3, train_loss 0.035561    Evalution acc 0.5834, recall 0.3355, f1 0.4260
04/21/2022 20:57:52 - INFO - trainer -   Saved model checkpoint to model_dir/AddToPlaylist/0/model.pth
04/21/2022 21:18:25 - INFO - trainer -   Epoch 4, train_loss 0.026804    Evalution acc 0.6096, recall 0.2872, f1 0.3904
04/21/2022 21:38:19 - INFO - trainer -   Epoch 5, train_loss 0.022041    Evalution acc 0.6558, recall 0.3824, f1 0.4831
04/21/2022 21:38:48 - INFO - trainer -   Saved model checkpoint to model_dir/AddToPlaylist/0/model.pth
04/21/2022 21:56:51 - INFO - __main__ -   **********************Job Start**********************
04/21/2022 21:56:51 - INFO - __main__ -   Learning rate = 1e-05
04/21/2022 21:56:51 - INFO - __main__ -   Warmup rate = 0.0
04/21/2022 21:56:51 - INFO - __main__ -   Batch_size = 48
04/21/2022 21:56:51 - INFO - __main__ -   Gradient_accumulation_steps = 1
04/21/2022 21:56:51 - INFO - __main__ -   Train epoch = 1
04/21/2022 21:56:51 - INFO - __main__ -   Pretrained_model name = bert-large-uncased
04/21/2022 21:58:08 - INFO - __main__ -   **********************Job Start**********************
04/21/2022 21:58:08 - INFO - __main__ -   Learning rate = 1e-05
04/21/2022 21:58:08 - INFO - __main__ -   Warmup rate = 0.0
04/21/2022 21:58:08 - INFO - __main__ -   Batch_size = 48
04/21/2022 21:58:08 - INFO - __main__ -   Gradient_accumulation_steps = 1
04/21/2022 21:58:08 - INFO - __main__ -   Train epoch = 1
04/21/2022 21:58:08 - INFO - __main__ -   Pretrained_model name = bert-large-uncased
04/21/2022 21:58:22 - INFO - dataset -   Loading data from ../data/snips/AddToPlaylist/AddToPlaylist.txt, total nums is 2042
04/21/2022 21:58:23 - INFO - dataset -   Loading data from ../data/snips/BookRestaurant/BookRestaurant.txt, total nums is 2073
04/21/2022 21:58:23 - INFO - dataset -   Loading data from ../data/snips/GetWeather/GetWeather.txt, total nums is 2100
04/21/2022 21:58:23 - INFO - dataset -   Loading data from ../data/snips/PlayMusic/PlayMusic.txt, total nums is 2100
04/21/2022 21:58:23 - INFO - dataset -   Loading data from ../data/snips/RateBook/RateBook.txt, total nums is 2056
04/21/2022 21:58:23 - INFO - dataset -   Loading data from ../data/snips/SearchCreativeWork/SearchCreativeWork.txt, total nums is 2054
04/21/2022 21:58:23 - INFO - dataset -   Loading data from ../data/snips/SearchScreeningEvent/SearchScreeningEvent.txt, total nums is 2059
04/21/2022 21:58:23 - INFO - dataset -   Loading data from ../data/atis/atis.txt, total nums is 5871
04/21/2022 21:58:23 - INFO - dataset -   Using queries from description.
04/21/2022 21:58:24 - INFO - dataset -   Using queries from description.
04/21/2022 21:58:24 - INFO - dataset -   Using queries from description.
04/21/2022 21:58:24 - INFO - dataset -   Using queries from description.
04/21/2022 21:58:24 - INFO - dataset -   Using queries from description.
04/21/2022 21:58:24 - INFO - dataset -   Using queries from description.
04/21/2022 21:58:24 - INFO - dataset -   Using queries from description.
04/21/2022 21:58:24 - INFO - dataset -   Using queries from description.
04/21/2022 21:58:24 - INFO - dataset -   Using queries from description.
04/21/2022 21:58:24 - INFO - dataset -   The target domain is AddToPlaylist
04/21/2022 21:58:24 - INFO - dataset -   train_data: 12442 -> 99735
04/21/2022 21:58:24 - INFO - dataset -   valid_data: 500 -> 2500
04/21/2022 21:58:24 - INFO - dataset -   test_data: 1542 -> 7710
04/21/2022 22:00:47 - INFO - __main__ -   **********************Job Start**********************
04/21/2022 22:00:47 - INFO - __main__ -   Learning rate = 1e-05
04/21/2022 22:00:47 - INFO - __main__ -   Warmup rate = 0.0
04/21/2022 22:00:47 - INFO - __main__ -   Batch_size = 48
04/21/2022 22:00:47 - INFO - __main__ -   Gradient_accumulation_steps = 1
04/21/2022 22:00:47 - INFO - __main__ -   Train epoch = 1
04/21/2022 22:00:47 - INFO - __main__ -   Pretrained_model name = bert-large-uncased
04/21/2022 22:01:05 - INFO - dataset -   Loading data from ../data/snips/AddToPlaylist/AddToPlaylist.txt, total nums is 2042
04/21/2022 22:01:06 - INFO - dataset -   Loading data from ../data/snips/BookRestaurant/BookRestaurant.txt, total nums is 2073
04/21/2022 22:01:06 - INFO - dataset -   Loading data from ../data/snips/GetWeather/GetWeather.txt, total nums is 2100
04/21/2022 22:01:07 - INFO - dataset -   Loading data from ../data/snips/PlayMusic/PlayMusic.txt, total nums is 2100
04/21/2022 22:01:08 - INFO - dataset -   Loading data from ../data/snips/RateBook/RateBook.txt, total nums is 2056
04/21/2022 22:01:08 - INFO - dataset -   Loading data from ../data/snips/SearchCreativeWork/SearchCreativeWork.txt, total nums is 2054
04/21/2022 22:01:08 - INFO - dataset -   Loading data from ../data/snips/SearchScreeningEvent/SearchScreeningEvent.txt, total nums is 2059
04/21/2022 22:01:09 - INFO - dataset -   Loading data from ../data/atis/atis.txt, total nums is 5871
04/21/2022 22:01:09 - INFO - dataset -   Using queries from description.
04/21/2022 22:01:09 - INFO - dataset -   Using queries from description.
04/21/2022 22:01:09 - INFO - dataset -   Using queries from description.
04/21/2022 22:01:09 - INFO - dataset -   Using queries from description.
04/21/2022 22:01:09 - INFO - dataset -   Using queries from description.
04/21/2022 22:01:09 - INFO - dataset -   Using queries from description.
04/21/2022 22:01:10 - INFO - dataset -   Using queries from description.
04/21/2022 22:01:10 - INFO - dataset -   Using queries from description.
04/21/2022 22:01:10 - INFO - dataset -   Using queries from description.
04/21/2022 22:01:10 - INFO - dataset -   The target domain is AddToPlaylist
04/21/2022 22:01:10 - INFO - dataset -   train_data: 12442 -> 99735
04/21/2022 22:01:10 - INFO - dataset -   valid_data: 500 -> 2500
04/21/2022 22:01:10 - INFO - dataset -   test_data: 1542 -> 7710
04/21/2022 22:02:30 - INFO - __main__ -   **********************Job Start**********************
04/21/2022 22:02:30 - INFO - __main__ -   Learning rate = 1e-05
04/21/2022 22:02:30 - INFO - __main__ -   Warmup rate = 0.0
04/21/2022 22:02:30 - INFO - __main__ -   Batch_size = 32
04/21/2022 22:02:30 - INFO - __main__ -   Gradient_accumulation_steps = 1
04/21/2022 22:02:30 - INFO - __main__ -   Train epoch = 1
04/21/2022 22:02:30 - INFO - __main__ -   Pretrained_model name = bert-large-uncased
04/21/2022 22:02:44 - INFO - dataset -   Loading data from ../data/snips/AddToPlaylist/AddToPlaylist.txt, total nums is 2042
04/21/2022 22:02:44 - INFO - dataset -   Loading data from ../data/snips/BookRestaurant/BookRestaurant.txt, total nums is 2073
04/21/2022 22:02:44 - INFO - dataset -   Loading data from ../data/snips/GetWeather/GetWeather.txt, total nums is 2100
04/21/2022 22:02:44 - INFO - dataset -   Loading data from ../data/snips/PlayMusic/PlayMusic.txt, total nums is 2100
04/21/2022 22:02:45 - INFO - dataset -   Loading data from ../data/snips/RateBook/RateBook.txt, total nums is 2056
04/21/2022 22:02:45 - INFO - dataset -   Loading data from ../data/snips/SearchCreativeWork/SearchCreativeWork.txt, total nums is 2054
04/21/2022 22:02:45 - INFO - dataset -   Loading data from ../data/snips/SearchScreeningEvent/SearchScreeningEvent.txt, total nums is 2059
04/21/2022 22:02:45 - INFO - dataset -   Loading data from ../data/atis/atis.txt, total nums is 5871
04/21/2022 22:02:45 - INFO - dataset -   Using queries from description.
04/21/2022 22:02:45 - INFO - dataset -   Using queries from description.
04/21/2022 22:02:45 - INFO - dataset -   Using queries from description.
04/21/2022 22:02:45 - INFO - dataset -   Using queries from description.
04/21/2022 22:02:46 - INFO - dataset -   Using queries from description.
04/21/2022 22:02:46 - INFO - dataset -   Using queries from description.
04/21/2022 22:02:46 - INFO - dataset -   Using queries from description.
04/21/2022 22:02:46 - INFO - dataset -   Using queries from description.
04/21/2022 22:02:46 - INFO - dataset -   Using queries from description.
04/21/2022 22:02:46 - INFO - dataset -   The target domain is AddToPlaylist
04/21/2022 22:02:46 - INFO - dataset -   train_data: 12442 -> 99735
04/21/2022 22:02:46 - INFO - dataset -   valid_data: 500 -> 2500
04/21/2022 22:02:46 - INFO - dataset -   test_data: 1542 -> 7710
04/21/2022 22:03:28 - INFO - trainer -   Epoch 1, train_loss 0.534741    Evalution acc 0.0000, recall 0.0000, f1 0.0000
04/21/2022 22:04:10 - INFO - trainer -   Saved model checkpoint to model_dir/AddToPlaylist/0/model.pth
04/21/2022 22:04:11 - INFO - __main__ -   Starting test...
04/21/2022 22:05:02 - INFO - trainer -   ***********************************************************
04/21/2022 22:05:02 - INFO - trainer -   Target domain = AddToPlaylist
04/21/2022 22:05:02 - INFO - trainer -   Test result: acc 0.0164, recall 0.0002, f1 0.0005
04/21/2022 22:05:02 - INFO - trainer -   ***********************************************************
04/21/2022 22:08:47 - INFO - __main__ -   **********************Job Start**********************
04/21/2022 22:08:47 - INFO - __main__ -   Learning rate = 1e-05
04/21/2022 22:08:47 - INFO - __main__ -   Warmup rate = 0.0
04/21/2022 22:08:47 - INFO - __main__ -   Batch_size = 32
04/21/2022 22:08:47 - INFO - __main__ -   Gradient_accumulation_steps = 1
04/21/2022 22:08:47 - INFO - __main__ -   Train epoch = 64
04/21/2022 22:08:47 - INFO - __main__ -   Pretrained_model name = bert-large-uncased
04/21/2022 22:09:00 - INFO - dataset -   Loading data from ../data/snips/AddToPlaylist/AddToPlaylist.txt, total nums is 2042
04/21/2022 22:09:00 - INFO - dataset -   Loading data from ../data/snips/BookRestaurant/BookRestaurant.txt, total nums is 2073
04/21/2022 22:09:00 - INFO - dataset -   Loading data from ../data/snips/GetWeather/GetWeather.txt, total nums is 2100
04/21/2022 22:09:00 - INFO - dataset -   Loading data from ../data/snips/PlayMusic/PlayMusic.txt, total nums is 2100
04/21/2022 22:09:00 - INFO - dataset -   Loading data from ../data/snips/RateBook/RateBook.txt, total nums is 2056
04/21/2022 22:09:00 - INFO - dataset -   Loading data from ../data/snips/SearchCreativeWork/SearchCreativeWork.txt, total nums is 2054
04/21/2022 22:09:00 - INFO - dataset -   Loading data from ../data/snips/SearchScreeningEvent/SearchScreeningEvent.txt, total nums is 2059
04/21/2022 22:09:00 - INFO - dataset -   Loading data from ../data/atis/atis.txt, total nums is 5871
04/21/2022 22:09:00 - INFO - dataset -   Using queries from description.
04/21/2022 22:09:00 - INFO - dataset -   Using queries from description.
04/21/2022 22:09:00 - INFO - dataset -   Using queries from description.
04/21/2022 22:09:00 - INFO - dataset -   Using queries from description.
04/21/2022 22:09:01 - INFO - dataset -   Using queries from description.
04/21/2022 22:09:01 - INFO - dataset -   Using queries from description.
04/21/2022 22:09:01 - INFO - dataset -   Using queries from description.
04/21/2022 22:09:01 - INFO - dataset -   Using queries from description.
04/21/2022 22:09:01 - INFO - dataset -   Using queries from description.
04/21/2022 22:09:01 - INFO - dataset -   The target domain is AddToPlaylist
04/21/2022 22:09:01 - INFO - dataset -   train_data: 12442 -> 99735
04/21/2022 22:09:01 - INFO - dataset -   valid_data: 500 -> 2500
04/21/2022 22:09:01 - INFO - dataset -   test_data: 1542 -> 7710
04/21/2022 22:38:26 - INFO - trainer -   Epoch 1, train_loss 0.070307    Evalution acc 0.8364, recall 0.5055, f1 0.6301
04/21/2022 22:39:18 - INFO - trainer -   Saved model checkpoint to model_dir/AddToPlaylist/0/model.pth
04/21/2022 23:08:11 - INFO - trainer -   Epoch 2, train_loss 0.010926    Evalution acc 0.8670, recall 0.5443, f1 0.6688
04/21/2022 23:08:40 - INFO - trainer -   Saved model checkpoint to model_dir/AddToPlaylist/0/model.pth
04/21/2022 23:38:25 - INFO - trainer -   Epoch 3, train_loss 0.006563    Evalution acc 0.8215, recall 0.5260, f1 0.6414
04/22/2022 00:01:16 - INFO - trainer -   Epoch 4, train_loss 0.004979    Evalution acc 0.8641, recall 0.5172, f1 0.6471
04/22/2022 00:23:57 - INFO - trainer -   Epoch 5, train_loss 0.002610    Evalution acc 0.8190, recall 0.5238, f1 0.6390
04/22/2022 00:46:32 - INFO - trainer -   Epoch 6, train_loss 0.002017    Evalution acc 0.8531, recall 0.4850, f1 0.6184
04/22/2022 01:09:13 - INFO - trainer -   Epoch 7, train_loss 0.001572    Evalution acc 0.8293, recall 0.4733, f1 0.6026
04/22/2022 01:31:54 - INFO - trainer -   Epoch 8, train_loss 0.001302    Evalution acc 0.8625, recall 0.4872, f1 0.6227
04/22/2022 01:54:31 - INFO - trainer -   Epoch 9, train_loss 0.001093    Evalution acc 0.8535, recall 0.3927, f1 0.5379
04/22/2022 02:17:13 - INFO - trainer -   Epoch 10, train_loss 0.000943    Evalution acc 0.8564, recall 0.4938, f1 0.6264
04/22/2022 02:39:53 - INFO - trainer -   Epoch 11, train_loss 0.000807    Evalution acc 0.8593, recall 0.5011, f1 0.6330
04/22/2022 03:02:33 - INFO - trainer -   Epoch 12, train_loss 0.000813    Evalution acc 0.8656, recall 0.5238, f1 0.6527
04/22/2022 03:25:10 - INFO - trainer -   Epoch 13, train_loss 0.000523    Evalution acc 0.8608, recall 0.5165, f1 0.6456
04/22/2022 03:47:47 - INFO - trainer -   Epoch 14, train_loss 0.000471    Evalution acc 0.7854, recall 0.4879, f1 0.6019
04/22/2022 04:10:24 - INFO - trainer -   Epoch 15, train_loss 0.000526    Evalution acc 0.8371, recall 0.5121, f1 0.6355
04/22/2022 04:33:08 - INFO - trainer -   Epoch 16, train_loss 0.000412    Evalution acc 0.8067, recall 0.5260, f1 0.6368
04/22/2022 04:55:44 - INFO - trainer -   Epoch 17, train_loss 0.000408    Evalution acc 0.8672, recall 0.5502, f1 0.6732
04/22/2022 04:56:14 - INFO - trainer -   Saved model checkpoint to model_dir/AddToPlaylist/0/model.pth
04/22/2022 05:18:54 - INFO - trainer -   Epoch 18, train_loss 0.000395    Evalution acc 0.8595, recall 0.4974, f1 0.6302
04/22/2022 05:41:55 - INFO - trainer -   Epoch 19, train_loss 0.000417    Evalution acc 0.8245, recall 0.4923, f1 0.6165
04/22/2022 06:04:14 - INFO - trainer -   Epoch 20, train_loss 0.000354    Evalution acc 0.8016, recall 0.5004, f1 0.6161
04/22/2022 06:26:36 - INFO - trainer -   Epoch 21, train_loss 0.000288    Evalution acc 0.8560, recall 0.5311, f1 0.6555
04/22/2022 06:48:58 - INFO - trainer -   Epoch 22, train_loss 0.000186    Evalution acc 0.8177, recall 0.4799, f1 0.6048
04/22/2022 07:11:20 - INFO - trainer -   Epoch 23, train_loss 0.000217    Evalution acc 0.8000, recall 0.4718, f1 0.5935
04/22/2022 07:33:42 - INFO - trainer -   Epoch 24, train_loss 0.000268    Evalution acc 0.7742, recall 0.4623, f1 0.5789
04/22/2022 07:56:01 - INFO - trainer -   Epoch 25, train_loss 0.000346    Evalution acc 0.8086, recall 0.5077, f1 0.6238
04/22/2022 08:18:25 - INFO - trainer -   Epoch 26, train_loss 0.000283    Evalution acc 0.8688, recall 0.5289, f1 0.6576
04/22/2022 08:40:46 - INFO - trainer -   Epoch 27, train_loss 0.000183    Evalution acc 0.8437, recall 0.5260, f1 0.6480
04/22/2022 09:03:03 - INFO - trainer -   Epoch 28, train_loss 0.000261    Evalution acc 0.8481, recall 0.5319, f1 0.6538
04/22/2022 09:28:30 - INFO - trainer -   Epoch 29, train_loss 0.000201    Evalution acc 0.8341, recall 0.5267, f1 0.6457
04/22/2022 09:54:25 - INFO - trainer -   Epoch 30, train_loss 0.000149    Evalution acc 0.7816, recall 0.4982, f1 0.6085
04/22/2022 10:17:15 - INFO - trainer -   Epoch 31, train_loss 0.000238    Evalution acc 0.8480, recall 0.5311, f1 0.6532
04/22/2022 10:40:09 - INFO - trainer -   Epoch 32, train_loss 0.000185    Evalution acc 0.8482, recall 0.5158, f1 0.6415
04/22/2022 10:40:09 - INFO - trainer -   Reach early stop count 15, training stop
04/22/2022 10:40:10 - INFO - __main__ -   Starting test...
04/22/2022 10:40:49 - INFO - trainer -   ***********************************************************
04/22/2022 10:40:49 - INFO - trainer -   Target domain = AddToPlaylist
04/22/2022 10:40:49 - INFO - trainer -   Test result: acc 0.8611, recall 0.5452, f1 0.6676
04/22/2022 10:40:49 - INFO - trainer -   ***********************************************************
04/24/2022 00:47:24 - INFO - __main__ -   **********************Job Start**********************
04/24/2022 00:47:24 - INFO - __main__ -   Learning rate = 1e-05
04/24/2022 00:47:24 - INFO - __main__ -   Warmup rate = 0.0
04/24/2022 00:47:24 - INFO - __main__ -   Batch_size = 8
04/24/2022 00:47:24 - INFO - __main__ -   Gradient_accumulation_steps = 1
04/24/2022 00:47:24 - INFO - __main__ -   Train epoch = 64
04/24/2022 00:47:24 - INFO - __main__ -   Pretrained_model name = bert-large-uncased
04/24/2022 00:47:38 - INFO - dataset -   Loading data from ../data/snips/AddToPlaylist/AddToPlaylist.txt, total nums is 2042
04/24/2022 00:47:38 - INFO - dataset -   Loading data from ../data/snips/BookRestaurant/BookRestaurant.txt, total nums is 2073
04/24/2022 00:47:38 - INFO - dataset -   Loading data from ../data/snips/GetWeather/GetWeather.txt, total nums is 2100
04/24/2022 00:47:38 - INFO - dataset -   Loading data from ../data/snips/PlayMusic/PlayMusic.txt, total nums is 2100
04/24/2022 00:47:38 - INFO - dataset -   Loading data from ../data/snips/RateBook/RateBook.txt, total nums is 2056
04/24/2022 00:47:38 - INFO - dataset -   Loading data from ../data/snips/SearchCreativeWork/SearchCreativeWork.txt, total nums is 2054
04/24/2022 00:47:38 - INFO - dataset -   Loading data from ../data/snips/SearchScreeningEvent/SearchScreeningEvent.txt, total nums is 2059
04/24/2022 00:47:38 - INFO - dataset -   Loading data from ../data/atis/atis.txt, total nums is 5871
04/24/2022 00:47:38 - INFO - dataset -   Using queries from description.
04/24/2022 00:47:38 - INFO - dataset -   Using queries from description.
04/24/2022 00:47:38 - INFO - dataset -   Using queries from description.
04/24/2022 00:47:38 - INFO - dataset -   Using queries from description.
04/24/2022 00:47:38 - INFO - dataset -   Using queries from description.
04/24/2022 00:47:38 - INFO - dataset -   Using queries from description.
04/24/2022 00:47:39 - INFO - dataset -   Using queries from description.
04/24/2022 00:47:39 - INFO - dataset -   Using queries from description.
04/24/2022 00:47:39 - INFO - dataset -   Using queries from description.
04/24/2022 00:47:39 - INFO - dataset -   The target domain is AddToPlaylist
04/24/2022 00:47:39 - INFO - dataset -   train_data: 12442 -> 99735
04/24/2022 00:47:39 - INFO - dataset -   valid_data: 500 -> 2500
04/24/2022 00:47:39 - INFO - dataset -   test_data: 1542 -> 7710
04/24/2022 00:50:01 - INFO - __main__ -   **********************Job Start**********************
04/24/2022 00:50:01 - INFO - __main__ -   Learning rate = 1e-05
04/24/2022 00:50:01 - INFO - __main__ -   Warmup rate = 0.0
04/24/2022 00:50:01 - INFO - __main__ -   Batch_size = 8
04/24/2022 00:50:01 - INFO - __main__ -   Gradient_accumulation_steps = 1
04/24/2022 00:50:01 - INFO - __main__ -   Train epoch = 64
04/24/2022 00:50:01 - INFO - __main__ -   Pretrained_model name = bert-large-uncased
04/24/2022 00:50:15 - INFO - dataset -   Loading data from ../data/snips/AddToPlaylist/AddToPlaylist.txt, total nums is 2042
04/24/2022 00:50:15 - INFO - dataset -   Loading data from ../data/snips/BookRestaurant/BookRestaurant.txt, total nums is 2073
04/24/2022 00:50:15 - INFO - dataset -   Loading data from ../data/snips/GetWeather/GetWeather.txt, total nums is 2100
04/24/2022 00:50:15 - INFO - dataset -   Loading data from ../data/snips/PlayMusic/PlayMusic.txt, total nums is 2100
04/24/2022 00:50:15 - INFO - dataset -   Loading data from ../data/snips/RateBook/RateBook.txt, total nums is 2056
04/24/2022 00:50:15 - INFO - dataset -   Loading data from ../data/snips/SearchCreativeWork/SearchCreativeWork.txt, total nums is 2054
04/24/2022 00:50:15 - INFO - dataset -   Loading data from ../data/snips/SearchScreeningEvent/SearchScreeningEvent.txt, total nums is 2059
04/24/2022 00:50:15 - INFO - dataset -   Loading data from ../data/atis/atis.txt, total nums is 5871
04/24/2022 00:50:15 - INFO - dataset -   Using queries from description.
04/24/2022 00:50:15 - INFO - dataset -   Using queries from description.
04/24/2022 00:50:16 - INFO - dataset -   Using queries from description.
04/24/2022 00:50:16 - INFO - dataset -   Using queries from description.
04/24/2022 00:50:16 - INFO - dataset -   Using queries from description.
04/24/2022 00:50:16 - INFO - dataset -   Using queries from description.
04/24/2022 00:50:16 - INFO - dataset -   Using queries from description.
04/24/2022 00:50:16 - INFO - dataset -   Using queries from description.
04/24/2022 00:50:16 - INFO - dataset -   Using queries from description.
04/24/2022 00:50:16 - INFO - dataset -   The target domain is AddToPlaylist
04/24/2022 00:50:16 - INFO - dataset -   train_data: 12442 -> 99735
04/24/2022 00:50:16 - INFO - dataset -   valid_data: 500 -> 2500
04/24/2022 00:50:16 - INFO - dataset -   test_data: 1542 -> 7710
04/24/2022 00:50:49 - INFO - __main__ -   **********************Job Start**********************
04/24/2022 00:50:49 - INFO - __main__ -   Learning rate = 1e-05
04/24/2022 00:50:49 - INFO - __main__ -   Warmup rate = 0.0
04/24/2022 00:50:49 - INFO - __main__ -   Batch_size = 8
04/24/2022 00:50:49 - INFO - __main__ -   Gradient_accumulation_steps = 1
04/24/2022 00:50:49 - INFO - __main__ -   Train epoch = 64
04/24/2022 00:50:49 - INFO - __main__ -   Pretrained_model name = bert-large-uncased
04/24/2022 00:51:03 - INFO - dataset -   Loading data from ../data/snips/AddToPlaylist/AddToPlaylist.txt, total nums is 2042
04/24/2022 00:51:03 - INFO - dataset -   Loading data from ../data/snips/BookRestaurant/BookRestaurant.txt, total nums is 2073
04/24/2022 00:51:03 - INFO - dataset -   Loading data from ../data/snips/GetWeather/GetWeather.txt, total nums is 2100
04/24/2022 00:51:03 - INFO - dataset -   Loading data from ../data/snips/PlayMusic/PlayMusic.txt, total nums is 2100
04/24/2022 00:51:03 - INFO - dataset -   Loading data from ../data/snips/RateBook/RateBook.txt, total nums is 2056
04/24/2022 00:51:03 - INFO - dataset -   Loading data from ../data/snips/SearchCreativeWork/SearchCreativeWork.txt, total nums is 2054
04/24/2022 00:51:03 - INFO - dataset -   Loading data from ../data/snips/SearchScreeningEvent/SearchScreeningEvent.txt, total nums is 2059
04/24/2022 00:51:03 - INFO - dataset -   Loading data from ../data/atis/atis.txt, total nums is 5871
04/24/2022 00:51:03 - INFO - dataset -   Using queries from description.
04/24/2022 00:51:03 - INFO - dataset -   Using queries from description.
04/24/2022 00:51:03 - INFO - dataset -   Using queries from description.
04/24/2022 00:51:03 - INFO - dataset -   Using queries from description.
04/24/2022 00:51:03 - INFO - dataset -   Using queries from description.
04/24/2022 00:51:03 - INFO - dataset -   Using queries from description.
04/24/2022 00:51:04 - INFO - dataset -   Using queries from description.
04/24/2022 00:51:04 - INFO - dataset -   Using queries from description.
04/24/2022 00:51:04 - INFO - dataset -   Using queries from description.
04/24/2022 00:51:04 - INFO - dataset -   The target domain is AddToPlaylist
04/24/2022 00:51:04 - INFO - dataset -   train_data: 12442 -> 99735
04/24/2022 00:51:04 - INFO - dataset -   valid_data: 500 -> 2500
04/24/2022 00:51:04 - INFO - dataset -   test_data: 1542 -> 7710
04/24/2022 00:53:12 - INFO - __main__ -   **********************Job Start**********************
04/24/2022 00:53:12 - INFO - __main__ -   Learning rate = 1e-05
04/24/2022 00:53:12 - INFO - __main__ -   Warmup rate = 0.0
04/24/2022 00:53:12 - INFO - __main__ -   Batch_size = 8
04/24/2022 00:53:12 - INFO - __main__ -   Gradient_accumulation_steps = 1
04/24/2022 00:53:12 - INFO - __main__ -   Train epoch = 64
04/24/2022 00:53:12 - INFO - __main__ -   Pretrained_model name = bert-large-uncased
04/24/2022 00:53:26 - INFO - dataset -   Loading data from ../data/snips/AddToPlaylist/AddToPlaylist.txt, total nums is 2042
04/24/2022 00:53:26 - INFO - dataset -   Loading data from ../data/snips/BookRestaurant/BookRestaurant.txt, total nums is 2073
04/24/2022 00:53:26 - INFO - dataset -   Loading data from ../data/snips/GetWeather/GetWeather.txt, total nums is 2100
04/24/2022 00:53:26 - INFO - dataset -   Loading data from ../data/snips/PlayMusic/PlayMusic.txt, total nums is 2100
04/24/2022 00:53:26 - INFO - dataset -   Loading data from ../data/snips/RateBook/RateBook.txt, total nums is 2056
04/24/2022 00:53:26 - INFO - dataset -   Loading data from ../data/snips/SearchCreativeWork/SearchCreativeWork.txt, total nums is 2054
04/24/2022 00:53:26 - INFO - dataset -   Loading data from ../data/snips/SearchScreeningEvent/SearchScreeningEvent.txt, total nums is 2059
04/24/2022 00:53:26 - INFO - dataset -   Loading data from ../data/atis/atis.txt, total nums is 5871
04/24/2022 00:53:26 - INFO - dataset -   Using queries from description.
04/24/2022 00:53:27 - INFO - dataset -   Using queries from description.
04/24/2022 00:53:27 - INFO - dataset -   Using queries from description.
04/24/2022 00:53:27 - INFO - dataset -   Using queries from description.
04/24/2022 00:53:27 - INFO - dataset -   Using queries from description.
04/24/2022 00:53:27 - INFO - dataset -   Using queries from description.
04/24/2022 00:53:27 - INFO - dataset -   Using queries from description.
04/24/2022 00:53:27 - INFO - dataset -   Using queries from description.
04/24/2022 00:53:27 - INFO - dataset -   Using queries from description.
04/24/2022 00:53:27 - INFO - dataset -   The target domain is AddToPlaylist
04/24/2022 00:53:27 - INFO - dataset -   train_data: 12442 -> 99735
04/24/2022 00:53:27 - INFO - dataset -   valid_data: 500 -> 2500
04/24/2022 00:53:27 - INFO - dataset -   test_data: 1542 -> 7710
04/24/2022 00:54:07 - INFO - __main__ -   **********************Job Start**********************
04/24/2022 00:54:07 - INFO - __main__ -   Learning rate = 1e-05
04/24/2022 00:54:07 - INFO - __main__ -   Warmup rate = 0.0
04/24/2022 00:54:07 - INFO - __main__ -   Batch_size = 8
04/24/2022 00:54:07 - INFO - __main__ -   Gradient_accumulation_steps = 1
04/24/2022 00:54:07 - INFO - __main__ -   Train epoch = 64
04/24/2022 00:54:07 - INFO - __main__ -   Pretrained_model name = bert-large-uncased
04/24/2022 00:54:21 - INFO - dataset -   Loading data from ../data/snips/AddToPlaylist/AddToPlaylist.txt, total nums is 2042
04/24/2022 00:54:21 - INFO - dataset -   Loading data from ../data/snips/BookRestaurant/BookRestaurant.txt, total nums is 2073
04/24/2022 00:54:21 - INFO - dataset -   Loading data from ../data/snips/GetWeather/GetWeather.txt, total nums is 2100
04/24/2022 00:54:21 - INFO - dataset -   Loading data from ../data/snips/PlayMusic/PlayMusic.txt, total nums is 2100
04/24/2022 00:54:21 - INFO - dataset -   Loading data from ../data/snips/RateBook/RateBook.txt, total nums is 2056
04/24/2022 00:54:21 - INFO - dataset -   Loading data from ../data/snips/SearchCreativeWork/SearchCreativeWork.txt, total nums is 2054
04/24/2022 00:54:21 - INFO - dataset -   Loading data from ../data/snips/SearchScreeningEvent/SearchScreeningEvent.txt, total nums is 2059
04/24/2022 00:54:21 - INFO - dataset -   Loading data from ../data/atis/atis.txt, total nums is 5871
04/24/2022 00:54:21 - INFO - dataset -   Using queries from description.
04/24/2022 00:54:21 - INFO - dataset -   Using queries from description.
04/24/2022 00:54:21 - INFO - dataset -   Using queries from description.
04/24/2022 00:54:21 - INFO - dataset -   Using queries from description.
04/24/2022 00:54:21 - INFO - dataset -   Using queries from description.
04/24/2022 00:54:21 - INFO - dataset -   Using queries from description.
04/24/2022 00:54:22 - INFO - dataset -   Using queries from description.
04/24/2022 00:54:22 - INFO - dataset -   Using queries from description.
04/24/2022 00:54:22 - INFO - dataset -   Using queries from description.
04/24/2022 00:54:22 - INFO - dataset -   The target domain is AddToPlaylist
04/24/2022 00:54:22 - INFO - dataset -   train_data: 12442 -> 99735
04/24/2022 00:54:22 - INFO - dataset -   valid_data: 500 -> 2500
04/24/2022 00:54:22 - INFO - dataset -   test_data: 1542 -> 7710
04/24/2022 01:28:23 - INFO - __main__ -   **********************Job Start**********************
04/24/2022 01:28:23 - INFO - __main__ -   Learning rate = 1e-05
04/24/2022 01:28:23 - INFO - __main__ -   Warmup rate = 0.0
04/24/2022 01:28:23 - INFO - __main__ -   Batch_size = 32
04/24/2022 01:28:23 - INFO - __main__ -   Gradient_accumulation_steps = 1
04/24/2022 01:28:23 - INFO - __main__ -   Train epoch = 64
04/24/2022 01:28:23 - INFO - __main__ -   Pretrained_model name = bert-large-uncased
04/24/2022 01:28:36 - INFO - dataset -   Loading data from ../data/snips/AddToPlaylist/AddToPlaylist.txt, total nums is 2042
04/24/2022 01:28:36 - INFO - dataset -   Loading data from ../data/snips/BookRestaurant/BookRestaurant.txt, total nums is 2073
04/24/2022 01:28:36 - INFO - dataset -   Loading data from ../data/snips/GetWeather/GetWeather.txt, total nums is 2100
04/24/2022 01:28:36 - INFO - dataset -   Loading data from ../data/snips/PlayMusic/PlayMusic.txt, total nums is 2100
04/24/2022 01:28:36 - INFO - dataset -   Loading data from ../data/snips/RateBook/RateBook.txt, total nums is 2056
04/24/2022 01:28:36 - INFO - dataset -   Loading data from ../data/snips/SearchCreativeWork/SearchCreativeWork.txt, total nums is 2054
04/24/2022 01:28:36 - INFO - dataset -   Loading data from ../data/snips/SearchScreeningEvent/SearchScreeningEvent.txt, total nums is 2059
04/24/2022 01:28:36 - INFO - dataset -   Loading data from ../data/atis/atis.txt, total nums is 5871
04/24/2022 01:28:36 - INFO - dataset -   Using queries from description.
04/24/2022 01:28:36 - INFO - dataset -   Using queries from description.
04/24/2022 01:28:37 - INFO - dataset -   Using queries from description.
04/24/2022 01:28:37 - INFO - dataset -   Using queries from description.
04/24/2022 01:28:37 - INFO - dataset -   Using queries from description.
04/24/2022 01:28:37 - INFO - dataset -   Using queries from description.
04/24/2022 01:28:37 - INFO - dataset -   Using queries from description.
04/24/2022 01:28:37 - INFO - dataset -   Using queries from description.
04/24/2022 01:28:37 - INFO - dataset -   Using queries from description.
04/24/2022 01:28:37 - INFO - dataset -   The target domain is AddToPlaylist
04/24/2022 01:28:37 - INFO - dataset -   train_data: 12442 -> 99735
04/24/2022 01:28:37 - INFO - dataset -   valid_data: 500 -> 2500
04/24/2022 01:28:37 - INFO - dataset -   test_data: 1542 -> 7710
04/24/2022 08:11:54 - INFO - __main__ -   **********************Job Start**********************
04/24/2022 08:11:54 - INFO - __main__ -   Learning rate = 1e-05
04/24/2022 08:11:54 - INFO - __main__ -   Warmup rate = 0.0
04/24/2022 08:11:54 - INFO - __main__ -   Batch_size = 32
04/24/2022 08:11:54 - INFO - __main__ -   Gradient_accumulation_steps = 1
04/24/2022 08:11:54 - INFO - __main__ -   Train epoch = 64
04/24/2022 08:11:54 - INFO - __main__ -   Pretrained_model name = bert-large-uncased
04/24/2022 08:12:08 - INFO - dataset -   Loading data from ../data/snips/AddToPlaylist/AddToPlaylist.txt, total nums is 2042
04/24/2022 08:12:08 - INFO - dataset -   Loading data from ../data/snips/BookRestaurant/BookRestaurant.txt, total nums is 2073
04/24/2022 08:12:08 - INFO - dataset -   Loading data from ../data/snips/GetWeather/GetWeather.txt, total nums is 2100
04/24/2022 08:12:08 - INFO - dataset -   Loading data from ../data/snips/PlayMusic/PlayMusic.txt, total nums is 2100
04/24/2022 08:12:08 - INFO - dataset -   Loading data from ../data/snips/RateBook/RateBook.txt, total nums is 2056
04/24/2022 08:12:08 - INFO - dataset -   Loading data from ../data/snips/SearchCreativeWork/SearchCreativeWork.txt, total nums is 2054
04/24/2022 08:12:08 - INFO - dataset -   Loading data from ../data/snips/SearchScreeningEvent/SearchScreeningEvent.txt, total nums is 2059
04/24/2022 08:12:08 - INFO - dataset -   Loading data from ../data/atis/atis.txt, total nums is 5871
04/24/2022 08:12:08 - INFO - dataset -   Using queries from description.
04/24/2022 08:12:08 - INFO - dataset -   Using queries from description.
04/24/2022 08:12:08 - INFO - dataset -   Using queries from description.
04/24/2022 08:12:09 - INFO - dataset -   Using queries from description.
04/24/2022 08:12:09 - INFO - dataset -   Using queries from description.
04/24/2022 08:12:09 - INFO - dataset -   Using queries from description.
04/24/2022 08:12:09 - INFO - dataset -   Using queries from description.
04/24/2022 08:12:09 - INFO - dataset -   Using queries from description.
04/24/2022 08:12:09 - INFO - dataset -   Using queries from description.
04/24/2022 08:12:09 - INFO - dataset -   The target domain is AddToPlaylist
04/24/2022 08:12:09 - INFO - dataset -   train_data: 12442 -> 99735
04/24/2022 08:12:09 - INFO - dataset -   valid_data: 500 -> 2500
04/24/2022 08:12:09 - INFO - dataset -   test_data: 1542 -> 7710
04/24/2022 08:58:14 - INFO - trainer -   Epoch 1, train_loss 0.050164    Evalution acc 0.7920, recall 0.4799, f1 0.5976
04/24/2022 08:58:43 - INFO - trainer -   Saved model checkpoint to model_dir/AddToPlaylist/0/model.pth
04/24/2022 09:44:23 - INFO - trainer -   Epoch 2, train_loss 0.010149    Evalution acc 0.8722, recall 0.4549, f1 0.5980
04/24/2022 09:44:55 - INFO - trainer -   Saved model checkpoint to model_dir/AddToPlaylist/0/model.pth
04/24/2022 10:30:10 - INFO - trainer -   Epoch 3, train_loss 0.005842    Evalution acc 0.7981, recall 0.4864, f1 0.6045
04/24/2022 10:30:40 - INFO - trainer -   Saved model checkpoint to model_dir/AddToPlaylist/0/model.pth
04/24/2022 11:16:05 - INFO - trainer -   Epoch 4, train_loss 0.003878    Evalution acc 0.9018, recall 0.4374, f1 0.5890
04/24/2022 12:01:23 - INFO - trainer -   Epoch 5, train_loss 0.002614    Evalution acc 0.8611, recall 0.4586, f1 0.5985
04/24/2022 12:46:14 - INFO - trainer -   Epoch 6, train_loss 0.001838    Evalution acc 0.8333, recall 0.3480, f1 0.4910
04/24/2022 13:30:59 - INFO - trainer -   Epoch 7, train_loss 0.001499    Evalution acc 0.8200, recall 0.3905, f1 0.5290
04/24/2022 14:15:31 - INFO - trainer -   Epoch 8, train_loss 0.001227    Evalution acc 0.8606, recall 0.3121, f1 0.4581
04/24/2022 15:00:26 - INFO - trainer -   Epoch 9, train_loss 0.000876    Evalution acc 0.7958, recall 0.3853, f1 0.5192
04/24/2022 15:45:21 - INFO - trainer -   Epoch 10, train_loss 0.001057    Evalution acc 0.6387, recall 0.2344, f1 0.3430
04/24/2022 16:30:19 - INFO - trainer -   Epoch 11, train_loss 0.000826    Evalution acc 0.6999, recall 0.3656, f1 0.4803
04/24/2022 17:15:12 - INFO - trainer -   Epoch 12, train_loss 0.000759    Evalution acc 0.6962, recall 0.4029, f1 0.5104
04/24/2022 18:00:13 - INFO - trainer -   Epoch 13, train_loss 0.000662    Evalution acc 0.6955, recall 0.3414, f1 0.4580
04/24/2022 18:00:13 - INFO - trainer -   Reach early stop count 10, training stop
04/24/2022 18:00:14 - INFO - __main__ -   Starting test...
04/24/2022 18:02:07 - INFO - trainer -   ***********************************************************
04/24/2022 18:02:07 - INFO - trainer -   Target domain = AddToPlaylist
04/24/2022 18:02:07 - INFO - trainer -   Test result: acc 0.7870, recall 0.4732, f1 0.5911
04/24/2022 18:02:07 - INFO - trainer -   ***********************************************************
04/24/2022 23:57:16 - INFO - __main__ -   **********************Job Start**********************
04/24/2022 23:57:16 - INFO - __main__ -   Learning rate = 1e-05
04/24/2022 23:57:16 - INFO - __main__ -   Warmup rate = 0.0
04/24/2022 23:57:16 - INFO - __main__ -   Batch_size = 32
04/24/2022 23:57:16 - INFO - __main__ -   Gradient_accumulation_steps = 1
04/24/2022 23:57:16 - INFO - __main__ -   Train epoch = 64
04/24/2022 23:57:16 - INFO - __main__ -   Pretrained_model name = bert-large-uncased
04/24/2022 23:57:32 - INFO - dataset -   The target domain is AddToPlaylist
04/24/2022 23:57:32 - INFO - dataset -   train_data length = 99735
04/24/2022 23:57:32 - INFO - dataset -   valid_data length = 2500
04/24/2022 23:57:32 - INFO - dataset -   test_data length = 7710
04/25/2022 00:29:41 - INFO - trainer -   Epoch 1, train_loss 0.527048    Evalution acc 0.1199, recall 0.0996, f1 0.1088
04/25/2022 00:30:29 - INFO - trainer -   Saved model checkpoint to model_dir/AddToPlaylist/0/model.pth
04/25/2022 01:02:51 - INFO - trainer -   Epoch 2, train_loss 0.082272    Evalution acc 0.0225, recall 0.0183, f1 0.0202
04/25/2022 01:06:24 - INFO - __main__ -   **********************Job Start**********************
04/25/2022 01:06:24 - INFO - __main__ -   Learning rate = 1e-05
04/25/2022 01:06:24 - INFO - __main__ -   Warmup rate = 0.0
04/25/2022 01:06:24 - INFO - __main__ -   Batch_size = 32
04/25/2022 01:06:24 - INFO - __main__ -   Gradient_accumulation_steps = 1
04/25/2022 01:06:24 - INFO - __main__ -   Train epoch = 64
04/25/2022 01:06:24 - INFO - __main__ -   Pretrained_model name = bert-large-uncased
04/25/2022 01:06:42 - INFO - dataset -   The target domain is AddToPlaylist
04/25/2022 01:06:42 - INFO - dataset -   train_data length = 99735
04/25/2022 01:06:42 - INFO - dataset -   valid_data length = 2500
04/25/2022 01:06:42 - INFO - dataset -   test_data length = 7710
04/25/2022 01:39:08 - INFO - trainer -   Epoch 1, train_loss 0.527048    Evalution acc 0.5175, recall 0.5414, f1 0.5292
04/25/2022 01:39:45 - INFO - trainer -   Saved model checkpoint to model_dir/AddToPlaylist/0/model.pth
04/25/2022 02:12:02 - INFO - trainer -   Epoch 2, train_loss 0.082272    Evalution acc 0.4420, recall 0.5670, f1 0.4968
04/25/2022 02:44:14 - INFO - trainer -   Epoch 3, train_loss 0.047331    Evalution acc 0.4602, recall 0.5333, f1 0.4941
04/25/2022 03:16:40 - INFO - trainer -   Epoch 4, train_loss 0.032765    Evalution acc 0.4212, recall 0.5897, f1 0.4915
04/25/2022 03:48:58 - INFO - trainer -   Epoch 5, train_loss 0.021712    Evalution acc 0.5130, recall 0.5619, f1 0.5364
04/25/2022 03:49:33 - INFO - trainer -   Saved model checkpoint to model_dir/AddToPlaylist/0/model.pth
04/25/2022 04:21:51 - INFO - trainer -   Epoch 6, train_loss 0.014499    Evalution acc 0.4372, recall 0.5223, f1 0.4760
04/25/2022 04:54:05 - INFO - trainer -   Epoch 7, train_loss 0.011054    Evalution acc 0.4041, recall 0.5553, f1 0.4678
04/25/2022 05:26:29 - INFO - trainer -   Epoch 8, train_loss 0.008615    Evalution acc 0.4437, recall 0.5516, f1 0.4918
04/25/2022 05:58:36 - INFO - trainer -   Epoch 9, train_loss 0.007224    Evalution acc 0.4874, recall 0.5648, f1 0.5232
04/25/2022 06:30:53 - INFO - trainer -   Epoch 10, train_loss 0.005237    Evalution acc 0.4224, recall 0.5641, f1 0.4831
04/25/2022 07:03:08 - INFO - trainer -   Epoch 11, train_loss 0.005642    Evalution acc 0.5640, recall 0.5553, f1 0.5596
04/25/2022 07:03:43 - INFO - trainer -   Saved model checkpoint to model_dir/AddToPlaylist/0/model.pth
04/25/2022 07:36:05 - INFO - trainer -   Epoch 12, train_loss 0.003676    Evalution acc 0.5485, recall 0.5509, f1 0.5497
04/25/2022 08:08:12 - INFO - trainer -   Epoch 13, train_loss 0.003373    Evalution acc 0.4940, recall 0.5451, f1 0.5183
04/25/2022 08:40:27 - INFO - trainer -   Epoch 14, train_loss 0.002740    Evalution acc 0.5489, recall 0.5473, f1 0.5481
04/25/2022 09:12:42 - INFO - trainer -   Epoch 15, train_loss 0.002936    Evalution acc 0.5203, recall 0.5634, f1 0.5410
04/25/2022 09:45:00 - INFO - trainer -   Epoch 16, train_loss 0.002751    Evalution acc 0.5133, recall 0.5663, f1 0.5385
04/25/2022 10:17:08 - INFO - trainer -   Epoch 17, train_loss 0.002696    Evalution acc 0.4993, recall 0.5575, f1 0.5268
04/25/2022 10:46:51 - INFO - __main__ -   **********************Job Start**********************
04/25/2022 10:46:51 - INFO - __main__ -   Learning rate = 1e-05
04/25/2022 10:46:51 - INFO - __main__ -   Warmup rate = 0.0
04/25/2022 10:46:51 - INFO - __main__ -   Batch_size = 32
04/25/2022 10:46:51 - INFO - __main__ -   Gradient_accumulation_steps = 1
04/25/2022 10:46:51 - INFO - __main__ -   Train epoch = 64
04/25/2022 10:46:51 - INFO - __main__ -   Pretrained_model name = bert-large-uncased
04/25/2022 10:47:10 - INFO - dataset -   The target domain is AddToPlaylist
04/25/2022 10:47:10 - INFO - dataset -   train_data length = 99735
04/25/2022 10:47:10 - INFO - dataset -   valid_data length = 2500
04/25/2022 10:47:10 - INFO - dataset -   test_data length = 7710
04/25/2022 11:17:50 - INFO - trainer -   Epoch 1, train_loss 0.627333    Evalution acc 0.4305, recall 0.4630, f1 0.4462
04/25/2022 11:18:27 - INFO - trainer -   Saved model checkpoint to model_dir/AddToPlaylist/0/model.pth
04/25/2022 11:49:07 - INFO - trainer -   Epoch 2, train_loss 0.094259    Evalution acc 0.4988, recall 0.6029, f1 0.5459
04/25/2022 11:49:55 - INFO - trainer -   Saved model checkpoint to model_dir/AddToPlaylist/0/model.pth
04/25/2022 12:20:19 - INFO - trainer -   Epoch 3, train_loss 0.054673    Evalution acc 0.4618, recall 0.5495, f1 0.5018
04/25/2022 12:50:43 - INFO - trainer -   Epoch 4, train_loss 0.033488    Evalution acc 0.4321, recall 0.5363, f1 0.4786
04/25/2022 13:21:20 - INFO - trainer -   Epoch 5, train_loss 0.021415    Evalution acc 0.5177, recall 0.5560, f1 0.5362
04/25/2022 13:51:52 - INFO - trainer -   Epoch 6, train_loss 0.013864    Evalution acc 0.4600, recall 0.5597, f1 0.5050
04/25/2022 14:22:20 - INFO - trainer -   Epoch 7, train_loss 0.009950    Evalution acc 0.4725, recall 0.5736, f1 0.5182
04/25/2022 14:44:31 - INFO - __main__ -   **********************Job Start**********************
04/25/2022 14:44:31 - INFO - __main__ -   Learning rate = 1e-05
04/25/2022 14:44:31 - INFO - __main__ -   Warmup rate = 0.0
04/25/2022 14:44:31 - INFO - __main__ -   Batch_size = 32
04/25/2022 14:44:31 - INFO - __main__ -   Gradient_accumulation_steps = 1
04/25/2022 14:44:31 - INFO - __main__ -   Train epoch = 64
04/25/2022 14:44:31 - INFO - __main__ -   Pretrained_model name = bert-large-uncased
04/25/2022 14:44:48 - INFO - dataset -   The target domain is AddToPlaylist
04/25/2022 14:44:48 - INFO - dataset -   train_data length = 99735
04/25/2022 14:44:48 - INFO - dataset -   valid_data length = 2500
04/25/2022 14:44:48 - INFO - dataset -   test_data length = 7710
04/25/2022 14:46:46 - INFO - __main__ -   **********************Job Start**********************
04/25/2022 14:46:46 - INFO - __main__ -   Learning rate = 1e-05
04/25/2022 14:46:46 - INFO - __main__ -   Warmup rate = 0.0
04/25/2022 14:46:46 - INFO - __main__ -   Batch_size = 32
04/25/2022 14:46:46 - INFO - __main__ -   Gradient_accumulation_steps = 1
04/25/2022 14:46:46 - INFO - __main__ -   Train epoch = 64
04/25/2022 14:46:46 - INFO - __main__ -   Pretrained_model name = bert-large-uncased
04/25/2022 14:47:03 - INFO - dataset -   The target domain is AddToPlaylist
04/25/2022 14:47:03 - INFO - dataset -   train_data length = 99735
04/25/2022 14:47:03 - INFO - dataset -   valid_data length = 2500
04/25/2022 14:47:03 - INFO - dataset -   test_data length = 7710
04/25/2022 15:25:00 - INFO - __main__ -   **********************Job Start**********************
04/25/2022 15:25:00 - INFO - __main__ -   Learning rate = 1e-05
04/25/2022 15:25:00 - INFO - __main__ -   Warmup rate = 0.0
04/25/2022 15:25:00 - INFO - __main__ -   Batch_size = 32
04/25/2022 15:25:00 - INFO - __main__ -   Gradient_accumulation_steps = 1
04/25/2022 15:25:00 - INFO - __main__ -   Train epoch = 64
04/25/2022 15:25:00 - INFO - __main__ -   Pretrained_model name = bert-large-uncased
04/25/2022 15:25:17 - INFO - dataset -   The target domain is AddToPlaylist
04/25/2022 15:25:17 - INFO - dataset -   train_data length = 99735
04/25/2022 15:25:17 - INFO - dataset -   valid_data length = 2500
04/25/2022 15:25:17 - INFO - dataset -   test_data length = 7710
04/25/2022 15:56:35 - INFO - trainer -   Epoch 1, train_loss 0.482232, MRC acc =  0.4814, Evalution acc 0.4814, recall 0.4469, f1 0.4453
04/25/2022 15:57:17 - INFO - trainer -   Saved model checkpoint to model_dir/AddToPlaylist/0/model.pth
04/25/2022 16:28:28 - INFO - trainer -   Epoch 2, train_loss 0.082938, MRC acc =  0.4897, Evalution acc 0.4897, recall 0.4044, f1 0.4187
04/25/2022 16:59:31 - INFO - trainer -   Epoch 3, train_loss 0.046328, MRC acc =  0.4944, Evalution acc 0.4944, recall 0.5231, f1 0.5016
04/25/2022 17:00:12 - INFO - trainer -   Saved model checkpoint to model_dir/AddToPlaylist/0/model.pth
04/25/2022 17:31:34 - INFO - trainer -   Epoch 4, train_loss 0.028232, MRC acc =  0.4958, Evalution acc 0.4958, recall 0.5487, f1 0.4955
04/25/2022 18:02:48 - INFO - trainer -   Epoch 5, train_loss 0.020063, MRC acc =  0.5029, Evalution acc 0.5029, recall 0.5678, f1 0.5297
04/25/2022 18:03:32 - INFO - trainer -   Saved model checkpoint to model_dir/AddToPlaylist/0/model.pth
04/25/2022 18:34:47 - INFO - trainer -   Epoch 6, train_loss 0.013382, MRC acc =  0.5022, Evalution acc 0.5022, recall 0.5458, f1 0.5047
04/25/2022 19:05:54 - INFO - trainer -   Epoch 7, train_loss 0.009947, MRC acc =  0.5080, Evalution acc 0.5080, recall 0.5106, f1 0.4514
04/25/2022 19:37:21 - INFO - trainer -   Epoch 8, train_loss 0.007561, MRC acc =  0.5033, Evalution acc 0.5033, recall 0.5582, f1 0.5085
04/25/2022 19:42:55 - INFO - __main__ -   **********************Job Start**********************
04/25/2022 19:42:55 - INFO - __main__ -   Learning rate = 1e-05
04/25/2022 19:42:55 - INFO - __main__ -   Warmup rate = 0.0
04/25/2022 19:42:55 - INFO - __main__ -   Batch_size = 32
04/25/2022 19:42:55 - INFO - __main__ -   Gradient_accumulation_steps = 1
04/25/2022 19:42:55 - INFO - __main__ -   Train epoch = 64
04/25/2022 19:42:55 - INFO - __main__ -   Pretrained_model name = bert-large-uncased
04/25/2022 19:43:12 - INFO - dataset -   The target domain is AddToPlaylist
04/25/2022 19:43:12 - INFO - dataset -   train_data length = 1000
04/25/2022 19:43:12 - INFO - dataset -   valid_data length = 2500
04/25/2022 19:43:12 - INFO - dataset -   test_data length = 7710
04/25/2022 19:45:28 - INFO - __main__ -   **********************Job Start**********************
04/25/2022 19:45:28 - INFO - __main__ -   Learning rate = 1e-05
04/25/2022 19:45:28 - INFO - __main__ -   Warmup rate = 0.0
04/25/2022 19:45:28 - INFO - __main__ -   Batch_size = 32
04/25/2022 19:45:28 - INFO - __main__ -   Gradient_accumulation_steps = 1
04/25/2022 19:45:28 - INFO - __main__ -   Train epoch = 64
04/25/2022 19:45:28 - INFO - __main__ -   Pretrained_model name = bert-large-uncased
04/25/2022 19:45:46 - INFO - dataset -   The target domain is AddToPlaylist
04/25/2022 19:45:46 - INFO - dataset -   train_data length = 1000
04/25/2022 19:45:46 - INFO - dataset -   valid_data length = 2500
04/25/2022 19:45:46 - INFO - dataset -   test_data length = 7710
04/25/2022 19:46:30 - INFO - trainer -   Epoch 1, train_loss 0.427276, Evalution acc 0.0087, recall 0.0015, f1 0.0025
04/25/2022 19:47:25 - INFO - __main__ -   **********************Job Start**********************
04/25/2022 19:47:25 - INFO - __main__ -   Learning rate = 1e-05
04/25/2022 19:47:25 - INFO - __main__ -   Warmup rate = 0.0
04/25/2022 19:47:25 - INFO - __main__ -   Batch_size = 32
04/25/2022 19:47:25 - INFO - __main__ -   Gradient_accumulation_steps = 1
04/25/2022 19:47:25 - INFO - __main__ -   Train epoch = 64
04/25/2022 19:47:25 - INFO - __main__ -   Pretrained_model name = bert-large-uncased
04/25/2022 19:47:49 - INFO - dataset -   The target domain is AddToPlaylist
04/25/2022 19:47:49 - INFO - dataset -   train_data length = 99735
04/25/2022 19:47:49 - INFO - dataset -   valid_data length = 2500
04/25/2022 19:47:49 - INFO - dataset -   test_data length = 7710
04/25/2022 20:18:58 - INFO - trainer -   Epoch 1, train_loss 0.060880, Evalution acc 0.7623, recall 0.5216, f1 0.6194
04/25/2022 20:19:46 - INFO - trainer -   Saved model checkpoint to model_dir/AddToPlaylist/0/model.pth
04/25/2022 20:50:43 - INFO - trainer -   Epoch 2, train_loss 0.010769, Evalution acc 0.7565, recall 0.5509, f1 0.6376
04/25/2022 20:51:19 - INFO - trainer -   Saved model checkpoint to model_dir/AddToPlaylist/0/model.pth
04/25/2022 21:22:10 - INFO - trainer -   Epoch 3, train_loss 0.006319, Evalution acc 0.7954, recall 0.5355, f1 0.6401
04/25/2022 21:23:10 - INFO - trainer -   Saved model checkpoint to model_dir/AddToPlaylist/0/model.pth
04/25/2022 21:53:59 - INFO - trainer -   Epoch 4, train_loss 0.003964, Evalution acc 0.8017, recall 0.5480, f1 0.6510
04/25/2022 21:54:35 - INFO - trainer -   Saved model checkpoint to model_dir/AddToPlaylist/0/model.pth
04/25/2022 22:25:30 - INFO - trainer -   Epoch 5, train_loss 0.002573, Evalution acc 0.7980, recall 0.5267, f1 0.6346
04/25/2022 22:56:11 - INFO - trainer -   Epoch 6, train_loss 0.001841, Evalution acc 0.7414, recall 0.5187, f1 0.6103
04/25/2022 23:26:39 - INFO - trainer -   Epoch 7, train_loss 0.001380, Evalution acc 0.7781, recall 0.5370, f1 0.6355
04/25/2022 23:57:36 - INFO - trainer -   Epoch 8, train_loss 0.001093, Evalution acc 0.7885, recall 0.5407, f1 0.6415
04/26/2022 00:28:22 - INFO - trainer -   Epoch 9, train_loss 0.000960, Evalution acc 0.8138, recall 0.5443, f1 0.6523
04/26/2022 00:29:00 - INFO - trainer -   Saved model checkpoint to model_dir/AddToPlaylist/0/model.pth
04/26/2022 00:59:51 - INFO - trainer -   Epoch 10, train_loss 0.001029, Evalution acc 0.7813, recall 0.5443, f1 0.6416
04/26/2022 01:30:46 - INFO - trainer -   Epoch 11, train_loss 0.000721, Evalution acc 0.7734, recall 0.5502, f1 0.6430
04/26/2022 02:01:48 - INFO - trainer -   Epoch 12, train_loss 0.000760, Evalution acc 0.7731, recall 0.5692, f1 0.6557
04/26/2022 02:02:26 - INFO - trainer -   Saved model checkpoint to model_dir/AddToPlaylist/0/model.pth
04/26/2022 02:33:31 - INFO - trainer -   Epoch 13, train_loss 0.000669, Evalution acc 0.7897, recall 0.5612, f1 0.6561
04/26/2022 02:34:09 - INFO - trainer -   Saved model checkpoint to model_dir/AddToPlaylist/0/model.pth
04/26/2022 03:05:15 - INFO - trainer -   Epoch 14, train_loss 0.000566, Evalution acc 0.7835, recall 0.5619, f1 0.6544
04/26/2022 03:36:02 - INFO - trainer -   Epoch 15, train_loss 0.000479, Evalution acc 0.7743, recall 0.5604, f1 0.6502
04/26/2022 04:07:02 - INFO - trainer -   Epoch 16, train_loss 0.000406, Evalution acc 0.7945, recall 0.5465, f1 0.6476
04/26/2022 04:37:49 - INFO - trainer -   Epoch 17, train_loss 0.000489, Evalution acc 0.6881, recall 0.5026, f1 0.5809
04/26/2022 05:08:36 - INFO - trainer -   Epoch 18, train_loss 0.000324, Evalution acc 0.7877, recall 0.5355, f1 0.6376
04/26/2022 05:39:20 - INFO - trainer -   Epoch 19, train_loss 0.000341, Evalution acc 0.7757, recall 0.5575, f1 0.6488
04/26/2022 06:10:16 - INFO - trainer -   Epoch 20, train_loss 0.000459, Evalution acc 0.7967, recall 0.5656, f1 0.6615
04/26/2022 06:10:50 - INFO - trainer -   Saved model checkpoint to model_dir/AddToPlaylist/0/model.pth
04/26/2022 06:41:35 - INFO - trainer -   Epoch 21, train_loss 0.000361, Evalution acc 0.7510, recall 0.5348, f1 0.6247
04/26/2022 07:12:26 - INFO - trainer -   Epoch 22, train_loss 0.000382, Evalution acc 0.7500, recall 0.5297, f1 0.6209
04/26/2022 07:43:14 - INFO - trainer -   Epoch 23, train_loss 0.000203, Evalution acc 0.7307, recall 0.5128, f1 0.6027
04/26/2022 08:14:10 - INFO - trainer -   Epoch 24, train_loss 0.000198, Evalution acc 0.7471, recall 0.5260, f1 0.6174
04/26/2022 08:44:52 - INFO - trainer -   Epoch 25, train_loss 0.000240, Evalution acc 0.7457, recall 0.5114, f1 0.6067
04/26/2022 09:15:19 - INFO - trainer -   Epoch 26, train_loss 0.000272, Evalution acc 0.7431, recall 0.5150, f1 0.6084
04/26/2022 09:46:05 - INFO - trainer -   Epoch 27, train_loss 0.000221, Evalution acc 0.7633, recall 0.5363, f1 0.6299
04/26/2022 10:16:47 - INFO - trainer -   Epoch 28, train_loss 0.000240, Evalution acc 0.7789, recall 0.5524, f1 0.6464
04/26/2022 10:47:37 - INFO - trainer -   Epoch 29, train_loss 0.000105, Evalution acc 0.7387, recall 0.5260, f1 0.6145
