04/21/2022 05:16:45 - INFO - __main__ -   **********************Job Start**********************
04/21/2022 05:16:45 - INFO - __main__ -   Learning rate = 1e-05
04/21/2022 05:16:45 - INFO - __main__ -   Warmup rate = 0.0
04/21/2022 05:16:45 - INFO - __main__ -   Batch_size = 32
04/21/2022 05:16:45 - INFO - __main__ -   Gradient_accumulation_steps = 1
04/21/2022 05:16:45 - INFO - __main__ -   Train epoch = 64
04/21/2022 05:16:45 - INFO - __main__ -   Pretrained_model name = bert-large-uncased
04/21/2022 05:23:35 - INFO - __main__ -   **********************Job Start**********************
04/21/2022 05:23:35 - INFO - __main__ -   Learning rate = 1e-05
04/21/2022 05:23:35 - INFO - __main__ -   Warmup rate = 0.0
04/21/2022 05:23:35 - INFO - __main__ -   Batch_size = 8
04/21/2022 05:23:35 - INFO - __main__ -   Gradient_accumulation_steps = 1
04/21/2022 05:23:35 - INFO - __main__ -   Train epoch = 64
04/21/2022 05:23:35 - INFO - __main__ -   Pretrained_model name = bert-large-uncased
04/21/2022 05:24:02 - INFO - dataset -   Loading data from ../data/snips/AddToPlaylist/AddToPlaylist.txt, total nums is 2042
04/21/2022 05:24:02 - INFO - dataset -   Loading data from ../data/snips/BookRestaurant/BookRestaurant.txt, total nums is 2073
04/21/2022 05:24:02 - INFO - dataset -   Loading data from ../data/snips/GetWeather/GetWeather.txt, total nums is 2100
04/21/2022 05:24:02 - INFO - dataset -   Loading data from ../data/snips/PlayMusic/PlayMusic.txt, total nums is 2100
04/21/2022 05:24:02 - INFO - dataset -   Loading data from ../data/snips/RateBook/RateBook.txt, total nums is 2056
04/21/2022 05:24:02 - INFO - dataset -   Loading data from ../data/snips/SearchCreativeWork/SearchCreativeWork.txt, total nums is 2054
04/21/2022 05:24:02 - INFO - dataset -   Loading data from ../data/snips/SearchScreeningEvent/SearchScreeningEvent.txt, total nums is 2059
04/21/2022 05:24:02 - INFO - dataset -   Loading data from ../data/atis/atis.txt, total nums is 5871
04/21/2022 05:24:02 - INFO - dataset -   Using queries from description.
04/21/2022 05:24:03 - INFO - dataset -   Using queries from description.
04/21/2022 05:24:03 - INFO - dataset -   Using queries from description.
04/21/2022 05:24:03 - INFO - dataset -   Using queries from description.
04/21/2022 05:24:03 - INFO - dataset -   Using queries from description.
04/21/2022 05:24:03 - INFO - dataset -   Using queries from description.
04/21/2022 05:24:03 - INFO - dataset -   Using queries from description.
04/21/2022 05:24:03 - INFO - dataset -   Using queries from description.
04/21/2022 05:24:03 - INFO - dataset -   Using queries from description.
04/21/2022 05:24:03 - INFO - dataset -   The target domain is BookRestaurant
04/21/2022 05:24:03 - INFO - dataset -   train_data: 12411 -> 80923
04/21/2022 05:24:03 - INFO - dataset -   valid_data: 500 -> 7000
04/21/2022 05:24:03 - INFO - dataset -   test_data: 1573 -> 22022
04/21/2022 05:33:21 - INFO - __main__ -   **********************Job Start**********************
04/21/2022 05:33:21 - INFO - __main__ -   Learning rate = 1e-05
04/21/2022 05:33:21 - INFO - __main__ -   Warmup rate = 0.0
04/21/2022 05:33:21 - INFO - __main__ -   Batch_size = 8
04/21/2022 05:33:21 - INFO - __main__ -   Gradient_accumulation_steps = 1
04/21/2022 05:33:21 - INFO - __main__ -   Train epoch = 64
04/21/2022 05:33:21 - INFO - __main__ -   Pretrained_model name = bert-large-uncased
04/21/2022 05:33:34 - INFO - dataset -   Loading data from ../data/snips/AddToPlaylist/AddToPlaylist.txt, total nums is 2042
04/21/2022 05:33:34 - INFO - dataset -   Loading data from ../data/snips/BookRestaurant/BookRestaurant.txt, total nums is 2073
04/21/2022 05:33:34 - INFO - dataset -   Loading data from ../data/snips/GetWeather/GetWeather.txt, total nums is 2100
04/21/2022 05:33:34 - INFO - dataset -   Loading data from ../data/snips/PlayMusic/PlayMusic.txt, total nums is 2100
04/21/2022 05:33:34 - INFO - dataset -   Loading data from ../data/snips/RateBook/RateBook.txt, total nums is 2056
04/21/2022 05:33:34 - INFO - dataset -   Loading data from ../data/snips/SearchCreativeWork/SearchCreativeWork.txt, total nums is 2054
04/21/2022 05:33:34 - INFO - dataset -   Loading data from ../data/snips/SearchScreeningEvent/SearchScreeningEvent.txt, total nums is 2059
04/21/2022 05:33:34 - INFO - dataset -   Loading data from ../data/atis/atis.txt, total nums is 5871
04/21/2022 05:33:34 - INFO - dataset -   Using queries from description.
04/21/2022 05:33:34 - INFO - dataset -   Using queries from description.
04/21/2022 05:33:34 - INFO - dataset -   Using queries from description.
04/21/2022 05:33:35 - INFO - dataset -   Using queries from description.
04/21/2022 05:33:35 - INFO - dataset -   Using queries from description.
04/21/2022 05:33:35 - INFO - dataset -   Using queries from description.
04/21/2022 05:33:35 - INFO - dataset -   Using queries from description.
04/21/2022 05:33:35 - INFO - dataset -   Using queries from description.
04/21/2022 05:33:35 - INFO - dataset -   Using queries from description.
04/21/2022 05:33:35 - INFO - dataset -   The target domain is BookRestaurant
04/21/2022 05:33:35 - INFO - dataset -   train_data: 12411 -> 80923
04/21/2022 05:33:35 - INFO - dataset -   valid_data: 500 -> 7000
04/21/2022 05:33:35 - INFO - dataset -   test_data: 1573 -> 22022
04/21/2022 06:15:25 - INFO - trainer -   Epoch 1, train_loss 0.192550    Evalution acc 0.2723, recall 0.2091, f1 0.2365
04/21/2022 06:16:00 - INFO - trainer -   Saved model checkpoint to model_dir/BookRestaurant/0/model.pth
04/21/2022 06:56:36 - INFO - trainer -   Epoch 2, train_loss 0.055093    Evalution acc 0.3302, recall 0.3200, f1 0.3250
04/21/2022 06:57:04 - INFO - trainer -   Saved model checkpoint to model_dir/BookRestaurant/0/model.pth
04/21/2022 07:36:36 - INFO - trainer -   Epoch 3, train_loss 0.037247    Evalution acc 0.4084, recall 0.3848, f1 0.3963
04/21/2022 07:37:06 - INFO - trainer -   Saved model checkpoint to model_dir/BookRestaurant/0/model.pth
04/21/2022 08:17:10 - INFO - trainer -   Epoch 4, train_loss 0.030307    Evalution acc 0.3732, recall 0.4121, f1 0.3917
04/21/2022 08:56:36 - INFO - trainer -   Epoch 5, train_loss 0.032687    Evalution acc 0.3509, recall 0.4188, f1 0.3819
04/21/2022 09:36:36 - INFO - trainer -   Epoch 6, train_loss 0.034974    Evalution acc 0.3742, recall 0.4364, f1 0.4029
04/21/2022 09:37:19 - INFO - trainer -   Saved model checkpoint to model_dir/BookRestaurant/0/model.pth
04/21/2022 10:17:20 - INFO - trainer -   Epoch 7, train_loss 0.026975    Evalution acc 0.3650, recall 0.3933, f1 0.3786
04/21/2022 10:56:36 - INFO - trainer -   Epoch 8, train_loss 0.021647    Evalution acc 0.4316, recall 0.4109, f1 0.4210
04/21/2022 10:57:06 - INFO - trainer -   Saved model checkpoint to model_dir/BookRestaurant/0/model.pth
04/21/2022 11:37:23 - INFO - trainer -   Epoch 9, train_loss 0.021004    Evalution acc 0.4597, recall 0.3212, f1 0.3782
04/21/2022 12:16:43 - INFO - trainer -   Epoch 10, train_loss 0.019689    Evalution acc 0.3824, recall 0.4533, f1 0.4149
04/21/2022 12:56:21 - INFO - trainer -   Epoch 11, train_loss 0.019598    Evalution acc 0.4519, recall 0.4212, f1 0.4360
04/21/2022 12:56:54 - INFO - trainer -   Saved model checkpoint to model_dir/BookRestaurant/0/model.pth
04/21/2022 13:35:41 - INFO - trainer -   Epoch 12, train_loss 0.018358    Evalution acc 0.4608, recall 0.3097, f1 0.3704
04/21/2022 14:14:11 - INFO - trainer -   Epoch 13, train_loss 0.018658    Evalution acc 0.4382, recall 0.3909, f1 0.4132
04/21/2022 14:53:27 - INFO - trainer -   Epoch 14, train_loss 0.018774    Evalution acc 0.3673, recall 0.3279, f1 0.3465
04/21/2022 15:32:49 - INFO - trainer -   Epoch 15, train_loss 0.019024    Evalution acc 0.3981, recall 0.3873, f1 0.3926
04/21/2022 16:11:06 - INFO - trainer -   Epoch 16, train_loss 0.019792    Evalution acc 0.3253, recall 0.3261, f1 0.3257
04/21/2022 16:51:06 - INFO - trainer -   Epoch 17, train_loss 0.018506    Evalution acc 0.3793, recall 0.3400, f1 0.3586
04/21/2022 17:30:57 - INFO - trainer -   Epoch 18, train_loss 0.016027    Evalution acc 0.4029, recall 0.2855, f1 0.3342
04/21/2022 18:10:11 - INFO - trainer -   Epoch 19, train_loss 0.017270    Evalution acc 0.4183, recall 0.1830, f1 0.2546
04/21/2022 18:48:14 - INFO - trainer -   Epoch 20, train_loss 0.016165    Evalution acc 0.3935, recall 0.2630, f1 0.3153
04/21/2022 19:26:23 - INFO - trainer -   Epoch 21, train_loss 0.017212    Evalution acc 0.4235, recall 0.2552, f1 0.3185
04/21/2022 20:05:06 - INFO - trainer -   Epoch 22, train_loss 0.018106    Evalution acc 0.3908, recall 0.2939, f1 0.3355
04/21/2022 20:43:25 - INFO - trainer -   Epoch 23, train_loss 0.016365    Evalution acc 0.4238, recall 0.3200, f1 0.3646
04/21/2022 21:24:07 - INFO - trainer -   Epoch 24, train_loss 0.015565    Evalution acc 0.4374, recall 0.3855, f1 0.4098
04/21/2022 22:04:51 - INFO - trainer -   Epoch 25, train_loss 0.014209    Evalution acc 0.4651, recall 0.2909, f1 0.3579
04/23/2022 13:02:47 - INFO - __main__ -   **********************Job Start**********************
04/23/2022 13:02:47 - INFO - __main__ -   Learning rate = 1e-05
04/23/2022 13:02:47 - INFO - __main__ -   Warmup rate = 0.0
04/23/2022 13:02:47 - INFO - __main__ -   Batch_size = 32
04/23/2022 13:02:47 - INFO - __main__ -   Gradient_accumulation_steps = 1
04/23/2022 13:02:47 - INFO - __main__ -   Train epoch = 64
04/23/2022 13:02:47 - INFO - __main__ -   Pretrained_model name = bert-large-uncased
04/23/2022 13:04:58 - INFO - dataset -   Loading data from ../data/snips/AddToPlaylist/AddToPlaylist.txt, total nums is 2042
04/23/2022 13:04:58 - INFO - dataset -   Loading data from ../data/snips/BookRestaurant/BookRestaurant.txt, total nums is 2073
04/23/2022 13:04:58 - INFO - dataset -   Loading data from ../data/snips/GetWeather/GetWeather.txt, total nums is 2100
04/23/2022 13:04:58 - INFO - dataset -   Loading data from ../data/snips/PlayMusic/PlayMusic.txt, total nums is 2100
04/23/2022 13:04:58 - INFO - dataset -   Loading data from ../data/snips/RateBook/RateBook.txt, total nums is 2056
04/23/2022 13:04:58 - INFO - dataset -   Loading data from ../data/snips/SearchCreativeWork/SearchCreativeWork.txt, total nums is 2054
04/23/2022 13:04:58 - INFO - dataset -   Loading data from ../data/snips/SearchScreeningEvent/SearchScreeningEvent.txt, total nums is 2059
04/23/2022 13:04:58 - INFO - dataset -   Loading data from ../data/atis/atis.txt, total nums is 5871
04/23/2022 13:04:58 - INFO - dataset -   Using queries from description.
04/23/2022 13:04:58 - INFO - dataset -   Using queries from description.
04/23/2022 13:04:58 - INFO - dataset -   Using queries from description.
04/23/2022 13:04:58 - INFO - dataset -   Using queries from description.
04/23/2022 13:04:58 - INFO - dataset -   Using queries from description.
04/23/2022 13:04:58 - INFO - dataset -   Using queries from description.
04/23/2022 13:04:59 - INFO - dataset -   Using queries from description.
04/23/2022 13:04:59 - INFO - dataset -   Using queries from description.
04/23/2022 13:04:59 - INFO - dataset -   Using queries from description.
04/23/2022 13:04:59 - INFO - dataset -   The target domain is BookRestaurant
04/23/2022 13:04:59 - INFO - dataset -   train_data: 12411 -> 80923
04/23/2022 13:04:59 - INFO - dataset -   valid_data: 500 -> 7000
04/23/2022 13:04:59 - INFO - dataset -   test_data: 1573 -> 22022
04/23/2022 13:24:02 - INFO - trainer -   Epoch 1, train_loss 0.093995    Evalution acc 0.7734, recall 0.4800, f1 0.5924
04/23/2022 13:24:33 - INFO - trainer -   Saved model checkpoint to model_dir/BookRestaurant/0/model.pth
04/23/2022 13:43:32 - INFO - trainer -   Epoch 2, train_loss 0.015416    Evalution acc 0.6600, recall 0.4976, f1 0.5674
04/23/2022 14:02:34 - INFO - trainer -   Epoch 3, train_loss 0.008210    Evalution acc 0.7524, recall 0.4806, f1 0.5865
04/23/2022 14:21:39 - INFO - trainer -   Epoch 4, train_loss 0.005372    Evalution acc 0.7314, recall 0.5133, f1 0.6033
04/23/2022 14:22:09 - INFO - trainer -   Saved model checkpoint to model_dir/BookRestaurant/0/model.pth
04/23/2022 14:41:10 - INFO - trainer -   Epoch 5, train_loss 0.003688    Evalution acc 0.7334, recall 0.4752, f1 0.5767
04/23/2022 15:00:05 - INFO - trainer -   Epoch 6, train_loss 0.002303    Evalution acc 0.7555, recall 0.4588, f1 0.5709
04/23/2022 15:19:08 - INFO - trainer -   Epoch 7, train_loss 0.001735    Evalution acc 0.6754, recall 0.4236, f1 0.5207
04/23/2022 15:43:51 - INFO - trainer -   Epoch 8, train_loss 0.001530    Evalution acc 0.7784, recall 0.4685, f1 0.5849
04/23/2022 16:08:59 - INFO - trainer -   Epoch 9, train_loss 0.001556    Evalution acc 0.7569, recall 0.4509, f1 0.5651
04/23/2022 16:34:14 - INFO - trainer -   Epoch 10, train_loss 0.001045    Evalution acc 0.6808, recall 0.4097, f1 0.5115
04/23/2022 16:59:20 - INFO - trainer -   Epoch 11, train_loss 0.001028    Evalution acc 0.7710, recall 0.4121, f1 0.5371
04/23/2022 17:24:38 - INFO - trainer -   Epoch 12, train_loss 0.000935    Evalution acc 0.7747, recall 0.4709, f1 0.5858
04/23/2022 17:49:52 - INFO - trainer -   Epoch 13, train_loss 0.000866    Evalution acc 0.7844, recall 0.4697, f1 0.5876
04/23/2022 18:15:10 - INFO - trainer -   Epoch 14, train_loss 0.000640    Evalution acc 0.7596, recall 0.4424, f1 0.5592
04/23/2022 18:40:22 - INFO - trainer -   Epoch 15, train_loss 0.000511    Evalution acc 0.7403, recall 0.5200, f1 0.6109
04/23/2022 18:40:52 - INFO - trainer -   Saved model checkpoint to model_dir/BookRestaurant/0/model.pth
04/23/2022 19:06:03 - INFO - trainer -   Epoch 16, train_loss 0.000691    Evalution acc 0.7707, recall 0.5315, f1 0.6291
04/23/2022 19:06:39 - INFO - trainer -   Saved model checkpoint to model_dir/BookRestaurant/0/model.pth
04/23/2022 19:31:55 - INFO - trainer -   Epoch 17, train_loss 0.000680    Evalution acc 0.7145, recall 0.4764, f1 0.5716
04/23/2022 19:57:08 - INFO - trainer -   Epoch 18, train_loss 0.000524    Evalution acc 0.7360, recall 0.4697, f1 0.5734
04/23/2022 20:22:23 - INFO - trainer -   Epoch 19, train_loss 0.000341    Evalution acc 0.7299, recall 0.4945, f1 0.5896
04/23/2022 20:47:36 - INFO - trainer -   Epoch 20, train_loss 0.000440    Evalution acc 0.7837, recall 0.5115, f1 0.6190
04/23/2022 21:12:56 - INFO - trainer -   Epoch 21, train_loss 0.000507    Evalution acc 0.7575, recall 0.5206, f1 0.6171
