04/21/2022 05:16:04 - INFO - __main__ -   **********************Job Start**********************
04/21/2022 05:16:04 - INFO - __main__ -   Learning rate = 1e-05
04/21/2022 05:16:04 - INFO - __main__ -   Warmup rate = 0.0
04/21/2022 05:16:04 - INFO - __main__ -   Batch_size = 32
04/21/2022 05:16:04 - INFO - __main__ -   Gradient_accumulation_steps = 1
04/21/2022 05:16:04 - INFO - __main__ -   Train epoch = 64
04/21/2022 05:16:04 - INFO - __main__ -   Pretrained_model name = bert-large-uncased
04/21/2022 05:16:29 - INFO - dataset -   Loading data from ../data/snips/AddToPlaylist/AddToPlaylist.txt, total nums is 2042
04/21/2022 05:16:29 - INFO - dataset -   Loading data from ../data/snips/BookRestaurant/BookRestaurant.txt, total nums is 2073
04/21/2022 05:16:29 - INFO - dataset -   Loading data from ../data/snips/GetWeather/GetWeather.txt, total nums is 2100
04/21/2022 05:16:29 - INFO - dataset -   Loading data from ../data/snips/PlayMusic/PlayMusic.txt, total nums is 2100
04/21/2022 05:16:29 - INFO - dataset -   Loading data from ../data/snips/RateBook/RateBook.txt, total nums is 2056
04/21/2022 05:16:29 - INFO - dataset -   Loading data from ../data/snips/SearchCreativeWork/SearchCreativeWork.txt, total nums is 2054
04/21/2022 05:16:29 - INFO - dataset -   Loading data from ../data/snips/SearchScreeningEvent/SearchScreeningEvent.txt, total nums is 2059
04/21/2022 05:16:29 - INFO - dataset -   Loading data from ../data/atis/atis.txt, total nums is 5871
04/21/2022 05:16:29 - INFO - dataset -   Using queries from description.
04/21/2022 05:16:29 - INFO - dataset -   Using queries from description.
04/21/2022 05:16:29 - INFO - dataset -   Using queries from description.
04/21/2022 05:16:30 - INFO - dataset -   Using queries from description.
04/21/2022 05:16:30 - INFO - dataset -   Using queries from description.
04/21/2022 05:16:30 - INFO - dataset -   Using queries from description.
04/21/2022 05:16:30 - INFO - dataset -   Using queries from description.
04/21/2022 05:16:30 - INFO - dataset -   Using queries from description.
04/21/2022 05:16:30 - INFO - dataset -   Using queries from description.
04/21/2022 05:16:30 - INFO - dataset -   The target domain is PlayMusic
04/21/2022 05:16:30 - INFO - dataset -   train_data: 12384 -> 91045
04/21/2022 05:16:30 - INFO - dataset -   valid_data: 500 -> 4500
04/21/2022 05:16:30 - INFO - dataset -   test_data: 1600 -> 14400
04/21/2022 05:17:53 - INFO - __main__ -   **********************Job Start**********************
04/21/2022 05:17:53 - INFO - __main__ -   Learning rate = 1e-05
04/21/2022 05:17:53 - INFO - __main__ -   Warmup rate = 0.0
04/21/2022 05:17:53 - INFO - __main__ -   Batch_size = 32
04/21/2022 05:17:53 - INFO - __main__ -   Gradient_accumulation_steps = 1
04/21/2022 05:17:53 - INFO - __main__ -   Train epoch = 64
04/21/2022 05:17:53 - INFO - __main__ -   Pretrained_model name = bert-large-uncased
04/21/2022 05:18:59 - INFO - __main__ -   **********************Job Start**********************
04/21/2022 05:18:59 - INFO - __main__ -   Learning rate = 1e-05
04/21/2022 05:18:59 - INFO - __main__ -   Warmup rate = 0.0
04/21/2022 05:18:59 - INFO - __main__ -   Batch_size = 32
04/21/2022 05:18:59 - INFO - __main__ -   Gradient_accumulation_steps = 1
04/21/2022 05:18:59 - INFO - __main__ -   Train epoch = 64
04/21/2022 05:18:59 - INFO - __main__ -   Pretrained_model name = bert-large-uncased
04/21/2022 05:21:40 - INFO - __main__ -   **********************Job Start**********************
04/21/2022 05:21:40 - INFO - __main__ -   Learning rate = 1e-05
04/21/2022 05:21:40 - INFO - __main__ -   Warmup rate = 0.0
04/21/2022 05:21:40 - INFO - __main__ -   Batch_size = 16
04/21/2022 05:21:40 - INFO - __main__ -   Gradient_accumulation_steps = 1
04/21/2022 05:21:40 - INFO - __main__ -   Train epoch = 64
04/21/2022 05:21:40 - INFO - __main__ -   Pretrained_model name = bert-large-uncased
04/21/2022 05:22:58 - INFO - __main__ -   **********************Job Start**********************
04/21/2022 05:22:58 - INFO - __main__ -   Learning rate = 1e-05
04/21/2022 05:22:58 - INFO - __main__ -   Warmup rate = 0.0
04/21/2022 05:22:58 - INFO - __main__ -   Batch_size = 8
04/21/2022 05:22:58 - INFO - __main__ -   Gradient_accumulation_steps = 1
04/21/2022 05:22:58 - INFO - __main__ -   Train epoch = 64
04/21/2022 05:22:58 - INFO - __main__ -   Pretrained_model name = bert-large-uncased
04/21/2022 05:23:22 - INFO - dataset -   Loading data from ../data/snips/AddToPlaylist/AddToPlaylist.txt, total nums is 2042
04/21/2022 05:23:22 - INFO - dataset -   Loading data from ../data/snips/BookRestaurant/BookRestaurant.txt, total nums is 2073
04/21/2022 05:23:23 - INFO - dataset -   Loading data from ../data/snips/GetWeather/GetWeather.txt, total nums is 2100
04/21/2022 05:23:23 - INFO - dataset -   Loading data from ../data/snips/PlayMusic/PlayMusic.txt, total nums is 2100
04/21/2022 05:23:23 - INFO - dataset -   Loading data from ../data/snips/RateBook/RateBook.txt, total nums is 2056
04/21/2022 05:23:23 - INFO - dataset -   Loading data from ../data/snips/SearchCreativeWork/SearchCreativeWork.txt, total nums is 2054
04/21/2022 05:23:23 - INFO - dataset -   Loading data from ../data/snips/SearchScreeningEvent/SearchScreeningEvent.txt, total nums is 2059
04/21/2022 05:23:23 - INFO - dataset -   Loading data from ../data/atis/atis.txt, total nums is 5871
04/21/2022 05:23:23 - INFO - dataset -   Using queries from description.
04/21/2022 05:23:23 - INFO - dataset -   Using queries from description.
04/21/2022 05:23:24 - INFO - dataset -   Using queries from description.
04/21/2022 05:23:24 - INFO - dataset -   Using queries from description.
04/21/2022 05:23:24 - INFO - dataset -   Using queries from description.
04/21/2022 05:23:24 - INFO - dataset -   Using queries from description.
04/21/2022 05:23:24 - INFO - dataset -   Using queries from description.
04/21/2022 05:23:24 - INFO - dataset -   Using queries from description.
04/21/2022 05:23:24 - INFO - dataset -   Using queries from description.
04/21/2022 05:23:24 - INFO - dataset -   The target domain is PlayMusic
04/21/2022 05:23:24 - INFO - dataset -   train_data: 12384 -> 91045
04/21/2022 05:23:24 - INFO - dataset -   valid_data: 500 -> 4500
04/21/2022 05:23:24 - INFO - dataset -   test_data: 1600 -> 14400
04/21/2022 05:27:42 - INFO - __main__ -   **********************Job Start**********************
04/21/2022 05:27:42 - INFO - __main__ -   Learning rate = 1e-05
04/21/2022 05:27:42 - INFO - __main__ -   Warmup rate = 0.0
04/21/2022 05:27:42 - INFO - __main__ -   Batch_size = 4
04/21/2022 05:27:42 - INFO - __main__ -   Gradient_accumulation_steps = 1
04/21/2022 05:27:42 - INFO - __main__ -   Train epoch = 64
04/21/2022 05:27:42 - INFO - __main__ -   Pretrained_model name = bert-large-uncased
04/21/2022 20:52:37 - INFO - __main__ -   **********************Job Start**********************
04/21/2022 20:52:37 - INFO - __main__ -   Learning rate = 1e-05
04/21/2022 20:52:37 - INFO - __main__ -   Warmup rate = 0.0
04/21/2022 20:52:37 - INFO - __main__ -   Batch_size = 8
04/21/2022 20:52:37 - INFO - __main__ -   Gradient_accumulation_steps = 1
04/21/2022 20:52:37 - INFO - __main__ -   Train epoch = 64
04/21/2022 20:52:37 - INFO - __main__ -   Pretrained_model name = bert-large-uncased
04/21/2022 20:52:49 - INFO - dataset -   Loading data from ../data/snips/AddToPlaylist/AddToPlaylist.txt, total nums is 2042
04/21/2022 20:52:49 - INFO - dataset -   Loading data from ../data/snips/BookRestaurant/BookRestaurant.txt, total nums is 2073
04/21/2022 20:52:49 - INFO - dataset -   Loading data from ../data/snips/GetWeather/GetWeather.txt, total nums is 2100
04/21/2022 20:52:49 - INFO - dataset -   Loading data from ../data/snips/PlayMusic/PlayMusic.txt, total nums is 2100
04/21/2022 20:52:49 - INFO - dataset -   Loading data from ../data/snips/RateBook/RateBook.txt, total nums is 2056
04/21/2022 20:52:49 - INFO - dataset -   Loading data from ../data/snips/SearchCreativeWork/SearchCreativeWork.txt, total nums is 2054
04/21/2022 20:52:49 - INFO - dataset -   Loading data from ../data/snips/SearchScreeningEvent/SearchScreeningEvent.txt, total nums is 2059
04/21/2022 20:52:49 - INFO - dataset -   Loading data from ../data/atis/atis.txt, total nums is 5871
04/21/2022 20:52:49 - INFO - dataset -   Using queries from description.
04/21/2022 20:52:50 - INFO - dataset -   Using queries from description.
04/21/2022 20:52:50 - INFO - dataset -   Using queries from description.
04/21/2022 20:52:50 - INFO - dataset -   Using queries from description.
04/21/2022 20:52:50 - INFO - dataset -   Using queries from description.
04/21/2022 20:52:50 - INFO - dataset -   Using queries from description.
04/21/2022 20:52:50 - INFO - dataset -   Using queries from description.
04/21/2022 20:52:50 - INFO - dataset -   Using queries from description.
04/21/2022 20:52:50 - INFO - dataset -   Using queries from description.
04/21/2022 20:52:50 - INFO - dataset -   The target domain is PlayMusic
04/21/2022 20:52:50 - INFO - dataset -   train_data: 12384 -> 91045
04/21/2022 20:52:50 - INFO - dataset -   valid_data: 500 -> 4500
04/21/2022 20:52:50 - INFO - dataset -   test_data: 1600 -> 14400
04/21/2022 21:46:25 - INFO - trainer -   Epoch 1, train_loss 0.113459    Evalution acc 0.4462, recall 0.3202, f1 0.3728
04/21/2022 21:47:12 - INFO - trainer -   Saved model checkpoint to model_dir/PlayMusic/0/model.pth
04/23/2022 06:37:36 - INFO - __main__ -   **********************Job Start**********************
04/23/2022 06:37:36 - INFO - __main__ -   Learning rate = 1e-05
04/23/2022 06:37:36 - INFO - __main__ -   Warmup rate = 0.0
04/23/2022 06:37:36 - INFO - __main__ -   Batch_size = 32
04/23/2022 06:37:36 - INFO - __main__ -   Gradient_accumulation_steps = 1
04/23/2022 06:37:36 - INFO - __main__ -   Train epoch = 64
04/23/2022 06:37:36 - INFO - __main__ -   Pretrained_model name = bert-large-uncased
04/23/2022 06:39:51 - INFO - dataset -   Loading data from ../data/snips/AddToPlaylist/AddToPlaylist.txt, total nums is 2042
04/23/2022 06:39:51 - INFO - dataset -   Loading data from ../data/snips/BookRestaurant/BookRestaurant.txt, total nums is 2073
04/23/2022 06:39:51 - INFO - dataset -   Loading data from ../data/snips/GetWeather/GetWeather.txt, total nums is 2100
04/23/2022 06:39:51 - INFO - dataset -   Loading data from ../data/snips/PlayMusic/PlayMusic.txt, total nums is 2100
04/23/2022 06:39:51 - INFO - dataset -   Loading data from ../data/snips/RateBook/RateBook.txt, total nums is 2056
04/23/2022 06:39:51 - INFO - dataset -   Loading data from ../data/snips/SearchCreativeWork/SearchCreativeWork.txt, total nums is 2054
04/23/2022 06:39:51 - INFO - dataset -   Loading data from ../data/snips/SearchScreeningEvent/SearchScreeningEvent.txt, total nums is 2059
04/23/2022 06:39:51 - INFO - dataset -   Loading data from ../data/atis/atis.txt, total nums is 5871
04/23/2022 06:39:51 - INFO - dataset -   Using queries from description.
04/23/2022 06:39:51 - INFO - dataset -   Using queries from description.
04/23/2022 06:39:51 - INFO - dataset -   Using queries from description.
04/23/2022 06:39:52 - INFO - dataset -   Using queries from description.
04/23/2022 06:39:52 - INFO - dataset -   Using queries from description.
04/23/2022 06:39:52 - INFO - dataset -   Using queries from description.
04/23/2022 06:39:52 - INFO - dataset -   Using queries from description.
04/23/2022 06:39:52 - INFO - dataset -   Using queries from description.
04/23/2022 06:39:52 - INFO - dataset -   Using queries from description.
04/23/2022 06:39:52 - INFO - dataset -   The target domain is PlayMusic
04/23/2022 06:39:52 - INFO - dataset -   train_data: 12384 -> 91045
04/23/2022 06:39:52 - INFO - dataset -   valid_data: 500 -> 4500
04/23/2022 06:39:52 - INFO - dataset -   test_data: 1600 -> 14400
04/23/2022 07:11:43 - INFO - trainer -   Epoch 1, train_loss 0.081361    Evalution acc 0.6559, recall 0.4377, f1 0.5250
04/23/2022 07:12:11 - INFO - trainer -   Saved model checkpoint to model_dir/PlayMusic/0/model.pth
04/23/2022 07:39:22 - INFO - trainer -   Epoch 2, train_loss 0.011458    Evalution acc 0.6358, recall 0.4430, f1 0.5222
04/23/2022 08:07:48 - INFO - trainer -   Epoch 3, train_loss 0.005977    Evalution acc 0.5775, recall 0.3677, f1 0.4493
04/23/2022 08:37:46 - INFO - trainer -   Epoch 4, train_loss 0.003570    Evalution acc 0.6135, recall 0.3659, f1 0.4584
04/23/2022 09:03:34 - INFO - trainer -   Epoch 5, train_loss 0.002392    Evalution acc 0.6130, recall 0.3211, f1 0.4214
04/23/2022 09:29:38 - INFO - trainer -   Epoch 6, train_loss 0.001795    Evalution acc 0.5525, recall 0.3444, f1 0.4243
04/23/2022 09:50:51 - INFO - trainer -   Epoch 7, train_loss 0.001389    Evalution acc 0.6324, recall 0.3641, f1 0.4622
04/23/2022 10:12:03 - INFO - trainer -   Epoch 8, train_loss 0.001262    Evalution acc 0.6072, recall 0.2870, f1 0.3898
04/23/2022 10:33:08 - INFO - trainer -   Epoch 9, train_loss 0.000938    Evalution acc 0.5810, recall 0.3345, f1 0.4246
04/23/2022 10:54:22 - INFO - trainer -   Epoch 10, train_loss 0.000824    Evalution acc 0.5813, recall 0.3336, f1 0.4239
04/23/2022 11:15:37 - INFO - trainer -   Epoch 11, train_loss 0.000797    Evalution acc 0.5789, recall 0.3157, f1 0.4086
04/23/2022 11:36:37 - INFO - trainer -   Epoch 12, train_loss 0.000660    Evalution acc 0.6166, recall 0.3202, f1 0.4215
04/23/2022 11:57:50 - INFO - trainer -   Epoch 13, train_loss 0.000494    Evalution acc 0.6066, recall 0.3803, f1 0.4675
04/23/2022 12:19:02 - INFO - trainer -   Epoch 14, train_loss 0.000568    Evalution acc 0.6599, recall 0.4108, f1 0.5064
04/23/2022 12:40:12 - INFO - trainer -   Epoch 15, train_loss 0.000573    Evalution acc 0.6461, recall 0.4224, f1 0.5108
04/23/2022 13:01:24 - INFO - trainer -   Epoch 16, train_loss 0.000436    Evalution acc 0.6146, recall 0.3561, f1 0.4509
04/23/2022 13:01:24 - INFO - trainer -   Reach early stop count 15, training stop
04/23/2022 13:01:25 - INFO - __main__ -   Starting test...
04/23/2022 13:02:36 - INFO - trainer -   ***********************************************************
04/23/2022 13:02:36 - INFO - trainer -   Target domain = PlayMusic
04/23/2022 13:02:36 - INFO - trainer -   Test result: acc 0.6919, recall 0.4667, f1 0.5574
04/23/2022 13:02:36 - INFO - trainer -   ***********************************************************
