04/21/2022 04:34:35 - INFO - __main__ -   **********************Job Start**********************
04/21/2022 04:34:35 - INFO - __main__ -   Learning rate = 1e-05
04/21/2022 04:34:35 - INFO - __main__ -   Warmup rate = 0.0
04/21/2022 04:34:35 - INFO - __main__ -   Batch_size = 32
04/21/2022 04:34:35 - INFO - __main__ -   Gradient_accumulation_steps = 1
04/21/2022 04:34:35 - INFO - __main__ -   Train epoch = 64
04/21/2022 04:34:35 - INFO - __main__ -   Pretrained_model name = bert-large-uncased
04/21/2022 04:34:48 - INFO - dataset -   Loading data from ../data/snips/AddToPlaylist/AddToPlaylist.txt, total nums is 2042
04/21/2022 04:34:48 - INFO - dataset -   Loading data from ../data/snips/BookRestaurant/BookRestaurant.txt, total nums is 2073
04/21/2022 04:34:48 - INFO - dataset -   Loading data from ../data/snips/GetWeather/GetWeather.txt, total nums is 2100
04/21/2022 04:34:48 - INFO - dataset -   Loading data from ../data/snips/PlayMusic/PlayMusic.txt, total nums is 2100
04/21/2022 04:34:48 - INFO - dataset -   Loading data from ../data/snips/RateBook/RateBook.txt, total nums is 2056
04/21/2022 04:34:48 - INFO - dataset -   Loading data from ../data/snips/SearchCreativeWork/SearchCreativeWork.txt, total nums is 2054
04/21/2022 04:34:48 - INFO - dataset -   Loading data from ../data/snips/SearchScreeningEvent/SearchScreeningEvent.txt, total nums is 2059
04/21/2022 04:34:48 - INFO - dataset -   Loading data from ../data/atis/atis.txt, total nums is 5871
04/21/2022 04:34:48 - INFO - dataset -   Using queries from description.
04/21/2022 04:34:48 - INFO - dataset -   Using queries from description.
04/21/2022 04:34:48 - INFO - dataset -   Using queries from description.
04/21/2022 04:34:48 - INFO - dataset -   Using queries from description.
04/21/2022 04:34:48 - INFO - dataset -   Using queries from description.
04/21/2022 04:34:48 - INFO - dataset -   Using queries from description.
04/21/2022 04:34:49 - INFO - dataset -   Using queries from description.
04/21/2022 04:34:49 - INFO - dataset -   Using queries from description.
04/21/2022 04:34:49 - INFO - dataset -   Using queries from description.
04/21/2022 04:34:49 - INFO - dataset -   The target domain is RateBook
04/21/2022 04:34:49 - INFO - dataset -   train_data: 12428 -> 95553
04/21/2022 04:34:49 - INFO - dataset -   valid_data: 500 -> 3500
04/21/2022 04:34:49 - INFO - dataset -   test_data: 1556 -> 10892
04/21/2022 05:00:20 - INFO - trainer -   Epoch 1, train_loss 0.180270    Evalution acc 0.1371, recall 0.0147, f1 0.0266
04/21/2022 05:00:49 - INFO - trainer -   Saved model checkpoint to model_dir/RateBook/0/model.pth
04/21/2022 05:15:56 - INFO - __main__ -   **********************Job Start**********************
04/21/2022 05:15:56 - INFO - __main__ -   Learning rate = 1e-05
04/21/2022 05:15:56 - INFO - __main__ -   Warmup rate = 0.0
04/21/2022 05:15:56 - INFO - __main__ -   Batch_size = 32
04/21/2022 05:15:56 - INFO - __main__ -   Gradient_accumulation_steps = 1
04/21/2022 05:15:56 - INFO - __main__ -   Train epoch = 64
04/21/2022 05:15:56 - INFO - __main__ -   Pretrained_model name = bert-large-uncased
04/21/2022 05:17:44 - INFO - __main__ -   **********************Job Start**********************
04/21/2022 05:17:44 - INFO - __main__ -   Learning rate = 1e-05
04/21/2022 05:17:44 - INFO - __main__ -   Warmup rate = 0.0
04/21/2022 05:17:44 - INFO - __main__ -   Batch_size = 32
04/21/2022 05:17:44 - INFO - __main__ -   Gradient_accumulation_steps = 1
04/21/2022 05:17:44 - INFO - __main__ -   Train epoch = 64
04/21/2022 05:17:44 - INFO - __main__ -   Pretrained_model name = bert-large-uncased
04/21/2022 05:21:03 - INFO - __main__ -   **********************Job Start**********************
04/21/2022 05:21:03 - INFO - __main__ -   Learning rate = 1e-05
04/21/2022 05:21:03 - INFO - __main__ -   Warmup rate = 0.0
04/21/2022 05:21:03 - INFO - __main__ -   Batch_size = 16
04/21/2022 05:21:03 - INFO - __main__ -   Gradient_accumulation_steps = 1
04/21/2022 05:21:03 - INFO - __main__ -   Train epoch = 64
04/21/2022 05:21:03 - INFO - __main__ -   Pretrained_model name = bert-large-uncased
04/21/2022 05:21:28 - INFO - dataset -   Loading data from ../data/snips/AddToPlaylist/AddToPlaylist.txt, total nums is 2042
04/21/2022 05:21:28 - INFO - dataset -   Loading data from ../data/snips/BookRestaurant/BookRestaurant.txt, total nums is 2073
04/21/2022 05:21:28 - INFO - dataset -   Loading data from ../data/snips/GetWeather/GetWeather.txt, total nums is 2100
04/21/2022 05:21:28 - INFO - dataset -   Loading data from ../data/snips/PlayMusic/PlayMusic.txt, total nums is 2100
04/21/2022 05:21:28 - INFO - dataset -   Loading data from ../data/snips/RateBook/RateBook.txt, total nums is 2056
04/21/2022 05:21:28 - INFO - dataset -   Loading data from ../data/snips/SearchCreativeWork/SearchCreativeWork.txt, total nums is 2054
04/21/2022 05:21:28 - INFO - dataset -   Loading data from ../data/snips/SearchScreeningEvent/SearchScreeningEvent.txt, total nums is 2059
04/21/2022 05:21:28 - INFO - dataset -   Loading data from ../data/atis/atis.txt, total nums is 5871
04/21/2022 05:21:28 - INFO - dataset -   Using queries from description.
04/21/2022 05:21:29 - INFO - dataset -   Using queries from description.
04/21/2022 05:21:29 - INFO - dataset -   Using queries from description.
04/21/2022 05:21:29 - INFO - dataset -   Using queries from description.
04/21/2022 05:21:29 - INFO - dataset -   Using queries from description.
04/21/2022 05:21:29 - INFO - dataset -   Using queries from description.
04/21/2022 05:21:29 - INFO - dataset -   Using queries from description.
04/21/2022 05:21:29 - INFO - dataset -   Using queries from description.
04/21/2022 05:21:29 - INFO - dataset -   Using queries from description.
04/21/2022 05:21:29 - INFO - dataset -   The target domain is RateBook
04/21/2022 05:21:29 - INFO - dataset -   train_data: 12428 -> 95553
04/21/2022 05:21:29 - INFO - dataset -   valid_data: 500 -> 3500
04/21/2022 05:21:29 - INFO - dataset -   test_data: 1556 -> 10892
04/21/2022 05:22:19 - INFO - __main__ -   **********************Job Start**********************
04/21/2022 05:22:19 - INFO - __main__ -   Learning rate = 1e-05
04/21/2022 05:22:19 - INFO - __main__ -   Warmup rate = 0.0
04/21/2022 05:22:19 - INFO - __main__ -   Batch_size = 8
04/21/2022 05:22:19 - INFO - __main__ -   Gradient_accumulation_steps = 1
04/21/2022 05:22:19 - INFO - __main__ -   Train epoch = 64
04/21/2022 05:22:19 - INFO - __main__ -   Pretrained_model name = bert-large-uncased
04/21/2022 05:22:46 - INFO - dataset -   Loading data from ../data/snips/AddToPlaylist/AddToPlaylist.txt, total nums is 2042
04/21/2022 05:22:46 - INFO - dataset -   Loading data from ../data/snips/BookRestaurant/BookRestaurant.txt, total nums is 2073
04/21/2022 05:22:46 - INFO - dataset -   Loading data from ../data/snips/GetWeather/GetWeather.txt, total nums is 2100
04/21/2022 05:22:46 - INFO - dataset -   Loading data from ../data/snips/PlayMusic/PlayMusic.txt, total nums is 2100
04/21/2022 05:22:46 - INFO - dataset -   Loading data from ../data/snips/RateBook/RateBook.txt, total nums is 2056
04/21/2022 05:22:46 - INFO - dataset -   Loading data from ../data/snips/SearchCreativeWork/SearchCreativeWork.txt, total nums is 2054
04/21/2022 05:22:46 - INFO - dataset -   Loading data from ../data/snips/SearchScreeningEvent/SearchScreeningEvent.txt, total nums is 2059
04/21/2022 05:22:46 - INFO - dataset -   Loading data from ../data/atis/atis.txt, total nums is 5871
04/21/2022 05:22:46 - INFO - dataset -   Using queries from description.
04/21/2022 05:22:46 - INFO - dataset -   Using queries from description.
04/21/2022 05:22:47 - INFO - dataset -   Using queries from description.
04/21/2022 05:22:47 - INFO - dataset -   Using queries from description.
04/21/2022 05:22:47 - INFO - dataset -   Using queries from description.
04/21/2022 05:22:47 - INFO - dataset -   Using queries from description.
04/21/2022 05:22:47 - INFO - dataset -   Using queries from description.
04/21/2022 05:22:47 - INFO - dataset -   Using queries from description.
04/21/2022 05:22:47 - INFO - dataset -   Using queries from description.
04/21/2022 05:22:47 - INFO - dataset -   The target domain is RateBook
04/21/2022 05:22:47 - INFO - dataset -   train_data: 12428 -> 95553
04/21/2022 05:22:47 - INFO - dataset -   valid_data: 500 -> 3500
04/21/2022 05:22:47 - INFO - dataset -   test_data: 1556 -> 10892
04/21/2022 05:27:03 - INFO - __main__ -   **********************Job Start**********************
04/21/2022 05:27:03 - INFO - __main__ -   Learning rate = 1e-05
04/21/2022 05:27:03 - INFO - __main__ -   Warmup rate = 0.0
04/21/2022 05:27:03 - INFO - __main__ -   Batch_size = 4
04/21/2022 05:27:03 - INFO - __main__ -   Gradient_accumulation_steps = 1
04/21/2022 05:27:03 - INFO - __main__ -   Train epoch = 64
04/21/2022 05:27:03 - INFO - __main__ -   Pretrained_model name = bert-large-uncased
04/21/2022 05:27:29 - INFO - dataset -   Loading data from ../data/snips/AddToPlaylist/AddToPlaylist.txt, total nums is 2042
04/21/2022 05:27:29 - INFO - dataset -   Loading data from ../data/snips/BookRestaurant/BookRestaurant.txt, total nums is 2073
04/21/2022 05:27:29 - INFO - dataset -   Loading data from ../data/snips/GetWeather/GetWeather.txt, total nums is 2100
04/21/2022 05:27:29 - INFO - dataset -   Loading data from ../data/snips/PlayMusic/PlayMusic.txt, total nums is 2100
04/21/2022 05:27:29 - INFO - dataset -   Loading data from ../data/snips/RateBook/RateBook.txt, total nums is 2056
04/21/2022 05:27:29 - INFO - dataset -   Loading data from ../data/snips/SearchCreativeWork/SearchCreativeWork.txt, total nums is 2054
04/21/2022 05:27:29 - INFO - dataset -   Loading data from ../data/snips/SearchScreeningEvent/SearchScreeningEvent.txt, total nums is 2059
04/21/2022 05:27:29 - INFO - dataset -   Loading data from ../data/atis/atis.txt, total nums is 5871
04/21/2022 05:27:29 - INFO - dataset -   Using queries from description.
04/21/2022 05:27:29 - INFO - dataset -   Using queries from description.
04/21/2022 05:27:30 - INFO - dataset -   Using queries from description.
04/21/2022 05:27:30 - INFO - dataset -   Using queries from description.
04/21/2022 05:27:30 - INFO - dataset -   Using queries from description.
04/21/2022 05:27:30 - INFO - dataset -   Using queries from description.
04/21/2022 05:27:30 - INFO - dataset -   Using queries from description.
04/21/2022 05:27:30 - INFO - dataset -   Using queries from description.
04/21/2022 05:27:30 - INFO - dataset -   Using queries from description.
04/21/2022 05:27:30 - INFO - dataset -   The target domain is RateBook
04/21/2022 05:27:30 - INFO - dataset -   train_data: 12428 -> 95553
04/21/2022 05:27:30 - INFO - dataset -   valid_data: 500 -> 3500
04/21/2022 05:27:30 - INFO - dataset -   test_data: 1556 -> 10892
04/21/2022 05:33:19 - INFO - __main__ -   **********************Job Start**********************
04/21/2022 05:33:19 - INFO - __main__ -   Learning rate = 1e-05
04/21/2022 05:33:19 - INFO - __main__ -   Warmup rate = 0.0
04/21/2022 05:33:19 - INFO - __main__ -   Batch_size = 8
04/21/2022 05:33:19 - INFO - __main__ -   Gradient_accumulation_steps = 1
04/21/2022 05:33:19 - INFO - __main__ -   Train epoch = 64
04/21/2022 05:33:19 - INFO - __main__ -   Pretrained_model name = bert-large-uncased
04/21/2022 05:33:34 - INFO - dataset -   Loading data from ../data/snips/AddToPlaylist/AddToPlaylist.txt, total nums is 2042
04/21/2022 05:33:34 - INFO - dataset -   Loading data from ../data/snips/BookRestaurant/BookRestaurant.txt, total nums is 2073
04/21/2022 05:33:34 - INFO - dataset -   Loading data from ../data/snips/GetWeather/GetWeather.txt, total nums is 2100
04/21/2022 05:33:34 - INFO - dataset -   Loading data from ../data/snips/PlayMusic/PlayMusic.txt, total nums is 2100
04/21/2022 05:33:34 - INFO - dataset -   Loading data from ../data/snips/RateBook/RateBook.txt, total nums is 2056
04/21/2022 05:33:34 - INFO - dataset -   Loading data from ../data/snips/SearchCreativeWork/SearchCreativeWork.txt, total nums is 2054
04/21/2022 05:33:34 - INFO - dataset -   Loading data from ../data/snips/SearchScreeningEvent/SearchScreeningEvent.txt, total nums is 2059
04/21/2022 05:33:34 - INFO - dataset -   Loading data from ../data/atis/atis.txt, total nums is 5871
04/21/2022 05:33:34 - INFO - dataset -   Using queries from description.
04/21/2022 05:33:34 - INFO - dataset -   Using queries from description.
04/21/2022 05:33:34 - INFO - dataset -   Using queries from description.
04/21/2022 05:33:34 - INFO - dataset -   Using queries from description.
04/21/2022 05:33:35 - INFO - dataset -   Using queries from description.
04/21/2022 05:33:35 - INFO - dataset -   Using queries from description.
04/21/2022 05:33:35 - INFO - dataset -   Using queries from description.
04/21/2022 05:33:35 - INFO - dataset -   Using queries from description.
04/21/2022 05:33:35 - INFO - dataset -   Using queries from description.
04/21/2022 05:33:35 - INFO - dataset -   The target domain is RateBook
04/21/2022 05:33:35 - INFO - dataset -   train_data: 12428 -> 95553
04/21/2022 05:33:35 - INFO - dataset -   valid_data: 500 -> 3500
04/21/2022 05:33:35 - INFO - dataset -   test_data: 1556 -> 10892
04/21/2022 06:19:00 - INFO - trainer -   Epoch 1, train_loss 0.132562    Evalution acc 0.3885, recall 0.2162, f1 0.2778
04/21/2022 06:19:37 - INFO - trainer -   Saved model checkpoint to model_dir/RateBook/0/model.pth
04/21/2022 07:05:31 - INFO - trainer -   Epoch 2, train_loss 0.044374    Evalution acc 0.3858, recall 0.2124, f1 0.2740
04/21/2022 07:51:09 - INFO - trainer -   Epoch 3, train_loss 0.033633    Evalution acc 0.4447, recall 0.1972, f1 0.2732
04/21/2022 08:36:26 - INFO - trainer -   Epoch 4, train_loss 0.028866    Evalution acc 0.4071, recall 0.2554, f1 0.3139
04/21/2022 08:37:11 - INFO - trainer -   Saved model checkpoint to model_dir/RateBook/0/model.pth
04/21/2022 09:23:07 - INFO - trainer -   Epoch 5, train_loss 0.027311    Evalution acc 0.4498, recall 0.2881, f1 0.3513
04/21/2022 09:23:48 - INFO - trainer -   Saved model checkpoint to model_dir/RateBook/0/model.pth
04/21/2022 10:09:50 - INFO - trainer -   Epoch 6, train_loss 0.021763    Evalution acc 0.3709, recall 0.2277, f1 0.2821
04/21/2022 10:55:10 - INFO - trainer -   Epoch 7, train_loss 0.020003    Evalution acc 0.3652, recall 0.1999, f1 0.2584
04/21/2022 11:41:07 - INFO - trainer -   Epoch 8, train_loss 0.020116    Evalution acc 0.4025, recall 0.2102, f1 0.2762
04/21/2022 12:26:47 - INFO - trainer -   Epoch 9, train_loss 0.021109    Evalution acc 0.4376, recall 0.2157, f1 0.2889
04/21/2022 13:10:28 - INFO - trainer -   Epoch 10, train_loss 0.018863    Evalution acc 0.4574, recall 0.2249, f1 0.3016
04/21/2022 13:55:50 - INFO - trainer -   Epoch 11, train_loss 0.017185    Evalution acc 0.4368, recall 0.2053, f1 0.2794
04/21/2022 14:41:06 - INFO - trainer -   Epoch 12, train_loss 0.016448    Evalution acc 0.3533, recall 0.1449, f1 0.2055
04/21/2022 15:27:45 - INFO - trainer -   Epoch 13, train_loss 0.017015    Evalution acc 0.3988, recall 0.1471, f1 0.2149
04/21/2022 16:12:58 - INFO - trainer -   Epoch 14, train_loss 0.015988    Evalution acc 0.3934, recall 0.1890, f1 0.2553
04/21/2022 17:01:29 - INFO - trainer -   Epoch 15, train_loss 0.016370    Evalution acc 0.3384, recall 0.1694, f1 0.2258
04/21/2022 17:46:52 - INFO - trainer -   Epoch 16, train_loss 0.016295    Evalution acc 0.3140, recall 0.1590, f1 0.2111
04/21/2022 18:31:30 - INFO - trainer -   Epoch 17, train_loss 0.016280    Evalution acc 0.5160, recall 0.2108, f1 0.2993
04/21/2022 19:16:15 - INFO - trainer -   Epoch 18, train_loss 0.016783    Evalution acc 0.4257, recall 0.2042, f1 0.2760
04/21/2022 20:00:48 - INFO - trainer -   Epoch 19, train_loss 0.016740    Evalution acc 0.5160, recall 0.1928, f1 0.2807
04/21/2022 20:50:53 - INFO - trainer -   Epoch 20, train_loss 0.015624    Evalution acc 0.3362, recall 0.1710, f1 0.2267
04/21/2022 20:50:53 - INFO - trainer -   Reach early stop count 15, training stop
04/21/2022 20:50:54 - INFO - __main__ -   Starting test...
04/21/2022 20:52:30 - INFO - trainer -   ***********************************************************
04/21/2022 20:52:30 - INFO - trainer -   Test result: acc 0.4082, recall 0.2543, f1 0.3134
04/21/2022 20:52:30 - INFO - trainer -   ***********************************************************
04/22/2022 10:40:54 - INFO - __main__ -   **********************Job Start**********************
04/22/2022 10:40:54 - INFO - __main__ -   Learning rate = 1e-05
04/22/2022 10:40:54 - INFO - __main__ -   Warmup rate = 0.0
04/22/2022 10:40:54 - INFO - __main__ -   Batch_size = 32
04/22/2022 10:40:54 - INFO - __main__ -   Gradient_accumulation_steps = 1
04/22/2022 10:40:54 - INFO - __main__ -   Train epoch = 64
04/22/2022 10:40:54 - INFO - __main__ -   Pretrained_model name = bert-large-uncased
04/22/2022 10:41:07 - INFO - dataset -   Loading data from ../data/snips/AddToPlaylist/AddToPlaylist.txt, total nums is 2042
04/22/2022 10:41:07 - INFO - dataset -   Loading data from ../data/snips/BookRestaurant/BookRestaurant.txt, total nums is 2073
04/22/2022 10:41:07 - INFO - dataset -   Loading data from ../data/snips/GetWeather/GetWeather.txt, total nums is 2100
04/22/2022 10:41:07 - INFO - dataset -   Loading data from ../data/snips/PlayMusic/PlayMusic.txt, total nums is 2100
04/22/2022 10:41:07 - INFO - dataset -   Loading data from ../data/snips/RateBook/RateBook.txt, total nums is 2056
04/22/2022 10:41:07 - INFO - dataset -   Loading data from ../data/snips/SearchCreativeWork/SearchCreativeWork.txt, total nums is 2054
04/22/2022 10:41:07 - INFO - dataset -   Loading data from ../data/snips/SearchScreeningEvent/SearchScreeningEvent.txt, total nums is 2059
04/22/2022 10:41:07 - INFO - dataset -   Loading data from ../data/atis/atis.txt, total nums is 5871
04/22/2022 10:41:07 - INFO - dataset -   Using queries from description.
04/22/2022 10:41:07 - INFO - dataset -   Using queries from description.
04/22/2022 10:41:08 - INFO - dataset -   Using queries from description.
04/22/2022 10:41:08 - INFO - dataset -   Using queries from description.
04/22/2022 10:41:08 - INFO - dataset -   Using queries from description.
04/22/2022 10:41:08 - INFO - dataset -   Using queries from description.
04/22/2022 10:41:08 - INFO - dataset -   Using queries from description.
04/22/2022 10:41:08 - INFO - dataset -   Using queries from description.
04/22/2022 10:41:08 - INFO - dataset -   Using queries from description.
04/22/2022 10:41:08 - INFO - dataset -   The target domain is RateBook
04/22/2022 10:41:08 - INFO - dataset -   train_data: 12428 -> 95553
04/22/2022 10:41:08 - INFO - dataset -   valid_data: 500 -> 3500
04/22/2022 10:41:08 - INFO - dataset -   test_data: 1556 -> 10892
04/22/2022 11:03:11 - INFO - trainer -   Epoch 1, train_loss 0.069317    Evalution acc 0.4257, recall 0.1983, f1 0.2705
04/22/2022 11:04:01 - INFO - trainer -   Saved model checkpoint to model_dir/RateBook/0/model.pth
04/22/2022 11:26:01 - INFO - trainer -   Epoch 2, train_loss 0.013358    Evalution acc 0.4649, recall 0.2560, f1 0.3302
04/22/2022 11:26:40 - INFO - trainer -   Saved model checkpoint to model_dir/RateBook/0/model.pth
04/22/2022 11:48:41 - INFO - trainer -   Epoch 3, train_loss 0.007236    Evalution acc 0.3762, recall 0.1672, f1 0.2315
04/22/2022 12:10:34 - INFO - trainer -   Epoch 4, train_loss 0.004527    Evalution acc 0.3772, recall 0.1999, f1 0.2613
04/22/2022 12:32:32 - INFO - trainer -   Epoch 5, train_loss 0.003233    Evalution acc 0.4344, recall 0.2037, f1 0.2773
04/22/2022 12:54:47 - INFO - trainer -   Epoch 6, train_loss 0.002334    Evalution acc 0.4812, recall 0.2304, f1 0.3116
04/22/2022 13:16:51 - INFO - trainer -   Epoch 7, train_loss 0.001621    Evalution acc 0.4839, recall 0.2462, f1 0.3264
04/22/2022 13:39:04 - INFO - trainer -   Epoch 8, train_loss 0.001197    Evalution acc 0.5096, recall 0.2609, f1 0.3451
04/22/2022 13:39:34 - INFO - trainer -   Saved model checkpoint to model_dir/RateBook/0/model.pth
04/22/2022 14:01:51 - INFO - trainer -   Epoch 9, train_loss 0.001131    Evalution acc 0.4718, recall 0.2320, f1 0.3111
04/22/2022 14:24:07 - INFO - trainer -   Epoch 10, train_loss 0.000815    Evalution acc 0.5074, recall 0.2789, f1 0.3599
04/22/2022 14:24:35 - INFO - trainer -   Saved model checkpoint to model_dir/RateBook/0/model.pth
04/22/2022 14:46:44 - INFO - trainer -   Epoch 11, train_loss 0.000869    Evalution acc 0.4707, recall 0.2712, f1 0.3442
04/22/2022 15:09:01 - INFO - trainer -   Epoch 12, train_loss 0.000521    Evalution acc 0.4488, recall 0.2293, f1 0.3035
04/22/2022 15:31:00 - INFO - trainer -   Epoch 13, train_loss 0.000707    Evalution acc 0.5073, recall 0.2827, f1 0.3631
04/22/2022 15:31:29 - INFO - trainer -   Saved model checkpoint to model_dir/RateBook/0/model.pth
04/22/2022 15:53:27 - INFO - trainer -   Epoch 14, train_loss 0.000504    Evalution acc 0.5045, recall 0.2772, f1 0.3578
04/22/2022 16:15:25 - INFO - trainer -   Epoch 15, train_loss 0.000530    Evalution acc 0.4520, recall 0.2179, f1 0.2940
04/22/2022 16:37:26 - INFO - trainer -   Epoch 16, train_loss 0.000337    Evalution acc 0.4483, recall 0.2244, f1 0.2991
04/22/2022 16:59:59 - INFO - trainer -   Epoch 17, train_loss 0.000500    Evalution acc 0.4067, recall 0.1993, f1 0.2675
04/22/2022 17:31:19 - INFO - trainer -   Epoch 18, train_loss 0.000331    Evalution acc 0.4154, recall 0.1966, f1 0.2669
04/22/2022 18:01:36 - INFO - trainer -   Epoch 19, train_loss 0.000447    Evalution acc 0.3954, recall 0.1885, f1 0.2553
04/22/2022 18:30:46 - INFO - trainer -   Epoch 20, train_loss 0.000318    Evalution acc 0.4781, recall 0.2195, f1 0.3009
04/22/2022 18:58:58 - INFO - trainer -   Epoch 21, train_loss 0.000242    Evalution acc 0.4649, recall 0.2200, f1 0.2987
04/22/2022 19:29:22 - INFO - trainer -   Epoch 22, train_loss 0.000390    Evalution acc 0.4331, recall 0.2168, f1 0.2889
04/22/2022 19:56:16 - INFO - trainer -   Epoch 23, train_loss 0.000151    Evalution acc 0.4372, recall 0.2353, f1 0.3059
04/22/2022 20:27:43 - INFO - trainer -   Epoch 24, train_loss 0.000223    Evalution acc 0.4297, recall 0.2380, f1 0.3063
04/22/2022 20:53:28 - INFO - trainer -   Epoch 25, train_loss 0.000192    Evalution acc 0.4792, recall 0.3072, f1 0.3744
04/22/2022 20:53:59 - INFO - trainer -   Saved model checkpoint to model_dir/RateBook/0/model.pth
04/22/2022 21:26:57 - INFO - trainer -   Epoch 26, train_loss 0.000201    Evalution acc 0.5103, recall 0.3224, f1 0.3952
04/22/2022 21:27:33 - INFO - trainer -   Saved model checkpoint to model_dir/RateBook/0/model.pth
04/22/2022 21:51:52 - INFO - trainer -   Epoch 27, train_loss 0.000213    Evalution acc 0.4295, recall 0.2124, f1 0.2843
04/22/2022 22:24:13 - INFO - trainer -   Epoch 28, train_loss 0.000174    Evalution acc 0.5000, recall 0.3105, f1 0.3831
04/22/2022 22:48:37 - INFO - trainer -   Epoch 29, train_loss 0.000100    Evalution acc 0.4953, recall 0.2887, f1 0.3648
04/22/2022 23:21:20 - INFO - trainer -   Epoch 30, train_loss 0.000258    Evalution acc 0.5491, recall 0.3475, f1 0.4256
04/22/2022 23:21:58 - INFO - trainer -   Saved model checkpoint to model_dir/RateBook/0/model.pth
04/22/2022 23:46:23 - INFO - trainer -   Epoch 31, train_loss 0.000158    Evalution acc 0.5340, recall 0.3339, f1 0.4109
04/23/2022 00:19:01 - INFO - trainer -   Epoch 32, train_loss 0.000156    Evalution acc 0.4941, recall 0.2729, f1 0.3516
04/23/2022 00:43:28 - INFO - trainer -   Epoch 33, train_loss 0.000223    Evalution acc 0.4653, recall 0.2484, f1 0.3239
04/23/2022 01:16:24 - INFO - trainer -   Epoch 34, train_loss 0.000141    Evalution acc 0.4725, recall 0.2625, f1 0.3375
04/23/2022 01:42:38 - INFO - trainer -   Epoch 35, train_loss 0.000058    Evalution acc 0.4194, recall 0.2168, f1 0.2858
04/23/2022 02:13:44 - INFO - trainer -   Epoch 36, train_loss 0.000113    Evalution acc 0.4490, recall 0.2347, f1 0.3083
04/23/2022 02:42:42 - INFO - trainer -   Epoch 37, train_loss 0.000121    Evalution acc 0.4621, recall 0.2456, f1 0.3208
04/23/2022 03:11:01 - INFO - trainer -   Epoch 38, train_loss 0.000018    Evalution acc 0.4286, recall 0.2239, f1 0.2941
04/23/2022 03:41:56 - INFO - trainer -   Epoch 39, train_loss 0.000123    Evalution acc 0.4828, recall 0.2669, f1 0.3437
04/23/2022 04:08:18 - INFO - trainer -   Epoch 40, train_loss 0.000104    Evalution acc 0.4683, recall 0.2696, f1 0.3422
04/23/2022 04:41:12 - INFO - trainer -   Epoch 41, train_loss 0.000067    Evalution acc 0.4376, recall 0.2407, f1 0.3106
04/23/2022 05:05:49 - INFO - trainer -   Epoch 42, train_loss 0.000058    Evalution acc 0.4228, recall 0.2342, f1 0.3014
04/23/2022 05:38:53 - INFO - trainer -   Epoch 43, train_loss 0.000062    Evalution acc 0.4710, recall 0.2565, f1 0.3322
04/23/2022 06:05:19 - INFO - trainer -   Epoch 44, train_loss 0.000080    Evalution acc 0.4816, recall 0.2565, f1 0.3348
04/23/2022 06:36:28 - INFO - trainer -   Epoch 45, train_loss 0.000067    Evalution acc 0.4561, recall 0.2489, f1 0.3221
04/23/2022 06:36:28 - INFO - trainer -   Reach early stop count 15, training stop
04/23/2022 06:36:29 - INFO - __main__ -   Starting test...
04/23/2022 06:37:32 - INFO - trainer -   ***********************************************************
04/23/2022 06:37:32 - INFO - trainer -   Target domain = RateBook
04/23/2022 06:37:32 - INFO - trainer -   Test result: acc 0.5419, recall 0.3289, f1 0.4094
04/23/2022 06:37:32 - INFO - trainer -   ***********************************************************
