04/22/2022 22:30:22 - INFO - __main__ -   **********************Job Start**********************
04/22/2022 22:30:22 - INFO - __main__ -   Learning rate = 1e-05
04/22/2022 22:30:22 - INFO - __main__ -   Warmup rate = 0.0
04/22/2022 22:30:22 - INFO - __main__ -   Batch_size = 8
04/22/2022 22:30:22 - INFO - __main__ -   Gradient_accumulation_steps = 1
04/22/2022 22:30:22 - INFO - __main__ -   Train epoch = 64
04/22/2022 22:30:22 - INFO - __main__ -   Pretrained_model name = bert-large-uncased
04/22/2022 22:32:39 - INFO - dataset -   Loading data from ../data/snips/AddToPlaylist/AddToPlaylist.txt, total nums is 2042
04/22/2022 22:32:39 - INFO - dataset -   Loading data from ../data/snips/BookRestaurant/BookRestaurant.txt, total nums is 2073
04/22/2022 22:32:39 - INFO - dataset -   Loading data from ../data/snips/GetWeather/GetWeather.txt, total nums is 2100
04/22/2022 22:32:39 - INFO - dataset -   Loading data from ../data/snips/PlayMusic/PlayMusic.txt, total nums is 2100
04/22/2022 22:32:39 - INFO - dataset -   Loading data from ../data/snips/RateBook/RateBook.txt, total nums is 2056
04/22/2022 22:32:39 - INFO - dataset -   Loading data from ../data/snips/SearchCreativeWork/SearchCreativeWork.txt, total nums is 2054
04/22/2022 22:32:39 - INFO - dataset -   Loading data from ../data/snips/SearchScreeningEvent/SearchScreeningEvent.txt, total nums is 2059
04/22/2022 22:32:39 - INFO - dataset -   Loading data from ../data/atis/atis.txt, total nums is 5871
04/22/2022 22:32:39 - INFO - dataset -   Using queries from description.
04/22/2022 22:32:39 - INFO - dataset -   Using queries from description.
04/22/2022 22:32:39 - INFO - dataset -   Using queries from description.
04/22/2022 22:32:39 - INFO - dataset -   Using queries from description.
04/22/2022 22:32:40 - INFO - dataset -   Using queries from description.
04/22/2022 22:32:40 - INFO - dataset -   Using queries from description.
04/22/2022 22:32:40 - INFO - dataset -   Using queries from description.
04/22/2022 22:32:40 - INFO - dataset -   Using queries from description.
04/22/2022 22:32:40 - INFO - dataset -   Using queries from description.
04/22/2022 22:32:40 - INFO - dataset -   The target domain is SearchCreativeWork
04/22/2022 22:32:40 - INFO - dataset -   train_data: 12430 -> 105837
04/22/2022 22:32:40 - INFO - dataset -   valid_data: 500 -> 1000
04/22/2022 22:32:40 - INFO - dataset -   test_data: 1554 -> 3108
04/22/2022 23:18:06 - INFO - trainer -   Epoch 1, train_loss 0.035657    Evalution acc 0.8452, recall 0.4925, f1 0.6224
04/22/2022 23:18:37 - INFO - trainer -   Saved model checkpoint to model_dir/SearchCreativeWork/0/model.pth
04/23/2022 00:05:07 - INFO - trainer -   Epoch 2, train_loss 0.009761    Evalution acc 0.9027, recall 0.4613, f1 0.6106
04/23/2022 00:52:55 - INFO - trainer -   Epoch 3, train_loss 0.006613    Evalution acc 0.8541, recall 0.5145, f1 0.6421
04/23/2022 00:53:23 - INFO - trainer -   Saved model checkpoint to model_dir/SearchCreativeWork/0/model.pth
04/23/2022 01:39:47 - INFO - trainer -   Epoch 4, train_loss 0.005140    Evalution acc 0.8631, recall 0.4809, f1 0.6177
04/23/2022 02:25:50 - INFO - trainer -   Epoch 5, train_loss 0.003753    Evalution acc 0.8435, recall 0.4486, f1 0.5857
04/23/2022 03:14:31 - INFO - trainer -   Epoch 6, train_loss 0.003170    Evalution acc 0.8538, recall 0.4994, f1 0.6302
04/23/2022 04:01:02 - INFO - trainer -   Epoch 7, train_loss 0.002836    Evalution acc 0.8519, recall 0.5121, f1 0.6397
04/23/2022 04:47:45 - INFO - trainer -   Epoch 8, train_loss 0.002389    Evalution acc 0.8314, recall 0.4960, f1 0.6213
04/23/2022 05:36:17 - INFO - trainer -   Epoch 9, train_loss 0.002469    Evalution acc 0.8743, recall 0.5225, f1 0.6541
04/23/2022 05:36:45 - INFO - trainer -   Saved model checkpoint to model_dir/SearchCreativeWork/0/model.pth
04/23/2022 06:23:09 - INFO - trainer -   Epoch 10, train_loss 0.002425    Evalution acc 0.8511, recall 0.5087, f1 0.6368
04/23/2022 07:10:35 - INFO - trainer -   Epoch 11, train_loss 0.002179    Evalution acc 0.8438, recall 0.5121, f1 0.6374
04/23/2022 07:59:23 - INFO - trainer -   Epoch 12, train_loss 0.002140    Evalution acc 0.8632, recall 0.4740, f1 0.6119
04/23/2022 08:46:31 - INFO - trainer -   Epoch 13, train_loss 0.001911    Evalution acc 0.8430, recall 0.5214, f1 0.6443
04/23/2022 09:33:08 - INFO - trainer -   Epoch 14, train_loss 0.001899    Evalution acc 0.8724, recall 0.5295, f1 0.6590
04/23/2022 09:33:35 - INFO - trainer -   Saved model checkpoint to model_dir/SearchCreativeWork/0/model.pth
04/23/2022 10:19:45 - INFO - trainer -   Epoch 15, train_loss 0.001701    Evalution acc 0.7864, recall 0.2000, f1 0.3189
04/23/2022 11:06:06 - INFO - trainer -   Epoch 16, train_loss 0.001597    Evalution acc 0.8753, recall 0.4786, f1 0.6188
04/23/2022 11:49:56 - INFO - trainer -   Epoch 17, train_loss 0.001628    Evalution acc 0.8640, recall 0.5434, f1 0.6671
04/23/2022 11:50:25 - INFO - trainer -   Saved model checkpoint to model_dir/SearchCreativeWork/0/model.pth
04/23/2022 12:36:39 - INFO - trainer -   Epoch 18, train_loss 0.001467    Evalution acc 0.8943, recall 0.4694, f1 0.6156
04/23/2022 13:23:09 - INFO - trainer -   Epoch 19, train_loss 0.001690    Evalution acc 0.8509, recall 0.4289, f1 0.5703
04/23/2022 14:08:41 - INFO - trainer -   Epoch 20, train_loss 0.001651    Evalution acc 0.7753, recall 0.2035, f1 0.3223
04/23/2022 14:53:59 - INFO - trainer -   Epoch 21, train_loss 0.006697    Evalution acc 0.7198, recall 0.1514, f1 0.2502
04/23/2022 15:41:25 - INFO - trainer -   Epoch 22, train_loss 0.007004    Evalution acc 0.8727, recall 0.4832, f1 0.6220
04/23/2022 16:27:02 - INFO - trainer -   Epoch 23, train_loss 0.006070    Evalution acc 0.8372, recall 0.3746, f1 0.5176
04/23/2022 17:12:48 - INFO - trainer -   Epoch 24, train_loss 0.001956    Evalution acc 0.7877, recall 0.3561, f1 0.4904
04/23/2022 18:00:00 - INFO - trainer -   Epoch 25, train_loss 0.002424    Evalution acc 0.8487, recall 0.2659, f1 0.4049
04/23/2022 18:46:07 - INFO - trainer -   Epoch 26, train_loss 0.001933    Evalution acc 0.8460, recall 0.4763, f1 0.6095
04/23/2022 19:31:31 - INFO - trainer -   Epoch 27, train_loss 0.001543    Evalution acc 0.8683, recall 0.3584, f1 0.5074
04/23/2022 20:18:56 - INFO - trainer -   Epoch 28, train_loss 0.001012    Evalution acc 0.8504, recall 0.4139, f1 0.5568
04/23/2022 21:04:24 - INFO - trainer -   Epoch 29, train_loss 0.001073    Evalution acc 0.8135, recall 0.3630, f1 0.5020
