02/15/2022 23:09:59 - INFO - __main__ -   **********************Job Start**********************
02/15/2022 23:09:59 - INFO - __main__ -   Learning rate = 1e-05
02/15/2022 23:09:59 - INFO - __main__ -   Warmup rate = 0.0
02/15/2022 23:09:59 - INFO - __main__ -   Batch_size = 48
02/15/2022 23:09:59 - INFO - __main__ -   Gradient_accumulation_steps = 1
02/15/2022 23:09:59 - INFO - __main__ -   Train epoch = 32
02/15/2022 23:09:59 - INFO - __main__ -   Pretrained_model name = bert-large-uncased
02/15/2022 23:41:01 - INFO - __main__ -   **********************Job Start**********************
02/15/2022 23:41:01 - INFO - __main__ -   Learning rate = 1e-05
02/15/2022 23:41:01 - INFO - __main__ -   Warmup rate = 0.0
02/15/2022 23:41:01 - INFO - __main__ -   Batch_size = 48
02/15/2022 23:41:01 - INFO - __main__ -   Gradient_accumulation_steps = 1
02/15/2022 23:41:01 - INFO - __main__ -   Train epoch = 32
02/15/2022 23:41:01 - INFO - __main__ -   Pretrained_model name = bert-large-uncased
02/15/2022 23:42:56 - INFO - dataset -   Loading data from data/snips/AddToPlaylist/AddToPlaylist.txt, total nums is 2042
02/15/2022 23:42:57 - INFO - dataset -   Loading data from data/snips/BookRestaurant/BookRestaurant.txt, total nums is 2073
02/15/2022 23:42:57 - INFO - dataset -   Loading data from data/snips/GetWeather/GetWeather.txt, total nums is 2100
02/15/2022 23:42:58 - INFO - dataset -   Loading data from data/snips/PlayMusic/PlayMusic.txt, total nums is 2100
02/15/2022 23:43:00 - INFO - dataset -   Loading data from data/snips/RateBook/RateBook.txt, total nums is 2056
02/15/2022 23:43:00 - INFO - dataset -   Loading data from data/snips/SearchCreativeWork/SearchCreativeWork.txt, total nums is 2054
02/15/2022 23:43:01 - INFO - dataset -   Loading data from data/snips/SearchScreeningEvent/SearchScreeningEvent.txt, total nums is 2059
02/15/2022 23:43:01 - INFO - dataset -   Loading data from data/atis/atis.txt, total nums is 5871
02/15/2022 23:43:01 - INFO - dataset -   Using queries from description.
02/15/2022 23:43:01 - INFO - dataset -   Using queries from description.
02/15/2022 23:43:02 - INFO - dataset -   Using queries from description.
02/15/2022 23:43:02 - INFO - dataset -   Using queries from description.
02/15/2022 23:43:02 - INFO - dataset -   Using queries from description.
02/15/2022 23:43:02 - INFO - dataset -   Using queries from description.
02/15/2022 23:43:02 - INFO - dataset -   Using queries from description.
02/15/2022 23:43:02 - INFO - dataset -   Using queries from description.
02/15/2022 23:43:02 - INFO - dataset -   Using queries from description.
02/15/2022 23:43:02 - INFO - dataset -   The target domain is AddToPlaylist
02/15/2022 23:43:02 - INFO - dataset -   train_data: 12442 -> 99735
02/15/2022 23:43:02 - INFO - dataset -   valid_data: 500 -> 2500
02/15/2022 23:43:02 - INFO - dataset -   test_data: 1542 -> 7710
02/16/2022 00:01:31 - INFO - __main__ -   **********************Job Start**********************
02/16/2022 00:01:31 - INFO - __main__ -   Learning rate = 1e-05
02/16/2022 00:01:31 - INFO - __main__ -   Warmup rate = 0.0
02/16/2022 00:01:31 - INFO - __main__ -   Batch_size = 48
02/16/2022 00:01:31 - INFO - __main__ -   Gradient_accumulation_steps = 1
02/16/2022 00:01:31 - INFO - __main__ -   Train epoch = 32
02/16/2022 00:01:31 - INFO - __main__ -   Pretrained_model name = bert-large-uncased
02/16/2022 00:02:25 - INFO - dataset -   Loading data from data/snips/AddToPlaylist/AddToPlaylist.txt, total nums is 2042
02/16/2022 00:02:26 - INFO - dataset -   Loading data from data/snips/BookRestaurant/BookRestaurant.txt, total nums is 2073
02/16/2022 00:02:27 - INFO - dataset -   Loading data from data/snips/GetWeather/GetWeather.txt, total nums is 2100
02/16/2022 00:02:27 - INFO - dataset -   Loading data from data/snips/PlayMusic/PlayMusic.txt, total nums is 2100
02/16/2022 00:02:27 - INFO - dataset -   Loading data from data/snips/RateBook/RateBook.txt, total nums is 2056
02/16/2022 00:02:28 - INFO - dataset -   Loading data from data/snips/SearchCreativeWork/SearchCreativeWork.txt, total nums is 2054
02/16/2022 00:02:28 - INFO - dataset -   Loading data from data/snips/SearchScreeningEvent/SearchScreeningEvent.txt, total nums is 2059
02/16/2022 00:02:29 - INFO - dataset -   Loading data from data/atis/atis.txt, total nums is 5871
02/16/2022 00:02:29 - INFO - dataset -   Using queries from description.
02/16/2022 00:02:29 - INFO - dataset -   Using queries from description.
02/16/2022 00:02:29 - INFO - dataset -   Using queries from description.
02/16/2022 00:02:29 - INFO - dataset -   Using queries from description.
02/16/2022 00:02:29 - INFO - dataset -   Using queries from description.
02/16/2022 00:02:29 - INFO - dataset -   Using queries from description.
02/16/2022 00:02:29 - INFO - dataset -   Using queries from description.
02/16/2022 00:02:29 - INFO - dataset -   Using queries from description.
02/16/2022 00:02:29 - INFO - dataset -   Using queries from description.
02/16/2022 00:02:29 - INFO - dataset -   The target domain is AddToPlaylist
02/16/2022 00:02:29 - INFO - dataset -   train_data: 12442 -> 99735
02/16/2022 00:02:29 - INFO - dataset -   valid_data: 500 -> 2500
02/16/2022 00:02:29 - INFO - dataset -   test_data: 1542 -> 7710
02/16/2022 11:48:57 - INFO - __main__ -   **********************Job Start**********************
02/16/2022 11:48:57 - INFO - __main__ -   Learning rate = 1e-05
02/16/2022 11:48:57 - INFO - __main__ -   Warmup rate = 0.0
02/16/2022 11:48:57 - INFO - __main__ -   Batch_size = 32
02/16/2022 11:48:57 - INFO - __main__ -   Gradient_accumulation_steps = 1
02/16/2022 11:48:57 - INFO - __main__ -   Train epoch = 32
02/16/2022 11:48:57 - INFO - __main__ -   Pretrained_model name = bert-large-uncased
02/16/2022 11:49:35 - INFO - dataset -   Loading data from data/snips/AddToPlaylist/AddToPlaylist.txt, total nums is 2042
02/16/2022 11:49:36 - INFO - dataset -   Loading data from data/snips/BookRestaurant/BookRestaurant.txt, total nums is 2073
02/16/2022 11:49:37 - INFO - dataset -   Loading data from data/snips/GetWeather/GetWeather.txt, total nums is 2100
02/16/2022 11:49:37 - INFO - dataset -   Loading data from data/snips/PlayMusic/PlayMusic.txt, total nums is 2100
02/16/2022 11:49:38 - INFO - dataset -   Loading data from data/snips/RateBook/RateBook.txt, total nums is 2056
02/16/2022 11:49:38 - INFO - dataset -   Loading data from data/snips/SearchCreativeWork/SearchCreativeWork.txt, total nums is 2054
02/16/2022 11:49:39 - INFO - dataset -   Loading data from data/snips/SearchScreeningEvent/SearchScreeningEvent.txt, total nums is 2059
02/16/2022 11:49:39 - INFO - dataset -   Loading data from data/atis/atis.txt, total nums is 5871
02/16/2022 11:49:39 - INFO - dataset -   Using queries from description.
02/16/2022 11:49:39 - INFO - dataset -   Using queries from description.
02/16/2022 11:49:39 - INFO - dataset -   Using queries from description.
02/16/2022 11:49:40 - INFO - dataset -   Using queries from description.
02/16/2022 11:49:40 - INFO - dataset -   Using queries from description.
02/16/2022 11:49:40 - INFO - dataset -   Using queries from description.
02/16/2022 11:49:40 - INFO - dataset -   Using queries from description.
02/16/2022 11:49:40 - INFO - dataset -   Using queries from description.
02/16/2022 11:49:40 - INFO - dataset -   Using queries from description.
02/16/2022 11:49:40 - INFO - dataset -   The target domain is AddToPlaylist
02/16/2022 11:49:40 - INFO - dataset -   train_data: 12442 -> 99735
02/16/2022 11:49:40 - INFO - dataset -   valid_data: 500 -> 2500
02/16/2022 11:49:40 - INFO - dataset -   test_data: 1542 -> 7710
02/16/2022 12:12:16 - INFO - trainer -   Epoch 1, train_loss 0.094607    Evalution acc 0.8145, recall 0.3538, f1 0.4934
02/16/2022 12:13:03 - INFO - trainer -   Saved model checkpoint to model_dir/AddToPlaylist/0/model.pth
02/16/2022 12:34:29 - INFO - trainer -   Epoch 2, train_loss 0.014072    Evalution acc 0.8585, recall 0.5421, f1 0.6646
02/16/2022 12:35:14 - INFO - trainer -   Saved model checkpoint to model_dir/AddToPlaylist/0/model.pth
02/16/2022 12:56:41 - INFO - trainer -   Epoch 3, train_loss 0.007706    Evalution acc 0.8619, recall 0.5304, f1 0.6567
02/16/2022 13:18:13 - INFO - trainer -   Epoch 4, train_loss 0.004861    Evalution acc 0.8671, recall 0.5355, f1 0.6621
02/16/2022 13:39:35 - INFO - trainer -   Epoch 5, train_loss 0.003095    Evalution acc 0.8779, recall 0.5055, f1 0.6416
02/16/2022 14:00:56 - INFO - trainer -   Epoch 6, train_loss 0.002203    Evalution acc 0.8086, recall 0.4703, f1 0.5947
02/16/2022 14:22:16 - INFO - trainer -   Epoch 7, train_loss 0.001634    Evalution acc 0.8732, recall 0.4894, f1 0.6272
02/16/2022 14:43:43 - INFO - trainer -   Epoch 8, train_loss 0.001287    Evalution acc 0.8434, recall 0.5209, f1 0.6440
02/16/2022 15:05:03 - INFO - trainer -   Epoch 9, train_loss 0.000989    Evalution acc 0.8586, recall 0.4982, f1 0.6305
02/16/2022 15:26:30 - INFO - trainer -   Epoch 10, train_loss 0.000822    Evalution acc 0.8306, recall 0.4886, f1 0.6153
02/16/2022 15:47:57 - INFO - trainer -   Epoch 11, train_loss 0.000630    Evalution acc 0.8432, recall 0.4923, f1 0.6216
02/16/2022 16:09:10 - INFO - trainer -   Epoch 12, train_loss 0.000607    Evalution acc 0.8291, recall 0.4974, f1 0.6218
02/16/2022 16:09:10 - INFO - trainer -   Reach early stop count 10, training stop
02/16/2022 16:09:51 - INFO - dataset -   Loading data from data/snips/AddToPlaylist/AddToPlaylist.txt, total nums is 2042
02/16/2022 16:09:51 - INFO - dataset -   Loading data from data/snips/BookRestaurant/BookRestaurant.txt, total nums is 2073
02/16/2022 16:09:51 - INFO - dataset -   Loading data from data/snips/GetWeather/GetWeather.txt, total nums is 2100
02/16/2022 16:09:51 - INFO - dataset -   Loading data from data/snips/PlayMusic/PlayMusic.txt, total nums is 2100
02/16/2022 16:09:52 - INFO - dataset -   Loading data from data/snips/RateBook/RateBook.txt, total nums is 2056
02/16/2022 16:09:52 - INFO - dataset -   Loading data from data/snips/SearchCreativeWork/SearchCreativeWork.txt, total nums is 2054
02/16/2022 16:09:52 - INFO - dataset -   Loading data from data/snips/SearchScreeningEvent/SearchScreeningEvent.txt, total nums is 2059
02/16/2022 16:09:52 - INFO - dataset -   Loading data from data/atis/atis.txt, total nums is 5871
02/16/2022 16:09:52 - INFO - dataset -   Using queries from description.
02/16/2022 16:09:53 - INFO - dataset -   Using queries from description.
02/16/2022 16:09:53 - INFO - dataset -   Using queries from description.
02/16/2022 16:09:53 - INFO - dataset -   Using queries from description.
02/16/2022 16:09:53 - INFO - dataset -   Using queries from description.
02/16/2022 16:09:53 - INFO - dataset -   Using queries from description.
02/16/2022 16:09:53 - INFO - dataset -   Using queries from description.
02/16/2022 16:09:53 - INFO - dataset -   Using queries from description.
02/16/2022 16:09:53 - INFO - dataset -   Using queries from description.
02/16/2022 16:09:53 - INFO - dataset -   The target domain is AddToPlaylist
02/16/2022 16:09:53 - INFO - dataset -   train_data: 12442 -> 99735
02/16/2022 16:09:53 - INFO - dataset -   valid_data: 500 -> 2500
02/16/2022 16:09:53 - INFO - dataset -   test_data: 1542 -> 7710
02/16/2022 16:09:54 - INFO - trainer -   Model loaded from model_dir/AddToPlaylist/0/model.pth
02/16/2022 16:09:54 - INFO - __main__ -   Starting test...
02/16/2022 16:10:28 - INFO - trainer -   ***********************************************************
02/16/2022 16:10:28 - INFO - trainer -   Test result: acc 0.8655, recall 0.5351, f1 0.6614
02/16/2022 16:10:28 - INFO - trainer -   ***********************************************************
