02/16/2022 12:30:34 - INFO - __main__ -   **********************Job Start**********************
02/16/2022 12:30:34 - INFO - __main__ -   Learning rate = 1e-05
02/16/2022 12:30:34 - INFO - __main__ -   Warmup rate = 0.0
02/16/2022 12:30:34 - INFO - __main__ -   Batch_size = 32
02/16/2022 12:30:34 - INFO - __main__ -   Gradient_accumulation_steps = 1
02/16/2022 12:30:34 - INFO - __main__ -   Train epoch = 32
02/16/2022 12:30:34 - INFO - __main__ -   Pretrained_model name = bert-large-uncased
02/16/2022 12:31:12 - INFO - dataset -   Loading data from data/snips/AddToPlaylist/AddToPlaylist.txt, total nums is 2042
02/16/2022 12:31:13 - INFO - dataset -   Loading data from data/snips/BookRestaurant/BookRestaurant.txt, total nums is 2073
02/16/2022 12:31:13 - INFO - dataset -   Loading data from data/snips/GetWeather/GetWeather.txt, total nums is 2100
02/16/2022 12:31:14 - INFO - dataset -   Loading data from data/snips/PlayMusic/PlayMusic.txt, total nums is 2100
02/16/2022 12:31:15 - INFO - dataset -   Loading data from data/snips/RateBook/RateBook.txt, total nums is 2056
02/16/2022 12:31:15 - INFO - dataset -   Loading data from data/snips/SearchCreativeWork/SearchCreativeWork.txt, total nums is 2054
02/16/2022 12:31:16 - INFO - dataset -   Loading data from data/snips/SearchScreeningEvent/SearchScreeningEvent.txt, total nums is 2059
02/16/2022 12:31:17 - INFO - dataset -   Loading data from data/atis/atis.txt, total nums is 5871
02/16/2022 12:31:17 - INFO - dataset -   Using queries from description.
02/16/2022 12:31:17 - INFO - dataset -   Using queries from description.
02/16/2022 12:31:17 - INFO - dataset -   Using queries from description.
02/16/2022 12:31:18 - INFO - dataset -   Using queries from description.
02/16/2022 12:31:18 - INFO - dataset -   Using queries from description.
02/16/2022 12:31:18 - INFO - dataset -   Using queries from description.
02/16/2022 12:31:18 - INFO - dataset -   Using queries from description.
02/16/2022 12:31:18 - INFO - dataset -   Using queries from description.
02/16/2022 12:31:18 - INFO - dataset -   Using queries from description.
02/16/2022 12:31:18 - INFO - dataset -   The target domain is BookRestaurant
02/16/2022 12:31:18 - INFO - dataset -   train_data: 12411 -> 80923
02/16/2022 12:31:18 - INFO - dataset -   valid_data: 500 -> 7000
02/16/2022 12:31:18 - INFO - dataset -   test_data: 1573 -> 22022
02/16/2022 12:49:32 - INFO - trainer -   Epoch 1, train_loss 0.085075    Evalution acc 0.6810, recall 0.4812, f1 0.5639
02/16/2022 12:50:20 - INFO - trainer -   Saved model checkpoint to model_dir/BookRestaurant/0/model.pth
02/16/2022 13:07:57 - INFO - trainer -   Epoch 2, train_loss 0.015863    Evalution acc 0.7029, recall 0.5364, f1 0.6085
02/16/2022 13:08:41 - INFO - trainer -   Saved model checkpoint to model_dir/BookRestaurant/0/model.pth
02/16/2022 13:26:25 - INFO - trainer -   Epoch 3, train_loss 0.008744    Evalution acc 0.7021, recall 0.4927, f1 0.5791
02/16/2022 13:43:48 - INFO - trainer -   Epoch 4, train_loss 0.005382    Evalution acc 0.6233, recall 0.4933, f1 0.5507
02/16/2022 14:01:34 - INFO - trainer -   Epoch 5, train_loss 0.003319    Evalution acc 0.6543, recall 0.4267, f1 0.5165
02/16/2022 14:19:11 - INFO - trainer -   Epoch 6, train_loss 0.002231    Evalution acc 0.7118, recall 0.4552, f1 0.5553
02/16/2022 14:36:44 - INFO - trainer -   Epoch 7, train_loss 0.001867    Evalution acc 0.7408, recall 0.4661, f1 0.5722
02/16/2022 14:54:20 - INFO - trainer -   Epoch 8, train_loss 0.001200    Evalution acc 0.7045, recall 0.4739, f1 0.5667
02/16/2022 15:11:57 - INFO - trainer -   Epoch 9, train_loss 0.000939    Evalution acc 0.7538, recall 0.4509, f1 0.5643
02/16/2022 15:29:30 - INFO - trainer -   Epoch 10, train_loss 0.000835    Evalution acc 0.6935, recall 0.4442, f1 0.5416
02/16/2022 15:47:02 - INFO - trainer -   Epoch 11, train_loss 0.000845    Evalution acc 0.6490, recall 0.4079, f1 0.5009
02/16/2022 16:04:37 - INFO - trainer -   Epoch 12, train_loss 0.000662    Evalution acc 0.7081, recall 0.4794, f1 0.5717
02/16/2022 16:04:37 - INFO - trainer -   Reach early stop count 10, training stop
02/16/2022 16:05:44 - INFO - dataset -   Loading data from data/snips/AddToPlaylist/AddToPlaylist.txt, total nums is 2042
02/16/2022 16:05:45 - INFO - dataset -   Loading data from data/snips/BookRestaurant/BookRestaurant.txt, total nums is 2073
02/16/2022 16:05:46 - INFO - dataset -   Loading data from data/snips/GetWeather/GetWeather.txt, total nums is 2100
02/16/2022 16:05:47 - INFO - dataset -   Loading data from data/snips/PlayMusic/PlayMusic.txt, total nums is 2100
02/16/2022 16:05:47 - INFO - dataset -   Loading data from data/snips/RateBook/RateBook.txt, total nums is 2056
02/16/2022 16:05:48 - INFO - dataset -   Loading data from data/snips/SearchCreativeWork/SearchCreativeWork.txt, total nums is 2054
02/16/2022 16:05:49 - INFO - dataset -   Loading data from data/snips/SearchScreeningEvent/SearchScreeningEvent.txt, total nums is 2059
02/16/2022 16:05:50 - INFO - dataset -   Loading data from data/atis/atis.txt, total nums is 5871
02/16/2022 16:05:50 - INFO - dataset -   Using queries from description.
02/16/2022 16:05:50 - INFO - dataset -   Using queries from description.
02/16/2022 16:05:56 - INFO - dataset -   Using queries from description.
02/16/2022 16:05:56 - INFO - dataset -   Using queries from description.
02/16/2022 16:05:57 - INFO - dataset -   Using queries from description.
02/16/2022 16:05:57 - INFO - dataset -   Using queries from description.
02/16/2022 16:05:57 - INFO - dataset -   Using queries from description.
02/16/2022 16:05:57 - INFO - dataset -   Using queries from description.
02/16/2022 16:05:57 - INFO - dataset -   Using queries from description.
02/16/2022 16:05:57 - INFO - dataset -   The target domain is BookRestaurant
02/16/2022 16:05:57 - INFO - dataset -   train_data: 12411 -> 80923
02/16/2022 16:05:57 - INFO - dataset -   valid_data: 500 -> 7000
02/16/2022 16:05:57 - INFO - dataset -   test_data: 1573 -> 22022
02/16/2022 16:05:58 - INFO - trainer -   Model loaded from model_dir/BookRestaurant/0/model.pth
02/16/2022 16:05:58 - INFO - __main__ -   Starting test...
02/16/2022 16:50:26 - INFO - __main__ -   **********************Job Start**********************
02/16/2022 16:50:26 - INFO - __main__ -   Learning rate = 1e-05
02/16/2022 16:50:26 - INFO - __main__ -   Warmup rate = 0.0
02/16/2022 16:50:26 - INFO - __main__ -   Batch_size = 48
02/16/2022 16:50:26 - INFO - __main__ -   Gradient_accumulation_steps = 1
02/16/2022 16:50:26 - INFO - __main__ -   Train epoch = 32
02/16/2022 16:50:26 - INFO - __main__ -   Pretrained_model name = bert-large-uncased
02/16/2022 16:51:01 - INFO - dataset -   Loading data from data/snips/AddToPlaylist/AddToPlaylist.txt, total nums is 2042
02/16/2022 16:51:02 - INFO - dataset -   Loading data from data/snips/BookRestaurant/BookRestaurant.txt, total nums is 2073
02/16/2022 16:51:02 - INFO - dataset -   Loading data from data/snips/GetWeather/GetWeather.txt, total nums is 2100
02/16/2022 16:51:03 - INFO - dataset -   Loading data from data/snips/PlayMusic/PlayMusic.txt, total nums is 2100
02/16/2022 16:51:04 - INFO - dataset -   Loading data from data/snips/RateBook/RateBook.txt, total nums is 2056
02/16/2022 16:51:04 - INFO - dataset -   Loading data from data/snips/SearchCreativeWork/SearchCreativeWork.txt, total nums is 2054
02/16/2022 16:51:05 - INFO - dataset -   Loading data from data/snips/SearchScreeningEvent/SearchScreeningEvent.txt, total nums is 2059
02/16/2022 16:51:05 - INFO - dataset -   Loading data from data/atis/atis.txt, total nums is 5871
02/16/2022 16:51:05 - INFO - dataset -   Using queries from description.
02/16/2022 16:51:05 - INFO - dataset -   Using queries from description.
02/16/2022 16:51:06 - INFO - dataset -   Using queries from description.
02/16/2022 16:51:06 - INFO - dataset -   Using queries from description.
02/16/2022 16:51:06 - INFO - dataset -   Using queries from description.
02/16/2022 16:51:06 - INFO - dataset -   Using queries from description.
02/16/2022 16:51:06 - INFO - dataset -   Using queries from description.
02/16/2022 16:51:06 - INFO - dataset -   Using queries from description.
02/16/2022 16:51:06 - INFO - dataset -   Using queries from description.
02/16/2022 16:51:06 - INFO - dataset -   The target domain is BookRestaurant
02/16/2022 16:51:06 - INFO - dataset -   train_data: 12411 -> 80923
02/16/2022 16:51:06 - INFO - dataset -   valid_data: 500 -> 7000
02/16/2022 16:51:06 - INFO - dataset -   test_data: 1573 -> 22022
02/16/2022 17:07:55 - INFO - trainer -   Epoch 1, train_loss 0.112729    Evalution acc 0.6172, recall 0.5170, f1 0.5627
02/16/2022 17:08:40 - INFO - trainer -   Saved model checkpoint to model_dir/BookRestaurant/0/model.pth
02/16/2022 17:24:46 - INFO - trainer -   Epoch 2, train_loss 0.018589    Evalution acc 0.6129, recall 0.5164, f1 0.5605
02/16/2022 17:40:51 - INFO - trainer -   Epoch 3, train_loss 0.010124    Evalution acc 0.6893, recall 0.4545, f1 0.5478
02/16/2022 17:56:57 - INFO - trainer -   Epoch 4, train_loss 0.006633    Evalution acc 0.6670, recall 0.4745, f1 0.5545
02/16/2022 18:13:07 - INFO - trainer -   Epoch 5, train_loss 0.004648    Evalution acc 0.6581, recall 0.4503, f1 0.5347
02/16/2022 18:29:29 - INFO - trainer -   Epoch 6, train_loss 0.002887    Evalution acc 0.7137, recall 0.5000, f1 0.5880
02/16/2022 18:30:12 - INFO - trainer -   Saved model checkpoint to model_dir/BookRestaurant/0/model.pth
02/16/2022 18:46:15 - INFO - trainer -   Epoch 7, train_loss 0.002050    Evalution acc 0.7065, recall 0.4800, f1 0.5716
02/16/2022 19:02:27 - INFO - trainer -   Epoch 8, train_loss 0.001615    Evalution acc 0.6761, recall 0.4758, f1 0.5585
02/16/2022 19:18:33 - INFO - trainer -   Epoch 9, train_loss 0.001340    Evalution acc 0.7370, recall 0.4636, f1 0.5692
02/16/2022 19:34:49 - INFO - trainer -   Epoch 10, train_loss 0.001053    Evalution acc 0.6803, recall 0.4642, f1 0.5519
02/16/2022 19:51:22 - INFO - trainer -   Epoch 11, train_loss 0.000825    Evalution acc 0.6488, recall 0.4267, f1 0.5148
02/16/2022 20:07:32 - INFO - trainer -   Epoch 12, train_loss 0.000796    Evalution acc 0.6124, recall 0.3964, f1 0.4812
02/16/2022 20:23:42 - INFO - trainer -   Epoch 13, train_loss 0.000641    Evalution acc 0.5922, recall 0.3697, f1 0.4552
02/16/2022 20:39:53 - INFO - trainer -   Epoch 14, train_loss 0.000405    Evalution acc 0.6107, recall 0.3794, f1 0.4680
02/16/2022 20:56:04 - INFO - trainer -   Epoch 15, train_loss 0.000413    Evalution acc 0.6684, recall 0.4679, f1 0.5504
02/16/2022 21:12:14 - INFO - trainer -   Epoch 16, train_loss 0.000343    Evalution acc 0.5916, recall 0.4109, f1 0.4850
02/16/2022 21:12:14 - INFO - trainer -   Reach early stop count 10, training stop
02/16/2022 21:13:12 - INFO - dataset -   Loading data from data/snips/AddToPlaylist/AddToPlaylist.txt, total nums is 2042
02/16/2022 21:13:13 - INFO - dataset -   Loading data from data/snips/BookRestaurant/BookRestaurant.txt, total nums is 2073
02/16/2022 21:13:14 - INFO - dataset -   Loading data from data/snips/GetWeather/GetWeather.txt, total nums is 2100
02/16/2022 21:13:14 - INFO - dataset -   Loading data from data/snips/PlayMusic/PlayMusic.txt, total nums is 2100
02/16/2022 21:13:14 - INFO - dataset -   Loading data from data/snips/RateBook/RateBook.txt, total nums is 2056
02/16/2022 21:13:15 - INFO - dataset -   Loading data from data/snips/SearchCreativeWork/SearchCreativeWork.txt, total nums is 2054
02/16/2022 21:13:16 - INFO - dataset -   Loading data from data/snips/SearchScreeningEvent/SearchScreeningEvent.txt, total nums is 2059
02/16/2022 21:13:17 - INFO - dataset -   Loading data from data/atis/atis.txt, total nums is 5871
02/16/2022 21:13:17 - INFO - dataset -   Using queries from description.
02/16/2022 21:13:21 - INFO - dataset -   Using queries from description.
02/16/2022 21:13:21 - INFO - dataset -   Using queries from description.
02/16/2022 21:13:22 - INFO - dataset -   Using queries from description.
02/16/2022 21:13:22 - INFO - dataset -   Using queries from description.
02/16/2022 21:13:22 - INFO - dataset -   Using queries from description.
02/16/2022 21:13:22 - INFO - dataset -   Using queries from description.
02/16/2022 21:13:22 - INFO - dataset -   Using queries from description.
02/16/2022 21:13:22 - INFO - dataset -   Using queries from description.
02/16/2022 21:13:22 - INFO - dataset -   The target domain is BookRestaurant
02/16/2022 21:13:22 - INFO - dataset -   train_data: 12411 -> 80923
02/16/2022 21:13:22 - INFO - dataset -   valid_data: 500 -> 7000
02/16/2022 21:13:22 - INFO - dataset -   test_data: 1573 -> 22022
02/16/2022 21:13:23 - INFO - trainer -   Model loaded from model_dir/BookRestaurant/0/model.pth
02/16/2022 21:13:23 - INFO - __main__ -   Starting test...
02/26/2022 14:32:25 - INFO - __main__ -   **********************Job Start**********************
02/26/2022 14:32:25 - INFO - __main__ -   Learning rate = 1e-05
02/26/2022 14:32:25 - INFO - __main__ -   Warmup rate = 0.0
02/26/2022 14:32:25 - INFO - __main__ -   Batch_size = 16
02/26/2022 14:32:25 - INFO - __main__ -   Gradient_accumulation_steps = 1
02/26/2022 14:32:25 - INFO - __main__ -   Train epoch = 64
02/26/2022 14:32:25 - INFO - __main__ -   Pretrained_model name = bert-large-uncased
02/27/2022 06:30:16 - INFO - __main__ -   **********************Job Start**********************
02/27/2022 06:30:16 - INFO - __main__ -   Learning rate = 1e-05
02/27/2022 06:30:16 - INFO - __main__ -   Warmup rate = 0.0
02/27/2022 06:30:16 - INFO - __main__ -   Batch_size = 16
02/27/2022 06:30:16 - INFO - __main__ -   Gradient_accumulation_steps = 1
02/27/2022 06:30:16 - INFO - __main__ -   Train epoch = 64
02/27/2022 06:30:16 - INFO - __main__ -   Pretrained_model name = bert-large-uncased
02/27/2022 06:30:39 - INFO - dataset -   Loading data from data/snips/AddToPlaylist/AddToPlaylist.txt, total nums is 2042
02/27/2022 06:30:39 - INFO - dataset -   Loading data from data/snips/BookRestaurant/BookRestaurant.txt, total nums is 2073
02/27/2022 06:30:39 - INFO - dataset -   Loading data from data/snips/GetWeather/GetWeather.txt, total nums is 2100
02/27/2022 06:30:39 - INFO - dataset -   Loading data from data/snips/PlayMusic/PlayMusic.txt, total nums is 2100
02/27/2022 06:30:39 - INFO - dataset -   Loading data from data/snips/RateBook/RateBook.txt, total nums is 2056
02/27/2022 06:30:39 - INFO - dataset -   Loading data from data/snips/SearchCreativeWork/SearchCreativeWork.txt, total nums is 2054
02/27/2022 06:30:39 - INFO - dataset -   Loading data from data/snips/SearchScreeningEvent/SearchScreeningEvent.txt, total nums is 2059
02/27/2022 06:30:39 - INFO - dataset -   Loading data from data/atis/atis.txt, total nums is 5871
02/27/2022 06:30:39 - INFO - dataset -   Using queries from description.
02/27/2022 06:30:40 - INFO - dataset -   Using queries from description.
02/27/2022 06:30:40 - INFO - dataset -   Using queries from description.
02/27/2022 06:30:40 - INFO - dataset -   Using queries from description.
02/27/2022 06:30:40 - INFO - dataset -   Using queries from description.
02/27/2022 06:30:40 - INFO - dataset -   Using queries from description.
02/27/2022 06:30:41 - INFO - dataset -   Using queries from description.
02/27/2022 06:30:41 - INFO - dataset -   Using queries from description.
02/27/2022 06:30:41 - INFO - dataset -   Using queries from description.
02/27/2022 06:30:41 - INFO - dataset -   The target domain is BookRestaurant
02/27/2022 06:30:41 - INFO - dataset -   train_data: 12411 -> 80923
02/27/2022 06:30:41 - INFO - dataset -   valid_data: 500 -> 7000
02/27/2022 06:30:41 - INFO - dataset -   test_data: 1573 -> 22022
02/27/2022 06:59:21 - INFO - trainer -   Epoch 1, train_loss 0.067607    Evalution acc 0.7323, recall 0.5503, f1 0.6284
02/27/2022 06:59:43 - INFO - trainer -   Saved model checkpoint to model_dir/BookRestaurant/0/model.pth
02/27/2022 07:28:58 - INFO - trainer -   Epoch 2, train_loss 0.014222    Evalution acc 0.7504, recall 0.5503, f1 0.6350
02/27/2022 07:29:29 - INFO - trainer -   Saved model checkpoint to model_dir/BookRestaurant/0/model.pth
02/27/2022 07:58:40 - INFO - trainer -   Epoch 3, train_loss 0.007797    Evalution acc 0.7665, recall 0.5430, f1 0.6357
02/27/2022 07:59:09 - INFO - trainer -   Saved model checkpoint to model_dir/BookRestaurant/0/model.pth
02/27/2022 08:25:40 - INFO - trainer -   Epoch 4, train_loss 0.005397    Evalution acc 0.6861, recall 0.5339, f1 0.6005
02/27/2022 08:54:17 - INFO - trainer -   Epoch 5, train_loss 0.003601    Evalution acc 0.7614, recall 0.5164, f1 0.6154
02/27/2022 09:20:08 - INFO - trainer -   Epoch 6, train_loss 0.002683    Evalution acc 0.6887, recall 0.4236, f1 0.5246
02/27/2022 09:45:29 - INFO - trainer -   Epoch 7, train_loss 0.001994    Evalution acc 0.7110, recall 0.4564, f1 0.5559
02/27/2022 10:12:01 - INFO - trainer -   Epoch 8, train_loss 0.001868    Evalution acc 0.7100, recall 0.4570, f1 0.5560
02/27/2022 10:38:20 - INFO - trainer -   Epoch 9, train_loss 0.001262    Evalution acc 0.7589, recall 0.4770, f1 0.5858
02/27/2022 11:03:06 - INFO - trainer -   Epoch 10, train_loss 0.001282    Evalution acc 0.6816, recall 0.4333, f1 0.5298
02/27/2022 11:29:26 - INFO - trainer -   Epoch 11, train_loss 0.001066    Evalution acc 0.7429, recall 0.4097, f1 0.5281
02/27/2022 11:55:07 - INFO - trainer -   Epoch 12, train_loss 0.001254    Evalution acc 0.7423, recall 0.4364, f1 0.5496
02/27/2022 12:21:24 - INFO - trainer -   Epoch 13, train_loss 0.000888    Evalution acc 0.7408, recall 0.4885, f1 0.5888
02/27/2022 12:21:25 - INFO - trainer -   Reach early stop count 10, training stop
02/27/2022 12:21:44 - INFO - dataset -   Loading data from data/snips/AddToPlaylist/AddToPlaylist.txt, total nums is 2042
02/27/2022 12:21:45 - INFO - dataset -   Loading data from data/snips/BookRestaurant/BookRestaurant.txt, total nums is 2073
02/27/2022 12:21:45 - INFO - dataset -   Loading data from data/snips/GetWeather/GetWeather.txt, total nums is 2100
02/27/2022 12:21:45 - INFO - dataset -   Loading data from data/snips/PlayMusic/PlayMusic.txt, total nums is 2100
02/27/2022 12:21:45 - INFO - dataset -   Loading data from data/snips/RateBook/RateBook.txt, total nums is 2056
02/27/2022 12:21:45 - INFO - dataset -   Loading data from data/snips/SearchCreativeWork/SearchCreativeWork.txt, total nums is 2054
02/27/2022 12:21:45 - INFO - dataset -   Loading data from data/snips/SearchScreeningEvent/SearchScreeningEvent.txt, total nums is 2059
02/27/2022 12:21:45 - INFO - dataset -   Loading data from data/atis/atis.txt, total nums is 5871
02/27/2022 12:21:45 - INFO - dataset -   Using queries from description.
02/27/2022 12:21:45 - INFO - dataset -   Using queries from description.
02/27/2022 12:21:46 - INFO - dataset -   Using queries from description.
02/27/2022 12:21:46 - INFO - dataset -   Using queries from description.
02/27/2022 12:21:46 - INFO - dataset -   Using queries from description.
02/27/2022 12:21:46 - INFO - dataset -   Using queries from description.
02/27/2022 12:21:46 - INFO - dataset -   Using queries from description.
02/27/2022 12:21:46 - INFO - dataset -   Using queries from description.
02/27/2022 12:21:46 - INFO - dataset -   Using queries from description.
02/27/2022 12:21:47 - INFO - dataset -   The target domain is BookRestaurant
02/27/2022 12:21:47 - INFO - dataset -   train_data: 12411 -> 80923
02/27/2022 12:21:47 - INFO - dataset -   valid_data: 500 -> 7000
02/27/2022 12:21:47 - INFO - dataset -   test_data: 1573 -> 22022
02/27/2022 12:21:48 - INFO - trainer -   Model loaded from model_dir/BookRestaurant/0/model.pth
02/27/2022 12:21:48 - INFO - __main__ -   Starting test...
02/27/2022 12:24:05 - INFO - trainer -   ***********************************************************
02/27/2022 12:24:05 - INFO - trainer -   Test result: acc 0.7459, recall 0.5306, f1 0.6200
02/27/2022 12:24:05 - INFO - trainer -   ***********************************************************
03/23/2022 21:42:59 - INFO - __main__ -   **********************Job Start**********************
03/23/2022 21:42:59 - INFO - __main__ -   Learning rate = 1e-05
03/23/2022 21:42:59 - INFO - __main__ -   Warmup rate = 0.0
03/23/2022 21:42:59 - INFO - __main__ -   Batch_size = 8
03/23/2022 21:42:59 - INFO - __main__ -   Gradient_accumulation_steps = 1
03/23/2022 21:42:59 - INFO - __main__ -   Train epoch = 64
03/23/2022 21:42:59 - INFO - __main__ -   Pretrained_model name = bert-large-uncased
03/23/2022 21:43:11 - INFO - dataset -   Loading data from data/snips/AddToPlaylist/AddToPlaylist.txt, total nums is 2042
03/23/2022 21:43:11 - INFO - dataset -   Loading data from data/snips/BookRestaurant/BookRestaurant.txt, total nums is 2073
03/23/2022 21:43:11 - INFO - dataset -   Loading data from data/snips/GetWeather/GetWeather.txt, total nums is 2100
03/23/2022 21:43:11 - INFO - dataset -   Loading data from data/snips/PlayMusic/PlayMusic.txt, total nums is 2100
03/23/2022 21:43:11 - INFO - dataset -   Loading data from data/snips/RateBook/RateBook.txt, total nums is 2056
03/23/2022 21:43:11 - INFO - dataset -   Loading data from data/snips/SearchCreativeWork/SearchCreativeWork.txt, total nums is 2054
03/23/2022 21:43:11 - INFO - dataset -   Loading data from data/snips/SearchScreeningEvent/SearchScreeningEvent.txt, total nums is 2059
03/23/2022 21:43:11 - INFO - dataset -   Loading data from data/atis/atis.txt, total nums is 5871
03/23/2022 21:43:11 - INFO - dataset -   Using queries from description.
03/23/2022 21:43:12 - INFO - dataset -   Using queries from description.
03/23/2022 21:43:12 - INFO - dataset -   Using queries from description.
03/23/2022 21:43:12 - INFO - dataset -   Using queries from description.
03/23/2022 21:43:12 - INFO - dataset -   Using queries from description.
03/23/2022 21:43:12 - INFO - dataset -   Using queries from description.
03/23/2022 21:43:12 - INFO - dataset -   Using queries from description.
03/23/2022 21:43:12 - INFO - dataset -   Using queries from description.
03/23/2022 21:43:12 - INFO - dataset -   Using queries from description.
03/23/2022 21:43:13 - INFO - dataset -   The target domain is BookRestaurant
03/23/2022 21:43:13 - INFO - dataset -   train_data: 12411 -> 80923
03/23/2022 21:43:13 - INFO - dataset -   valid_data: 500 -> 7000
03/23/2022 21:43:13 - INFO - dataset -   test_data: 1573 -> 22022
