02/26/2022 14:33:03 - INFO - __main__ -   **********************Job Start**********************
02/26/2022 14:33:03 - INFO - __main__ -   Learning rate = 1e-05
02/26/2022 14:33:03 - INFO - __main__ -   Warmup rate = 0.0
02/26/2022 14:33:03 - INFO - __main__ -   Batch_size = 16
02/26/2022 14:33:03 - INFO - __main__ -   Gradient_accumulation_steps = 1
02/26/2022 14:33:03 - INFO - __main__ -   Train epoch = 64
02/26/2022 14:33:03 - INFO - __main__ -   Pretrained_model name = bert-large-uncased
02/26/2022 14:33:22 - INFO - dataset -   Loading data from data/snips/AddToPlaylist/AddToPlaylist.txt, total nums is 2042
02/26/2022 14:33:22 - INFO - dataset -   Loading data from data/snips/BookRestaurant/BookRestaurant.txt, total nums is 2073
02/26/2022 14:33:22 - INFO - dataset -   Loading data from data/snips/GetWeather/GetWeather.txt, total nums is 2100
02/26/2022 14:33:22 - INFO - dataset -   Loading data from data/snips/PlayMusic/PlayMusic.txt, total nums is 2100
02/26/2022 14:33:22 - INFO - dataset -   Loading data from data/snips/RateBook/RateBook.txt, total nums is 2056
02/26/2022 14:33:22 - INFO - dataset -   Loading data from data/snips/SearchCreativeWork/SearchCreativeWork.txt, total nums is 2054
02/26/2022 14:33:22 - INFO - dataset -   Loading data from data/snips/SearchScreeningEvent/SearchScreeningEvent.txt, total nums is 2059
02/26/2022 14:33:22 - INFO - dataset -   Loading data from data/atis/atis.txt, total nums is 5871
02/26/2022 14:33:22 - INFO - dataset -   Using queries from description.
02/26/2022 14:33:22 - INFO - dataset -   Using queries from description.
02/26/2022 14:33:23 - INFO - dataset -   Using queries from description.
02/26/2022 14:33:23 - INFO - dataset -   Using queries from description.
02/26/2022 14:33:23 - INFO - dataset -   Using queries from description.
02/26/2022 14:33:23 - INFO - dataset -   Using queries from description.
02/26/2022 14:33:23 - INFO - dataset -   Using queries from description.
02/26/2022 14:33:23 - INFO - dataset -   Using queries from description.
02/26/2022 14:33:23 - INFO - dataset -   Using queries from description.
02/26/2022 14:33:23 - INFO - dataset -   The target domain is RateBook
02/26/2022 14:33:23 - INFO - dataset -   train_data: 12428 -> 95553
02/26/2022 14:33:23 - INFO - dataset -   valid_data: 500 -> 3500
02/26/2022 14:33:23 - INFO - dataset -   test_data: 1556 -> 10892
02/26/2022 15:05:47 - INFO - trainer -   Epoch 1, train_loss 0.068038    Evalution acc 0.3542, recall 0.1852, f1 0.2432
02/26/2022 15:06:23 - INFO - trainer -   Saved model checkpoint to model_dir/RateBook/0/model.pth
02/26/2022 15:39:04 - INFO - trainer -   Epoch 2, train_loss 0.012123    Evalution acc 0.5118, recall 0.2244, f1 0.3120
02/26/2022 15:39:44 - INFO - trainer -   Saved model checkpoint to model_dir/RateBook/0/model.pth
02/26/2022 16:12:06 - INFO - trainer -   Epoch 3, train_loss 0.006896    Evalution acc 0.4545, recall 0.1961, f1 0.2740
02/26/2022 16:44:47 - INFO - trainer -   Epoch 4, train_loss 0.004812    Evalution acc 0.4201, recall 0.1934, f1 0.2648
02/26/2022 17:15:46 - INFO - trainer -   Epoch 5, train_loss 0.003227    Evalution acc 0.5329, recall 0.2119, f1 0.3032
02/26/2022 17:45:22 - INFO - trainer -   Epoch 6, train_loss 0.002439    Evalution acc 0.5063, recall 0.1961, f1 0.2827
02/26/2022 18:17:17 - INFO - trainer -   Epoch 7, train_loss 0.002096    Evalution acc 0.5392, recall 0.2587, f1 0.3497
02/26/2022 18:18:15 - INFO - trainer -   Saved model checkpoint to model_dir/RateBook/0/model.pth
02/26/2022 18:48:48 - INFO - trainer -   Epoch 8, train_loss 0.001934    Evalution acc 0.5533, recall 0.2827, f1 0.3742
02/26/2022 18:49:21 - INFO - trainer -   Saved model checkpoint to model_dir/RateBook/0/model.pth
02/26/2022 19:19:13 - INFO - trainer -   Epoch 9, train_loss 0.001674    Evalution acc 0.5042, recall 0.1939, f1 0.2801
02/26/2022 19:49:18 - INFO - trainer -   Epoch 10, train_loss 0.001381    Evalution acc 0.5661, recall 0.2473, f1 0.3442
02/26/2022 20:20:12 - INFO - trainer -   Epoch 11, train_loss 0.001066    Evalution acc 0.5437, recall 0.2576, f1 0.3496
02/26/2022 20:50:07 - INFO - trainer -   Epoch 12, train_loss 0.001160    Evalution acc 0.5165, recall 0.2211, f1 0.3097
02/26/2022 21:20:32 - INFO - trainer -   Epoch 13, train_loss 0.001059    Evalution acc 0.5748, recall 0.2489, f1 0.3474
02/26/2022 21:52:28 - INFO - trainer -   Epoch 14, train_loss 0.000901    Evalution acc 0.5473, recall 0.2397, f1 0.3333
02/26/2022 22:22:06 - INFO - trainer -   Epoch 15, train_loss 0.000854    Evalution acc 0.5504, recall 0.2467, f1 0.3407
02/26/2022 22:51:05 - INFO - trainer -   Epoch 16, train_loss 0.000653    Evalution acc 0.5100, recall 0.2489, f1 0.3346
02/26/2022 23:21:34 - INFO - trainer -   Epoch 17, train_loss 0.000816    Evalution acc 0.6031, recall 0.2740, f1 0.3768
02/26/2022 23:22:05 - INFO - trainer -   Saved model checkpoint to model_dir/RateBook/0/model.pth
02/26/2022 23:52:19 - INFO - trainer -   Epoch 18, train_loss 0.000674    Evalution acc 0.5827, recall 0.2533, f1 0.3531
02/27/2022 00:23:18 - INFO - trainer -   Epoch 19, train_loss 0.000612    Evalution acc 0.5218, recall 0.2413, f1 0.3300
02/27/2022 00:53:57 - INFO - trainer -   Epoch 20, train_loss 0.000361    Evalution acc 0.5673, recall 0.2571, f1 0.3538
02/27/2022 01:24:28 - INFO - trainer -   Epoch 21, train_loss 0.000464    Evalution acc 0.6012, recall 0.2751, f1 0.3774
02/27/2022 01:24:58 - INFO - trainer -   Saved model checkpoint to model_dir/RateBook/0/model.pth
02/27/2022 01:54:40 - INFO - trainer -   Epoch 22, train_loss 0.000491    Evalution acc 0.5071, recall 0.2146, f1 0.3016
02/27/2022 02:24:54 - INFO - trainer -   Epoch 23, train_loss 0.000448    Evalution acc 0.5365, recall 0.1999, f1 0.2913
02/27/2022 02:55:12 - INFO - trainer -   Epoch 24, train_loss 0.000567    Evalution acc 0.5911, recall 0.2544, f1 0.3557
02/27/2022 03:26:02 - INFO - trainer -   Epoch 25, train_loss 0.000459    Evalution acc 0.3724, recall 0.1732, f1 0.2364
02/27/2022 03:56:18 - INFO - trainer -   Epoch 26, train_loss 0.000430    Evalution acc 0.3849, recall 0.1612, f1 0.2273
02/27/2022 04:27:06 - INFO - trainer -   Epoch 27, train_loss 0.000492    Evalution acc 0.4890, recall 0.2059, f1 0.2898
02/27/2022 04:56:30 - INFO - trainer -   Epoch 28, train_loss 0.000579    Evalution acc 0.2746, recall 0.1035, f1 0.1503
02/27/2022 05:26:54 - INFO - trainer -   Epoch 29, train_loss 0.000739    Evalution acc 0.4121, recall 0.1748, f1 0.2455
02/27/2022 05:57:32 - INFO - trainer -   Epoch 30, train_loss 0.000562    Evalution acc 0.5515, recall 0.2157, f1 0.3101
02/27/2022 06:28:06 - INFO - trainer -   Epoch 31, train_loss 0.000386    Evalution acc 0.3736, recall 0.1296, f1 0.1925
02/27/2022 06:28:06 - INFO - trainer -   Reach early stop count 10, training stop
02/27/2022 06:28:25 - INFO - dataset -   Loading data from data/snips/AddToPlaylist/AddToPlaylist.txt, total nums is 2042
02/27/2022 06:28:25 - INFO - dataset -   Loading data from data/snips/BookRestaurant/BookRestaurant.txt, total nums is 2073
02/27/2022 06:28:25 - INFO - dataset -   Loading data from data/snips/GetWeather/GetWeather.txt, total nums is 2100
02/27/2022 06:28:25 - INFO - dataset -   Loading data from data/snips/PlayMusic/PlayMusic.txt, total nums is 2100
02/27/2022 06:28:25 - INFO - dataset -   Loading data from data/snips/RateBook/RateBook.txt, total nums is 2056
02/27/2022 06:28:25 - INFO - dataset -   Loading data from data/snips/SearchCreativeWork/SearchCreativeWork.txt, total nums is 2054
02/27/2022 06:28:25 - INFO - dataset -   Loading data from data/snips/SearchScreeningEvent/SearchScreeningEvent.txt, total nums is 2059
02/27/2022 06:28:25 - INFO - dataset -   Loading data from data/atis/atis.txt, total nums is 5871
02/27/2022 06:28:25 - INFO - dataset -   Using queries from description.
02/27/2022 06:28:25 - INFO - dataset -   Using queries from description.
02/27/2022 06:28:26 - INFO - dataset -   Using queries from description.
02/27/2022 06:28:26 - INFO - dataset -   Using queries from description.
02/27/2022 06:28:27 - INFO - dataset -   Using queries from description.
02/27/2022 06:28:27 - INFO - dataset -   Using queries from description.
02/27/2022 06:28:27 - INFO - dataset -   Using queries from description.
02/27/2022 06:28:27 - INFO - dataset -   Using queries from description.
02/27/2022 06:28:27 - INFO - dataset -   Using queries from description.
02/27/2022 06:28:27 - INFO - dataset -   The target domain is RateBook
02/27/2022 06:28:27 - INFO - dataset -   train_data: 12428 -> 95553
02/27/2022 06:28:27 - INFO - dataset -   valid_data: 500 -> 3500
02/27/2022 06:28:27 - INFO - dataset -   test_data: 1556 -> 10892
02/27/2022 06:28:28 - INFO - trainer -   Model loaded from model_dir/RateBook/0/model.pth
02/27/2022 06:28:28 - INFO - __main__ -   Starting test...
02/27/2022 06:29:42 - INFO - trainer -   ***********************************************************
02/27/2022 06:29:42 - INFO - trainer -   Test result: acc 0.5805, recall 0.2497, f1 0.3491
02/27/2022 06:29:42 - INFO - trainer -   ***********************************************************
03/23/2022 21:25:13 - INFO - __main__ -   **********************Job Start**********************
03/23/2022 21:25:13 - INFO - __main__ -   Learning rate = 1e-05
03/23/2022 21:25:13 - INFO - __main__ -   Warmup rate = 0.0
03/23/2022 21:25:13 - INFO - __main__ -   Batch_size = 8
03/23/2022 21:25:13 - INFO - __main__ -   Gradient_accumulation_steps = 1
03/23/2022 21:25:13 - INFO - __main__ -   Train epoch = 64
03/23/2022 21:25:13 - INFO - __main__ -   Pretrained_model name = bert-large-uncased
03/23/2022 21:25:42 - INFO - dataset -   Loading data from data/snips/AddToPlaylist/AddToPlaylist.txt, total nums is 2042
03/23/2022 21:25:42 - INFO - dataset -   Loading data from data/snips/BookRestaurant/BookRestaurant.txt, total nums is 2073
03/23/2022 21:25:42 - INFO - dataset -   Loading data from data/snips/GetWeather/GetWeather.txt, total nums is 2100
03/23/2022 21:25:42 - INFO - dataset -   Loading data from data/snips/PlayMusic/PlayMusic.txt, total nums is 2100
03/23/2022 21:25:42 - INFO - dataset -   Loading data from data/snips/RateBook/RateBook.txt, total nums is 2056
03/23/2022 21:25:42 - INFO - dataset -   Loading data from data/snips/SearchCreativeWork/SearchCreativeWork.txt, total nums is 2054
03/23/2022 21:25:42 - INFO - dataset -   Loading data from data/snips/SearchScreeningEvent/SearchScreeningEvent.txt, total nums is 2059
03/23/2022 21:25:42 - INFO - dataset -   Loading data from data/atis/atis.txt, total nums is 5871
03/23/2022 21:25:42 - INFO - dataset -   Using queries from description.
03/23/2022 21:25:43 - INFO - dataset -   Using queries from description.
03/23/2022 21:25:43 - INFO - dataset -   Using queries from description.
03/23/2022 21:25:43 - INFO - dataset -   Using queries from description.
03/23/2022 21:25:43 - INFO - dataset -   Using queries from description.
03/23/2022 21:25:43 - INFO - dataset -   Using queries from description.
03/23/2022 21:25:43 - INFO - dataset -   Using queries from description.
03/23/2022 21:25:43 - INFO - dataset -   Using queries from description.
03/23/2022 21:25:43 - INFO - dataset -   Using queries from description.
03/23/2022 21:25:43 - INFO - dataset -   The target domain is RateBook
03/23/2022 21:25:43 - INFO - dataset -   train_data: 12428 -> 95553
03/23/2022 21:25:43 - INFO - dataset -   valid_data: 500 -> 3500
03/23/2022 21:25:43 - INFO - dataset -   test_data: 1556 -> 10892
03/23/2022 21:40:49 - INFO - __main__ -   **********************Job Start**********************
03/23/2022 21:40:49 - INFO - __main__ -   Learning rate = 1e-05
03/23/2022 21:40:49 - INFO - __main__ -   Warmup rate = 0.0
03/23/2022 21:40:49 - INFO - __main__ -   Batch_size = 8
03/23/2022 21:40:49 - INFO - __main__ -   Gradient_accumulation_steps = 1
03/23/2022 21:40:49 - INFO - __main__ -   Train epoch = 64
03/23/2022 21:40:49 - INFO - __main__ -   Pretrained_model name = bert-large-uncased
03/23/2022 21:41:02 - INFO - dataset -   Loading data from data/snips/AddToPlaylist/AddToPlaylist.txt, total nums is 2042
03/23/2022 21:41:02 - INFO - dataset -   Loading data from data/snips/BookRestaurant/BookRestaurant.txt, total nums is 2073
03/23/2022 21:41:02 - INFO - dataset -   Loading data from data/snips/GetWeather/GetWeather.txt, total nums is 2100
03/23/2022 21:41:02 - INFO - dataset -   Loading data from data/snips/PlayMusic/PlayMusic.txt, total nums is 2100
03/23/2022 21:41:02 - INFO - dataset -   Loading data from data/snips/RateBook/RateBook.txt, total nums is 2056
03/23/2022 21:41:02 - INFO - dataset -   Loading data from data/snips/SearchCreativeWork/SearchCreativeWork.txt, total nums is 2054
03/23/2022 21:41:02 - INFO - dataset -   Loading data from data/snips/SearchScreeningEvent/SearchScreeningEvent.txt, total nums is 2059
03/23/2022 21:41:02 - INFO - dataset -   Loading data from data/atis/atis.txt, total nums is 5871
03/23/2022 21:41:02 - INFO - dataset -   Using queries from description.
03/23/2022 21:41:02 - INFO - dataset -   Using queries from description.
03/23/2022 21:41:03 - INFO - dataset -   Using queries from description.
03/23/2022 21:41:03 - INFO - dataset -   Using queries from description.
03/23/2022 21:41:03 - INFO - dataset -   Using queries from description.
03/23/2022 21:41:03 - INFO - dataset -   Using queries from description.
03/23/2022 21:41:03 - INFO - dataset -   Using queries from description.
03/23/2022 21:41:03 - INFO - dataset -   Using queries from description.
03/23/2022 21:41:03 - INFO - dataset -   Using queries from description.
03/23/2022 21:41:03 - INFO - dataset -   The target domain is RateBook
03/23/2022 21:41:03 - INFO - dataset -   train_data: 12428 -> 95553
03/23/2022 21:41:03 - INFO - dataset -   valid_data: 500 -> 3500
03/23/2022 21:41:03 - INFO - dataset -   test_data: 1556 -> 10892
