02/16/2022 16:54:08 - INFO - __main__ -   **********************Job Start**********************
02/16/2022 16:54:08 - INFO - __main__ -   Learning rate = 1e-05
02/16/2022 16:54:08 - INFO - __main__ -   Warmup rate = 0.0
02/16/2022 16:54:08 - INFO - __main__ -   Batch_size = 32
02/16/2022 16:54:08 - INFO - __main__ -   Gradient_accumulation_steps = 1
02/16/2022 16:54:08 - INFO - __main__ -   Train epoch = 32
02/16/2022 16:54:08 - INFO - __main__ -   Pretrained_model name = bert-large-uncased
02/16/2022 16:54:25 - INFO - dataset -   Loading data from data/snips/AddToPlaylist/AddToPlaylist.txt, total nums is 2042
02/16/2022 16:54:25 - INFO - dataset -   Loading data from data/snips/BookRestaurant/BookRestaurant.txt, total nums is 2073
02/16/2022 16:54:25 - INFO - dataset -   Loading data from data/snips/GetWeather/GetWeather.txt, total nums is 2100
02/16/2022 16:54:26 - INFO - dataset -   Loading data from data/snips/PlayMusic/PlayMusic.txt, total nums is 2100
02/16/2022 16:54:26 - INFO - dataset -   Loading data from data/snips/RateBook/RateBook.txt, total nums is 2056
02/16/2022 16:54:26 - INFO - dataset -   Loading data from data/snips/SearchCreativeWork/SearchCreativeWork.txt, total nums is 2054
02/16/2022 16:54:27 - INFO - dataset -   Loading data from data/snips/SearchScreeningEvent/SearchScreeningEvent.txt, total nums is 2059
02/16/2022 16:54:27 - INFO - dataset -   Loading data from data/atis/atis.txt, total nums is 5871
02/16/2022 16:54:27 - INFO - dataset -   Using queries from description.
02/16/2022 16:54:27 - INFO - dataset -   Using queries from description.
02/16/2022 16:54:27 - INFO - dataset -   Using queries from description.
02/16/2022 16:54:27 - INFO - dataset -   Using queries from description.
02/16/2022 16:54:27 - INFO - dataset -   Using queries from description.
02/16/2022 16:54:28 - INFO - dataset -   Using queries from description.
02/16/2022 16:54:28 - INFO - dataset -   Using queries from description.
02/16/2022 16:54:28 - INFO - dataset -   Using queries from description.
02/16/2022 16:54:28 - INFO - dataset -   Using queries from description.
02/16/2022 16:54:28 - INFO - dataset -   The target domain is SearchScreeningEvent
02/16/2022 16:54:28 - INFO - dataset -   train_data: 12425 -> 95532
02/16/2022 16:54:28 - INFO - dataset -   valid_data: 500 -> 3500
02/16/2022 16:54:28 - INFO - dataset -   test_data: 1559 -> 10913
02/16/2022 17:15:15 - INFO - trainer -   Epoch 1, train_loss 0.087943    Evalution acc 0.4740, recall 0.1476, f1 0.2251
02/16/2022 17:15:59 - INFO - trainer -   Saved model checkpoint to model_dir/SearchScreeningEvent/0/model.pth
02/16/2022 17:36:34 - INFO - trainer -   Epoch 2, train_loss 0.014290    Evalution acc 0.3850, recall 0.1521, f1 0.2181
02/16/2022 17:57:14 - INFO - trainer -   Epoch 3, train_loss 0.007588    Evalution acc 0.4686, recall 0.2214, f1 0.3007
02/16/2022 17:57:45 - INFO - trainer -   Saved model checkpoint to model_dir/SearchScreeningEvent/0/model.pth
02/16/2022 18:18:42 - INFO - trainer -   Epoch 4, train_loss 0.004703    Evalution acc 0.5074, recall 0.1863, f1 0.2725
02/16/2022 18:39:54 - INFO - trainer -   Epoch 5, train_loss 0.003061    Evalution acc 0.3527, recall 0.1476, f1 0.2081
02/16/2022 19:00:32 - INFO - trainer -   Epoch 6, train_loss 0.002180    Evalution acc 0.3177, recall 0.1278, f1 0.1823
02/16/2022 19:21:06 - INFO - trainer -   Epoch 7, train_loss 0.001623    Evalution acc 0.3521, recall 0.1746, f1 0.2335
02/16/2022 19:42:01 - INFO - trainer -   Epoch 8, train_loss 0.001151    Evalution acc 0.3377, recall 0.1611, f1 0.2182
02/16/2022 20:03:02 - INFO - trainer -   Epoch 9, train_loss 0.001045    Evalution acc 0.3476, recall 0.1458, f1 0.2055
02/16/2022 20:23:37 - INFO - trainer -   Epoch 10, train_loss 0.000816    Evalution acc 0.2720, recall 0.1278, f1 0.1739
02/16/2022 20:44:11 - INFO - trainer -   Epoch 11, train_loss 0.000680    Evalution acc 0.2659, recall 0.1242, f1 0.1693
02/16/2022 21:04:43 - INFO - trainer -   Epoch 12, train_loss 0.000584    Evalution acc 0.3443, recall 0.1503, f1 0.2093
02/16/2022 21:25:11 - INFO - trainer -   Epoch 13, train_loss 0.000499    Evalution acc 0.2729, recall 0.1368, f1 0.1823
02/16/2022 21:25:11 - INFO - trainer -   Reach early stop count 10, training stop
02/16/2022 21:26:16 - INFO - dataset -   Loading data from data/snips/AddToPlaylist/AddToPlaylist.txt, total nums is 2042
02/16/2022 21:26:17 - INFO - dataset -   Loading data from data/snips/BookRestaurant/BookRestaurant.txt, total nums is 2073
02/16/2022 21:26:18 - INFO - dataset -   Loading data from data/snips/GetWeather/GetWeather.txt, total nums is 2100
02/16/2022 21:26:18 - INFO - dataset -   Loading data from data/snips/PlayMusic/PlayMusic.txt, total nums is 2100
02/16/2022 21:26:19 - INFO - dataset -   Loading data from data/snips/RateBook/RateBook.txt, total nums is 2056
02/16/2022 21:26:19 - INFO - dataset -   Loading data from data/snips/SearchCreativeWork/SearchCreativeWork.txt, total nums is 2054
02/16/2022 21:26:20 - INFO - dataset -   Loading data from data/snips/SearchScreeningEvent/SearchScreeningEvent.txt, total nums is 2059
02/16/2022 21:26:21 - INFO - dataset -   Loading data from data/atis/atis.txt, total nums is 5871
02/16/2022 21:26:21 - INFO - dataset -   Using queries from description.
02/16/2022 21:26:27 - INFO - dataset -   Using queries from description.
02/16/2022 21:26:27 - INFO - dataset -   Using queries from description.
02/16/2022 21:26:28 - INFO - dataset -   Using queries from description.
02/16/2022 21:26:28 - INFO - dataset -   Using queries from description.
02/16/2022 21:26:28 - INFO - dataset -   Using queries from description.
02/16/2022 21:26:28 - INFO - dataset -   Using queries from description.
02/16/2022 21:26:28 - INFO - dataset -   Using queries from description.
02/16/2022 21:26:28 - INFO - dataset -   Using queries from description.
02/16/2022 21:26:28 - INFO - dataset -   The target domain is SearchScreeningEvent
02/16/2022 21:26:28 - INFO - dataset -   train_data: 12425 -> 95532
02/16/2022 21:26:28 - INFO - dataset -   valid_data: 500 -> 3500
02/16/2022 21:26:28 - INFO - dataset -   test_data: 1559 -> 10913
02/16/2022 21:26:29 - INFO - trainer -   Model loaded from model_dir/SearchScreeningEvent/0/model.pth
02/16/2022 21:26:29 - INFO - __main__ -   Starting test...
02/16/2022 21:27:19 - INFO - trainer -   ***********************************************************
02/16/2022 21:27:19 - INFO - trainer -   Test result: acc 0.5202, recall 0.2310, f1 0.3200
02/16/2022 21:27:19 - INFO - trainer -   ***********************************************************
