04/27/2022 13:32:33 - INFO - __main__ -   ********************** Job Start **********************
04/27/2022 13:32:33 - INFO - __main__ -   Learning rate = 1e-05
04/27/2022 13:32:33 - INFO - __main__ -   Warmup rate = 0.0
04/27/2022 13:32:33 - INFO - __main__ -   Batch_size = 8
04/27/2022 13:32:33 - INFO - __main__ -   Gradient_accumulation_steps = 1
04/27/2022 13:32:33 - INFO - __main__ -   Train epoch = 64
04/27/2022 13:32:33 - INFO - __main__ -   Pretrained_model name = microsoft/deberta-v3-large
04/27/2022 13:32:33 - INFO - __main__ -   Context_max_len = 64
04/27/2022 13:32:33 - INFO - __main__ -   Label_max_len = 32
04/27/2022 13:32:53 - INFO - dataset -   Loading data from ../data/snips/AddToPlaylist/AddToPlaylist.txt, total nums is 2042
04/27/2022 13:32:53 - INFO - dataset -   Loading data from ../data/snips/BookRestaurant/BookRestaurant.txt, total nums is 2073
04/27/2022 13:32:53 - INFO - dataset -   Loading data from ../data/snips/GetWeather/GetWeather.txt, total nums is 2100
04/27/2022 13:32:53 - INFO - dataset -   Loading data from ../data/snips/PlayMusic/PlayMusic.txt, total nums is 2100
04/27/2022 13:32:53 - INFO - dataset -   Loading data from ../data/snips/RateBook/RateBook.txt, total nums is 2056
04/27/2022 13:32:53 - INFO - dataset -   Loading data from ../data/snips/SearchCreativeWork/SearchCreativeWork.txt, total nums is 2054
04/27/2022 13:32:53 - INFO - dataset -   Loading data from ../data/snips/SearchScreeningEvent/SearchScreeningEvent.txt, total nums is 2059
04/27/2022 13:32:53 - INFO - dataset -   Loading data from ../data/atis/atis.txt, total nums is 5871
04/27/2022 13:32:53 - INFO - dataset -   Using queries from description.
04/27/2022 13:32:53 - INFO - dataset -   Using queries from description.
04/27/2022 13:32:53 - INFO - dataset -   Using queries from description.
04/27/2022 13:32:54 - INFO - dataset -   Using queries from description.
04/27/2022 13:32:54 - INFO - dataset -   Using queries from description.
04/27/2022 13:32:54 - INFO - dataset -   Using queries from description.
04/27/2022 13:32:54 - INFO - dataset -   Using queries from description.
04/27/2022 13:32:54 - INFO - dataset -   Using queries from description.
04/27/2022 13:32:54 - INFO - dataset -   The target domain is GetWeather
04/27/2022 13:32:54 - INFO - dataset -   ********** Train data information : **********
04/27/2022 13:32:54 - INFO - dataset -   domain name: AddToPlaylist,    data_size=2042
04/27/2022 13:32:54 - INFO - dataset -   domain name: BookRestaurant,    data_size=2073
04/27/2022 13:32:54 - INFO - dataset -   domain name: PlayMusic,    data_size=2100
04/27/2022 13:32:54 - INFO - dataset -   domain name: RateBook,    data_size=2056
04/27/2022 13:32:54 - INFO - dataset -   domain name: SearchCreativeWork,    data_size=2054
04/27/2022 13:32:54 - INFO - dataset -   domain name: SearchScreeningEvent,    data_size=2059
04/27/2022 13:32:54 - INFO - dataset -   ********** Valid data information : **********
04/27/2022 13:32:54 - INFO - dataset -   domain name: GetWeather,    data_size=500
04/27/2022 13:32:54 - INFO - dataset -   ********** Test data information : **********
04/27/2022 13:32:54 - INFO - dataset -   domain name: GetWeather,    data_size=1600
04/27/2022 13:34:55 - INFO - trainer -   Epoch 1, Domain AddToPlaylist, train_loss 11.151230,    Evalution acc 0.0000, recall 0.0000, f1 0.0000
04/27/2022 13:35:01 - INFO - trainer -   Saved model checkpoint to model_dir/GetWeather/0/model.pth
04/27/2022 13:37:04 - INFO - trainer -   Epoch 1, Domain BookRestaurant, train_loss 4.454980,    Evalution acc 0.1623, recall 0.1840, f1 0.1724
04/27/2022 13:37:11 - INFO - trainer -   Saved model checkpoint to model_dir/GetWeather/0/model.pth
04/27/2022 13:39:10 - INFO - trainer -   Epoch 1, Domain PlayMusic, train_loss 4.103756,    Evalution acc 0.1313, recall 0.1391, f1 0.1351
04/27/2022 13:41:07 - INFO - trainer -   Epoch 1, Domain RateBook, train_loss 3.446879,    Evalution acc 0.0273, recall 0.0290, f1 0.0281
04/27/2022 13:43:05 - INFO - trainer -   Epoch 1, Domain SearchCreativeWork, train_loss 2.635637,    Evalution acc 0.0693, recall 0.0546, f1 0.0611
04/27/2022 13:45:02 - INFO - trainer -   Epoch 1, Domain SearchScreeningEvent, train_loss 3.700925,    Evalution acc 0.2197, recall 0.2007, f1 0.2098
04/27/2022 13:45:12 - INFO - trainer -   Saved model checkpoint to model_dir/GetWeather/0/model.pth
04/27/2022 13:47:08 - INFO - trainer -   Epoch 2, Domain AddToPlaylist, train_loss 3.203571,    Evalution acc 0.2588, recall 0.2711, f1 0.2648
04/27/2022 13:47:15 - INFO - trainer -   Saved model checkpoint to model_dir/GetWeather/0/model.pth
04/27/2022 13:49:18 - INFO - trainer -   Epoch 2, Domain BookRestaurant, train_loss 1.663281,    Evalution acc 0.5194, recall 0.5880, f1 0.5516
04/27/2022 13:49:24 - INFO - trainer -   Saved model checkpoint to model_dir/GetWeather/0/model.pth
04/27/2022 13:51:24 - INFO - trainer -   Epoch 2, Domain PlayMusic, train_loss 1.381274,    Evalution acc 0.3331, recall 0.4076, f1 0.3666
04/27/2022 13:53:22 - INFO - trainer -   Epoch 2, Domain RateBook, train_loss 0.503230,    Evalution acc 0.2481, recall 0.3081, f1 0.2748
04/27/2022 13:55:17 - INFO - trainer -   Epoch 2, Domain SearchCreativeWork, train_loss 1.392776,    Evalution acc 0.3843, recall 0.3917, f1 0.3880
04/27/2022 13:57:14 - INFO - trainer -   Epoch 2, Domain SearchScreeningEvent, train_loss 0.663179,    Evalution acc 0.3083, recall 0.3143, f1 0.3112
04/27/2022 13:59:10 - INFO - trainer -   Epoch 3, Domain AddToPlaylist, train_loss 1.134421,    Evalution acc 0.2832, recall 0.2799, f1 0.2815
04/27/2022 14:01:11 - INFO - trainer -   Epoch 3, Domain BookRestaurant, train_loss 0.809701,    Evalution acc 0.5203, recall 0.6320, f1 0.5707
04/27/2022 14:01:18 - INFO - trainer -   Saved model checkpoint to model_dir/GetWeather/0/model.pth
04/27/2022 14:03:18 - INFO - trainer -   Epoch 3, Domain PlayMusic, train_loss 0.966896,    Evalution acc 0.3912, recall 0.3891, f1 0.3901
04/27/2022 14:05:15 - INFO - trainer -   Epoch 3, Domain RateBook, train_loss 0.320633,    Evalution acc 0.4782, recall 0.5299, f1 0.5027
04/27/2022 14:07:11 - INFO - trainer -   Epoch 3, Domain SearchCreativeWork, train_loss 0.792378,    Evalution acc 0.3933, recall 0.2905, f1 0.3342
04/27/2022 14:09:09 - INFO - trainer -   Epoch 3, Domain SearchScreeningEvent, train_loss 0.247437,    Evalution acc 0.5288, recall 0.4525, f1 0.4877
04/27/2022 14:11:06 - INFO - trainer -   Epoch 4, Domain AddToPlaylist, train_loss 0.719679,    Evalution acc 0.4960, recall 0.3820, f1 0.4316
04/27/2022 14:13:05 - INFO - trainer -   Epoch 4, Domain BookRestaurant, train_loss 0.514276,    Evalution acc 0.5631, recall 0.6171, f1 0.5888
04/27/2022 14:13:13 - INFO - trainer -   Saved model checkpoint to model_dir/GetWeather/0/model.pth
04/27/2022 14:15:13 - INFO - trainer -   Epoch 4, Domain PlayMusic, train_loss 0.682697,    Evalution acc 0.6012, recall 0.6329, f1 0.6166
04/27/2022 14:15:20 - INFO - trainer -   Saved model checkpoint to model_dir/GetWeather/0/model.pth
04/27/2022 14:17:16 - INFO - trainer -   Epoch 4, Domain RateBook, train_loss 0.171434,    Evalution acc 0.4329, recall 0.4630, f1 0.4475
04/27/2022 14:19:13 - INFO - trainer -   Epoch 4, Domain SearchCreativeWork, train_loss 0.633914,    Evalution acc 0.3687, recall 0.3486, f1 0.3584
04/27/2022 14:21:09 - INFO - trainer -   Epoch 4, Domain SearchScreeningEvent, train_loss 0.192250,    Evalution acc 0.3330, recall 0.2808, f1 0.3047
04/27/2022 14:23:05 - INFO - trainer -   Epoch 5, Domain AddToPlaylist, train_loss 0.418164,    Evalution acc 0.4808, recall 0.4181, f1 0.4473
04/27/2022 14:25:07 - INFO - trainer -   Epoch 5, Domain BookRestaurant, train_loss 0.359382,    Evalution acc 0.5275, recall 0.5739, f1 0.5497
04/27/2022 14:27:07 - INFO - trainer -   Epoch 5, Domain PlayMusic, train_loss 0.567580,    Evalution acc 0.5938, recall 0.6100, f1 0.6018
04/27/2022 14:29:06 - INFO - trainer -   Epoch 5, Domain RateBook, train_loss 0.133968,    Evalution acc 0.5192, recall 0.5238, f1 0.5215
04/27/2022 14:31:03 - INFO - trainer -   Epoch 5, Domain SearchCreativeWork, train_loss 0.425462,    Evalution acc 0.4934, recall 0.3618, f1 0.4175
04/27/2022 14:33:01 - INFO - trainer -   Epoch 5, Domain SearchScreeningEvent, train_loss 0.072306,    Evalution acc 0.6032, recall 0.5352, f1 0.5672
04/27/2022 14:34:49 - INFO - trainer -   Epoch 6, Domain AddToPlaylist, train_loss 0.278854,    Evalution acc 0.5281, recall 0.4296, f1 0.4738
04/27/2022 14:36:44 - INFO - trainer -   Epoch 6, Domain BookRestaurant, train_loss 0.243414,    Evalution acc 0.5390, recall 0.5907, f1 0.5636
04/27/2022 14:38:35 - INFO - trainer -   Epoch 6, Domain PlayMusic, train_loss 0.513585,    Evalution acc 0.4204, recall 0.4164, f1 0.4184
04/27/2022 14:40:26 - INFO - trainer -   Epoch 6, Domain RateBook, train_loss 0.076704,    Evalution acc 0.4152, recall 0.4032, f1 0.4091
04/27/2022 14:42:15 - INFO - trainer -   Epoch 6, Domain SearchCreativeWork, train_loss 0.263969,    Evalution acc 0.5156, recall 0.3636, f1 0.4264
04/27/2022 14:44:05 - INFO - trainer -   Epoch 6, Domain SearchScreeningEvent, train_loss 0.057585,    Evalution acc 0.5286, recall 0.5211, f1 0.5248
04/27/2022 14:45:51 - INFO - trainer -   Epoch 7, Domain AddToPlaylist, train_loss 0.175290,    Evalution acc 0.6192, recall 0.5440, f1 0.5792
04/27/2022 14:47:43 - INFO - trainer -   Epoch 7, Domain BookRestaurant, train_loss 0.168734,    Evalution acc 0.4896, recall 0.5414, f1 0.5142
04/27/2022 14:49:35 - INFO - trainer -   Epoch 7, Domain PlayMusic, train_loss 0.413753,    Evalution acc 0.3734, recall 0.4648, f1 0.4141
04/27/2022 14:51:22 - INFO - trainer -   Epoch 7, Domain RateBook, train_loss 0.089435,    Evalution acc 0.5132, recall 0.5651, f1 0.5379
04/27/2022 14:53:10 - INFO - trainer -   Epoch 7, Domain SearchCreativeWork, train_loss 0.271642,    Evalution acc 0.3722, recall 0.3539, f1 0.3628
04/27/2022 14:55:00 - INFO - trainer -   Epoch 7, Domain SearchScreeningEvent, train_loss 0.063447,    Evalution acc 0.4413, recall 0.5423, f1 0.4866
04/27/2022 14:56:48 - INFO - trainer -   Epoch 8, Domain AddToPlaylist, train_loss 0.141856,    Evalution acc 0.3568, recall 0.3477, f1 0.3522
04/27/2022 14:58:40 - INFO - trainer -   Epoch 8, Domain BookRestaurant, train_loss 0.146126,    Evalution acc 0.4216, recall 0.4569, f1 0.4385
04/27/2022 15:00:34 - INFO - trainer -   Epoch 8, Domain PlayMusic, train_loss 0.396420,    Evalution acc 0.4087, recall 0.4613, f1 0.4334
04/27/2022 15:02:24 - INFO - trainer -   Epoch 8, Domain RateBook, train_loss 0.051762,    Evalution acc 0.4237, recall 0.5106, f1 0.4631
04/27/2022 15:04:12 - INFO - trainer -   Epoch 8, Domain SearchCreativeWork, train_loss 0.201873,    Evalution acc 0.5856, recall 0.4727, f1 0.5231
04/27/2022 15:06:02 - INFO - trainer -   Epoch 8, Domain SearchScreeningEvent, train_loss 0.054855,    Evalution acc 0.3957, recall 0.3424, f1 0.3672
04/27/2022 15:07:50 - INFO - trainer -   Epoch 9, Domain AddToPlaylist, train_loss 0.145682,    Evalution acc 0.4501, recall 0.3653, f1 0.4033
04/27/2022 15:09:43 - INFO - trainer -   Epoch 9, Domain BookRestaurant, train_loss 0.096931,    Evalution acc 0.3765, recall 0.3354, f1 0.3547
04/27/2022 15:11:36 - INFO - trainer -   Epoch 9, Domain PlayMusic, train_loss 0.364760,    Evalution acc 0.3348, recall 0.3442, f1 0.3394
04/27/2022 15:13:27 - INFO - trainer -   Epoch 9, Domain RateBook, train_loss 0.088392,    Evalution acc 0.4192, recall 0.4225, f1 0.4209
04/27/2022 15:15:17 - INFO - trainer -   Epoch 9, Domain SearchCreativeWork, train_loss 0.172362,    Evalution acc 0.4197, recall 0.3222, f1 0.3645
04/27/2022 15:17:08 - INFO - trainer -   Epoch 9, Domain SearchScreeningEvent, train_loss 0.037389,    Evalution acc 0.3638, recall 0.3116, f1 0.3357
04/27/2022 15:18:57 - INFO - trainer -   Epoch 10, Domain AddToPlaylist, train_loss 0.110844,    Evalution acc 0.2920, recall 0.2694, f1 0.2802
04/27/2022 15:20:52 - INFO - trainer -   Epoch 10, Domain BookRestaurant, train_loss 0.074220,    Evalution acc 0.4053, recall 0.4164, f1 0.4108
04/27/2022 15:22:46 - INFO - trainer -   Epoch 10, Domain PlayMusic, train_loss 0.336652,    Evalution acc 0.4031, recall 0.3952, f1 0.3991
04/27/2022 15:24:36 - INFO - trainer -   Epoch 10, Domain RateBook, train_loss 0.055422,    Evalution acc 0.4546, recall 0.4498, f1 0.4522
04/27/2022 15:26:26 - INFO - trainer -   Epoch 10, Domain SearchCreativeWork, train_loss 0.093405,    Evalution acc 0.3354, recall 0.2879, f1 0.3098
04/27/2022 15:28:18 - INFO - trainer -   Epoch 10, Domain SearchScreeningEvent, train_loss 0.020655,    Evalution acc 0.3940, recall 0.3239, f1 0.3556
04/27/2022 15:30:09 - INFO - trainer -   Epoch 11, Domain AddToPlaylist, train_loss 0.088173,    Evalution acc 0.4351, recall 0.3187, f1 0.3679
04/27/2022 15:32:04 - INFO - trainer -   Epoch 11, Domain BookRestaurant, train_loss 0.067673,    Evalution acc 0.4402, recall 0.3820, f1 0.4090
04/27/2022 15:33:58 - INFO - trainer -   Epoch 11, Domain PlayMusic, train_loss 0.315051,    Evalution acc 0.4145, recall 0.4137, f1 0.4141
04/27/2022 15:35:49 - INFO - trainer -   Epoch 11, Domain RateBook, train_loss 0.030868,    Evalution acc 0.3938, recall 0.4375, f1 0.4145
04/27/2022 15:37:40 - INFO - trainer -   Epoch 11, Domain SearchCreativeWork, train_loss 0.157047,    Evalution acc 0.3755, recall 0.3996, f1 0.3872
04/27/2022 15:39:32 - INFO - trainer -   Epoch 11, Domain SearchScreeningEvent, train_loss 0.014223,    Evalution acc 0.5947, recall 0.4701, f1 0.5251
04/27/2022 15:41:21 - INFO - trainer -   Epoch 12, Domain AddToPlaylist, train_loss 0.083846,    Evalution acc 0.6140, recall 0.5572, f1 0.5842
04/27/2022 15:43:16 - INFO - trainer -   Epoch 12, Domain BookRestaurant, train_loss 0.057326,    Evalution acc 0.4538, recall 0.4111, f1 0.4314
04/27/2022 15:45:10 - INFO - trainer -   Epoch 12, Domain PlayMusic, train_loss 0.247759,    Evalution acc 0.4773, recall 0.3697, f1 0.4167
04/27/2022 15:46:59 - INFO - trainer -   Epoch 12, Domain RateBook, train_loss 0.165830,    Evalution acc 0.5331, recall 0.3970, f1 0.4551
04/27/2022 15:48:48 - INFO - trainer -   Epoch 12, Domain SearchCreativeWork, train_loss 0.111465,    Evalution acc 0.4710, recall 0.3072, f1 0.3719
04/27/2022 15:50:38 - INFO - trainer -   Epoch 12, Domain SearchScreeningEvent, train_loss 0.019626,    Evalution acc 0.7297, recall 0.4824, f1 0.5808
04/27/2022 15:52:26 - INFO - trainer -   Epoch 13, Domain AddToPlaylist, train_loss 0.177454,    Evalution acc 0.6471, recall 0.4357, f1 0.5208
04/27/2022 15:54:19 - INFO - trainer -   Epoch 13, Domain BookRestaurant, train_loss 0.104640,    Evalution acc 0.4034, recall 0.2720, f1 0.3249
04/27/2022 15:56:10 - INFO - trainer -   Epoch 13, Domain PlayMusic, train_loss 0.182789,    Evalution acc 0.4840, recall 0.3724, f1 0.4209
04/27/2022 15:57:56 - INFO - trainer -   Epoch 13, Domain RateBook, train_loss 0.715174,    Evalution acc 0.6372, recall 0.4762, f1 0.5451
04/27/2022 15:59:43 - INFO - trainer -   Epoch 13, Domain SearchCreativeWork, train_loss 0.072250,    Evalution acc 0.5431, recall 0.3715, f1 0.4412
04/27/2022 16:01:32 - INFO - trainer -   Epoch 13, Domain SearchScreeningEvent, train_loss 0.014801,    Evalution acc 0.6281, recall 0.4401, f1 0.5176
04/27/2022 16:03:19 - INFO - trainer -   Epoch 14, Domain AddToPlaylist, train_loss 0.076419,    Evalution acc 0.5989, recall 0.3706, f1 0.4579
04/27/2022 16:05:11 - INFO - trainer -   Epoch 14, Domain BookRestaurant, train_loss 0.050969,    Evalution acc 0.4614, recall 0.3055, f1 0.3676
04/27/2022 16:07:02 - INFO - trainer -   Epoch 14, Domain PlayMusic, train_loss 0.113454,    Evalution acc 0.4898, recall 0.3389, f1 0.4006
04/27/2022 16:08:49 - INFO - trainer -   Epoch 14, Domain RateBook, train_loss 0.081714,    Evalution acc 0.4739, recall 0.3600, f1 0.4092
04/27/2022 16:10:37 - INFO - trainer -   Epoch 14, Domain SearchCreativeWork, train_loss 0.059607,    Evalution acc 0.4438, recall 0.3195, f1 0.3715
04/27/2022 16:12:25 - INFO - trainer -   Epoch 14, Domain SearchScreeningEvent, train_loss 0.019356,    Evalution acc 0.5836, recall 0.4085, f1 0.4806
04/27/2022 16:14:11 - INFO - trainer -   Epoch 15, Domain AddToPlaylist, train_loss 0.073064,    Evalution acc 0.4620, recall 0.3107, f1 0.3716
04/27/2022 16:14:11 - INFO - trainer -   Reach early stop count 64, training stop
04/27/2022 16:14:13 - INFO - __main__ -   Starting test...
04/27/2022 16:14:54 - INFO - trainer -   ***********************************************************
04/27/2022 16:14:54 - INFO - trainer -   Target domain = GetWeather
04/27/2022 16:14:54 - INFO - trainer -   Test result: acc 0.6167, recall 0.6362, f1 0.6263
04/27/2022 16:14:54 - INFO - trainer -   ***********************************************************
