04/27/2022 16:14:57 - INFO - __main__ -   ********************** Job Start **********************
04/27/2022 16:14:57 - INFO - __main__ -   Learning rate = 1e-05
04/27/2022 16:14:57 - INFO - __main__ -   Warmup rate = 0.0
04/27/2022 16:14:57 - INFO - __main__ -   Batch_size = 8
04/27/2022 16:14:57 - INFO - __main__ -   Gradient_accumulation_steps = 1
04/27/2022 16:14:57 - INFO - __main__ -   Train epoch = 64
04/27/2022 16:14:57 - INFO - __main__ -   Pretrained_model name = microsoft/deberta-v3-large
04/27/2022 16:14:57 - INFO - __main__ -   Context_max_len = 64
04/27/2022 16:14:57 - INFO - __main__ -   Label_max_len = 32
04/27/2022 16:15:16 - INFO - dataset -   Loading data from ../data/snips/AddToPlaylist/AddToPlaylist.txt, total nums is 2042
04/27/2022 16:15:16 - INFO - dataset -   Loading data from ../data/snips/BookRestaurant/BookRestaurant.txt, total nums is 2073
04/27/2022 16:15:16 - INFO - dataset -   Loading data from ../data/snips/GetWeather/GetWeather.txt, total nums is 2100
04/27/2022 16:15:16 - INFO - dataset -   Loading data from ../data/snips/PlayMusic/PlayMusic.txt, total nums is 2100
04/27/2022 16:15:16 - INFO - dataset -   Loading data from ../data/snips/RateBook/RateBook.txt, total nums is 2056
04/27/2022 16:15:16 - INFO - dataset -   Loading data from ../data/snips/SearchCreativeWork/SearchCreativeWork.txt, total nums is 2054
04/27/2022 16:15:16 - INFO - dataset -   Loading data from ../data/snips/SearchScreeningEvent/SearchScreeningEvent.txt, total nums is 2059
04/27/2022 16:15:16 - INFO - dataset -   Loading data from ../data/atis/atis.txt, total nums is 5871
04/27/2022 16:15:16 - INFO - dataset -   Using queries from description.
04/27/2022 16:15:16 - INFO - dataset -   Using queries from description.
04/27/2022 16:15:16 - INFO - dataset -   Using queries from description.
04/27/2022 16:15:16 - INFO - dataset -   Using queries from description.
04/27/2022 16:15:16 - INFO - dataset -   Using queries from description.
04/27/2022 16:15:16 - INFO - dataset -   Using queries from description.
04/27/2022 16:15:16 - INFO - dataset -   Using queries from description.
04/27/2022 16:15:16 - INFO - dataset -   Using queries from description.
04/27/2022 16:15:17 - INFO - dataset -   The target domain is SearchScreeningEvent
04/27/2022 16:15:17 - INFO - dataset -   ********** Train data information : **********
04/27/2022 16:15:17 - INFO - dataset -   domain name: AddToPlaylist,    data_size=2042
04/27/2022 16:15:17 - INFO - dataset -   domain name: BookRestaurant,    data_size=2073
04/27/2022 16:15:17 - INFO - dataset -   domain name: GetWeather,    data_size=2100
04/27/2022 16:15:17 - INFO - dataset -   domain name: PlayMusic,    data_size=2100
04/27/2022 16:15:17 - INFO - dataset -   domain name: RateBook,    data_size=2056
04/27/2022 16:15:17 - INFO - dataset -   domain name: SearchCreativeWork,    data_size=2054
04/27/2022 16:15:17 - INFO - dataset -   ********** Valid data information : **********
04/27/2022 16:15:17 - INFO - dataset -   domain name: SearchScreeningEvent,    data_size=500
04/27/2022 16:15:17 - INFO - dataset -   ********** Test data information : **********
04/27/2022 16:15:17 - INFO - dataset -   domain name: SearchScreeningEvent,    data_size=1559
04/27/2022 16:17:08 - INFO - trainer -   Epoch 1, Domain AddToPlaylist, train_loss 11.145772,    Evalution acc 0.0000, recall 0.0000, f1 0.0000
04/27/2022 16:17:15 - INFO - trainer -   Saved model checkpoint to model_dir/SearchScreeningEvent/0/model.pth
04/27/2022 16:19:06 - INFO - trainer -   Epoch 1, Domain BookRestaurant, train_loss 4.423458,    Evalution acc 0.2221, recall 0.2295, f1 0.2258
04/27/2022 16:19:13 - INFO - trainer -   Saved model checkpoint to model_dir/SearchScreeningEvent/0/model.pth
04/27/2022 16:21:03 - INFO - trainer -   Epoch 1, Domain GetWeather, train_loss 3.630398,    Evalution acc 0.2360, recall 0.2457, f1 0.2407
04/27/2022 16:21:13 - INFO - trainer -   Saved model checkpoint to model_dir/SearchScreeningEvent/0/model.pth
04/27/2022 16:23:05 - INFO - trainer -   Epoch 1, Domain PlayMusic, train_loss 3.783448,    Evalution acc 0.2606, recall 0.2439, f1 0.2520
04/27/2022 16:23:11 - INFO - trainer -   Saved model checkpoint to model_dir/SearchScreeningEvent/0/model.pth
04/27/2022 16:25:01 - INFO - trainer -   Epoch 1, Domain RateBook, train_loss 4.357948,    Evalution acc 0.2164, recall 0.2187, f1 0.2175
04/27/2022 16:26:48 - INFO - trainer -   Epoch 1, Domain SearchCreativeWork, train_loss 2.888606,    Evalution acc 0.1125, recall 0.1026, f1 0.1073
04/27/2022 16:28:34 - INFO - trainer -   Epoch 2, Domain AddToPlaylist, train_loss 2.742733,    Evalution acc 0.0658, recall 0.0495, f1 0.0565
04/27/2022 16:30:26 - INFO - trainer -   Epoch 2, Domain BookRestaurant, train_loss 1.567756,    Evalution acc 0.4363, recall 0.4068, f1 0.4211
04/27/2022 16:30:32 - INFO - trainer -   Saved model checkpoint to model_dir/SearchScreeningEvent/0/model.pth
04/27/2022 16:32:24 - INFO - trainer -   Epoch 2, Domain GetWeather, train_loss 0.893564,    Evalution acc 0.3869, recall 0.3924, f1 0.3896
04/27/2022 16:34:14 - INFO - trainer -   Epoch 2, Domain PlayMusic, train_loss 1.415208,    Evalution acc 0.4987, recall 0.5050, f1 0.5018
04/27/2022 16:34:20 - INFO - trainer -   Saved model checkpoint to model_dir/SearchScreeningEvent/0/model.pth
04/27/2022 16:36:07 - INFO - trainer -   Epoch 2, Domain RateBook, train_loss 0.530457,    Evalution acc 0.3952, recall 0.4176, f1 0.4061
04/27/2022 16:37:53 - INFO - trainer -   Epoch 2, Domain SearchCreativeWork, train_loss 1.474875,    Evalution acc 0.2356, recall 0.1944, f1 0.2130
04/27/2022 16:39:40 - INFO - trainer -   Epoch 3, Domain AddToPlaylist, train_loss 1.170398,    Evalution acc 0.2526, recall 0.2385, f1 0.2454
04/27/2022 16:41:32 - INFO - trainer -   Epoch 3, Domain BookRestaurant, train_loss 0.644116,    Evalution acc 0.3289, recall 0.3573, f1 0.3425
04/27/2022 16:43:21 - INFO - trainer -   Epoch 3, Domain GetWeather, train_loss 0.375433,    Evalution acc 0.3649, recall 0.3915, f1 0.3778
04/27/2022 16:45:12 - INFO - trainer -   Epoch 3, Domain PlayMusic, train_loss 0.853758,    Evalution acc 0.3805, recall 0.4014, f1 0.3907
04/27/2022 16:47:00 - INFO - trainer -   Epoch 3, Domain RateBook, train_loss 0.262635,    Evalution acc 0.3179, recall 0.3582, f1 0.3369
04/27/2022 16:48:47 - INFO - trainer -   Epoch 3, Domain SearchCreativeWork, train_loss 0.865843,    Evalution acc 0.2819, recall 0.2925, f1 0.2871
04/27/2022 16:50:34 - INFO - trainer -   Epoch 4, Domain AddToPlaylist, train_loss 0.727460,    Evalution acc 0.3776, recall 0.3429, f1 0.3594
04/27/2022 16:52:26 - INFO - trainer -   Epoch 4, Domain BookRestaurant, train_loss 0.409707,    Evalution acc 0.3642, recall 0.4041, f1 0.3831
04/27/2022 16:54:16 - INFO - trainer -   Epoch 4, Domain GetWeather, train_loss 0.192916,    Evalution acc 0.3840, recall 0.4203, f1 0.4014
04/27/2022 16:56:06 - INFO - trainer -   Epoch 4, Domain PlayMusic, train_loss 0.661774,    Evalution acc 0.4108, recall 0.4437, f1 0.4267
04/27/2022 16:57:53 - INFO - trainer -   Epoch 4, Domain RateBook, train_loss 0.166293,    Evalution acc 0.3192, recall 0.3933, f1 0.3524
04/27/2022 16:59:39 - INFO - trainer -   Epoch 4, Domain SearchCreativeWork, train_loss 0.612172,    Evalution acc 0.3144, recall 0.3330, f1 0.3234
04/27/2022 17:01:26 - INFO - trainer -   Epoch 5, Domain AddToPlaylist, train_loss 0.523400,    Evalution acc 0.3199, recall 0.3285, f1 0.3242
04/27/2022 17:03:17 - INFO - trainer -   Epoch 5, Domain BookRestaurant, train_loss 0.267601,    Evalution acc 0.3558, recall 0.3888, f1 0.3716
04/27/2022 17:05:08 - INFO - trainer -   Epoch 5, Domain GetWeather, train_loss 0.183428,    Evalution acc 0.3692, recall 0.4104, f1 0.3887
04/27/2022 17:06:58 - INFO - trainer -   Epoch 5, Domain PlayMusic, train_loss 0.523902,    Evalution acc 0.3734, recall 0.4086, f1 0.3902
04/27/2022 17:08:46 - INFO - trainer -   Epoch 5, Domain RateBook, train_loss 0.150853,    Evalution acc 0.4355, recall 0.4068, f1 0.4207
04/27/2022 17:10:32 - INFO - trainer -   Epoch 5, Domain SearchCreativeWork, train_loss 0.387601,    Evalution acc 0.3296, recall 0.3204, f1 0.3250
04/27/2022 17:12:20 - INFO - trainer -   Epoch 6, Domain AddToPlaylist, train_loss 0.349050,    Evalution acc 0.2963, recall 0.2592, f1 0.2765
04/27/2022 17:14:12 - INFO - trainer -   Epoch 6, Domain BookRestaurant, train_loss 0.202510,    Evalution acc 0.3127, recall 0.3591, f1 0.3343
04/27/2022 17:16:03 - INFO - trainer -   Epoch 6, Domain GetWeather, train_loss 0.152335,    Evalution acc 0.3574, recall 0.3789, f1 0.3678
04/27/2022 17:17:53 - INFO - trainer -   Epoch 6, Domain PlayMusic, train_loss 0.470209,    Evalution acc 0.3676, recall 0.3762, f1 0.3719
04/27/2022 17:19:41 - INFO - trainer -   Epoch 6, Domain RateBook, train_loss 0.117586,    Evalution acc 0.4254, recall 0.4311, f1 0.4283
04/27/2022 17:21:27 - INFO - trainer -   Epoch 6, Domain SearchCreativeWork, train_loss 0.253844,    Evalution acc 0.4155, recall 0.3852, f1 0.3998
04/27/2022 17:23:13 - INFO - trainer -   Epoch 7, Domain AddToPlaylist, train_loss 0.264195,    Evalution acc 0.3917, recall 0.3501, f1 0.3698
04/27/2022 17:25:05 - INFO - trainer -   Epoch 7, Domain BookRestaurant, train_loss 0.137773,    Evalution acc 0.3812, recall 0.3654, f1 0.3732
04/27/2022 17:26:56 - INFO - trainer -   Epoch 7, Domain GetWeather, train_loss 0.121060,    Evalution acc 0.3380, recall 0.3456, f1 0.3418
04/27/2022 17:28:45 - INFO - trainer -   Epoch 7, Domain PlayMusic, train_loss 0.422075,    Evalution acc 0.2416, recall 0.2205, f1 0.2306
04/27/2022 17:30:32 - INFO - trainer -   Epoch 7, Domain RateBook, train_loss 0.084173,    Evalution acc 0.2232, recall 0.2097, f1 0.2162
04/27/2022 17:32:19 - INFO - trainer -   Epoch 7, Domain SearchCreativeWork, train_loss 0.188733,    Evalution acc 0.2328, recall 0.2016, f1 0.2161
04/27/2022 17:34:05 - INFO - trainer -   Epoch 8, Domain AddToPlaylist, train_loss 0.249906,    Evalution acc 0.3425, recall 0.3150, f1 0.3282
04/27/2022 17:35:56 - INFO - trainer -   Epoch 8, Domain BookRestaurant, train_loss 0.105925,    Evalution acc 0.3218, recall 0.3267, f1 0.3243
04/27/2022 17:37:46 - INFO - trainer -   Epoch 8, Domain GetWeather, train_loss 0.103782,    Evalution acc 0.2777, recall 0.2772, f1 0.2775
04/27/2022 17:39:36 - INFO - trainer -   Epoch 8, Domain PlayMusic, train_loss 0.392338,    Evalution acc 0.2605, recall 0.2295, f1 0.2440
04/27/2022 17:41:25 - INFO - trainer -   Epoch 8, Domain RateBook, train_loss 0.246934,    Evalution acc 0.2528, recall 0.2682, f1 0.2603
04/27/2022 17:43:11 - INFO - trainer -   Epoch 8, Domain SearchCreativeWork, train_loss 0.203032,    Evalution acc 0.2344, recall 0.2439, f1 0.2391
04/27/2022 17:44:58 - INFO - trainer -   Epoch 9, Domain AddToPlaylist, train_loss 0.163761,    Evalution acc 0.2606, recall 0.2493, f1 0.2548
04/27/2022 17:46:50 - INFO - trainer -   Epoch 9, Domain BookRestaurant, train_loss 0.084529,    Evalution acc 0.2683, recall 0.3195, f1 0.2917
04/27/2022 17:48:40 - INFO - trainer -   Epoch 9, Domain GetWeather, train_loss 0.071884,    Evalution acc 0.3147, recall 0.2988, f1 0.3066
04/27/2022 17:50:31 - INFO - trainer -   Epoch 9, Domain PlayMusic, train_loss 0.331535,    Evalution acc 0.2416, recall 0.2142, f1 0.2271
04/27/2022 17:52:15 - INFO - trainer -   Epoch 9, Domain RateBook, train_loss 0.075681,    Evalution acc 0.2326, recall 0.2043, f1 0.2175
04/27/2022 17:53:58 - INFO - trainer -   Epoch 9, Domain SearchCreativeWork, train_loss 0.102382,    Evalution acc 0.2569, recall 0.2358, f1 0.2459
04/27/2022 17:55:41 - INFO - trainer -   Epoch 10, Domain AddToPlaylist, train_loss 0.134166,    Evalution acc 0.2652, recall 0.2439, f1 0.2541
04/27/2022 17:57:30 - INFO - trainer -   Epoch 10, Domain BookRestaurant, train_loss 0.116758,    Evalution acc 0.2684, recall 0.2655, f1 0.2670
04/27/2022 17:59:18 - INFO - trainer -   Epoch 10, Domain GetWeather, train_loss 0.069986,    Evalution acc 0.2753, recall 0.2520, f1 0.2632
04/27/2022 18:01:05 - INFO - trainer -   Epoch 10, Domain PlayMusic, train_loss 0.288017,    Evalution acc 0.2308, recall 0.2025, f1 0.2157
04/27/2022 18:02:50 - INFO - trainer -   Epoch 10, Domain RateBook, train_loss 0.045499,    Evalution acc 0.2474, recall 0.2340, f1 0.2405
04/27/2022 18:04:35 - INFO - trainer -   Epoch 10, Domain SearchCreativeWork, train_loss 0.172242,    Evalution acc 0.2375, recall 0.2142, f1 0.2253
04/27/2022 18:06:19 - INFO - trainer -   Epoch 11, Domain AddToPlaylist, train_loss 0.094525,    Evalution acc 0.2840, recall 0.2556, f1 0.2691
04/27/2022 18:08:08 - INFO - trainer -   Epoch 11, Domain BookRestaurant, train_loss 0.097738,    Evalution acc 0.2889, recall 0.2889, f1 0.2889
04/27/2022 18:09:56 - INFO - trainer -   Epoch 11, Domain GetWeather, train_loss 0.056418,    Evalution acc 0.3380, recall 0.3285, f1 0.3332
04/27/2022 18:11:45 - INFO - trainer -   Epoch 11, Domain PlayMusic, train_loss 0.207906,    Evalution acc 0.3403, recall 0.3096, f1 0.3242
04/27/2022 18:13:30 - INFO - trainer -   Epoch 11, Domain RateBook, train_loss 0.038724,    Evalution acc 0.2971, recall 0.2880, f1 0.2925
04/27/2022 18:15:13 - INFO - trainer -   Epoch 11, Domain SearchCreativeWork, train_loss 0.105318,    Evalution acc 0.3646, recall 0.3150, f1 0.3380
04/27/2022 18:16:56 - INFO - trainer -   Epoch 12, Domain AddToPlaylist, train_loss 0.098497,    Evalution acc 0.2791, recall 0.2286, f1 0.2514
04/27/2022 18:18:45 - INFO - trainer -   Epoch 12, Domain BookRestaurant, train_loss 0.048435,    Evalution acc 0.2839, recall 0.2601, f1 0.2715
04/27/2022 18:20:32 - INFO - trainer -   Epoch 12, Domain GetWeather, train_loss 0.056610,    Evalution acc 0.2822, recall 0.2601, f1 0.2707
04/27/2022 18:22:19 - INFO - trainer -   Epoch 12, Domain PlayMusic, train_loss 0.130607,    Evalution acc 0.2812, recall 0.2376, f1 0.2576
04/27/2022 18:24:04 - INFO - trainer -   Epoch 12, Domain RateBook, train_loss 0.102104,    Evalution acc 0.3146, recall 0.2727, f1 0.2922
04/27/2022 18:25:49 - INFO - trainer -   Epoch 12, Domain SearchCreativeWork, train_loss 0.067069,    Evalution acc 0.2599, recall 0.2412, f1 0.2502
04/27/2022 18:27:35 - INFO - trainer -   Epoch 13, Domain AddToPlaylist, train_loss 0.101485,    Evalution acc 0.3501, recall 0.2700, f1 0.3049
04/27/2022 18:29:24 - INFO - trainer -   Epoch 13, Domain BookRestaurant, train_loss 0.310097,    Evalution acc 0.3489, recall 0.2619, f1 0.2992
04/27/2022 18:29:24 - INFO - trainer -   Reach early stop count 64, training stop
04/27/2022 18:29:26 - INFO - __main__ -   Starting test...
04/27/2022 18:30:05 - INFO - trainer -   ***********************************************************
04/27/2022 18:30:05 - INFO - trainer -   Target domain = SearchScreeningEvent
04/27/2022 18:30:05 - INFO - trainer -   Test result: acc 0.5085, recall 0.5173, f1 0.5129
04/27/2022 18:30:05 - INFO - trainer -   ***********************************************************
