05/04/2022 22:03:47 - INFO - __main__ -   ********************** Job Start **********************
05/04/2022 22:03:47 - INFO - __main__ -   Learning rate = 1e-05
05/04/2022 22:03:47 - INFO - __main__ -   Warmup rate = 0.0
05/04/2022 22:03:47 - INFO - __main__ -   Batch_size = 4
05/04/2022 22:03:47 - INFO - __main__ -   Gradient_accumulation_steps = 1
05/04/2022 22:03:47 - INFO - __main__ -   Train epoch = 64
05/04/2022 22:03:47 - INFO - __main__ -   Pretrained_model name = bert-large-uncased
05/04/2022 22:03:47 - INFO - __main__ -   Context_max_len = 64
05/04/2022 22:03:47 - INFO - __main__ -   Label_max_len = 32
05/04/2022 22:06:14 - INFO - dataset -   Loading data from ../data/snips/AddToPlaylist/AddToPlaylist.txt, total nums is 2042
05/04/2022 22:06:14 - INFO - dataset -   Loading data from ../data/snips/BookRestaurant/BookRestaurant.txt, total nums is 2073
05/04/2022 22:06:14 - INFO - dataset -   Loading data from ../data/snips/GetWeather/GetWeather.txt, total nums is 2100
05/04/2022 22:06:14 - INFO - dataset -   Loading data from ../data/snips/PlayMusic/PlayMusic.txt, total nums is 2100
05/04/2022 22:06:14 - INFO - dataset -   Loading data from ../data/snips/RateBook/RateBook.txt, total nums is 2056
05/04/2022 22:06:14 - INFO - dataset -   Loading data from ../data/snips/SearchCreativeWork/SearchCreativeWork.txt, total nums is 2054
05/04/2022 22:06:14 - INFO - dataset -   Loading data from ../data/snips/SearchScreeningEvent/SearchScreeningEvent.txt, total nums is 2059
05/04/2022 22:06:14 - INFO - dataset -   Loading data from ../data/atis/atis.txt, total nums is 5871
05/04/2022 22:06:14 - INFO - dataset -   Using queries from description.
05/04/2022 22:06:14 - INFO - dataset -   Using queries from description.
05/04/2022 22:06:14 - INFO - dataset -   Using queries from description.
05/04/2022 22:06:14 - INFO - dataset -   Using queries from description.
05/04/2022 22:06:14 - INFO - dataset -   Using queries from description.
05/04/2022 22:06:14 - INFO - dataset -   Using queries from description.
05/04/2022 22:06:15 - INFO - dataset -   Using queries from description.
05/04/2022 22:06:15 - INFO - dataset -   Using queries from description.
05/04/2022 22:06:15 - INFO - dataset -   The target domain is RateBook
05/04/2022 22:06:15 - INFO - dataset -   ********** Train data information : **********
05/04/2022 22:06:15 - INFO - dataset -   domain name: AddToPlaylist,    data_size=2042
05/04/2022 22:06:15 - INFO - dataset -   domain name: BookRestaurant,    data_size=2073
05/04/2022 22:06:15 - INFO - dataset -   domain name: GetWeather,    data_size=2100
05/04/2022 22:06:15 - INFO - dataset -   domain name: PlayMusic,    data_size=2100
05/04/2022 22:06:15 - INFO - dataset -   domain name: SearchCreativeWork,    data_size=2054
05/04/2022 22:06:15 - INFO - dataset -   domain name: SearchScreeningEvent,    data_size=2059
05/04/2022 22:06:15 - INFO - dataset -   ********** Valid data information : **********
05/04/2022 22:06:15 - INFO - dataset -   domain name: RateBook,    data_size=500
05/04/2022 22:06:15 - INFO - dataset -   ********** Test data information : **********
05/04/2022 22:06:15 - INFO - dataset -   domain name: RateBook,    data_size=1556
05/04/2022 22:09:06 - INFO - trainer -   Epoch 1, Domain AddToPlaylist, train_loss 17.960028,    Evalution acc 0.2268, recall 0.0359, f1 0.0621
05/04/2022 22:13:03 - INFO - trainer -   Saved model checkpoint to ../model_dir_317/Label_Knowledge_Enhanced_SF/RateBook/0/model.pth
05/04/2022 22:17:05 - INFO - trainer -   Epoch 1, Domain BookRestaurant, train_loss 4.952801,    Evalution acc 0.0456, recall 0.0082, f1 0.0139
05/04/2022 22:20:30 - INFO - trainer -   Epoch 1, Domain GetWeather, train_loss 1.847825,    Evalution acc 0.0039, recall 0.0016, f1 0.0023
05/04/2022 22:23:54 - INFO - trainer -   Epoch 1, Domain PlayMusic, train_loss 4.018328,    Evalution acc 0.0093, recall 0.0049, f1 0.0064
05/04/2022 22:26:14 - INFO - trainer -   Epoch 1, Domain SearchCreativeWork, train_loss 6.425067,    Evalution acc 0.4956, recall 0.1520, f1 0.2326
05/04/2022 22:30:15 - INFO - trainer -   Saved model checkpoint to ../model_dir_317/Label_Knowledge_Enhanced_SF/RateBook/0/model.pth
05/04/2022 22:33:16 - INFO - trainer -   Epoch 1, Domain SearchScreeningEvent, train_loss 2.380937,    Evalution acc 0.1406, recall 0.0332, f1 0.0537
05/04/2022 22:36:00 - INFO - trainer -   Epoch 2, Domain AddToPlaylist, train_loss 2.844172,    Evalution acc 0.3762, recall 0.1100, f1 0.1702
05/04/2022 22:40:03 - INFO - trainer -   Epoch 2, Domain BookRestaurant, train_loss 1.189348,    Evalution acc 0.4722, recall 0.1759, f1 0.2563
05/04/2022 22:42:21 - INFO - trainer -   Saved model checkpoint to ../model_dir_317/Label_Knowledge_Enhanced_SF/RateBook/0/model.pth
05/04/2022 22:45:43 - INFO - trainer -   Epoch 2, Domain GetWeather, train_loss 0.574857,    Evalution acc 0.2864, recall 0.1639, f1 0.2085
05/04/2022 22:49:07 - INFO - trainer -   Epoch 2, Domain PlayMusic, train_loss 1.753013,    Evalution acc 0.2482, recall 0.1645, f1 0.1978
05/04/2022 22:51:24 - INFO - trainer -   Epoch 2, Domain SearchCreativeWork, train_loss 2.645846,    Evalution acc 0.3512, recall 0.2032, f1 0.2574
05/04/2022 22:53:58 - INFO - trainer -   Saved model checkpoint to ../model_dir_317/Label_Knowledge_Enhanced_SF/RateBook/0/model.pth
05/04/2022 22:56:59 - INFO - trainer -   Epoch 2, Domain SearchScreeningEvent, train_loss 0.672817,    Evalution acc 0.2477, recall 0.1601, f1 0.1945
05/04/2022 22:59:44 - INFO - trainer -   Epoch 3, Domain AddToPlaylist, train_loss 1.460933,    Evalution acc 0.3951, recall 0.2473, f1 0.3042
05/04/2022 23:01:55 - INFO - trainer -   Saved model checkpoint to ../model_dir_317/Label_Knowledge_Enhanced_SF/RateBook/0/model.pth
05/04/2022 23:06:00 - INFO - trainer -   Epoch 3, Domain BookRestaurant, train_loss 0.559055,    Evalution acc 0.4693, recall 0.2418, f1 0.3192
05/04/2022 23:09:10 - INFO - trainer -   Saved model checkpoint to ../model_dir_317/Label_Knowledge_Enhanced_SF/RateBook/0/model.pth
05/04/2022 23:12:34 - INFO - trainer -   Epoch 3, Domain GetWeather, train_loss 0.369480,    Evalution acc 0.4017, recall 0.2113, f1 0.2769
05/04/2022 23:15:59 - INFO - trainer -   Epoch 3, Domain PlayMusic, train_loss 1.232292,    Evalution acc 0.3362, recall 0.2527, f1 0.2886
05/05/2022 10:28:06 - INFO - __main__ -   ********************** Job Start **********************
05/05/2022 10:28:06 - INFO - __main__ -   Learning rate = 1e-05
05/05/2022 10:28:06 - INFO - __main__ -   Warmup rate = 0.0
05/05/2022 10:28:06 - INFO - __main__ -   Batch_size = 4
05/05/2022 10:28:06 - INFO - __main__ -   Gradient_accumulation_steps = 1
05/05/2022 10:28:06 - INFO - __main__ -   Train epoch = 64
05/05/2022 10:28:06 - INFO - __main__ -   Pretrained_model name = bert-large-uncased
05/05/2022 10:28:06 - INFO - __main__ -   Context_max_len = 64
05/05/2022 10:28:06 - INFO - __main__ -   Label_max_len = 32
05/05/2022 10:30:34 - INFO - dataset -   Loading data from ../data/snips/AddToPlaylist/AddToPlaylist.txt, total nums is 2042
05/05/2022 10:30:34 - INFO - dataset -   Loading data from ../data/snips/BookRestaurant/BookRestaurant.txt, total nums is 2073
05/05/2022 10:30:34 - INFO - dataset -   Loading data from ../data/snips/GetWeather/GetWeather.txt, total nums is 2100
05/05/2022 10:30:34 - INFO - dataset -   Loading data from ../data/snips/PlayMusic/PlayMusic.txt, total nums is 2100
05/05/2022 10:30:34 - INFO - dataset -   Loading data from ../data/snips/RateBook/RateBook.txt, total nums is 2056
05/05/2022 10:30:34 - INFO - dataset -   Loading data from ../data/snips/SearchCreativeWork/SearchCreativeWork.txt, total nums is 2054
05/05/2022 10:30:34 - INFO - dataset -   Loading data from ../data/snips/SearchScreeningEvent/SearchScreeningEvent.txt, total nums is 2059
05/05/2022 10:30:34 - INFO - dataset -   Loading data from ../data/atis/atis.txt, total nums is 5871
05/05/2022 10:30:34 - INFO - dataset -   Using queries from description.
05/05/2022 10:30:34 - INFO - dataset -   Using queries from description.
05/05/2022 10:30:34 - INFO - dataset -   Using queries from description.
05/05/2022 10:30:34 - INFO - dataset -   Using queries from description.
05/05/2022 10:30:34 - INFO - dataset -   Using queries from description.
05/05/2022 10:30:35 - INFO - dataset -   Using queries from description.
05/05/2022 10:30:35 - INFO - dataset -   Using queries from description.
05/05/2022 10:30:35 - INFO - dataset -   Using queries from description.
05/05/2022 10:30:35 - INFO - dataset -   The target domain is RateBook
05/05/2022 10:30:35 - INFO - dataset -   ********** Train data information : **********
05/05/2022 10:30:35 - INFO - dataset -   domain name: AddToPlaylist,    data_size=2042
05/05/2022 10:30:35 - INFO - dataset -   domain name: BookRestaurant,    data_size=2073
05/05/2022 10:30:35 - INFO - dataset -   domain name: GetWeather,    data_size=2100
05/05/2022 10:30:35 - INFO - dataset -   domain name: PlayMusic,    data_size=2100
05/05/2022 10:30:35 - INFO - dataset -   domain name: SearchCreativeWork,    data_size=2054
05/05/2022 10:30:35 - INFO - dataset -   domain name: SearchScreeningEvent,    data_size=2059
05/05/2022 10:30:35 - INFO - dataset -   ********** Valid data information : **********
05/05/2022 10:30:35 - INFO - dataset -   domain name: RateBook,    data_size=500
05/05/2022 10:30:35 - INFO - dataset -   ********** Test data information : **********
05/05/2022 10:30:35 - INFO - dataset -   domain name: RateBook,    data_size=1556
05/05/2022 10:33:28 - INFO - trainer -   Epoch 1, Domain AddToPlaylist, train_loss 17.960028,    Evalution acc 0.2268, recall 0.0359, f1 0.0621
05/05/2022 10:35:39 - INFO - trainer -   Saved model checkpoint to ../model_dir_317/Label_Knowledge_Enhanced_SF/RateBook/0/model.pth
05/05/2022 10:39:43 - INFO - trainer -   Epoch 1, Domain BookRestaurant, train_loss 4.952801,    Evalution acc 0.0456, recall 0.0082, f1 0.0139
05/05/2022 10:43:07 - INFO - trainer -   Epoch 1, Domain GetWeather, train_loss 1.847825,    Evalution acc 0.0039, recall 0.0016, f1 0.0023
05/05/2022 10:46:31 - INFO - trainer -   Epoch 1, Domain PlayMusic, train_loss 4.018328,    Evalution acc 0.0093, recall 0.0049, f1 0.0064
05/05/2022 10:48:54 - INFO - trainer -   Epoch 1, Domain SearchCreativeWork, train_loss 6.425067,    Evalution acc 0.4956, recall 0.1520, f1 0.2326
05/05/2022 10:52:43 - INFO - trainer -   Saved model checkpoint to ../model_dir_317/Label_Knowledge_Enhanced_SF/RateBook/0/model.pth
05/05/2022 10:55:46 - INFO - trainer -   Epoch 1, Domain SearchScreeningEvent, train_loss 2.380937,    Evalution acc 0.1406, recall 0.0332, f1 0.0537
05/05/2022 10:58:32 - INFO - trainer -   Epoch 2, Domain AddToPlaylist, train_loss 2.844172,    Evalution acc 0.3762, recall 0.1100, f1 0.1702
05/05/2022 11:02:37 - INFO - trainer -   Epoch 2, Domain BookRestaurant, train_loss 1.189348,    Evalution acc 0.4722, recall 0.1759, f1 0.2563
05/05/2022 11:06:49 - INFO - trainer -   Saved model checkpoint to ../model_dir_317/Label_Knowledge_Enhanced_SF/RateBook/0/model.pth
05/05/2022 11:10:13 - INFO - trainer -   Epoch 2, Domain GetWeather, train_loss 0.574857,    Evalution acc 0.2864, recall 0.1639, f1 0.2085
05/05/2022 11:13:39 - INFO - trainer -   Epoch 2, Domain PlayMusic, train_loss 1.753013,    Evalution acc 0.2482, recall 0.1645, f1 0.1978
05/05/2022 11:16:02 - INFO - trainer -   Epoch 2, Domain SearchCreativeWork, train_loss 2.645846,    Evalution acc 0.3512, recall 0.2032, f1 0.2574
05/05/2022 11:18:58 - INFO - trainer -   Saved model checkpoint to ../model_dir_317/Label_Knowledge_Enhanced_SF/RateBook/0/model.pth
05/05/2022 11:22:00 - INFO - trainer -   Epoch 2, Domain SearchScreeningEvent, train_loss 0.672817,    Evalution acc 0.2477, recall 0.1601, f1 0.1945
05/05/2022 11:24:47 - INFO - trainer -   Epoch 3, Domain AddToPlaylist, train_loss 1.460933,    Evalution acc 0.3951, recall 0.2473, f1 0.3042
05/05/2022 11:26:56 - INFO - trainer -   Saved model checkpoint to ../model_dir_317/Label_Knowledge_Enhanced_SF/RateBook/0/model.pth
05/05/2022 11:31:01 - INFO - trainer -   Epoch 3, Domain BookRestaurant, train_loss 0.559055,    Evalution acc 0.4693, recall 0.2418, f1 0.3192
05/05/2022 11:33:32 - INFO - trainer -   Saved model checkpoint to ../model_dir_317/Label_Knowledge_Enhanced_SF/RateBook/0/model.pth
05/05/2022 11:36:56 - INFO - trainer -   Epoch 3, Domain GetWeather, train_loss 0.369480,    Evalution acc 0.4017, recall 0.2113, f1 0.2769
05/05/2022 11:40:22 - INFO - trainer -   Epoch 3, Domain PlayMusic, train_loss 1.232292,    Evalution acc 0.3362, recall 0.2527, f1 0.2886
05/05/2022 11:42:42 - INFO - trainer -   Epoch 3, Domain SearchCreativeWork, train_loss 1.618100,    Evalution acc 0.4089, recall 0.1857, f1 0.2554
05/05/2022 11:45:43 - INFO - trainer -   Epoch 3, Domain SearchScreeningEvent, train_loss 0.304010,    Evalution acc 0.3755, recall 0.2037, f1 0.2641
05/05/2022 11:48:28 - INFO - trainer -   Epoch 4, Domain AddToPlaylist, train_loss 0.874785,    Evalution acc 0.3465, recall 0.2004, f1 0.2540
05/05/2022 11:52:32 - INFO - trainer -   Epoch 4, Domain BookRestaurant, train_loss 0.346561,    Evalution acc 0.3720, recall 0.2097, f1 0.2682
05/05/2022 11:55:56 - INFO - trainer -   Epoch 4, Domain GetWeather, train_loss 0.257434,    Evalution acc 0.3022, recall 0.1672, f1 0.2153
05/05/2022 11:59:22 - INFO - trainer -   Epoch 4, Domain PlayMusic, train_loss 0.962725,    Evalution acc 0.3748, recall 0.2168, f1 0.2747
05/05/2022 12:01:41 - INFO - trainer -   Epoch 4, Domain SearchCreativeWork, train_loss 1.126679,    Evalution acc 0.3501, recall 0.1928, f1 0.2487
05/05/2022 12:04:43 - INFO - trainer -   Epoch 4, Domain SearchScreeningEvent, train_loss 0.124457,    Evalution acc 0.3912, recall 0.2516, f1 0.3063
05/05/2022 12:07:27 - INFO - trainer -   Epoch 5, Domain AddToPlaylist, train_loss 0.491245,    Evalution acc 0.3877, recall 0.2473, f1 0.3020
05/05/2022 12:11:32 - INFO - trainer -   Epoch 5, Domain BookRestaurant, train_loss 0.208011,    Evalution acc 0.4188, recall 0.1841, f1 0.2558
05/05/2022 12:14:56 - INFO - trainer -   Epoch 5, Domain GetWeather, train_loss 0.189939,    Evalution acc 0.3931, recall 0.2162, f1 0.2790
05/05/2022 12:18:20 - INFO - trainer -   Epoch 5, Domain PlayMusic, train_loss 0.776678,    Evalution acc 0.3089, recall 0.2593, f1 0.2819
05/05/2022 12:20:38 - INFO - trainer -   Epoch 5, Domain SearchCreativeWork, train_loss 0.765493,    Evalution acc 0.3953, recall 0.1852, f1 0.2522
05/05/2022 12:23:40 - INFO - trainer -   Epoch 5, Domain SearchScreeningEvent, train_loss 0.136685,    Evalution acc 0.4160, recall 0.2549, f1 0.3161
05/05/2022 12:26:24 - INFO - trainer -   Epoch 6, Domain AddToPlaylist, train_loss 0.300708,    Evalution acc 0.3365, recall 0.2119, f1 0.2600
05/05/2022 12:30:29 - INFO - trainer -   Epoch 6, Domain BookRestaurant, train_loss 0.158269,    Evalution acc 0.3443, recall 0.2222, f1 0.2701
05/05/2022 12:33:53 - INFO - trainer -   Epoch 6, Domain GetWeather, train_loss 0.156988,    Evalution acc 0.3371, recall 0.2304, f1 0.2737
05/05/2022 12:37:17 - INFO - trainer -   Epoch 6, Domain PlayMusic, train_loss 0.580477,    Evalution acc 0.3145, recall 0.2331, f1 0.2678
05/05/2022 12:37:18 - INFO - trainer -   Reach early stop count 20, training stop
05/05/2022 12:37:19 - INFO - __main__ -   Starting test...
05/05/2022 12:37:54 - INFO - trainer -   ***********************************************************
05/05/2022 12:37:54 - INFO - trainer -   Target domain = RateBook
05/05/2022 12:37:54 - INFO - trainer -   Test result: acc 0.4547, recall 0.2315, f1 0.3068(dropout=0.25、两个self-attention、attention_mask_extend=attention_mask.unsqueeze(-2).repeat(1, 1, L1+l2, 1)的情况)
05/05/2022 12:37:54 - INFO - trainer -   ***********************************************************
05/05/2022 12:39:57 - INFO - __main__ -   ********************** Job Start **********************
05/05/2022 12:39:57 - INFO - __main__ -   Learning rate = 1e-05
05/05/2022 12:39:57 - INFO - __main__ -   Warmup rate = 0.0
05/05/2022 12:39:57 - INFO - __main__ -   Batch_size = 4
05/05/2022 12:39:57 - INFO - __main__ -   Gradient_accumulation_steps = 1
05/05/2022 12:39:57 - INFO - __main__ -   Train epoch = 64
05/05/2022 12:39:57 - INFO - __main__ -   Pretrained_model name = bert-large-uncased
05/05/2022 12:39:57 - INFO - __main__ -   Context_max_len = 64
05/05/2022 12:39:57 - INFO - __main__ -   Label_max_len = 32
05/05/2022 12:42:24 - INFO - dataset -   Loading data from ../data/snips/AddToPlaylist/AddToPlaylist.txt, total nums is 2042
05/05/2022 12:42:24 - INFO - dataset -   Loading data from ../data/snips/BookRestaurant/BookRestaurant.txt, total nums is 2073
05/05/2022 12:42:24 - INFO - dataset -   Loading data from ../data/snips/GetWeather/GetWeather.txt, total nums is 2100
05/05/2022 12:42:24 - INFO - dataset -   Loading data from ../data/snips/PlayMusic/PlayMusic.txt, total nums is 2100
05/05/2022 12:42:24 - INFO - dataset -   Loading data from ../data/snips/RateBook/RateBook.txt, total nums is 2056
05/05/2022 12:42:24 - INFO - dataset -   Loading data from ../data/snips/SearchCreativeWork/SearchCreativeWork.txt, total nums is 2054
05/05/2022 12:42:24 - INFO - dataset -   Loading data from ../data/snips/SearchScreeningEvent/SearchScreeningEvent.txt, total nums is 2059
05/05/2022 12:42:24 - INFO - dataset -   Loading data from ../data/atis/atis.txt, total nums is 5871
05/05/2022 12:42:24 - INFO - dataset -   Using queries from description.
05/05/2022 12:42:24 - INFO - dataset -   Using queries from description.
05/05/2022 12:42:24 - INFO - dataset -   Using queries from description.
05/05/2022 12:42:24 - INFO - dataset -   Using queries from description.
05/05/2022 12:42:24 - INFO - dataset -   Using queries from description.
05/05/2022 12:42:24 - INFO - dataset -   Using queries from description.
05/05/2022 12:42:25 - INFO - dataset -   Using queries from description.
05/05/2022 12:42:25 - INFO - dataset -   Using queries from description.
05/05/2022 12:42:25 - INFO - dataset -   The target domain is RateBook
05/05/2022 12:42:25 - INFO - dataset -   ********** Train data information : **********
05/05/2022 12:42:25 - INFO - dataset -   domain name: AddToPlaylist,    data_size=2042
05/05/2022 12:42:25 - INFO - dataset -   domain name: BookRestaurant,    data_size=2073
05/05/2022 12:42:25 - INFO - dataset -   domain name: GetWeather,    data_size=2100
05/05/2022 12:42:25 - INFO - dataset -   domain name: PlayMusic,    data_size=2100
05/05/2022 12:42:25 - INFO - dataset -   domain name: SearchCreativeWork,    data_size=2054
05/05/2022 12:42:25 - INFO - dataset -   domain name: SearchScreeningEvent,    data_size=2059
05/05/2022 12:42:25 - INFO - dataset -   ********** Valid data information : **********
05/05/2022 12:42:25 - INFO - dataset -   domain name: RateBook,    data_size=500
05/05/2022 12:42:25 - INFO - dataset -   ********** Test data information : **********
05/05/2022 12:42:25 - INFO - dataset -   domain name: RateBook,    data_size=1556
05/05/2022 12:45:19 - INFO - trainer -   Epoch 1, Domain AddToPlaylist, train_loss 17.002303,    Evalution acc 0.2129, recall 0.0703, f1 0.1057
05/05/2022 12:50:00 - INFO - trainer -   Saved model checkpoint to ../model_dir_317/Label_Knowledge_Enhanced_SF/RateBook/0/model.pth
05/05/2022 12:54:04 - INFO - trainer -   Epoch 1, Domain BookRestaurant, train_loss 4.316287,    Evalution acc 0.0707, recall 0.0294, f1 0.0415
05/05/2022 12:57:29 - INFO - trainer -   Epoch 1, Domain GetWeather, train_loss 2.260009,    Evalution acc 0.0279, recall 0.0098, f1 0.0145
05/05/2022 13:00:54 - INFO - trainer -   Epoch 1, Domain PlayMusic, train_loss 4.157253,    Evalution acc 0.2400, recall 0.0359, f1 0.0625
05/05/2022 13:03:15 - INFO - trainer -   Epoch 1, Domain SearchCreativeWork, train_loss 6.728811,    Evalution acc 0.6075, recall 0.1509, f1 0.2417
05/05/2022 13:05:24 - INFO - trainer -   Saved model checkpoint to ../model_dir_317/Label_Knowledge_Enhanced_SF/RateBook/0/model.pth
05/05/2022 13:08:27 - INFO - trainer -   Epoch 1, Domain SearchScreeningEvent, train_loss 2.149042,    Evalution acc 0.3923, recall 0.1051, f1 0.1658
05/05/2022 13:11:15 - INFO - trainer -   Epoch 2, Domain AddToPlaylist, train_loss 2.618925,    Evalution acc 0.5209, recall 0.1356, f1 0.2152
05/05/2022 13:15:22 - INFO - trainer -   Epoch 2, Domain BookRestaurant, train_loss 0.979061,    Evalution acc 0.3458, recall 0.1661, f1 0.2244
05/05/2022 13:18:46 - INFO - trainer -   Epoch 2, Domain GetWeather, train_loss 0.636548,    Evalution acc 0.2677, recall 0.1111, f1 0.1570
05/05/2022 13:22:11 - INFO - trainer -   Epoch 2, Domain PlayMusic, train_loss 1.788532,    Evalution acc 0.1640, recall 0.0398, f1 0.0640
05/05/2022 13:24:28 - INFO - trainer -   Epoch 2, Domain SearchCreativeWork, train_loss 2.588307,    Evalution acc 0.5842, recall 0.1531, f1 0.2426
05/05/2022 13:26:39 - INFO - trainer -   Saved model checkpoint to ../model_dir_317/Label_Knowledge_Enhanced_SF/RateBook/0/model.pth
05/05/2022 13:29:41 - INFO - trainer -   Epoch 2, Domain SearchScreeningEvent, train_loss 0.576099,    Evalution acc 0.6050, recall 0.1569, f1 0.2491
05/05/2022 13:31:49 - INFO - trainer -   Saved model checkpoint to ../model_dir_317/Label_Knowledge_Enhanced_SF/RateBook/0/model.pth
05/05/2022 13:34:34 - INFO - trainer -   Epoch 3, Domain AddToPlaylist, train_loss 1.480974,    Evalution acc 0.5971, recall 0.1574, f1 0.2491
05/05/2022 13:36:43 - INFO - trainer -   Saved model checkpoint to ../model_dir_317/Label_Knowledge_Enhanced_SF/RateBook/0/model.pth
05/05/2022 13:40:47 - INFO - trainer -   Epoch 3, Domain BookRestaurant, train_loss 0.479199,    Evalution acc 0.4773, recall 0.1601, f1 0.2398
05/05/2022 13:44:11 - INFO - trainer -   Epoch 3, Domain GetWeather, train_loss 0.430348,    Evalution acc 0.3818, recall 0.1487, f1 0.2140
05/05/2022 13:47:36 - INFO - trainer -   Epoch 3, Domain PlayMusic, train_loss 1.250973,    Evalution acc 0.4238, recall 0.1302, f1 0.1992
05/05/2022 13:49:52 - INFO - trainer -   Epoch 3, Domain SearchCreativeWork, train_loss 1.569882,    Evalution acc 0.4050, recall 0.1324, f1 0.1995
05/05/2022 13:52:54 - INFO - trainer -   Epoch 3, Domain SearchScreeningEvent, train_loss 0.268114,    Evalution acc 0.6173, recall 0.1634, f1 0.2584
05/05/2022 13:55:03 - INFO - trainer -   Saved model checkpoint to ../model_dir_317/Label_Knowledge_Enhanced_SF/RateBook/0/model.pth
05/05/2022 13:57:47 - INFO - trainer -   Epoch 4, Domain AddToPlaylist, train_loss 0.771139,    Evalution acc 0.5767, recall 0.1351, f1 0.2189
05/05/2022 14:01:53 - INFO - trainer -   Epoch 4, Domain BookRestaurant, train_loss 0.300855,    Evalution acc 0.5098, recall 0.1422, f1 0.2223
05/05/2022 14:05:17 - INFO - trainer -   Epoch 4, Domain GetWeather, train_loss 0.244871,    Evalution acc 0.4078, recall 0.1373, f1 0.2054
05/05/2022 14:08:41 - INFO - trainer -   Epoch 4, Domain PlayMusic, train_loss 0.915615,    Evalution acc 0.5991, recall 0.1432, f1 0.2312
05/05/2022 14:10:57 - INFO - trainer -   Epoch 4, Domain SearchCreativeWork, train_loss 0.911180,    Evalution acc 0.6538, recall 0.1934, f1 0.2984
05/05/2022 14:13:06 - INFO - trainer -   Saved model checkpoint to ../model_dir_317/Label_Knowledge_Enhanced_SF/RateBook/0/model.pth
05/05/2022 14:16:08 - INFO - trainer -   Epoch 4, Domain SearchScreeningEvent, train_loss 0.179686,    Evalution acc 0.5872, recall 0.1743, f1 0.2688
05/05/2022 14:18:53 - INFO - trainer -   Epoch 5, Domain AddToPlaylist, train_loss 0.459279,    Evalution acc 0.6243, recall 0.1737, f1 0.2718
05/05/2022 14:23:01 - INFO - trainer -   Epoch 5, Domain BookRestaurant, train_loss 0.196327,    Evalution acc 0.6479, recall 0.1694, f1 0.2686
05/05/2022 14:26:27 - INFO - trainer -   Epoch 5, Domain GetWeather, train_loss 0.186089,    Evalution acc 0.6897, recall 0.1792, f1 0.2845
05/05/2022 14:29:53 - INFO - trainer -   Epoch 5, Domain PlayMusic, train_loss 0.657847,    Evalution acc 0.7122, recall 0.1846, f1 0.2933
05/05/2022 14:32:14 - INFO - trainer -   Epoch 5, Domain SearchCreativeWork, train_loss 0.742707,    Evalution acc 0.5558, recall 0.1574, f1 0.2453
05/05/2022 14:35:18 - INFO - trainer -   Epoch 5, Domain SearchScreeningEvent, train_loss 0.118864,    Evalution acc 0.6162, recall 0.1531, f1 0.2452
05/05/2022 14:38:07 - INFO - trainer -   Epoch 6, Domain AddToPlaylist, train_loss 0.326657,    Evalution acc 0.5963, recall 0.1569, f1 0.2484
05/05/2022 14:42:14 - INFO - trainer -   Epoch 6, Domain BookRestaurant, train_loss 0.139445,    Evalution acc 0.6225, recall 0.1536, f1 0.2464
05/05/2022 14:45:40 - INFO - trainer -   Epoch 6, Domain GetWeather, train_loss 0.108316,    Evalution acc 0.6407, recall 0.1525, f1 0.2464
05/05/2022 14:49:06 - INFO - trainer -   Epoch 6, Domain PlayMusic, train_loss 0.419977,    Evalution acc 0.6990, recall 0.1569, f1 0.2562
05/05/2022 14:51:25 - INFO - trainer -   Epoch 6, Domain SearchCreativeWork, train_loss 0.624454,    Evalution acc 0.5232, recall 0.1596, f1 0.2446
05/05/2022 14:54:28 - INFO - trainer -   Epoch 6, Domain SearchScreeningEvent, train_loss 0.050777,    Evalution acc 0.5951, recall 0.1465, f1 0.2351
05/05/2022 14:57:14 - INFO - trainer -   Epoch 7, Domain AddToPlaylist, train_loss 0.252237,    Evalution acc 0.7115, recall 0.1786, f1 0.2856
05/05/2022 15:01:21 - INFO - trainer -   Epoch 7, Domain BookRestaurant, train_loss 0.126533,    Evalution acc 0.7417, recall 0.1830, f1 0.2936
05/05/2022 15:04:49 - INFO - trainer -   Epoch 7, Domain GetWeather, train_loss 0.075648,    Evalution acc 0.6900, recall 0.1612, f1 0.2614
05/05/2022 15:08:16 - INFO - trainer -   Epoch 7, Domain PlayMusic, train_loss 0.297323,    Evalution acc 0.7057, recall 0.1541, f1 0.2530
05/05/2022 15:10:37 - INFO - trainer -   Epoch 7, Domain SearchCreativeWork, train_loss 0.330349,    Evalution acc 0.4313, recall 0.1334, f1 0.2038
05/05/2022 15:13:41 - INFO - trainer -   Epoch 7, Domain SearchScreeningEvent, train_loss 0.048778,    Evalution acc 0.4967, recall 0.1236, f1 0.1980
05/05/2022 15:16:30 - INFO - trainer -   Epoch 8, Domain AddToPlaylist, train_loss 0.206090,    Evalution acc 0.5502, recall 0.1313, f1 0.2120
05/05/2022 15:16:30 - INFO - trainer -   Reach early stop count 20, training stop
05/05/2022 15:16:31 - INFO - __main__ -   Starting test...
05/05/2022 15:17:06 - INFO - trainer -   ***********************************************************
05/05/2022 15:17:06 - INFO - trainer -   Target domain = RateBook
05/05/2022 15:17:06 - INFO - trainer -   Test result: acc 0.6481, recall 0.1816, f1 0.2837(dropout=0.25、两个self-attention、attention_mask_extend=attention_mask.unsqueeze(-1).repeat(1, 1, 1, L1+L2)的情况)
05/05/2022 15:17:06 - INFO - trainer -   ***********************************************************
05/05/2022 17:00:59 - INFO - __main__ -   ********************** Job Start **********************
05/05/2022 17:00:59 - INFO - __main__ -   Learning rate = 1e-05
05/05/2022 17:00:59 - INFO - __main__ -   Warmup rate = 0.0
05/05/2022 17:00:59 - INFO - __main__ -   Batch_size = 4
05/05/2022 17:00:59 - INFO - __main__ -   Gradient_accumulation_steps = 1
05/05/2022 17:00:59 - INFO - __main__ -   Train epoch = 64
05/05/2022 17:00:59 - INFO - __main__ -   Pretrained_model name = bert-large-uncased
05/05/2022 17:00:59 - INFO - __main__ -   Context_max_len = 64
05/05/2022 17:00:59 - INFO - __main__ -   Label_max_len = 32
05/05/2022 17:03:26 - INFO - dataset -   Loading data from ../data/snips/AddToPlaylist/AddToPlaylist.txt, total nums is 2042
05/05/2022 17:03:26 - INFO - dataset -   Loading data from ../data/snips/BookRestaurant/BookRestaurant.txt, total nums is 2073
05/05/2022 17:03:26 - INFO - dataset -   Loading data from ../data/snips/GetWeather/GetWeather.txt, total nums is 2100
05/05/2022 17:03:26 - INFO - dataset -   Loading data from ../data/snips/PlayMusic/PlayMusic.txt, total nums is 2100
05/05/2022 17:03:26 - INFO - dataset -   Loading data from ../data/snips/RateBook/RateBook.txt, total nums is 2056
05/05/2022 17:03:26 - INFO - dataset -   Loading data from ../data/snips/SearchCreativeWork/SearchCreativeWork.txt, total nums is 2054
05/05/2022 17:03:26 - INFO - dataset -   Loading data from ../data/snips/SearchScreeningEvent/SearchScreeningEvent.txt, total nums is 2059
05/05/2022 17:03:26 - INFO - dataset -   Loading data from ../data/atis/atis.txt, total nums is 5871
05/05/2022 17:03:26 - INFO - dataset -   Using queries from description.
05/05/2022 17:03:26 - INFO - dataset -   Using queries from description.
05/05/2022 17:03:26 - INFO - dataset -   Using queries from description.
05/05/2022 17:03:26 - INFO - dataset -   Using queries from description.
05/05/2022 17:03:26 - INFO - dataset -   Using queries from description.
05/05/2022 17:03:26 - INFO - dataset -   Using queries from description.
05/05/2022 17:03:26 - INFO - dataset -   Using queries from description.
05/05/2022 17:03:26 - INFO - dataset -   Using queries from description.
05/05/2022 17:03:26 - INFO - dataset -   The target domain is RateBook
05/05/2022 17:03:26 - INFO - dataset -   ********** Train data information : **********
05/05/2022 17:03:26 - INFO - dataset -   domain name: AddToPlaylist,    data_size=2042
05/05/2022 17:03:26 - INFO - dataset -   domain name: BookRestaurant,    data_size=2073
05/05/2022 17:03:26 - INFO - dataset -   domain name: GetWeather,    data_size=2100
05/05/2022 17:03:26 - INFO - dataset -   domain name: PlayMusic,    data_size=2100
05/05/2022 17:03:26 - INFO - dataset -   domain name: SearchCreativeWork,    data_size=2054
05/05/2022 17:03:26 - INFO - dataset -   domain name: SearchScreeningEvent,    data_size=2059
05/05/2022 17:03:26 - INFO - dataset -   ********** Valid data information : **********
05/05/2022 17:03:26 - INFO - dataset -   domain name: RateBook,    data_size=500
05/05/2022 17:03:26 - INFO - dataset -   ********** Test data information : **********
05/05/2022 17:03:26 - INFO - dataset -   domain name: RateBook,    data_size=1556
05/05/2022 17:06:25 - INFO - trainer -   Epoch 1, Domain AddToPlaylist, train_loss 17.960028,    Evalution acc 0.2268, recall 0.0359, f1 0.0621
05/05/2022 17:09:28 - INFO - trainer -   Saved model checkpoint to ../model_dir_317/Label_Knowledge_Enhanced_SF/RateBook/0/model.pth
05/05/2022 17:13:43 - INFO - trainer -   Epoch 1, Domain BookRestaurant, train_loss 4.952801,    Evalution acc 0.0456, recall 0.0082, f1 0.0139
05/05/2022 17:17:17 - INFO - trainer -   Epoch 1, Domain GetWeather, train_loss 1.847825,    Evalution acc 0.0039, recall 0.0016, f1 0.0023
05/05/2022 17:20:52 - INFO - trainer -   Epoch 1, Domain PlayMusic, train_loss 4.018328,    Evalution acc 0.0093, recall 0.0049, f1 0.0064
05/05/2022 17:23:14 - INFO - trainer -   Epoch 1, Domain SearchCreativeWork, train_loss 6.425067,    Evalution acc 0.4956, recall 0.1520, f1 0.2326
05/05/2022 17:26:05 - INFO - trainer -   Saved model checkpoint to ../model_dir_317/Label_Knowledge_Enhanced_SF/RateBook/0/model.pth
05/05/2022 17:29:16 - INFO - trainer -   Epoch 1, Domain SearchScreeningEvent, train_loss 2.380937,    Evalution acc 0.1406, recall 0.0332, f1 0.0537
05/05/2022 17:32:12 - INFO - trainer -   Epoch 2, Domain AddToPlaylist, train_loss 2.844172,    Evalution acc 0.3762, recall 0.1100, f1 0.1702
05/05/2022 17:36:32 - INFO - trainer -   Epoch 2, Domain BookRestaurant, train_loss 1.189348,    Evalution acc 0.4722, recall 0.1759, f1 0.2563
05/05/2022 17:39:51 - INFO - trainer -   Saved model checkpoint to ../model_dir_317/Label_Knowledge_Enhanced_SF/RateBook/0/model.pth
05/05/2022 17:43:26 - INFO - trainer -   Epoch 2, Domain GetWeather, train_loss 0.574857,    Evalution acc 0.2864, recall 0.1639, f1 0.2085
05/05/2022 17:47:02 - INFO - trainer -   Epoch 2, Domain PlayMusic, train_loss 1.753013,    Evalution acc 0.2482, recall 0.1645, f1 0.1978
05/05/2022 17:49:27 - INFO - trainer -   Epoch 2, Domain SearchCreativeWork, train_loss 2.645846,    Evalution acc 0.3512, recall 0.2032, f1 0.2574
05/05/2022 17:52:22 - INFO - trainer -   Saved model checkpoint to ../model_dir_317/Label_Knowledge_Enhanced_SF/RateBook/0/model.pth
05/05/2022 17:55:34 - INFO - trainer -   Epoch 2, Domain SearchScreeningEvent, train_loss 0.672817,    Evalution acc 0.2477, recall 0.1601, f1 0.1945
05/05/2022 17:58:31 - INFO - trainer -   Epoch 3, Domain AddToPlaylist, train_loss 1.460933,    Evalution acc 0.3951, recall 0.2473, f1 0.3042
05/05/2022 18:01:15 - INFO - trainer -   Saved model checkpoint to ../model_dir_317/Label_Knowledge_Enhanced_SF/RateBook/0/model.pth
05/05/2022 18:05:33 - INFO - trainer -   Epoch 3, Domain BookRestaurant, train_loss 0.559055,    Evalution acc 0.4693, recall 0.2418, f1 0.3192
05/05/2022 18:08:11 - INFO - trainer -   Saved model checkpoint to ../model_dir_317/Label_Knowledge_Enhanced_SF/RateBook/0/model.pth
05/05/2022 18:11:46 - INFO - trainer -   Epoch 3, Domain GetWeather, train_loss 0.369480,    Evalution acc 0.4017, recall 0.2113, f1 0.2769
05/05/2022 18:15:22 - INFO - trainer -   Epoch 3, Domain PlayMusic, train_loss 1.232292,    Evalution acc 0.3362, recall 0.2527, f1 0.2886
05/05/2022 18:17:45 - INFO - trainer -   Epoch 3, Domain SearchCreativeWork, train_loss 1.618100,    Evalution acc 0.4089, recall 0.1857, f1 0.2554
05/05/2022 18:20:57 - INFO - trainer -   Epoch 3, Domain SearchScreeningEvent, train_loss 0.304010,    Evalution acc 0.3755, recall 0.2037, f1 0.2641
05/05/2022 18:23:52 - INFO - trainer -   Epoch 4, Domain AddToPlaylist, train_loss 0.874785,    Evalution acc 0.3465, recall 0.2004, f1 0.2540
05/05/2022 18:28:10 - INFO - trainer -   Epoch 4, Domain BookRestaurant, train_loss 0.346561,    Evalution acc 0.3720, recall 0.2097, f1 0.2682
05/05/2022 18:31:44 - INFO - trainer -   Epoch 4, Domain GetWeather, train_loss 0.257434,    Evalution acc 0.3022, recall 0.1672, f1 0.2153
05/05/2022 18:35:18 - INFO - trainer -   Epoch 4, Domain PlayMusic, train_loss 0.962725,    Evalution acc 0.3748, recall 0.2168, f1 0.2747
05/05/2022 18:37:41 - INFO - trainer -   Epoch 4, Domain SearchCreativeWork, train_loss 1.126679,    Evalution acc 0.3501, recall 0.1928, f1 0.2487
05/05/2022 18:40:53 - INFO - trainer -   Epoch 4, Domain SearchScreeningEvent, train_loss 0.124457,    Evalution acc 0.3912, recall 0.2516, f1 0.3063
05/05/2022 18:43:48 - INFO - trainer -   Epoch 5, Domain AddToPlaylist, train_loss 0.491245,    Evalution acc 0.3877, recall 0.2473, f1 0.3020
05/05/2022 18:48:07 - INFO - trainer -   Epoch 5, Domain BookRestaurant, train_loss 0.208011,    Evalution acc 0.4188, recall 0.1841, f1 0.2558
05/05/2022 18:51:41 - INFO - trainer -   Epoch 5, Domain GetWeather, train_loss 0.189939,    Evalution acc 0.3931, recall 0.2162, f1 0.2790
05/05/2022 18:55:17 - INFO - trainer -   Epoch 5, Domain PlayMusic, train_loss 0.776678,    Evalution acc 0.3089, recall 0.2593, f1 0.2819
05/05/2022 18:57:39 - INFO - trainer -   Epoch 5, Domain SearchCreativeWork, train_loss 0.765493,    Evalution acc 0.3953, recall 0.1852, f1 0.2522
05/05/2022 19:00:51 - INFO - trainer -   Epoch 5, Domain SearchScreeningEvent, train_loss 0.136685,    Evalution acc 0.4160, recall 0.2549, f1 0.3161
05/05/2022 19:03:47 - INFO - trainer -   Epoch 6, Domain AddToPlaylist, train_loss 0.300708,    Evalution acc 0.3365, recall 0.2119, f1 0.2600
05/05/2022 19:08:06 - INFO - trainer -   Epoch 6, Domain BookRestaurant, train_loss 0.158269,    Evalution acc 0.3443, recall 0.2222, f1 0.2701
05/05/2022 19:11:41 - INFO - trainer -   Epoch 6, Domain GetWeather, train_loss 0.156988,    Evalution acc 0.3371, recall 0.2304, f1 0.2737
05/05/2022 19:15:16 - INFO - trainer -   Epoch 6, Domain PlayMusic, train_loss 0.580477,    Evalution acc 0.3145, recall 0.2331, f1 0.2678
05/05/2022 19:15:16 - INFO - trainer -   Reach early stop count 20, training stop
05/05/2022 19:15:17 - INFO - __main__ -   Starting test...
05/05/2022 19:15:54 - INFO - trainer -   ***********************************************************
05/05/2022 19:15:54 - INFO - trainer -   Target domain = RateBook
05/05/2022 19:15:54 - INFO - trainer -   Test result: acc 0.4547, recall 0.2315, f1 0.3068(dropout=0.25、两个self-attention、attention_mask_extend=attention_mask.unsqueeze(-2).repeat(1, 1, L1+L2, 1)的情况)
05/05/2022 19:15:54 - INFO - trainer -   ***********************************************************
05/05/2022 19:31:04 - INFO - __main__ -   ********************** Job Start **********************
05/05/2022 19:31:04 - INFO - __main__ -   Learning rate = 1e-05
05/05/2022 19:31:04 - INFO - __main__ -   Warmup rate = 0.0
05/05/2022 19:31:04 - INFO - __main__ -   Batch_size = 4
05/05/2022 19:31:04 - INFO - __main__ -   Gradient_accumulation_steps = 1
05/05/2022 19:31:04 - INFO - __main__ -   Train epoch = 64
05/05/2022 19:31:04 - INFO - __main__ -   Pretrained_model name = bert-large-uncased
05/05/2022 19:31:04 - INFO - __main__ -   Context_max_len = 64
05/05/2022 19:31:04 - INFO - __main__ -   Label_max_len = 32
05/05/2022 19:33:32 - INFO - dataset -   Loading data from ../data/snips/AddToPlaylist/AddToPlaylist.txt, total nums is 2042
05/05/2022 19:33:32 - INFO - dataset -   Loading data from ../data/snips/BookRestaurant/BookRestaurant.txt, total nums is 2073
05/05/2022 19:33:32 - INFO - dataset -   Loading data from ../data/snips/GetWeather/GetWeather.txt, total nums is 2100
05/05/2022 19:33:32 - INFO - dataset -   Loading data from ../data/snips/PlayMusic/PlayMusic.txt, total nums is 2100
05/05/2022 19:33:32 - INFO - dataset -   Loading data from ../data/snips/RateBook/RateBook.txt, total nums is 2056
05/05/2022 19:33:32 - INFO - dataset -   Loading data from ../data/snips/SearchCreativeWork/SearchCreativeWork.txt, total nums is 2054
05/05/2022 19:33:32 - INFO - dataset -   Loading data from ../data/snips/SearchScreeningEvent/SearchScreeningEvent.txt, total nums is 2059
05/05/2022 19:33:32 - INFO - dataset -   Loading data from ../data/atis/atis.txt, total nums is 5871
05/05/2022 19:33:32 - INFO - dataset -   Using queries from description.
05/05/2022 19:33:32 - INFO - dataset -   Using queries from description.
05/05/2022 19:33:32 - INFO - dataset -   Using queries from description.
05/05/2022 19:33:33 - INFO - dataset -   Using queries from description.
05/05/2022 19:33:33 - INFO - dataset -   Using queries from description.
05/05/2022 19:33:33 - INFO - dataset -   Using queries from description.
05/05/2022 19:33:33 - INFO - dataset -   Using queries from description.
05/05/2022 19:33:33 - INFO - dataset -   Using queries from description.
05/05/2022 19:33:33 - INFO - dataset -   The target domain is RateBook
05/05/2022 19:33:33 - INFO - dataset -   ********** Train data information : **********
05/05/2022 19:33:33 - INFO - dataset -   domain name: AddToPlaylist,    data_size=2042
05/05/2022 19:33:33 - INFO - dataset -   domain name: BookRestaurant,    data_size=2073
05/05/2022 19:33:33 - INFO - dataset -   domain name: GetWeather,    data_size=2100
05/05/2022 19:33:33 - INFO - dataset -   domain name: PlayMusic,    data_size=2100
05/05/2022 19:33:33 - INFO - dataset -   domain name: SearchCreativeWork,    data_size=2054
05/05/2022 19:33:33 - INFO - dataset -   domain name: SearchScreeningEvent,    data_size=2059
05/05/2022 19:33:33 - INFO - dataset -   ********** Valid data information : **********
05/05/2022 19:33:33 - INFO - dataset -   domain name: RateBook,    data_size=500
05/05/2022 19:33:33 - INFO - dataset -   ********** Test data information : **********
05/05/2022 19:33:33 - INFO - dataset -   domain name: RateBook,    data_size=1556
05/05/2022 19:46:18 - INFO - __main__ -   ********************** Job Start **********************
05/05/2022 19:46:18 - INFO - __main__ -   Learning rate = 1e-05
05/05/2022 19:46:18 - INFO - __main__ -   Warmup rate = 0.0
05/05/2022 19:46:18 - INFO - __main__ -   Batch_size = 4
05/05/2022 19:46:18 - INFO - __main__ -   Gradient_accumulation_steps = 1
05/05/2022 19:46:18 - INFO - __main__ -   Train epoch = 64
05/05/2022 19:46:18 - INFO - __main__ -   Pretrained_model name = bert-large-uncased
05/05/2022 19:46:18 - INFO - __main__ -   Context_max_len = 64
05/05/2022 19:46:18 - INFO - __main__ -   Label_max_len = 32
05/05/2022 19:46:18 - INFO - __main__ -   dropout=0.2,1个self-attention,attention_mask=attention_mask.unsqueeze(-2).repeat(1,1,L1+L2,1)的情况
05/05/2022 19:48:46 - INFO - dataset -   Loading data from ../data/snips/AddToPlaylist/AddToPlaylist.txt, total nums is 2042
05/05/2022 19:48:46 - INFO - dataset -   Loading data from ../data/snips/BookRestaurant/BookRestaurant.txt, total nums is 2073
05/05/2022 19:48:46 - INFO - dataset -   Loading data from ../data/snips/GetWeather/GetWeather.txt, total nums is 2100
05/05/2022 19:48:46 - INFO - dataset -   Loading data from ../data/snips/PlayMusic/PlayMusic.txt, total nums is 2100
05/05/2022 19:48:46 - INFO - dataset -   Loading data from ../data/snips/RateBook/RateBook.txt, total nums is 2056
05/05/2022 19:48:46 - INFO - dataset -   Loading data from ../data/snips/SearchCreativeWork/SearchCreativeWork.txt, total nums is 2054
05/05/2022 19:48:46 - INFO - dataset -   Loading data from ../data/snips/SearchScreeningEvent/SearchScreeningEvent.txt, total nums is 2059
05/05/2022 19:48:46 - INFO - dataset -   Loading data from ../data/atis/atis.txt, total nums is 5871
05/05/2022 19:48:46 - INFO - dataset -   Using queries from description.
05/05/2022 19:48:46 - INFO - dataset -   Using queries from description.
05/05/2022 19:48:46 - INFO - dataset -   Using queries from description.
05/05/2022 19:48:46 - INFO - dataset -   Using queries from description.
05/05/2022 19:48:46 - INFO - dataset -   Using queries from description.
05/05/2022 19:48:46 - INFO - dataset -   Using queries from description.
05/05/2022 19:48:46 - INFO - dataset -   Using queries from description.
05/05/2022 19:48:46 - INFO - dataset -   Using queries from description.
05/05/2022 19:48:46 - INFO - dataset -   The target domain is RateBook
05/05/2022 19:48:46 - INFO - dataset -   ********** Train data information : **********
05/05/2022 19:48:46 - INFO - dataset -   domain name: AddToPlaylist,    data_size=2042
05/05/2022 19:48:46 - INFO - dataset -   domain name: BookRestaurant,    data_size=2073
05/05/2022 19:48:46 - INFO - dataset -   domain name: GetWeather,    data_size=2100
05/05/2022 19:48:46 - INFO - dataset -   domain name: PlayMusic,    data_size=2100
05/05/2022 19:48:46 - INFO - dataset -   domain name: SearchCreativeWork,    data_size=2054
05/05/2022 19:48:46 - INFO - dataset -   domain name: SearchScreeningEvent,    data_size=2059
05/05/2022 19:48:46 - INFO - dataset -   ********** Valid data information : **********
05/05/2022 19:48:46 - INFO - dataset -   domain name: RateBook,    data_size=500
05/05/2022 19:48:46 - INFO - dataset -   ********** Test data information : **********
05/05/2022 19:48:46 - INFO - dataset -   domain name: RateBook,    data_size=1556
05/05/2022 10:49:05 - INFO - trainer -   Epoch 1, Domain AddToPlaylist, train_loss 16.285785,    Evalution acc 0.1645, recall 0.0343, f1 0.0568
05/05/2022 10:53:08 - INFO - trainer -   Saved model checkpoint to ../tmp_dir/model_dir/Label_Knowledge_Enhanced_SF/RateBook/0/model.pth
05/05/2022 10:57:24 - INFO - trainer -   Epoch 1, Domain BookRestaurant, train_loss 5.236341,    Evalution acc 0.1806, recall 0.0283, f1 0.0490
05/05/2022 11:00:59 - INFO - trainer -   Epoch 1, Domain GetWeather, train_loss 2.575328,    Evalution acc 0.0815, recall 0.0202, f1 0.0323
05/05/2022 11:04:32 - INFO - trainer -   Epoch 1, Domain PlayMusic, train_loss 3.993282,    Evalution acc 0.4841, recall 0.0664, f1 0.1169
05/05/2022 11:07:54 - INFO - trainer -   Saved model checkpoint to ../tmp_dir/model_dir/Label_Knowledge_Enhanced_SF/RateBook/0/model.pth
05/05/2022 11:10:17 - INFO - trainer -   Epoch 1, Domain SearchCreativeWork, train_loss 6.318615,    Evalution acc 0.4302, recall 0.1057, f1 0.1697
05/05/2022 11:13:59 - INFO - trainer -   Saved model checkpoint to ../tmp_dir/model_dir/Label_Knowledge_Enhanced_SF/RateBook/0/model.pth
05/05/2022 11:17:10 - INFO - trainer -   Epoch 1, Domain SearchScreeningEvent, train_loss 3.450845,    Evalution acc 0.6149, recall 0.1705, f1 0.2670
05/05/2022 11:20:14 - INFO - trainer -   Saved model checkpoint to ../tmp_dir/model_dir/Label_Knowledge_Enhanced_SF/RateBook/0/model.pth
05/05/2022 11:23:09 - INFO - trainer -   Epoch 2, Domain AddToPlaylist, train_loss 3.143109,    Evalution acc 0.5950, recall 0.1432, f1 0.2309
05/05/2022 11:27:25 - INFO - trainer -   Epoch 2, Domain BookRestaurant, train_loss 1.284150,    Evalution acc 0.7020, recall 0.1732, f1 0.2779
05/05/2022 11:30:51 - INFO - trainer -   Saved model checkpoint to ../tmp_dir/model_dir/Label_Knowledge_Enhanced_SF/RateBook/0/model.pth
05/05/2022 11:34:24 - INFO - trainer -   Epoch 2, Domain GetWeather, train_loss 0.785813,    Evalution acc 0.6600, recall 0.1449, f1 0.2376
05/05/2022 11:37:59 - INFO - trainer -   Epoch 2, Domain PlayMusic, train_loss 1.834145,    Evalution acc 0.5321, recall 0.1759, f1 0.2644
05/05/2022 11:40:23 - INFO - trainer -   Epoch 2, Domain SearchCreativeWork, train_loss 2.398005,    Evalution acc 0.4904, recall 0.1111, f1 0.1812
05/05/2022 11:43:35 - INFO - trainer -   Epoch 2, Domain SearchScreeningEvent, train_loss 0.685608,    Evalution acc 0.2689, recall 0.0948, f1 0.1402
05/05/2022 11:46:28 - INFO - trainer -   Epoch 3, Domain AddToPlaylist, train_loss 1.683257,    Evalution acc 0.3605, recall 0.1324, f1 0.1936
05/05/2022 11:50:45 - INFO - trainer -   Epoch 3, Domain BookRestaurant, train_loss 0.654694,    Evalution acc 0.4396, recall 0.1547, f1 0.2288
05/05/2022 11:54:18 - INFO - trainer -   Epoch 3, Domain GetWeather, train_loss 0.424939,    Evalution acc 0.4381, recall 0.2042, f1 0.2786
05/05/2022 11:57:42 - INFO - trainer -   Saved model checkpoint to ../tmp_dir/model_dir/Label_Knowledge_Enhanced_SF/RateBook/0/model.pth
05/05/2022 12:01:17 - INFO - trainer -   Epoch 3, Domain PlayMusic, train_loss 1.277431,    Evalution acc 0.4959, recall 0.1634, f1 0.2458
05/05/2022 12:03:43 - INFO - trainer -   Epoch 3, Domain SearchCreativeWork, train_loss 1.551621,    Evalution acc 0.4111, recall 0.1171, f1 0.1823
05/05/2022 12:06:56 - INFO - trainer -   Epoch 3, Domain SearchScreeningEvent, train_loss 0.391752,    Evalution acc 0.3914, recall 0.1639, f1 0.2311
05/05/2022 12:09:49 - INFO - trainer -   Epoch 4, Domain AddToPlaylist, train_loss 0.857480,    Evalution acc 0.3404, recall 0.1313, f1 0.1895
05/05/2022 12:14:05 - INFO - trainer -   Epoch 4, Domain BookRestaurant, train_loss 0.341442,    Evalution acc 0.3770, recall 0.1302, f1 0.1935
05/05/2022 12:17:38 - INFO - trainer -   Epoch 4, Domain GetWeather, train_loss 0.256495,    Evalution acc 0.4081, recall 0.1367, f1 0.2048
05/05/2022 12:21:11 - INFO - trainer -   Epoch 4, Domain PlayMusic, train_loss 0.956782,    Evalution acc 0.4800, recall 0.1765, f1 0.2581
05/05/2022 12:23:32 - INFO - trainer -   Epoch 4, Domain SearchCreativeWork, train_loss 0.960991,    Evalution acc 0.3175, recall 0.1531, f1 0.2065
05/05/2022 12:26:44 - INFO - trainer -   Epoch 4, Domain SearchScreeningEvent, train_loss 0.229802,    Evalution acc 0.3851, recall 0.1852, f1 0.2501
05/05/2022 12:29:38 - INFO - trainer -   Epoch 5, Domain AddToPlaylist, train_loss 0.478764,    Evalution acc 0.4075, recall 0.1727, f1 0.2425
05/05/2022 12:33:54 - INFO - trainer -   Epoch 5, Domain BookRestaurant, train_loss 0.233527,    Evalution acc 0.4762, recall 0.2342, f1 0.3140
05/05/2022 12:37:19 - INFO - trainer -   Saved model checkpoint to ../tmp_dir/model_dir/Label_Knowledge_Enhanced_SF/RateBook/0/model.pth
05/05/2022 12:40:53 - INFO - trainer -   Epoch 5, Domain GetWeather, train_loss 0.206416,    Evalution acc 0.4506, recall 0.2135, f1 0.2897
05/05/2022 12:44:25 - INFO - trainer -   Epoch 5, Domain PlayMusic, train_loss 0.748407,    Evalution acc 0.5021, recall 0.2576, f1 0.3405
05/05/2022 12:49:21 - INFO - trainer -   Saved model checkpoint to ../tmp_dir/model_dir/Label_Knowledge_Enhanced_SF/RateBook/0/model.pth
05/05/2022 12:51:46 - INFO - trainer -   Epoch 5, Domain SearchCreativeWork, train_loss 0.845618,    Evalution acc 0.3601, recall 0.1759, f1 0.2364
05/05/2022 12:54:58 - INFO - trainer -   Epoch 5, Domain SearchScreeningEvent, train_loss 0.126021,    Evalution acc 0.4024, recall 0.2179, f1 0.2827
05/05/2022 12:57:54 - INFO - trainer -   Epoch 6, Domain AddToPlaylist, train_loss 0.322582,    Evalution acc 0.4750, recall 0.2331, f1 0.3128
05/05/2022 13:02:12 - INFO - trainer -   Epoch 6, Domain BookRestaurant, train_loss 0.172135,    Evalution acc 0.5196, recall 0.2456, f1 0.3336
05/05/2022 13:05:45 - INFO - trainer -   Epoch 6, Domain GetWeather, train_loss 0.141238,    Evalution acc 0.4924, recall 0.2288, f1 0.3124
05/05/2022 13:09:19 - INFO - trainer -   Epoch 6, Domain PlayMusic, train_loss 0.510906,    Evalution acc 0.6064, recall 0.2702, f1 0.3738
05/05/2022 13:11:28 - INFO - trainer -   Saved model checkpoint to ../tmp_dir/model_dir/Label_Knowledge_Enhanced_SF/RateBook/0/model.pth
05/05/2022 13:13:52 - INFO - trainer -   Epoch 6, Domain SearchCreativeWork, train_loss 0.604165,    Evalution acc 0.3764, recall 0.1808, f1 0.2443
05/05/2022 13:17:05 - INFO - trainer -   Epoch 6, Domain SearchScreeningEvent, train_loss 0.125232,    Evalution acc 0.3593, recall 0.1781, f1 0.2382
05/05/2022 13:19:59 - INFO - trainer -   Epoch 7, Domain AddToPlaylist, train_loss 0.204612,    Evalution acc 0.3453, recall 0.2304, f1 0.2764
05/05/2022 13:24:18 - INFO - trainer -   Epoch 7, Domain BookRestaurant, train_loss 0.128884,    Evalution acc 0.3964, recall 0.2898, f1 0.3348
05/05/2022 13:27:50 - INFO - trainer -   Epoch 7, Domain GetWeather, train_loss 0.167233,    Evalution acc 0.3857, recall 0.2821, f1 0.3259
05/05/2022 13:31:23 - INFO - trainer -   Epoch 7, Domain PlayMusic, train_loss 0.372744,    Evalution acc 0.3983, recall 0.2805, f1 0.3292
05/05/2022 13:33:45 - INFO - trainer -   Epoch 7, Domain SearchCreativeWork, train_loss 0.380147,    Evalution acc 0.3877, recall 0.1814, f1 0.2471
05/05/2022 13:36:56 - INFO - trainer -   Epoch 7, Domain SearchScreeningEvent, train_loss 0.066598,    Evalution acc 0.4361, recall 0.2511, f1 0.3187
05/05/2022 13:39:51 - INFO - trainer -   Epoch 8, Domain AddToPlaylist, train_loss 0.276067,    Evalution acc 0.3988, recall 0.2244, f1 0.2872
05/05/2022 13:44:09 - INFO - trainer -   Epoch 8, Domain BookRestaurant, train_loss 0.097200,    Evalution acc 0.4194, recall 0.2141, f1 0.2834
05/05/2022 13:47:43 - INFO - trainer -   Epoch 8, Domain GetWeather, train_loss 0.071369,    Evalution acc 0.4124, recall 0.1781, f1 0.2488
05/05/2022 13:51:17 - INFO - trainer -   Epoch 8, Domain PlayMusic, train_loss 0.254184,    Evalution acc 0.5554, recall 0.1694, f1 0.2596
05/05/2022 13:53:39 - INFO - trainer -   Epoch 8, Domain SearchCreativeWork, train_loss 0.344162,    Evalution acc 0.3723, recall 0.1699, f1 0.2334
05/05/2022 13:56:52 - INFO - trainer -   Epoch 8, Domain SearchScreeningEvent, train_loss 0.043330,    Evalution acc 0.3433, recall 0.1868, f1 0.2420
05/05/2022 13:59:47 - INFO - trainer -   Epoch 9, Domain AddToPlaylist, train_loss 0.187588,    Evalution acc 0.4479, recall 0.2015, f1 0.2780
05/05/2022 14:04:04 - INFO - trainer -   Epoch 9, Domain BookRestaurant, train_loss 0.095944,    Evalution acc 0.4678, recall 0.1901, f1 0.2703
05/05/2022 14:07:38 - INFO - trainer -   Epoch 9, Domain GetWeather, train_loss 0.059989,    Evalution acc 0.5649, recall 0.2086, f1 0.3047
05/05/2022 14:11:12 - INFO - trainer -   Epoch 9, Domain PlayMusic, train_loss 0.212397,    Evalution acc 0.5006, recall 0.2102, f1 0.2961
05/05/2022 14:13:37 - INFO - trainer -   Epoch 9, Domain SearchCreativeWork, train_loss 0.264297,    Evalution acc 0.4251, recall 0.1531, f1 0.2251
05/05/2022 14:16:49 - INFO - trainer -   Epoch 9, Domain SearchScreeningEvent, train_loss 0.070443,    Evalution acc 0.3930, recall 0.1841, f1 0.2507
05/05/2022 14:16:49 - INFO - trainer -   Reach early stop count 20, training stop
05/05/2022 14:16:50 - INFO - __main__ -   Starting test...
05/05/2022 14:17:27 - INFO - trainer -   ***********************************************************
05/05/2022 14:17:27 - INFO - trainer -   Target domain = RateBook
05/05/2022 14:17:27 - INFO - trainer -   Test result: acc 0.6173, recall 0.2667, f1 0.3724
05/05/2022 14:17:27 - INFO - trainer -   ***********************************************************
