04/20/2022 19:46:39 - INFO - __main__ -   ********************** Job Start **********************
04/20/2022 19:46:39 - INFO - __main__ -   Learning rate = 1e-05
04/20/2022 19:46:39 - INFO - __main__ -   Warmup rate = 0.0
04/20/2022 19:46:39 - INFO - __main__ -   Batch_size = 16
04/20/2022 19:46:39 - INFO - __main__ -   Gradient_accumulation_steps = 1
04/20/2022 19:46:39 - INFO - __main__ -   Train epoch = 2000
04/20/2022 19:46:39 - INFO - __main__ -   Pretrained_model name = bert-large-uncased
04/20/2022 19:46:39 - INFO - __main__ -   Context_max_len = 48
04/20/2022 19:46:39 - INFO - __main__ -   Label_max_len = 48
04/20/2022 19:46:53 - INFO - dataset -   Loading data from ../data/snips/AddToPlaylist/AddToPlaylist.txt, total nums is 2042
04/20/2022 19:46:53 - INFO - dataset -   Loading data from ../data/snips/BookRestaurant/BookRestaurant.txt, total nums is 2073
04/20/2022 19:46:53 - INFO - dataset -   Loading data from ../data/snips/GetWeather/GetWeather.txt, total nums is 2100
04/20/2022 19:46:53 - INFO - dataset -   Loading data from ../data/snips/PlayMusic/PlayMusic.txt, total nums is 2100
04/20/2022 19:46:53 - INFO - dataset -   Loading data from ../data/snips/RateBook/RateBook.txt, total nums is 2056
04/20/2022 19:46:53 - INFO - dataset -   Loading data from ../data/snips/SearchCreativeWork/SearchCreativeWork.txt, total nums is 2054
04/20/2022 19:46:53 - INFO - dataset -   Loading data from ../data/snips/SearchScreeningEvent/SearchScreeningEvent.txt, total nums is 2059
04/20/2022 19:46:53 - INFO - dataset -   Loading data from ../data/atis/atis.txt, total nums is 5871
04/20/2022 19:46:53 - INFO - dataset -   sort is sort
04/20/2022 19:46:53 - INFO - dataset -   city is a large town
04/20/2022 19:46:53 - INFO - dataset -   state is the civil government of a country
04/20/2022 19:46:53 - INFO - dataset -   time range is a point of time as measured in hours and minutes past midnight or noon
04/20/2022 19:46:53 - INFO - dataset -   country is a nation with its own government occupying a particular territory
04/20/2022 19:46:53 - INFO - dataset -   spatial relation is spatial near or far
04/20/2022 19:46:53 - INFO - dataset -   facility is a place amenity or piece of equipment provided for a particular purpose
04/20/2022 19:46:53 - INFO - dataset -   restaurant name is restaurant name
04/20/2022 19:46:53 - INFO - dataset -   cuisine is a style or method of cooking especially as characteristic of a particular country region or establishment
04/20/2022 19:46:53 - INFO - dataset -   restaurant type is restaurant type
04/20/2022 19:46:53 - INFO - dataset -   served dish is served dish
04/20/2022 19:46:53 - INFO - dataset -   number is number integer digit
04/20/2022 19:46:53 - INFO - dataset -   position is a place where someone or something is located or has been put
04/20/2022 19:46:53 - INFO - dataset -   person is what or which person or people
04/20/2022 19:47:11 - INFO - dataset -   city is a large town
04/20/2022 19:47:11 - INFO - dataset -   state is the civil government of a country
04/20/2022 19:47:11 - INFO - dataset -   time range is a point of time as measured in hours and minutes past midnight or noon
04/20/2022 19:47:11 - INFO - dataset -   current location is current position
04/20/2022 19:47:11 - INFO - dataset -   country is a nation with its own government occupying a particular territory
04/20/2022 19:47:11 - INFO - dataset -   spatial relation is spatial near or far
04/20/2022 19:47:11 - INFO - dataset -   geographic position is a place where someone or something is located or has been put
04/20/2022 19:47:11 - INFO - dataset -   temperature is the degree or intensity of heat present in a substance or object especially as expressed according to a comparative scale and shown by a thermometer or perceived by touch
04/20/2022 19:47:11 - INFO - dataset -   weather is the state of the atmosphere at a place and time as regards heat dryness sunshine wind rain etc
04/20/2022 19:47:27 - INFO - dataset -   play list is a list of recorded songs or pieces of music chosen to be broadcast on a radio show or by a particular radio station
04/20/2022 19:47:28 - INFO - dataset -   music item is musical term
04/20/2022 19:47:28 - INFO - dataset -   artist is musician a person who plays a musical instrument especially as a profession or is musically talented
04/20/2022 19:47:28 - INFO - dataset -   genre is a category of artistic composition as in music or literature characterized by similarities in form style or subject matter
04/20/2022 19:47:28 - INFO - dataset -   service is service or application
04/20/2022 19:47:28 - INFO - dataset -   year is year number
04/20/2022 19:47:28 - INFO - dataset -   album is a blank book for the insertion of photographs stamps or pictures
04/20/2022 19:47:28 - INFO - dataset -   sort is sort
04/20/2022 19:47:28 - INFO - dataset -   track is a recording of one song or piece of music
04/20/2022 19:47:45 - INFO - dataset -   series is a set of related television or radio programs especially of a specified kind
04/20/2022 19:47:45 - INFO - dataset -   this the referential pronoun
04/20/2022 19:47:45 - INFO - dataset -   rating value is number integer digit
04/20/2022 19:47:45 - INFO - dataset -   object name is name
04/20/2022 19:47:45 - INFO - dataset -   object type is type
04/20/2022 19:47:45 - INFO - dataset -   rating unit is stars
04/20/2022 19:47:45 - INFO - dataset -   best rating is highest score
04/20/2022 19:48:02 - INFO - dataset -   object name is name
04/20/2022 19:48:02 - INFO - dataset -   object type is type
04/20/2022 19:48:19 - INFO - dataset -   time range is a point of time as measured in hours and minutes past midnight or noon
04/20/2022 19:48:19 - INFO - dataset -   spatial relation is spatial near or far
04/20/2022 19:48:19 - INFO - dataset -   object type is type
04/20/2022 19:48:19 - INFO - dataset -   movie type is film type
04/20/2022 19:48:19 - INFO - dataset -   location type is cinema theater
04/20/2022 19:48:19 - INFO - dataset -   location name is cinema name
04/20/2022 19:48:19 - INFO - dataset -   movie name is movie name
04/20/2022 19:48:35 - INFO - dataset -   play list is a list of recorded songs or pieces of music chosen to be broadcast on a radio show or by a particular radio station
04/20/2022 19:48:35 - INFO - dataset -   music item is musical term
04/20/2022 19:48:35 - INFO - dataset -   owner is a person who owns something
04/20/2022 19:48:35 - INFO - dataset -   entity name is entity name
04/20/2022 19:48:35 - INFO - dataset -   artist is musician a person who plays a musical instrument especially as a profession or is musically talented
04/20/2022 19:48:39 - INFO - dataset -   play list is a list of recorded songs or pieces of music chosen to be broadcast on a radio show or by a particular radio station
04/20/2022 19:48:39 - INFO - dataset -   music item is musical term
04/20/2022 19:48:39 - INFO - dataset -   owner is a person who owns something
04/20/2022 19:48:39 - INFO - dataset -   entity name is entity name
04/20/2022 19:48:39 - INFO - dataset -   artist is musician a person who plays a musical instrument especially as a profession or is musically talented
04/20/2022 19:48:52 - INFO - dataset -   The target domain is AddToPlaylist
04/20/2022 19:48:52 - INFO - dataset -   ********** Train data information : **********
04/20/2022 19:48:52 - INFO - dataset -   domain name: BookRestaurant,    data_size=2052
04/20/2022 19:48:52 - INFO - dataset -   domain name: GetWeather,    data_size=2077
04/20/2022 19:48:52 - INFO - dataset -   domain name: PlayMusic,    data_size=2082
04/20/2022 19:48:52 - INFO - dataset -   domain name: RateBook,    data_size=2027
04/20/2022 19:48:52 - INFO - dataset -   domain name: SearchCreativeWork,    data_size=2015
04/20/2022 19:48:52 - INFO - dataset -   domain name: SearchScreeningEvent,    data_size=2041
04/20/2022 19:48:52 - INFO - dataset -   ********** Valid data information : **********
04/20/2022 19:48:52 - INFO - dataset -   domain name: AddToPlaylist,    data_size=485
04/20/2022 19:48:52 - INFO - dataset -   ********** Test data information : **********
04/20/2022 19:48:52 - INFO - dataset -   domain name: AddToPlaylist,    data_size=1504
04/20/2022 19:49:49 - INFO - trainer -   Epoch 1, Domain BookRestaurant, train_loss 0.218519,    Evalution acc 0.0882, recall 0.0514, f1 0.0650
04/20/2022 19:50:27 - INFO - trainer -   Saved model checkpoint to model_dir3/AddToPlaylist/0/model.pth
04/20/2022 19:51:17 - INFO - trainer -   Epoch 1, Domain GetWeather, train_loss 0.177982,    Evalution acc 0.0453, recall 0.0136, f1 0.0209
04/20/2022 19:52:08 - INFO - trainer -   Epoch 1, Domain PlayMusic, train_loss 0.202637,    Evalution acc 0.2793, recall 0.2057, f1 0.2369
04/20/2022 19:52:49 - INFO - trainer -   Saved model checkpoint to model_dir3/AddToPlaylist/0/model.pth
04/20/2022 19:53:35 - INFO - trainer -   Epoch 1, Domain RateBook, train_loss 0.323934,    Evalution acc 0.2877, recall 0.2005, f1 0.2363
04/20/2022 19:54:16 - INFO - trainer -   Epoch 1, Domain SearchCreativeWork, train_loss 0.441744,    Evalution acc 0.0123, recall 0.0038, f1 0.0058
04/20/2022 19:55:00 - INFO - trainer -   Epoch 1, Domain SearchScreeningEvent, train_loss 0.202264,    Evalution acc 0.4364, recall 0.2156, f1 0.2886
04/20/2022 19:55:30 - INFO - trainer -   Saved model checkpoint to model_dir3/AddToPlaylist/0/model.pth
04/20/2022 19:56:21 - INFO - trainer -   Epoch 2, Domain BookRestaurant, train_loss 0.110356,    Evalution acc 0.3891, recall 0.1672, f1 0.2339
04/20/2022 19:57:03 - INFO - trainer -   Epoch 2, Domain GetWeather, train_loss 0.132880,    Evalution acc 0.3253, recall 0.1127, f1 0.1674
04/20/2022 19:57:49 - INFO - trainer -   Epoch 2, Domain PlayMusic, train_loss 0.143027,    Evalution acc 0.4730, recall 0.1989, f1 0.2801
04/20/2022 19:58:35 - INFO - trainer -   Epoch 2, Domain RateBook, train_loss 0.119886,    Evalution acc 0.5039, recall 0.2413, f1 0.3263
04/20/2022 19:59:09 - INFO - trainer -   Saved model checkpoint to model_dir3/AddToPlaylist/0/model.pth
04/20/2022 19:59:54 - INFO - trainer -   Epoch 2, Domain SearchCreativeWork, train_loss 0.126953,    Evalution acc 0.5698, recall 0.1513, f1 0.2391
04/20/2022 20:00:45 - INFO - trainer -   Epoch 2, Domain SearchScreeningEvent, train_loss 0.149936,    Evalution acc 0.4550, recall 0.2179, f1 0.2946
04/20/2022 20:01:43 - INFO - trainer -   Epoch 3, Domain BookRestaurant, train_loss 0.083411,    Evalution acc 0.4004, recall 0.1702, f1 0.2389
04/20/2022 20:02:36 - INFO - trainer -   Epoch 3, Domain GetWeather, train_loss 0.103030,    Evalution acc 0.3667, recall 0.1717, f1 0.2339
04/20/2022 20:03:28 - INFO - trainer -   Epoch 3, Domain PlayMusic, train_loss 0.107081,    Evalution acc 0.4791, recall 0.2519, f1 0.3302
04/20/2022 20:03:50 - INFO - trainer -   Saved model checkpoint to model_dir3/AddToPlaylist/0/model.pth
04/20/2022 20:04:39 - INFO - trainer -   Epoch 3, Domain RateBook, train_loss 0.063332,    Evalution acc 0.5018, recall 0.2073, f1 0.2934
04/20/2022 20:05:25 - INFO - trainer -   Epoch 3, Domain SearchCreativeWork, train_loss 0.077094,    Evalution acc 0.5621, recall 0.1301, f1 0.2113
04/20/2022 20:06:16 - INFO - trainer -   Epoch 3, Domain SearchScreeningEvent, train_loss 0.136669,    Evalution acc 0.3997, recall 0.1868, f1 0.2546
04/20/2022 20:07:15 - INFO - trainer -   Epoch 4, Domain BookRestaurant, train_loss 0.072533,    Evalution acc 0.4274, recall 0.2027, f1 0.2750
04/20/2022 20:08:09 - INFO - trainer -   Epoch 4, Domain GetWeather, train_loss 0.079709,    Evalution acc 0.4700, recall 0.2315, f1 0.3102
04/20/2022 20:09:02 - INFO - trainer -   Epoch 4, Domain PlayMusic, train_loss 0.081401,    Evalution acc 0.5076, recall 0.3026, f1 0.3791
04/20/2022 20:09:31 - INFO - trainer -   Saved model checkpoint to model_dir3/AddToPlaylist/0/model.pth
04/20/2022 20:10:21 - INFO - trainer -   Epoch 4, Domain RateBook, train_loss 0.049841,    Evalution acc 0.5689, recall 0.2625, f1 0.3592
04/20/2022 20:11:05 - INFO - trainer -   Epoch 4, Domain SearchCreativeWork, train_loss 0.057276,    Evalution acc 0.6764, recall 0.1407, f1 0.2329
04/20/2022 20:11:57 - INFO - trainer -   Epoch 4, Domain SearchScreeningEvent, train_loss 0.120256,    Evalution acc 0.4671, recall 0.1664, f1 0.2454
04/20/2022 20:12:58 - INFO - trainer -   Epoch 5, Domain BookRestaurant, train_loss 0.058568,    Evalution acc 0.4157, recall 0.1921, f1 0.2628
04/20/2022 20:13:57 - INFO - trainer -   Epoch 5, Domain GetWeather, train_loss 0.054976,    Evalution acc 0.5114, recall 0.2383, f1 0.3251
04/20/2022 20:14:47 - INFO - trainer -   Epoch 5, Domain PlayMusic, train_loss 0.067205,    Evalution acc 0.4831, recall 0.2595, f1 0.3376
04/20/2022 20:15:35 - INFO - trainer -   Epoch 5, Domain RateBook, train_loss 0.039081,    Evalution acc 0.5501, recall 0.2700, f1 0.3623
04/20/2022 20:16:19 - INFO - trainer -   Epoch 5, Domain SearchCreativeWork, train_loss 0.037059,    Evalution acc 0.6017, recall 0.1566, f1 0.2485
04/20/2022 20:17:08 - INFO - trainer -   Epoch 5, Domain SearchScreeningEvent, train_loss 0.119859,    Evalution acc 0.4658, recall 0.1543, f1 0.2318
04/20/2022 20:18:07 - INFO - trainer -   Epoch 6, Domain BookRestaurant, train_loss 0.046697,    Evalution acc 0.5163, recall 0.1316, f1 0.2098
04/20/2022 20:19:01 - INFO - trainer -   Epoch 6, Domain GetWeather, train_loss 0.038448,    Evalution acc 0.5295, recall 0.1762, f1 0.2645
04/20/2022 20:19:54 - INFO - trainer -   Epoch 6, Domain PlayMusic, train_loss 0.058791,    Evalution acc 0.5489, recall 0.2761, f1 0.3674
04/20/2022 20:20:43 - INFO - trainer -   Epoch 6, Domain RateBook, train_loss 0.037097,    Evalution acc 0.5684, recall 0.2231, f1 0.3205
04/20/2022 20:21:29 - INFO - trainer -   Epoch 6, Domain SearchCreativeWork, train_loss 0.031281,    Evalution acc 0.6230, recall 0.0862, f1 0.1515
04/20/2022 20:22:18 - INFO - trainer -   Epoch 6, Domain SearchScreeningEvent, train_loss 0.114575,    Evalution acc 0.4221, recall 0.0635, f1 0.1105
04/20/2022 20:23:18 - INFO - trainer -   Epoch 7, Domain BookRestaurant, train_loss 0.044492,    Evalution acc 0.3780, recall 0.0961, f1 0.1532
04/20/2022 20:24:10 - INFO - trainer -   Epoch 7, Domain GetWeather, train_loss 0.031170,    Evalution acc 0.5125, recall 0.1392, f1 0.2189
04/20/2022 20:25:04 - INFO - trainer -   Epoch 7, Domain PlayMusic, train_loss 0.048266,    Evalution acc 0.5755, recall 0.2421, f1 0.3408
04/20/2022 20:25:54 - INFO - trainer -   Epoch 7, Domain RateBook, train_loss 0.035218,    Evalution acc 0.6365, recall 0.2821, f1 0.3910
04/20/2022 20:26:24 - INFO - trainer -   Saved model checkpoint to model_dir3/AddToPlaylist/0/model.pth
04/20/2022 20:27:09 - INFO - trainer -   Epoch 7, Domain SearchCreativeWork, train_loss 0.025253,    Evalution acc 0.6172, recall 0.1415, f1 0.2302
04/20/2022 20:28:04 - INFO - trainer -   Epoch 7, Domain SearchScreeningEvent, train_loss 0.112483,    Evalution acc 0.5663, recall 0.0711, f1 0.1263
04/20/2022 20:29:02 - INFO - trainer -   Epoch 8, Domain BookRestaurant, train_loss 0.036533,    Evalution acc 0.4827, recall 0.1475, f1 0.2260
04/20/2022 20:29:56 - INFO - trainer -   Epoch 8, Domain GetWeather, train_loss 0.021362,    Evalution acc 0.6098, recall 0.1513, f1 0.2424
04/20/2022 20:30:49 - INFO - trainer -   Epoch 8, Domain PlayMusic, train_loss 0.046212,    Evalution acc 0.5242, recall 0.2375, f1 0.3269
04/20/2022 20:31:39 - INFO - trainer -   Epoch 8, Domain RateBook, train_loss 0.028742,    Evalution acc 0.5108, recall 0.1611, f1 0.2450
04/20/2022 20:32:25 - INFO - trainer -   Epoch 8, Domain SearchCreativeWork, train_loss 0.024061,    Evalution acc 0.7629, recall 0.1120, f1 0.1953
04/20/2022 20:33:16 - INFO - trainer -   Epoch 8, Domain SearchScreeningEvent, train_loss 0.106851,    Evalution acc 0.6779, recall 0.1369, f1 0.2278
04/20/2022 20:34:18 - INFO - trainer -   Epoch 9, Domain BookRestaurant, train_loss 0.030305,    Evalution acc 0.5903, recall 0.1657, f1 0.2587
04/20/2022 20:35:12 - INFO - trainer -   Epoch 9, Domain GetWeather, train_loss 0.017560,    Evalution acc 0.5208, recall 0.2179, f1 0.3072
04/20/2022 20:36:08 - INFO - trainer -   Epoch 9, Domain PlayMusic, train_loss 0.040654,    Evalution acc 0.5587, recall 0.2988, f1 0.3894
04/20/2022 20:36:59 - INFO - trainer -   Epoch 9, Domain RateBook, train_loss 0.016539,    Evalution acc 0.5515, recall 0.2716, f1 0.3639
04/20/2022 20:37:43 - INFO - trainer -   Epoch 9, Domain SearchCreativeWork, train_loss 0.016968,    Evalution acc 0.5660, recall 0.1362, f1 0.2195
04/20/2022 20:38:34 - INFO - trainer -   Epoch 9, Domain SearchScreeningEvent, train_loss 0.095891,    Evalution acc 0.5199, recall 0.1384, f1 0.2186
04/20/2022 20:39:34 - INFO - trainer -   Epoch 10, Domain BookRestaurant, train_loss 0.030292,    Evalution acc 0.5303, recall 0.1520, f1 0.2363
04/20/2022 20:40:30 - INFO - trainer -   Epoch 10, Domain GetWeather, train_loss 0.016564,    Evalution acc 0.5608, recall 0.2057, f1 0.3011
04/20/2022 20:41:24 - INFO - trainer -   Epoch 10, Domain PlayMusic, train_loss 0.036941,    Evalution acc 0.5519, recall 0.2413, f1 0.3358
04/20/2022 20:42:18 - INFO - trainer -   Epoch 10, Domain RateBook, train_loss 0.010222,    Evalution acc 0.5420, recall 0.1853, f1 0.2762
04/20/2022 20:43:05 - INFO - trainer -   Epoch 10, Domain SearchCreativeWork, train_loss 0.021638,    Evalution acc 0.7004, recall 0.1203, f1 0.2053
04/20/2022 20:43:57 - INFO - trainer -   Epoch 10, Domain SearchScreeningEvent, train_loss 0.082034,    Evalution acc 0.5482, recall 0.1377, f1 0.2201
04/20/2022 20:44:55 - INFO - trainer -   Epoch 11, Domain BookRestaurant, train_loss 0.027005,    Evalution acc 0.5634, recall 0.2050, f1 0.3006
04/20/2022 20:45:50 - INFO - trainer -   Epoch 11, Domain GetWeather, train_loss 0.013740,    Evalution acc 0.5394, recall 0.2073, f1 0.2995
04/20/2022 20:46:42 - INFO - trainer -   Epoch 11, Domain PlayMusic, train_loss 0.037167,    Evalution acc 0.5226, recall 0.2799, f1 0.3645
04/20/2022 20:47:31 - INFO - trainer -   Epoch 11, Domain RateBook, train_loss 0.007754,    Evalution acc 0.5776, recall 0.2617, f1 0.3602
04/20/2022 20:48:17 - INFO - trainer -   Epoch 11, Domain SearchCreativeWork, train_loss 0.017210,    Evalution acc 0.6570, recall 0.1884, f1 0.2928
04/20/2022 20:49:08 - INFO - trainer -   Epoch 11, Domain SearchScreeningEvent, train_loss 0.040463,    Evalution acc 0.5726, recall 0.1551, f1 0.2440
04/20/2022 20:50:07 - INFO - trainer -   Epoch 12, Domain BookRestaurant, train_loss 0.025121,    Evalution acc 0.6014, recall 0.1906, f1 0.2895
04/20/2022 20:51:00 - INFO - trainer -   Epoch 12, Domain GetWeather, train_loss 0.012338,    Evalution acc 0.5444, recall 0.1762, f1 0.2663
04/20/2022 20:51:52 - INFO - trainer -   Epoch 12, Domain PlayMusic, train_loss 0.034500,    Evalution acc 0.5213, recall 0.2133, f1 0.3027
04/20/2022 20:52:41 - INFO - trainer -   Epoch 12, Domain RateBook, train_loss 0.007082,    Evalution acc 0.5380, recall 0.1445, f1 0.2278
04/20/2022 20:53:27 - INFO - trainer -   Epoch 12, Domain SearchCreativeWork, train_loss 0.014220,    Evalution acc 0.5911, recall 0.1006, f1 0.1719
04/20/2022 20:54:14 - INFO - trainer -   Epoch 12, Domain SearchScreeningEvent, train_loss 0.019680,    Evalution acc 0.5411, recall 0.0598, f1 0.1076
04/20/2022 20:55:13 - INFO - trainer -   Epoch 13, Domain BookRestaurant, train_loss 0.022592,    Evalution acc 0.4959, recall 0.0915, f1 0.1545
04/20/2022 20:56:04 - INFO - trainer -   Epoch 13, Domain GetWeather, train_loss 0.010191,    Evalution acc 0.4675, recall 0.1089, f1 0.1767
04/20/2022 20:56:53 - INFO - trainer -   Epoch 13, Domain PlayMusic, train_loss 0.032109,    Evalution acc 0.4434, recall 0.1717, f1 0.2475
04/20/2022 20:57:39 - INFO - trainer -   Epoch 13, Domain RateBook, train_loss 0.006261,    Evalution acc 0.4941, recall 0.1596, f1 0.2413
04/20/2022 20:58:22 - INFO - trainer -   Epoch 13, Domain SearchCreativeWork, train_loss 0.015467,    Evalution acc 0.8145, recall 0.1362, f1 0.2333
04/20/2022 20:59:16 - INFO - trainer -   Epoch 13, Domain SearchScreeningEvent, train_loss 0.015182,    Evalution acc 0.6579, recall 0.1135, f1 0.1935
04/20/2022 21:00:12 - INFO - trainer -   Epoch 14, Domain BookRestaurant, train_loss 0.019264,    Evalution acc 0.5931, recall 0.1422, f1 0.2294
04/20/2022 21:01:04 - INFO - trainer -   Epoch 14, Domain GetWeather, train_loss 0.010534,    Evalution acc 0.6453, recall 0.1445, f1 0.2361
04/20/2022 21:01:56 - INFO - trainer -   Epoch 14, Domain PlayMusic, train_loss 0.031655,    Evalution acc 0.4617, recall 0.1415, f1 0.2166
04/20/2022 21:02:45 - INFO - trainer -   Epoch 14, Domain RateBook, train_loss 0.005953,    Evalution acc 0.4402, recall 0.1475, f1 0.2210
04/20/2022 21:03:33 - INFO - trainer -   Epoch 14, Domain SearchCreativeWork, train_loss 0.009488,    Evalution acc 0.7665, recall 0.1142, f1 0.1988
04/20/2022 21:04:23 - INFO - trainer -   Epoch 14, Domain SearchScreeningEvent, train_loss 0.013432,    Evalution acc 0.7134, recall 0.0885, f1 0.1575
